#
# There is insufficient memory for the Java Runtime Environment to continue.
# Native memory allocation (malloc) failed to allocate 1371856 bytes for Chunk::new
# Possible reasons:
#   The system is out of physical RAM or swap space
#   The process is running with CompressedOops enabled, and the Java Heap may be blocking the growth of the native heap
# Possible solutions:
#   Reduce memory load on the system
#   Increase physical memory or swap space
#   Check if swap backing store is full
#   Decrease Java heap size (-Xmx/-Xms)
#   Decrease number of Java threads
#   Decrease Java thread stack sizes (-Xss)
#   Set larger code cache with -XX:ReservedCodeCacheSize=
#   JVM is running with Unscaled Compressed Oops mode in which the Java heap is
#     placed in the first 4GB address space. The Java Heap base address is the
#     maximum limit for the native heap growth. Please use -XX:HeapBaseMinAddress
#     to set the Java Heap base and to place the Java Heap above 4GB virtual address.
# This output file may be truncated or incomplete.
#
#  Out of Memory Error (./open/src/hotspot/share/memory/arena.cpp:197), pid=19496, tid=1804
#
# JRE version: Java(TM) SE Runtime Environment 18.9 (11.0.20+9) (build 11.0.20+9-LTS-256)
# Java VM: Java HotSpot(TM) 64-Bit Server VM 18.9 (11.0.20+9-LTS-256, mixed mode, tiered, compressed oops, g1 gc, windows-amd64)
# No core dump will be written. Minidumps are not enabled by default on client versions of Windows
#

---------------  S U M M A R Y ------------

Command Line: --add-opens=java.base/java.util=ALL-UNNAMED --add-opens=java.base/java.lang=ALL-UNNAMED --add-opens=java.base/java.lang.invoke=ALL-UNNAMED --add-opens=java.prefs/java.util.prefs=ALL-UNNAMED --add-opens=java.base/java.nio.charset=ALL-UNNAMED --add-opens=java.base/java.net=ALL-UNNAMED --add-opens=java.base/java.util.concurrent.atomic=ALL-UNNAMED -Xmx2048m -Dfile.encoding=UTF-8 -Duser.country=FR -Duser.language=fr -Duser.variant org.gradle.launcher.daemon.bootstrap.GradleDaemon 8.0

Host: 11th Gen Intel(R) Core(TM) i3-1115G4 @ 3.00GHz, 4 cores, 7G,  Windows 10 , 64 bit Build 17763 (10.0.17763.4974)
Time: Wed Nov 29 22:53:32 2023 Afr. centrale Ouest elapsed time: 10.681645 seconds (0d 0h 0m 10s)

---------------  T H R E A D  ---------------

Current thread (0x000001fb1643e800):  JavaThread "C2 CompilerThread0" daemon [_thread_in_native, id=1804, stack(0x00000014a6d00000,0x00000014a6e00000)]


Current CompileTask:
C2:  10681 3896       4       jdk.internal.org.objectweb.asm.Frame::execute (2264 bytes)

Stack: [0x00000014a6d00000,0x00000014a6e00000]
Native frames: (J=compiled Java code, j=interpreted, Vv=VM code, C=native code)
V  [jvm.dll+0x6602ba]
V  [jvm.dll+0x7a32af]
V  [jvm.dll+0x7a4979]
V  [jvm.dll+0x7a5013]
V  [jvm.dll+0x258ef5]
V  [jvm.dll+0xb2a0c]
V  [jvm.dll+0xb2fcc]
V  [jvm.dll+0x36764f]
V  [jvm.dll+0x330365]
V  [jvm.dll+0x32f74a]
V  [jvm.dll+0x211bfd]
V  [jvm.dll+0x210bc8]
V  [jvm.dll+0x18cdb1]
V  [jvm.dll+0x220e59]
V  [jvm.dll+0x21f17c]
V  [jvm.dll+0x767061]
V  [jvm.dll+0x75f8e4]
V  [jvm.dll+0x65f165]
C  [ucrtbase.dll+0x2268a]
C  [KERNEL32.DLL+0x17ac4]
C  [ntdll.dll+0x5a4e1]


---------------  P R O C E S S  ---------------

Threads class SMR info:
_java_thread_list=0x000001fb19278350, length=32, elements={
0x000001fb76412800, 0x000001fb16434000, 0x000001fb16435000, 0x000001fb1642e800,
0x000001fb16439000, 0x000001fb1643c000, 0x000001fb1643e800, 0x000001fb16487800,
0x000001fb16491800, 0x000001fb165f8800, 0x000001fb18a65800, 0x000001fb18070000,
0x000001fb1861a800, 0x000001fb19b61800, 0x000001fb18a76000, 0x000001fb191b0800,
0x000001fb189cf000, 0x000001fb17f4a000, 0x000001fb1788e000, 0x000001fb189ab800,
0x000001fb189ac800, 0x000001fb189ad000, 0x000001fb189ae800, 0x000001fb189ae000,
0x000001fb189af800, 0x000001fb189b0800, 0x000001fb189aa800, 0x000001fb189b1000,
0x000001fb16afc000, 0x000001fb16afc800, 0x000001fb16afb000, 0x000001fb16af8000
}

Java Threads: ( => current thread )
  0x000001fb76412800 JavaThread "main" [_thread_blocked, id=22008, stack(0x00000014a6100000,0x00000014a6200000)]
  0x000001fb16434000 JavaThread "Reference Handler" daemon [_thread_blocked, id=16376, stack(0x00000014a6800000,0x00000014a6900000)]
  0x000001fb16435000 JavaThread "Finalizer" daemon [_thread_blocked, id=7228, stack(0x00000014a6900000,0x00000014a6a00000)]
  0x000001fb1642e800 JavaThread "Signal Dispatcher" daemon [_thread_blocked, id=1012, stack(0x00000014a6a00000,0x00000014a6b00000)]
  0x000001fb16439000 JavaThread "Attach Listener" daemon [_thread_blocked, id=14372, stack(0x00000014a6b00000,0x00000014a6c00000)]
  0x000001fb1643c000 JavaThread "Service Thread" daemon [_thread_blocked, id=12352, stack(0x00000014a6c00000,0x00000014a6d00000)]
=>0x000001fb1643e800 JavaThread "C2 CompilerThread0" daemon [_thread_in_native, id=1804, stack(0x00000014a6d00000,0x00000014a6e00000)]
  0x000001fb16487800 JavaThread "C1 CompilerThread0" daemon [_thread_blocked, id=14312, stack(0x00000014a6e00000,0x00000014a6f00000)]
  0x000001fb16491800 JavaThread "Sweeper thread" daemon [_thread_blocked, id=12572, stack(0x00000014a6f00000,0x00000014a7000000)]
  0x000001fb165f8800 JavaThread "Common-Cleaner" daemon [_thread_blocked, id=22196, stack(0x00000014a7000000,0x00000014a7100000)]
  0x000001fb18a65800 JavaThread "Daemon health stats" [_thread_blocked, id=5592, stack(0x00000014a7500000,0x00000014a7600000)]
  0x000001fb18070000 JavaThread "Incoming local TCP Connector on port 62045" [_thread_in_native, id=18488, stack(0x00000014a7200000,0x00000014a7300000)]
  0x000001fb1861a800 JavaThread "Daemon periodic checks" [_thread_blocked, id=2020, stack(0x00000014a7600000,0x00000014a7700000)]
  0x000001fb19b61800 JavaThread "Daemon" [_thread_blocked, id=15628, stack(0x00000014a7700000,0x00000014a7800000)]
  0x000001fb18a76000 JavaThread "Handler for socket connection from /127.0.0.1:62045 to /127.0.0.1:62046" [_thread_in_native, id=22756, stack(0x00000014a7800000,0x00000014a7900000)]
  0x000001fb191b0800 JavaThread "Cancel handler" [_thread_blocked, id=22036, stack(0x00000014a7900000,0x00000014a7a00000)]
  0x000001fb189cf000 JavaThread "Daemon worker" [_thread_in_native, id=22252, stack(0x00000014a7a00000,0x00000014a7b00000)]
  0x000001fb17f4a000 JavaThread "Asynchronous log dispatcher for DefaultDaemonConnection: socket connection from /127.0.0.1:62045 to /127.0.0.1:62046" [_thread_blocked, id=22900, stack(0x00000014a7b00000,0x00000014a7c00000)]
  0x000001fb1788e000 JavaThread "Stdin handler" [_thread_blocked, id=10188, stack(0x00000014a7c00000,0x00000014a7d00000)]
  0x000001fb189ab800 JavaThread "Daemon client event forwarder" [_thread_blocked, id=1668, stack(0x00000014a7d00000,0x00000014a7e00000)]
  0x000001fb189ac800 JavaThread "Cache worker for journal cache (C:\Users\Rania\.gradle\caches\journal-1)" [_thread_blocked, id=23192, stack(0x00000014a7f00000,0x00000014a8000000)]
  0x000001fb189ad000 JavaThread "File lock request listener" [_thread_in_native, id=12504, stack(0x00000014a8000000,0x00000014a8100000)]
  0x000001fb189ae800 JavaThread "Cache worker for file hash cache (C:\Users\Rania\.gradle\caches\8.0\fileHashes)" [_thread_blocked, id=8620, stack(0x00000014a8100000,0x00000014a8200000)]
  0x000001fb189ae000 JavaThread "File watcher server" daemon [_thread_in_native, id=904, stack(0x00000014a8200000,0x00000014a8300000)]
  0x000001fb189af800 JavaThread "File watcher consumer" daemon [_thread_blocked, id=22764, stack(0x00000014a8300000,0x00000014a8400000)]
  0x000001fb189b0800 JavaThread "Cache worker for checksums cache (D:\androidProjectEducation-master\.gradle\8.0\checksums)" [_thread_blocked, id=15724, stack(0x00000014a8400000,0x00000014a8500000)]
  0x000001fb189aa800 JavaThread "Cache worker for cache directory md-rule (C:\Users\Rania\.gradle\caches\8.0\md-rule)" [_thread_blocked, id=15472, stack(0x00000014a8500000,0x00000014a8600000)]
  0x000001fb189b1000 JavaThread "Cache worker for file content cache (C:\Users\Rania\.gradle\caches\8.0\fileContent)" [_thread_blocked, id=14640, stack(0x00000014a8600000,0x00000014a8700000)]
  0x000001fb16afc000 JavaThread "Cache worker for file hash cache (D:\androidProjectEducation-master\.gradle\8.0\fileHashes)" [_thread_blocked, id=22488, stack(0x00000014a8700000,0x00000014a8800000)]
  0x000001fb16afc800 JavaThread "Cache worker for cache directory md-supplier (C:\Users\Rania\.gradle\caches\8.0\md-supplier)" [_thread_blocked, id=23128, stack(0x00000014a8800000,0x00000014a8900000)]
  0x000001fb16afb000 JavaThread "Cache worker for execution history cache (C:\Users\Rania\.gradle\caches\8.0\executionHistory)" [_thread_blocked, id=1132, stack(0x00000014a8900000,0x00000014a8a00000)]
  0x000001fb16af8000 JavaThread "Cache worker for kotlin-dsl (C:\Users\Rania\.gradle\caches\8.0\kotlin-dsl)" [_thread_blocked, id=4112, stack(0x00000014a8a00000,0x00000014a8b00000)]

Other Threads:
  0x000001fb15c1d800 VMThread "VM Thread" [stack: 0x00000014a6700000,0x00000014a6800000] [id=21784]
  0x000001fb1662c800 WatcherThread [stack: 0x00000014a7100000,0x00000014a7200000] [id=19352]
  0x000001fb76429000 GCTaskThread "GC Thread#0" [stack: 0x00000014a6200000,0x00000014a6300000] [id=8672]
  0x000001fb169eb800 GCTaskThread "GC Thread#1" [stack: 0x00000014a7300000,0x00000014a7400000] [id=12548]
  0x000001fb166c4800 GCTaskThread "GC Thread#2" [stack: 0x00000014a7400000,0x00000014a7500000] [id=23348]
  0x000001fb190f5800 GCTaskThread "GC Thread#3" [stack: 0x00000014a7e00000,0x00000014a7f00000] [id=22840]
  0x000001fb7645b800 ConcurrentGCThread "G1 Main Marker" [stack: 0x00000014a6300000,0x00000014a6400000] [id=19500]
  0x000001fb7645d000 ConcurrentGCThread "G1 Conc#0" [stack: 0x00000014a6400000,0x00000014a6500000] [id=22688]
  0x000001fb15a69800 ConcurrentGCThread "G1 Refine#0" [stack: 0x00000014a6500000,0x00000014a6600000] [id=7280]
  0x000001fb15a6a800 ConcurrentGCThread "G1 Young RemSet Sampling" [stack: 0x00000014a6600000,0x00000014a6700000] [id=21032]

Threads with active compile tasks:
C2 CompilerThread0    10709 3896       4       jdk.internal.org.objectweb.asm.Frame::execute (2264 bytes)

VM state:not at safepoint (normal execution)

VM Mutex/Monitor currently owned by a thread: None

Heap address: 0x0000000080000000, size: 2048 MB, Compressed Oops mode: 32-bit
Narrow klass base: 0x0000000000000000, Narrow klass shift: 3
Compressed class space size: 1073741824 Address: 0x0000000100000000

Heap:
 garbage-first heap   total 155648K, used 56031K [0x0000000080000000, 0x0000000100000000)
  region size 1024K, 33 young (33792K), 7 survivors (7168K)
 Metaspace       used 49663K, capacity 50859K, committed 51024K, reserved 1093632K
  class space    used 6827K, capacity 7282K, committed 7372K, reserved 1048576K
Heap Regions: E=young(eden), S=young(survivor), O=old, HS=humongous(starts), HC=humongous(continues), CS=collection set, F=free, A=archive, TAMS=top-at-mark-start (previous, next)
|   0|0x0000000080000000, 0x0000000080100000, 0x0000000080100000|100%|HS|  |TAMS 0x0000000080100000, 0x0000000080000000| Complete 
|   1|0x0000000080100000, 0x0000000080200000, 0x0000000080200000|100%|HC|  |TAMS 0x0000000080200000, 0x0000000080100000| Complete 
|   2|0x0000000080200000, 0x0000000080300000, 0x0000000080300000|100%|HC|  |TAMS 0x0000000080300000, 0x0000000080200000| Complete 
|   3|0x0000000080300000, 0x0000000080400000, 0x0000000080400000|100%|HC|  |TAMS 0x0000000080400000, 0x0000000080300000| Complete 
|   4|0x0000000080400000, 0x0000000080500000, 0x0000000080500000|100%| O|  |TAMS 0x0000000080500000, 0x0000000080400000| Untracked 
|   5|0x0000000080500000, 0x0000000080600000, 0x0000000080600000|100%| O|  |TAMS 0x0000000080600000, 0x0000000080500000| Untracked 
|   6|0x0000000080600000, 0x0000000080700000, 0x0000000080700000|100%| O|  |TAMS 0x0000000080700000, 0x0000000080600000| Untracked 
|   7|0x0000000080700000, 0x0000000080800000, 0x0000000080800000|100%| O|  |TAMS 0x0000000080800000, 0x0000000080700000| Untracked 
|   8|0x0000000080800000, 0x0000000080900000, 0x0000000080900000|100%| O|  |TAMS 0x0000000080900000, 0x0000000080800000| Untracked 
|   9|0x0000000080900000, 0x0000000080a00000, 0x0000000080a00000|100%| O|  |TAMS 0x0000000080a00000, 0x0000000080900000| Untracked 
|  10|0x0000000080a00000, 0x0000000080b00000, 0x0000000080b00000|100%| O|  |TAMS 0x0000000080b00000, 0x0000000080a00000| Untracked 
|  11|0x0000000080b00000, 0x0000000080c00000, 0x0000000080c00000|100%| O|  |TAMS 0x0000000080c00000, 0x0000000080b00000| Untracked 
|  12|0x0000000080c00000, 0x0000000080d00000, 0x0000000080d00000|100%| O|  |TAMS 0x0000000080d00000, 0x0000000080c00000| Untracked 
|  13|0x0000000080d00000, 0x0000000080e00000, 0x0000000080e00000|100%| O|  |TAMS 0x0000000080e00000, 0x0000000080d00000| Untracked 
|  14|0x0000000080e00000, 0x0000000080f00000, 0x0000000080f00000|100%| O|  |TAMS 0x0000000080f00000, 0x0000000080e00000| Untracked 
|  15|0x0000000080f00000, 0x0000000081000000, 0x0000000081000000|100%| O|  |TAMS 0x0000000081000000, 0x0000000080f00000| Untracked 
|  16|0x0000000081000000, 0x0000000081100000, 0x0000000081100000|100%| O|  |TAMS 0x0000000081100000, 0x0000000081000000| Untracked 
|  17|0x0000000081100000, 0x0000000081200000, 0x0000000081200000|100%| O|  |TAMS 0x00000000811d2c00, 0x0000000081100000| Untracked 
|  18|0x0000000081200000, 0x0000000081300000, 0x0000000081300000|100%| O|  |TAMS 0x0000000081200000, 0x0000000081200000| Untracked 
|  19|0x0000000081300000, 0x0000000081400000, 0x0000000081400000|100%| O|  |TAMS 0x0000000081300000, 0x0000000081300000| Untracked 
|  20|0x0000000081400000, 0x0000000081500000, 0x0000000081500000|100%| O|  |TAMS 0x0000000081400000, 0x0000000081400000| Untracked 
|  21|0x0000000081500000, 0x0000000081600000, 0x0000000081600000|100%| O|  |TAMS 0x0000000081500000, 0x0000000081500000| Untracked 
|  22|0x0000000081600000, 0x0000000081700000, 0x0000000081700000|100%| O|  |TAMS 0x0000000081600000, 0x0000000081600000| Untracked 
|  23|0x0000000081700000, 0x000000008175f600, 0x0000000081800000| 37%| O|  |TAMS 0x0000000081700000, 0x0000000081700000| Untracked 
|  24|0x0000000081800000, 0x0000000081800000, 0x0000000081900000|  0%| F|  |TAMS 0x0000000081800000, 0x0000000081800000| Untracked 
|  25|0x0000000081900000, 0x0000000081900000, 0x0000000081a00000|  0%| F|  |TAMS 0x0000000081900000, 0x0000000081900000| Untracked 
|  26|0x0000000081a00000, 0x0000000081a00000, 0x0000000081b00000|  0%| F|  |TAMS 0x0000000081a00000, 0x0000000081a00000| Untracked 
|  27|0x0000000081b00000, 0x0000000081b00000, 0x0000000081c00000|  0%| F|  |TAMS 0x0000000081b00000, 0x0000000081b00000| Untracked 
|  28|0x0000000081c00000, 0x0000000081c00000, 0x0000000081d00000|  0%| F|  |TAMS 0x0000000081c00000, 0x0000000081c00000| Untracked 
|  29|0x0000000081d00000, 0x0000000081d00000, 0x0000000081e00000|  0%| F|  |TAMS 0x0000000081d00000, 0x0000000081d00000| Untracked 
|  30|0x0000000081e00000, 0x0000000081e00000, 0x0000000081f00000|  0%| F|  |TAMS 0x0000000081e00000, 0x0000000081e00000| Untracked 
|  31|0x0000000081f00000, 0x0000000081f00000, 0x0000000082000000|  0%| F|  |TAMS 0x0000000081f00000, 0x0000000081f00000| Untracked 
|  32|0x0000000082000000, 0x0000000082000000, 0x0000000082100000|  0%| F|  |TAMS 0x0000000082000000, 0x0000000082000000| Untracked 
|  33|0x0000000082100000, 0x0000000082100000, 0x0000000082200000|  0%| F|  |TAMS 0x0000000082100000, 0x0000000082100000| Untracked 
|  34|0x0000000082200000, 0x0000000082200000, 0x0000000082300000|  0%| F|  |TAMS 0x0000000082200000, 0x0000000082200000| Untracked 
|  35|0x0000000082300000, 0x0000000082300000, 0x0000000082400000|  0%| F|  |TAMS 0x0000000082300000, 0x0000000082300000| Untracked 
|  36|0x0000000082400000, 0x0000000082400000, 0x0000000082500000|  0%| F|  |TAMS 0x0000000082400000, 0x0000000082400000| Untracked 
|  37|0x0000000082500000, 0x0000000082500000, 0x0000000082600000|  0%| F|  |TAMS 0x0000000082500000, 0x0000000082500000| Untracked 
|  38|0x0000000082600000, 0x0000000082600000, 0x0000000082700000|  0%| F|  |TAMS 0x0000000082600000, 0x0000000082600000| Untracked 
|  39|0x0000000082700000, 0x0000000082700000, 0x0000000082800000|  0%| F|  |TAMS 0x0000000082700000, 0x0000000082700000| Untracked 
|  40|0x0000000082800000, 0x0000000082800000, 0x0000000082900000|  0%| F|  |TAMS 0x0000000082800000, 0x0000000082800000| Untracked 
|  41|0x0000000082900000, 0x0000000082900000, 0x0000000082a00000|  0%| F|  |TAMS 0x0000000082900000, 0x0000000082900000| Untracked 
|  42|0x0000000082a00000, 0x0000000082a00000, 0x0000000082b00000|  0%| F|  |TAMS 0x0000000082a00000, 0x0000000082a00000| Untracked 
|  43|0x0000000082b00000, 0x0000000082b00000, 0x0000000082c00000|  0%| F|  |TAMS 0x0000000082b00000, 0x0000000082b00000| Untracked 
|  44|0x0000000082c00000, 0x0000000082c00000, 0x0000000082d00000|  0%| F|  |TAMS 0x0000000082c00000, 0x0000000082c00000| Untracked 
|  45|0x0000000082d00000, 0x0000000082d00000, 0x0000000082e00000|  0%| F|  |TAMS 0x0000000082d00000, 0x0000000082d00000| Untracked 
|  46|0x0000000082e00000, 0x0000000082e00000, 0x0000000082f00000|  0%| F|  |TAMS 0x0000000082e00000, 0x0000000082e00000| Untracked 
|  47|0x0000000082f00000, 0x0000000082f00000, 0x0000000083000000|  0%| F|  |TAMS 0x0000000082f00000, 0x0000000082f00000| Untracked 
|  48|0x0000000083000000, 0x0000000083000000, 0x0000000083100000|  0%| F|  |TAMS 0x0000000083000000, 0x0000000083000000| Untracked 
|  49|0x0000000083100000, 0x0000000083100000, 0x0000000083200000|  0%| F|  |TAMS 0x0000000083100000, 0x0000000083100000| Untracked 
|  50|0x0000000083200000, 0x0000000083200000, 0x0000000083300000|  0%| F|  |TAMS 0x0000000083200000, 0x0000000083200000| Untracked 
|  51|0x0000000083300000, 0x0000000083300000, 0x0000000083400000|  0%| F|  |TAMS 0x0000000083300000, 0x0000000083300000| Untracked 
|  52|0x0000000083400000, 0x0000000083400000, 0x0000000083500000|  0%| F|  |TAMS 0x0000000083400000, 0x0000000083400000| Untracked 
|  53|0x0000000083500000, 0x0000000083500000, 0x0000000083600000|  0%| F|  |TAMS 0x0000000083500000, 0x0000000083500000| Untracked 
|  54|0x0000000083600000, 0x0000000083600000, 0x0000000083700000|  0%| F|  |TAMS 0x0000000083600000, 0x0000000083600000| Untracked 
|  55|0x0000000083700000, 0x0000000083700000, 0x0000000083800000|  0%| F|  |TAMS 0x0000000083700000, 0x0000000083700000| Untracked 
|  56|0x0000000083800000, 0x0000000083800000, 0x0000000083900000|  0%| F|  |TAMS 0x0000000083800000, 0x0000000083800000| Untracked 
|  57|0x0000000083900000, 0x0000000083900000, 0x0000000083a00000|  0%| F|  |TAMS 0x0000000083900000, 0x0000000083900000| Untracked 
|  58|0x0000000083a00000, 0x0000000083a00000, 0x0000000083b00000|  0%| F|  |TAMS 0x0000000083a00000, 0x0000000083a00000| Untracked 
|  59|0x0000000083b00000, 0x0000000083b00000, 0x0000000083c00000|  0%| F|  |TAMS 0x0000000083b00000, 0x0000000083b00000| Untracked 
|  60|0x0000000083c00000, 0x0000000083c00000, 0x0000000083d00000|  0%| F|  |TAMS 0x0000000083c00000, 0x0000000083c00000| Untracked 
|  61|0x0000000083d00000, 0x0000000083d00000, 0x0000000083e00000|  0%| F|  |TAMS 0x0000000083d00000, 0x0000000083d00000| Untracked 
|  62|0x0000000083e00000, 0x0000000083e00000, 0x0000000083f00000|  0%| F|  |TAMS 0x0000000083e00000, 0x0000000083e00000| Untracked 
|  63|0x0000000083f00000, 0x0000000083f00000, 0x0000000084000000|  0%| F|  |TAMS 0x0000000083f00000, 0x0000000083f00000| Untracked 
|  64|0x0000000084000000, 0x0000000084000000, 0x0000000084100000|  0%| F|  |TAMS 0x0000000084000000, 0x0000000084000000| Untracked 
|  65|0x0000000084100000, 0x0000000084100000, 0x0000000084200000|  0%| F|  |TAMS 0x0000000084100000, 0x0000000084100000| Untracked 
|  66|0x0000000084200000, 0x0000000084200000, 0x0000000084300000|  0%| F|  |TAMS 0x0000000084200000, 0x0000000084200000| Untracked 
|  67|0x0000000084300000, 0x0000000084300000, 0x0000000084400000|  0%| F|  |TAMS 0x0000000084300000, 0x0000000084300000| Untracked 
|  68|0x0000000084400000, 0x0000000084458840, 0x0000000084500000| 34%| S|CS|TAMS 0x0000000084400000, 0x0000000084400000| Complete 
|  69|0x0000000084500000, 0x0000000084600000, 0x0000000084600000|100%| S|CS|TAMS 0x0000000084500000, 0x0000000084500000| Complete 
|  70|0x0000000084600000, 0x0000000084700000, 0x0000000084700000|100%| S|CS|TAMS 0x0000000084600000, 0x0000000084600000| Complete 
|  71|0x0000000084700000, 0x0000000084800000, 0x0000000084800000|100%| S|CS|TAMS 0x0000000084700000, 0x0000000084700000| Complete 
|  72|0x0000000084800000, 0x0000000084900000, 0x0000000084900000|100%| S|CS|TAMS 0x0000000084800000, 0x0000000084800000| Complete 
|  73|0x0000000084900000, 0x0000000084900000, 0x0000000084a00000|  0%| F|  |TAMS 0x0000000084900000, 0x0000000084900000| Untracked 
|  74|0x0000000084a00000, 0x0000000084a00000, 0x0000000084b00000|  0%| F|  |TAMS 0x0000000084a00000, 0x0000000084a00000| Untracked 
|  75|0x0000000084b00000, 0x0000000084b00000, 0x0000000084c00000|  0%| F|  |TAMS 0x0000000084b00000, 0x0000000084b00000| Untracked 
|  76|0x0000000084c00000, 0x0000000084c00000, 0x0000000084d00000|  0%| F|  |TAMS 0x0000000084c00000, 0x0000000084c00000| Untracked 
|  77|0x0000000084d00000, 0x0000000084d00000, 0x0000000084e00000|  0%| F|  |TAMS 0x0000000084d00000, 0x0000000084d00000| Untracked 
|  78|0x0000000084e00000, 0x0000000084e00000, 0x0000000084f00000|  0%| F|  |TAMS 0x0000000084e00000, 0x0000000084e00000| Untracked 
|  79|0x0000000084f00000, 0x0000000084f00000, 0x0000000085000000|  0%| F|  |TAMS 0x0000000084f00000, 0x0000000084f00000| Untracked 
|  80|0x0000000085000000, 0x0000000085000000, 0x0000000085100000|  0%| F|  |TAMS 0x0000000085000000, 0x0000000085000000| Untracked 
|  81|0x0000000085100000, 0x0000000085100000, 0x0000000085200000|  0%| F|  |TAMS 0x0000000085100000, 0x0000000085100000| Untracked 
|  82|0x0000000085200000, 0x0000000085300000, 0x0000000085300000|100%| S|CS|TAMS 0x0000000085200000, 0x0000000085200000| Complete 
|  83|0x0000000085300000, 0x0000000085400000, 0x0000000085400000|100%| S|CS|TAMS 0x0000000085300000, 0x0000000085300000| Complete 
|  84|0x0000000085400000, 0x0000000085400000, 0x0000000085500000|  0%| F|  |TAMS 0x0000000085400000, 0x0000000085400000| Untracked 
|  85|0x0000000085500000, 0x0000000085500000, 0x0000000085600000|  0%| F|  |TAMS 0x0000000085500000, 0x0000000085500000| Untracked 
|  86|0x0000000085600000, 0x0000000085600000, 0x0000000085700000|  0%| F|  |TAMS 0x0000000085600000, 0x0000000085600000| Untracked 
|  87|0x0000000085700000, 0x0000000085700000, 0x0000000085800000|  0%| F|  |TAMS 0x0000000085700000, 0x0000000085700000| Untracked 
|  88|0x0000000085800000, 0x0000000085800000, 0x0000000085900000|  0%| F|  |TAMS 0x0000000085800000, 0x0000000085800000| Untracked 
|  89|0x0000000085900000, 0x0000000085900000, 0x0000000085a00000|  0%| F|  |TAMS 0x0000000085900000, 0x0000000085900000| Untracked 
|  90|0x0000000085a00000, 0x0000000085a00000, 0x0000000085b00000|  0%| F|  |TAMS 0x0000000085a00000, 0x0000000085a00000| Untracked 
|  91|0x0000000085b00000, 0x0000000085b00000, 0x0000000085c00000|  0%| F|  |TAMS 0x0000000085b00000, 0x0000000085b00000| Untracked 
|  92|0x0000000085c00000, 0x0000000085c00000, 0x0000000085d00000|  0%| F|  |TAMS 0x0000000085c00000, 0x0000000085c00000| Untracked 
|  93|0x0000000085d00000, 0x0000000085d00000, 0x0000000085e00000|  0%| F|  |TAMS 0x0000000085d00000, 0x0000000085d00000| Untracked 
|  94|0x0000000085e00000, 0x0000000085e00000, 0x0000000085f00000|  0%| F|  |TAMS 0x0000000085e00000, 0x0000000085e00000| Untracked 
|  95|0x0000000085f00000, 0x0000000085f00000, 0x0000000086000000|  0%| F|  |TAMS 0x0000000085f00000, 0x0000000085f00000| Untracked 
|  96|0x0000000086000000, 0x0000000086000000, 0x0000000086100000|  0%| F|  |TAMS 0x0000000086000000, 0x0000000086000000| Untracked 
|  97|0x0000000086100000, 0x0000000086100000, 0x0000000086200000|  0%| F|  |TAMS 0x0000000086100000, 0x0000000086100000| Untracked 
|  98|0x0000000086200000, 0x0000000086200000, 0x0000000086300000|  0%| F|  |TAMS 0x0000000086200000, 0x0000000086200000| Untracked 
|  99|0x0000000086300000, 0x0000000086300000, 0x0000000086400000|  0%| F|  |TAMS 0x0000000086300000, 0x0000000086300000| Untracked 
| 100|0x0000000086400000, 0x0000000086400000, 0x0000000086500000|  0%| F|  |TAMS 0x0000000086400000, 0x0000000086400000| Untracked 
| 101|0x0000000086500000, 0x0000000086500000, 0x0000000086600000|  0%| F|  |TAMS 0x0000000086500000, 0x0000000086500000| Untracked 
| 102|0x0000000086600000, 0x0000000086600000, 0x0000000086700000|  0%| F|  |TAMS 0x0000000086600000, 0x0000000086600000| Untracked 
| 103|0x0000000086700000, 0x0000000086700000, 0x0000000086800000|  0%| F|  |TAMS 0x0000000086700000, 0x0000000086700000| Untracked 
| 104|0x0000000086800000, 0x0000000086800000, 0x0000000086900000|  0%| F|  |TAMS 0x0000000086800000, 0x0000000086800000| Untracked 
| 105|0x0000000086900000, 0x0000000086900000, 0x0000000086a00000|  0%| F|  |TAMS 0x0000000086900000, 0x0000000086900000| Untracked 
| 106|0x0000000086a00000, 0x0000000086a00000, 0x0000000086b00000|  0%| F|  |TAMS 0x0000000086a00000, 0x0000000086a00000| Untracked 
| 107|0x0000000086b00000, 0x0000000086b00000, 0x0000000086c00000|  0%| F|  |TAMS 0x0000000086b00000, 0x0000000086b00000| Untracked 
| 108|0x0000000086c00000, 0x0000000086c00000, 0x0000000086d00000|  0%| F|  |TAMS 0x0000000086c00000, 0x0000000086c00000| Untracked 
| 109|0x0000000086d00000, 0x0000000086d00000, 0x0000000086e00000|  0%| F|  |TAMS 0x0000000086d00000, 0x0000000086d00000| Untracked 
| 110|0x0000000086e00000, 0x0000000086e00000, 0x0000000086f00000|  0%| F|  |TAMS 0x0000000086e00000, 0x0000000086e00000| Untracked 
| 111|0x0000000086f00000, 0x0000000086f00000, 0x0000000087000000|  0%| F|  |TAMS 0x0000000086f00000, 0x0000000086f00000| Untracked 
| 112|0x0000000087000000, 0x0000000087000000, 0x0000000087100000|  0%| F|  |TAMS 0x0000000087000000, 0x0000000087000000| Untracked 
| 113|0x0000000087100000, 0x0000000087100000, 0x0000000087200000|  0%| F|  |TAMS 0x0000000087100000, 0x0000000087100000| Untracked 
| 114|0x0000000087200000, 0x0000000087200000, 0x0000000087300000|  0%| F|  |TAMS 0x0000000087200000, 0x0000000087200000| Untracked 
| 115|0x0000000087300000, 0x0000000087300000, 0x0000000087400000|  0%| F|  |TAMS 0x0000000087300000, 0x0000000087300000| Untracked 
| 116|0x0000000087400000, 0x0000000087400000, 0x0000000087500000|  0%| F|  |TAMS 0x0000000087400000, 0x0000000087400000| Untracked 
| 117|0x0000000087500000, 0x0000000087500000, 0x0000000087600000|  0%| F|  |TAMS 0x0000000087500000, 0x0000000087500000| Untracked 
| 118|0x0000000087600000, 0x0000000087600000, 0x0000000087700000|  0%| F|  |TAMS 0x0000000087600000, 0x0000000087600000| Untracked 
| 119|0x0000000087700000, 0x0000000087700000, 0x0000000087800000|  0%| F|  |TAMS 0x0000000087700000, 0x0000000087700000| Untracked 
| 120|0x0000000087800000, 0x0000000087800000, 0x0000000087900000|  0%| F|  |TAMS 0x0000000087800000, 0x0000000087800000| Untracked 
| 121|0x0000000087900000, 0x0000000087900000, 0x0000000087a00000|  0%| F|  |TAMS 0x0000000087900000, 0x0000000087900000| Untracked 
| 122|0x0000000087a00000, 0x0000000087a00000, 0x0000000087b00000|  0%| F|  |TAMS 0x0000000087a00000, 0x0000000087a00000| Untracked 
| 123|0x0000000087b00000, 0x0000000087b00000, 0x0000000087c00000|  0%| F|  |TAMS 0x0000000087b00000, 0x0000000087b00000| Untracked 
| 124|0x0000000087c00000, 0x0000000087c00000, 0x0000000087d00000|  0%| F|  |TAMS 0x0000000087c00000, 0x0000000087c00000| Untracked 
| 125|0x0000000087d00000, 0x0000000087d00000, 0x0000000087e00000|  0%| F|  |TAMS 0x0000000087d00000, 0x0000000087d00000| Untracked 
| 126|0x0000000087e00000, 0x0000000087f00000, 0x0000000087f00000|100%| E|  |TAMS 0x0000000087e00000, 0x0000000087e00000| Complete 
| 127|0x0000000087f00000, 0x0000000088000000, 0x0000000088000000|100%| E|CS|TAMS 0x0000000087f00000, 0x0000000087f00000| Complete 
| 128|0x0000000088000000, 0x0000000088100000, 0x0000000088100000|100%| E|CS|TAMS 0x0000000088000000, 0x0000000088000000| Complete 
| 129|0x0000000088100000, 0x0000000088200000, 0x0000000088200000|100%| E|CS|TAMS 0x0000000088100000, 0x0000000088100000| Complete 
| 130|0x0000000088200000, 0x0000000088300000, 0x0000000088300000|100%| E|CS|TAMS 0x0000000088200000, 0x0000000088200000| Complete 
| 131|0x0000000088300000, 0x0000000088400000, 0x0000000088400000|100%| E|CS|TAMS 0x0000000088300000, 0x0000000088300000| Complete 
| 132|0x0000000088400000, 0x0000000088500000, 0x0000000088500000|100%| E|CS|TAMS 0x0000000088400000, 0x0000000088400000| Complete 
| 133|0x0000000088500000, 0x0000000088600000, 0x0000000088600000|100%| E|CS|TAMS 0x0000000088500000, 0x0000000088500000| Complete 
| 134|0x0000000088600000, 0x0000000088700000, 0x0000000088700000|100%| E|CS|TAMS 0x0000000088600000, 0x0000000088600000| Complete 
| 135|0x0000000088700000, 0x0000000088800000, 0x0000000088800000|100%| E|CS|TAMS 0x0000000088700000, 0x0000000088700000| Complete 
| 136|0x0000000088800000, 0x0000000088900000, 0x0000000088900000|100%| E|CS|TAMS 0x0000000088800000, 0x0000000088800000| Complete 
| 137|0x0000000088900000, 0x0000000088a00000, 0x0000000088a00000|100%| E|CS|TAMS 0x0000000088900000, 0x0000000088900000| Complete 
| 138|0x0000000088a00000, 0x0000000088b00000, 0x0000000088b00000|100%| E|CS|TAMS 0x0000000088a00000, 0x0000000088a00000| Complete 
| 139|0x0000000088b00000, 0x0000000088c00000, 0x0000000088c00000|100%| E|CS|TAMS 0x0000000088b00000, 0x0000000088b00000| Complete 
| 140|0x0000000088c00000, 0x0000000088d00000, 0x0000000088d00000|100%| E|CS|TAMS 0x0000000088c00000, 0x0000000088c00000| Complete 
| 141|0x0000000088d00000, 0x0000000088e00000, 0x0000000088e00000|100%| E|CS|TAMS 0x0000000088d00000, 0x0000000088d00000| Complete 
| 142|0x0000000088e00000, 0x0000000088f00000, 0x0000000088f00000|100%| E|CS|TAMS 0x0000000088e00000, 0x0000000088e00000| Complete 
| 143|0x0000000088f00000, 0x0000000089000000, 0x0000000089000000|100%| E|CS|TAMS 0x0000000088f00000, 0x0000000088f00000| Complete 
| 144|0x0000000089000000, 0x0000000089100000, 0x0000000089100000|100%| E|CS|TAMS 0x0000000089000000, 0x0000000089000000| Complete 
| 145|0x0000000089100000, 0x0000000089200000, 0x0000000089200000|100%| E|CS|TAMS 0x0000000089100000, 0x0000000089100000| Complete 
| 146|0x0000000089200000, 0x0000000089300000, 0x0000000089300000|100%| E|CS|TAMS 0x0000000089200000, 0x0000000089200000| Complete 
| 147|0x0000000089300000, 0x0000000089400000, 0x0000000089400000|100%| E|CS|TAMS 0x0000000089300000, 0x0000000089300000| Complete 
| 148|0x0000000089400000, 0x0000000089500000, 0x0000000089500000|100%| E|CS|TAMS 0x0000000089400000, 0x0000000089400000| Complete 
| 149|0x0000000089500000, 0x0000000089600000, 0x0000000089600000|100%| E|CS|TAMS 0x0000000089500000, 0x0000000089500000| Complete 
| 150|0x0000000089600000, 0x0000000089700000, 0x0000000089700000|100%| E|CS|TAMS 0x0000000089600000, 0x0000000089600000| Complete 
| 151|0x0000000089700000, 0x0000000089800000, 0x0000000089800000|100%| E|CS|TAMS 0x0000000089700000, 0x0000000089700000| Complete 

Card table byte_map: [0x000001fb0f000000,0x000001fb0f400000] _byte_map_base: 0x000001fb0ec00000

Marking Bits (Prev, Next): (CMBitMap*) 0x000001fb76452968, (CMBitMap*) 0x000001fb764529a0
 Prev Bits: [0x000001fb0f800000, 0x000001fb11800000)
 Next Bits: [0x000001fb11800000, 0x000001fb13800000)

Polling page: 0x000001fb76250000

Metaspace:

Usage:
  Non-class:     42.56 MB capacity,    41.86 MB ( 98%) used,   587.55 KB (  1%) free+waste,   119.94 KB ( <1%) overhead. 
      Class:      7.14 MB capacity,     6.67 MB ( 93%) used,   421.55 KB (  6%) free+waste,    61.63 KB ( <1%) overhead. 
       Both:     49.70 MB capacity,    48.54 MB ( 98%) used,  1009.11 KB (  2%) free+waste,   181.56 KB ( <1%) overhead. 

Virtual space:
  Non-class space:       44.00 MB reserved,      42.63 MB ( 97%) committed 
      Class space:        1.00 GB reserved,       7.20 MB ( <1%) committed 
             Both:        1.04 GB reserved,      49.83 MB (  5%) committed 

Chunk freelists:
   Non-Class:  1.38 KB
       Class:  1.75 KB
        Both:  3.13 KB

CodeHeap 'non-profiled nmethods': size=120064Kb used=1944Kb max_used=1944Kb free=118119Kb
 bounds [0x000001fb07ac0000, 0x000001fb07d30000, 0x000001fb0f000000]
CodeHeap 'profiled nmethods': size=120000Kb used=8055Kb max_used=8055Kb free=111944Kb
 bounds [0x000001fb00590000, 0x000001fb00d70000, 0x000001fb07ac0000]
CodeHeap 'non-nmethods': size=5696Kb used=1557Kb max_used=1570Kb free=4138Kb
 bounds [0x000001fb00000000, 0x000001fb00270000, 0x000001fb00590000]
 total_blobs=4559 nmethods=3884 adapters=586
 compilation: enabled
              stopped_count=0, restarted_count=0
 full_count=0

Compilation events (10 events):
Event: 10.595 Thread 0x000001fb16487800 nmethod 3893 0x000001fb00d68890 code [0x000001fb00d68a80, 0x000001fb00d69038]
Event: 10.629 Thread 0x000001fb1643e800 3896       4       jdk.internal.org.objectweb.asm.Frame::execute (2264 bytes)
Event: 10.629 Thread 0x000001fb16487800 3897       3       java.lang.invoke.Invokers::maybeCustomize (28 bytes)
Event: 10.630 Thread 0x000001fb16487800 nmethod 3897 0x000001fb00d69210 code [0x000001fb00d693c0, 0x000001fb00d695a8]
Event: 10.631 Thread 0x000001fb16487800 3898       3       java.lang.invoke.InvokerBytecodeGenerator::lookupPregenerated (292 bytes)
Event: 10.633 Thread 0x000001fb16487800 nmethod 3898 0x000001fb00d69690 code [0x000001fb00d69a60, 0x000001fb00d6b448]
Event: 10.633 Thread 0x000001fb16487800 3899   !   3       org.jetbrains.kotlin.com.intellij.util.containers.ConcurrentIntObjectHashMap::tabAt (33 bytes)
Event: 10.633 Thread 0x000001fb16487800 nmethod 3899 0x000001fb00d6bc10 code [0x000001fb00d6be40, 0x000001fb00d6cce8]
Event: 10.633 Thread 0x000001fb16487800 3900       3       java.lang.invoke.LambdaForm$MH/0x0000000100590840::invokeExact_MT (25 bytes)
Event: 10.634 Thread 0x000001fb16487800 nmethod 3900 0x000001fb00d6d010 code [0x000001fb00d6d220, 0x000001fb00d6da58]

GC Heap History (10 events):
Event: 4.337 GC heap before
{Heap before GC invocations=6 (full 0):
 garbage-first heap   total 129024K, used 62665K [0x0000000080000000, 0x0000000100000000)
  region size 1024K, 46 young (47104K), 3 survivors (3072K)
 Metaspace       used 24644K, capacity 25321K, committed 25596K, reserved 1071104K
  class space    used 3128K, capacity 3352K, committed 3404K, reserved 1048576K
}
Event: 4.345 GC heap after
{Heap after GC invocations=7 (full 0):
 garbage-first heap   total 129024K, used 20413K [0x0000000080000000, 0x0000000100000000)
  region size 1024K, 5 young (5120K), 5 survivors (5120K)
 Metaspace       used 24644K, capacity 25321K, committed 25596K, reserved 1071104K
  class space    used 3128K, capacity 3352K, committed 3404K, reserved 1048576K
}
Event: 6.060 GC heap before
{Heap before GC invocations=7 (full 0):
 garbage-first heap   total 129024K, used 69565K [0x0000000080000000, 0x0000000100000000)
  region size 1024K, 53 young (54272K), 5 survivors (5120K)
 Metaspace       used 29301K, capacity 30062K, committed 30332K, reserved 1075200K
  class space    used 3866K, capacity 4176K, committed 4300K, reserved 1048576K
}
Event: 6.067 GC heap after
{Heap after GC invocations=8 (full 0):
 garbage-first heap   total 155648K, used 21947K [0x0000000080000000, 0x0000000100000000)
  region size 1024K, 4 young (4096K), 4 survivors (4096K)
 Metaspace       used 29301K, capacity 30062K, committed 30332K, reserved 1075200K
  class space    used 3866K, capacity 4176K, committed 4300K, reserved 1048576K
}
Event: 6.991 GC heap before
{Heap before GC invocations=8 (full 0):
 garbage-first heap   total 155648K, used 57787K [0x0000000080000000, 0x0000000100000000)
  region size 1024K, 40 young (40960K), 4 survivors (4096K)
 Metaspace       used 35129K, capacity 35922K, committed 36048K, reserved 1081344K
  class space    used 4560K, capacity 4879K, committed 4940K, reserved 1048576K
}
Event: 6.998 GC heap after
{Heap after GC invocations=9 (full 0):
 garbage-first heap   total 155648K, used 24233K [0x0000000080000000, 0x0000000100000000)
  region size 1024K, 6 young (6144K), 6 survivors (6144K)
 Metaspace       used 35129K, capacity 35922K, committed 36048K, reserved 1081344K
  class space    used 4560K, capacity 4879K, committed 4940K, reserved 1048576K
}
Event: 8.654 GC heap before
{Heap before GC invocations=10 (full 0):
 garbage-first heap   total 155648K, used 89769K [0x0000000080000000, 0x0000000100000000)
  region size 1024K, 70 young (71680K), 6 survivors (6144K)
 Metaspace       used 40707K, capacity 41898K, committed 41936K, reserved 1085440K
  class space    used 5241K, capacity 5701K, committed 5708K, reserved 1048576K
}
Event: 8.665 GC heap after
{Heap after GC invocations=11 (full 0):
 garbage-first heap   total 155648K, used 28609K [0x0000000080000000, 0x0000000100000000)
  region size 1024K, 9 young (9216K), 9 survivors (9216K)
 Metaspace       used 40707K, capacity 41898K, committed 41936K, reserved 1085440K
  class space    used 5241K, capacity 5701K, committed 5708K, reserved 1048576K
}
Event: 10.384 GC heap before
{Heap before GC invocations=11 (full 0):
 garbage-first heap   total 155648K, used 98241K [0x0000000080000000, 0x0000000100000000)
  region size 1024K, 77 young (78848K), 9 survivors (9216K)
 Metaspace       used 47420K, capacity 48594K, committed 48720K, reserved 1091584K
  class space    used 6545K, capacity 7016K, committed 7116K, reserved 1048576K
}
Event: 10.397 GC heap after
{Heap after GC invocations=12 (full 0):
 garbage-first heap   total 155648K, used 30431K [0x0000000080000000, 0x0000000100000000)
  region size 1024K, 7 young (7168K), 7 survivors (7168K)
 Metaspace       used 47420K, capacity 48594K, committed 48720K, reserved 1091584K
  class space    used 6545K, capacity 7016K, committed 7116K, reserved 1048576K
}

Deoptimization events (10 events):
Event: 7.219 Thread 0x000001fb189cf000 Uncommon trap: reason=unstable_if action=reinterpret pc=0x000001fb07b38800 method=sun.nio.fs.WindowsPathParser.isSlash(C)Z @ 9 c2
Event: 9.362 Thread 0x000001fb189cf000 Uncommon trap: reason=unstable_if action=reinterpret pc=0x000001fb07b60950 method=java.util.concurrent.ConcurrentHashMap.putVal(Ljava/lang/Object;Ljava/lang/Object;Z)Ljava/lang/Object; @ 245 c2
Event: 9.365 Thread 0x000001fb189cf000 Uncommon trap: reason=unstable_if action=reinterpret pc=0x000001fb07b69c00 method=java.lang.CharacterDataLatin1.isWhitespace(I)Z @ 14 c2
Event: 9.549 Thread 0x000001fb189cf000 Uncommon trap: reason=unstable_if action=reinterpret pc=0x000001fb07be9064 method=java.util.jar.JarFile.getVersionedEntry(Ljava/lang/String;Ljava/util/jar/JarEntry;)Ljava/util/jar/JarEntry; @ 67 c2
Event: 10.205 Thread 0x000001fb189cf000 Uncommon trap: reason=unstable_if action=reinterpret pc=0x000001fb07c9a60c method=kotlin.reflect.jvm.internal.impl.protobuf.CodedInputStream.readRawVarint32()I @ 69 c2
Event: 10.207 Thread 0x000001fb189cf000 Uncommon trap: reason=unstable_if action=reinterpret pc=0x000001fb07ca1d94 method=kotlin.reflect.jvm.internal.impl.protobuf.CodedInputStream.readRawVarint32()I @ 69 c2
Event: 10.448 Thread 0x000001fb189cf000 Uncommon trap: reason=class_check action=maybe_recompile pc=0x000001fb07c9b160 method=kotlin.reflect.jvm.internal.impl.protobuf.CodedInputStream.tryRefillBuffer(I)Z @ 175 c2
Event: 10.450 Thread 0x000001fb189cf000 Uncommon trap: reason=class_check action=maybe_recompile pc=0x000001fb07c9b160 method=kotlin.reflect.jvm.internal.impl.protobuf.CodedInputStream.tryRefillBuffer(I)Z @ 175 c2
Event: 10.451 Thread 0x000001fb189cf000 Uncommon trap: reason=class_check action=maybe_recompile pc=0x000001fb07c9b160 method=kotlin.reflect.jvm.internal.impl.protobuf.CodedInputStream.tryRefillBuffer(I)Z @ 175 c2
Event: 10.452 Thread 0x000001fb189cf000 Uncommon trap: reason=class_check action=maybe_recompile pc=0x000001fb07c9b160 method=kotlin.reflect.jvm.internal.impl.protobuf.CodedInputStream.tryRefillBuffer(I)Z @ 175 c2

Classes redefined (0 events):
No events

Internal exceptions (10 events):
Event: 8.634 Thread 0x000001fb189cf000 Exception <a 'java/lang/NoSuchMethodError'{0x0000000085229f20}: java.lang.invoke.DelegatingMethodHandle$Holder.reinvoke_L(Ljava/lang/Object;Ljava/lang/Object;Ljava/lang/Object;JII)I> (0x0000000085229f20) thrown at [./open/src/hotspot/share/interpreter/lin
Event: 8.635 Thread 0x000001fb189cf000 Exception <a 'java/lang/NoSuchMethodError'{0x0000000085237c70}: java.lang.invoke.DelegatingMethodHandle$Holder.reinvoke_L(Ljava/lang/Object;Ljava/lang/Object;Ljava/lang/Object;JJJ)I> (0x0000000085237c70) thrown at [./open/src/hotspot/share/interpreter/lin
Event: 8.635 Thread 0x000001fb189cf000 Exception <a 'java/lang/NoSuchMethodError'{0x0000000085245e10}: java.lang.invoke.DelegatingMethodHandle$Holder.reinvoke_L(Ljava/lang/Object;Ljava/lang/Object;Ljava/lang/Object;JLjava/lang/Object;Ljava/lang/Object;)I> (0x0000000085245e10) thrown at [./open
Event: 8.636 Thread 0x000001fb189cf000 Exception <a 'java/lang/NoSuchMethodError'{0x0000000085254110}: java.lang.invoke.DelegatingMethodHandle$Holder.reinvoke_L(Ljava/lang/Object;Ljava/lang/Object;Ljava/lang/Object;JLjava/lang/Object;)V> (0x0000000085254110) thrown at [./open/src/hotspot/share
Event: 8.636 Thread 0x000001fb189cf000 Exception <a 'java/lang/NoSuchMethodError'{0x000000008525b6a0}: java.lang.invoke.DirectMethodHandle$Holder.invokeSpecial(Ljava/lang/Object;Ljava/lang/Object;Ljava/lang/Object;Ljava/lang/Object;J)Ljava/lang/Object;> (0x000000008525b6a0) thrown at [./open/s
Event: 8.636 Thread 0x000001fb189cf000 Exception <a 'java/lang/NoSuchMethodError'{0x000000008525fe90}: java.lang.invoke.DelegatingMethodHandle$Holder.reinvoke_L(Ljava/lang/Object;Ljava/lang/Object;Ljava/lang/Object;J)Ljava/lang/Object;> (0x000000008525fe90) thrown at [./open/src/hotspot/share/
Event: 8.639 Thread 0x000001fb189cf000 Exception <a 'java/lang/NoSuchMethodError'{0x000000008529ae20}: java.lang.invoke.Invokers$Holder.invoke_MT(Ljava/lang/Object;Ljava/lang/Object;Ljava/lang/Object;Ljava/lang/Object;)J> (0x000000008529ae20) thrown at [./open/src/hotspot/share/interpreter/lin
Event: 8.639 Thread 0x000001fb189cf000 Exception <a 'java/lang/NoSuchMethodError'{0x000000008529f150}: java.lang.invoke.DelegatingMethodHandle$Holder.reinvoke_L(Ljava/lang/Object;Ljava/lang/Object;Ljava/lang/Object;)J> (0x000000008529f150) thrown at [./open/src/hotspot/share/interpreter/linkRe
Event: 8.647 Thread 0x000001fb189cf000 Exception <a 'java/lang/NoSuchMethodError'{0x00000000852b2250}: java.lang.invoke.DelegatingMethodHandle$Holder.reinvoke_L(Ljava/lang/Object;Ljava/lang/Object;Ljava/lang/Object;JI)I> (0x00000000852b2250) thrown at [./open/src/hotspot/share/interpreter/link
Event: 8.651 Thread 0x000001fb189cf000 Exception <a 'java/lang/NoSuchMethodError'{0x00000000852cab20}: java.lang.invoke.Invokers$Holder.invokeExact_MT(Ljava/lang/Object;Ljava/lang/Object;JLjava/lang/Object;)Ljava/lang/Object;> (0x00000000852cab20) thrown at [./open/src/hotspot/share/interprete

Events (10 events):
Event: 10.672 loading class org/jetbrains/kotlin/com/intellij/util/containers/FastUtilHashingStrategies
Event: 10.672 loading class org/jetbrains/kotlin/com/intellij/util/containers/FastUtilHashingStrategies done
Event: 10.673 loading class org/jetbrains/kotlin/com/intellij/util/containers/FastUtilCaseInsensitiveStringHashingStrategy
Event: 10.673 loading class org/jetbrains/kotlin/com/intellij/util/containers/FastUtilCaseInsensitiveStringHashingStrategy done
Event: 10.675 loading class org/jetbrains/kotlin/com/intellij/openapi/util/registry/Registry
Event: 10.675 loading class org/jetbrains/kotlin/com/intellij/openapi/util/registry/Registry done
Event: 10.676 loading class org/jetbrains/kotlin/com/intellij/diagnostic/StartUpMeasurer
Event: 10.676 loading class org/jetbrains/kotlin/com/intellij/diagnostic/StartUpMeasurer done
Event: 10.678 loading class org/jetbrains/kotlin/com/intellij/diagnostic/Activity
Event: 10.678 loading class org/jetbrains/kotlin/com/intellij/diagnostic/Activity done


Dynamic libraries:
0x00007ff7fdb00000 - 0x00007ff7fdb10000 	C:\Program Files\Java\jdk-11\bin\java.exe
0x00007ff988e90000 - 0x00007ff98907e000 	C:\Windows\SYSTEM32\ntdll.dll
0x00007ff988920000 - 0x00007ff9889d3000 	C:\Windows\System32\KERNEL32.DLL
0x00007ff985b00000 - 0x00007ff985d9d000 	C:\Windows\System32\KERNELBASE.dll
0x00007ff985800000 - 0x00007ff9858fa000 	C:\Windows\System32\ucrtbase.dll
0x00007ff95f100000 - 0x00007ff95f119000 	C:\Program Files\Java\jdk-11\bin\jli.dll
0x00007ff95f030000 - 0x00007ff95f04b000 	C:\Program Files\Java\jdk-11\bin\VCRUNTIME140.dll
0x00007ff988860000 - 0x00007ff988907000 	C:\Windows\System32\ADVAPI32.dll
0x00007ff988450000 - 0x00007ff9884ee000 	C:\Windows\System32\msvcrt.dll
0x00007ff9884f0000 - 0x00007ff98858f000 	C:\Windows\System32\sechost.dll
0x00007ff9866a0000 - 0x00007ff9867be000 	C:\Windows\System32\RPCRT4.dll
0x00007ff986940000 - 0x00007ff986ad7000 	C:\Windows\System32\USER32.dll
0x00007ff985ab0000 - 0x00007ff985ad0000 	C:\Windows\System32\win32u.dll
0x00007ff9860c0000 - 0x00007ff9860e9000 	C:\Windows\System32\GDI32.dll
0x00007ff985900000 - 0x00007ff985aab000 	C:\Windows\System32\gdi32full.dll
0x00007ff984f10000 - 0x00007ff984fb0000 	C:\Windows\System32\msvcp_win.dll
0x00007ff963e00000 - 0x00007ff964079000 	C:\Windows\WinSxS\amd64_microsoft.windows.common-controls_6595b64144ccf1df_6.0.17763.4974_none_de748dce53484fa6\COMCTL32.dll
0x00007ff986350000 - 0x00007ff98667b000 	C:\Windows\System32\combase.dll
0x00007ff984fb0000 - 0x00007ff985032000 	C:\Windows\System32\bcryptPrimitives.dll
0x00007ff978f80000 - 0x00007ff978f8a000 	C:\Windows\SYSTEM32\VERSION.dll
0x00007ff9881b0000 - 0x00007ff9881de000 	C:\Windows\System32\IMM32.DLL
0x00007ff95f020000 - 0x00007ff95f02c000 	C:\Program Files\Java\jdk-11\bin\vcruntime140_1.dll
0x00007ff93f7a0000 - 0x00007ff93f82e000 	C:\Program Files\Java\jdk-11\bin\msvcp140.dll
0x00007ff8fff00000 - 0x00007ff900a6d000 	C:\Program Files\Java\jdk-11\bin\server\jvm.dll
0x00007ff988910000 - 0x00007ff988918000 	C:\Windows\System32\PSAPI.DLL
0x00007ff982f30000 - 0x00007ff982f54000 	C:\Windows\SYSTEM32\WINMM.dll
0x00007ff97f090000 - 0x00007ff97f099000 	C:\Windows\SYSTEM32\WSOCK32.dll
0x00007ff988590000 - 0x00007ff9885fd000 	C:\Windows\System32\WS2_32.dll
0x00007ff982f00000 - 0x00007ff982f2d000 	C:\Windows\SYSTEM32\WINMMBASE.dll
0x00007ff985790000 - 0x00007ff9857da000 	C:\Windows\System32\cfgmgr32.dll
0x00007ff984ec0000 - 0x00007ff984ed1000 	C:\Windows\System32\kernel.appcore.dll
0x00007ff95d930000 - 0x00007ff95d940000 	C:\Program Files\Java\jdk-11\bin\verify.dll
0x00007ff97ee60000 - 0x00007ff97f04d000 	C:\Windows\SYSTEM32\DBGHELP.DLL
0x00007ff96dd80000 - 0x00007ff96ddaa000 	C:\Windows\SYSTEM32\dbgcore.DLL
0x00007ff944710000 - 0x00007ff944738000 	C:\Program Files\Java\jdk-11\bin\java.dll
0x00007ff94e3d0000 - 0x00007ff94e3da000 	C:\Program Files\Java\jdk-11\bin\jimage.dll
0x00007ff94acd0000 - 0x00007ff94ace7000 	C:\Program Files\Java\jdk-11\bin\zip.dll
0x00007ff986cb0000 - 0x00007ff9881a8000 	C:\Windows\System32\SHELL32.dll
0x00007ff9881e0000 - 0x00007ff988287000 	C:\Windows\System32\shcore.dll
0x00007ff985040000 - 0x00007ff985787000 	C:\Windows\System32\windows.storage.dll
0x00007ff984ee0000 - 0x00007ff984f03000 	C:\Windows\System32\profapi.dll
0x00007ff984e40000 - 0x00007ff984e9d000 	C:\Windows\System32\powrprof.dll
0x00007ff9860f0000 - 0x00007ff986142000 	C:\Windows\System32\shlwapi.dll
0x00007ff9857e0000 - 0x00007ff9857fb000 	C:\Windows\System32\cryptsp.dll
0x00007ff946600000 - 0x00007ff946619000 	C:\Program Files\Java\jdk-11\bin\net.dll
0x00007ff97e480000 - 0x00007ff97e57d000 	C:\Windows\SYSTEM32\WINHTTP.dll
0x00007ff984690000 - 0x00007ff9846f7000 	C:\Windows\system32\mswsock.dll
0x00007ff945420000 - 0x00007ff945432000 	C:\Program Files\Java\jdk-11\bin\nio.dll
0x00007ff95eff0000 - 0x00007ff95f017000 	C:\Users\Rania\.gradle\native\68d5fa5c4cc2d200863cafc0d521ce42e7d3e7ee720ec0a83991735586a16f82\windows-amd64\native-platform.dll
0x00007ff937900000 - 0x00007ff937a44000 	C:\Users\Rania\.gradle\native\e376f236ea51e6404a007f0833ffe2c6e607c4080706a723a18a27aeea778392\windows-amd64\native-platform-file-events.dll
0x00007ff9488c0000 - 0x00007ff9488c9000 	C:\Program Files\Java\jdk-11\bin\management.dll
0x00007ff948020000 - 0x00007ff94802b000 	C:\Program Files\Java\jdk-11\bin\management_ext.dll
0x00007ff984210000 - 0x00007ff984243000 	C:\Windows\system32\rsaenh.dll
0x00007ff985ad0000 - 0x00007ff985af6000 	C:\Windows\System32\bcrypt.dll
0x00007ff984d40000 - 0x00007ff984d69000 	C:\Windows\SYSTEM32\USERENV.dll
0x00007ff984860000 - 0x00007ff98486c000 	C:\Windows\SYSTEM32\CRYPTBASE.dll
0x00007ff9843a0000 - 0x00007ff9843dd000 	C:\Windows\SYSTEM32\IPHLPAPI.DLL
0x00007ff986930000 - 0x00007ff986938000 	C:\Windows\System32\NSI.dll
0x00007ff978810000 - 0x00007ff978826000 	C:\Windows\SYSTEM32\dhcpcsvc6.DLL
0x00007ff9787f0000 - 0x00007ff97880c000 	C:\Windows\SYSTEM32\dhcpcsvc.DLL
0x00007ff9843f0000 - 0x00007ff9844b6000 	C:\Windows\SYSTEM32\DNSAPI.dll

dbghelp: loaded successfully - version: 4.0.5 - missing functions: none
symbol engine: initialized successfully - sym options: 0x614 - pdb path: .;C:\Program Files\Java\jdk-11\bin;C:\Windows\SYSTEM32;C:\Windows\WinSxS\amd64_microsoft.windows.common-controls_6595b64144ccf1df_6.0.17763.4974_none_de748dce53484fa6;C:\Program Files\Java\jdk-11\bin\server;C:\Users\Rania\.gradle\native\68d5fa5c4cc2d200863cafc0d521ce42e7d3e7ee720ec0a83991735586a16f82\windows-amd64;C:\Users\Rania\.gradle\native\e376f236ea51e6404a007f0833ffe2c6e607c4080706a723a18a27aeea778392\windows-amd64

VM Arguments:
jvm_args: --add-opens=java.base/java.util=ALL-UNNAMED --add-opens=java.base/java.lang=ALL-UNNAMED --add-opens=java.base/java.lang.invoke=ALL-UNNAMED --add-opens=java.prefs/java.util.prefs=ALL-UNNAMED --add-opens=java.base/java.nio.charset=ALL-UNNAMED --add-opens=java.base/java.net=ALL-UNNAMED --add-opens=java.base/java.util.concurrent.atomic=ALL-UNNAMED -Xmx2048m -Dfile.encoding=UTF-8 -Duser.country=FR -Duser.language=fr -Duser.variant 
java_command: org.gradle.launcher.daemon.bootstrap.GradleDaemon 8.0
java_class_path (initial): C:\Users\Rania\.gradle\wrapper\dists\gradle-8.0-bin\ca5e32bp14vu59qr306oxotwh\gradle-8.0\lib\gradle-launcher-8.0.jar
Launcher Type: SUN_STANDARD

[Global flags]
     intx CICompilerCount                          = 3                                         {product} {ergonomic}
     uint ConcGCThreads                            = 1                                         {product} {ergonomic}
     uint G1ConcRefinementThreads                  = 4                                         {product} {ergonomic}
   size_t G1HeapRegionSize                         = 1048576                                   {product} {ergonomic}
    uintx GCDrainStackTargetSize                   = 64                                        {product} {ergonomic}
   size_t InitialHeapSize                          = 132120576                                 {product} {ergonomic}
   size_t MarkStackSize                            = 4194304                                   {product} {ergonomic}
   size_t MaxHeapSize                              = 2147483648                                {product} {command line}
   size_t MaxNewSize                               = 1287651328                                {product} {ergonomic}
   size_t MinHeapDeltaBytes                        = 1048576                                   {product} {ergonomic}
    uintx NonNMethodCodeHeapSize                   = 5830732                                {pd product} {ergonomic}
    uintx NonProfiledCodeHeapSize                  = 122913754                              {pd product} {ergonomic}
    uintx ProfiledCodeHeapSize                     = 122913754                              {pd product} {ergonomic}
    uintx ReservedCodeCacheSize                    = 251658240                              {pd product} {ergonomic}
     bool SegmentedCodeCache                       = true                                      {product} {ergonomic}
     bool UseCompressedClassPointers               = true                                 {lp64_product} {ergonomic}
     bool UseCompressedOops                        = true                                 {lp64_product} {ergonomic}
     bool UseG1GC                                  = true                                      {product} {ergonomic}
     bool UseLargePagesIndividualAllocation        = false                                  {pd product} {ergonomic}

Logging:
Log output configuration:
 #0: stdout all=warning uptime,level,tags
 #1: stderr all=off uptime,level,tags

Environment Variables:
JAVA_HOME=C:\Program Files\Java\jdk-11
CLASSPATH=D:\androidProjectEducation-master\\gradle\wrapper\gradle-wrapper.jar
PATH=C:\Program Files (x86)\Common Files\Oracle\Java\javapath;C:\Windows\system32;C:\Windows;C:\Windows\System32\Wbem;C:\Windows\System32\WindowsPowerShell\v1.0\;C:\Windows\System32\OpenSSH\;C:\ProgramData\chocolatey\bin;C:\Program Files\Git\cmd;C:\wamp64\bin\php\php8.1.0;C:\Program Files\nodejs\;C:\Users\Rania\AppData\Local\Microsoft\WindowsApps;C:\Program Files\JetBrains\IntelliJ IDEA 2022.3.2\bin;;C:\Users\Rania\AppData\Local\ComposerSetup\bin;C:\Users\Rania\AppData\Roaming\Composer\vendor\bin;C:\Users\Rania\AppData\Roaming\npm;C:\src\flutter\bin;C:\Program Files\Android\Android Studio\lib;C:\ProgramData\Microsoft\Windows\Start Menu\Programs\Android Studio;C:\Users\Rania\AppData\Local\Programs\Microsoft VS Code\bin;C:\Program Files\Java\jdk-11\bin;
USERNAME=Rania
OS=Windows_NT
PROCESSOR_IDENTIFIER=Intel64 Family 6 Model 140 Stepping 1, GenuineIntel



---------------  S Y S T E M  ---------------

OS: Windows 10 , 64 bit Build 17763 (10.0.17763.4974)

CPU:total 4 (initial active 4) (2 cores per cpu, 2 threads per core) family 6 model 140 stepping 1 microcode 0x9a, cmov, cx8, fxsr, mmx, sse, sse2, sse3, ssse3, sse4.1, sse4.2, popcnt, avx, avx2, aes, clmul, erms, 3dnowpref, lzcnt, ht, tsc, tscinvbit, bmi1, bmi2, adx, evex, sha, fma

Memory: 4k page, system-wide physical 7975M (355M free)
TotalPageFile size 25581M (AvailPageFile size 24M)
current process WorkingSet (physical memory assigned to process): 238M, peak: 243M
current process commit charge ("private bytes"): 322M, peak: 328M

vm_info: Java HotSpot(TM) 64-Bit Server VM (11.0.20+9-LTS-256) for windows-amd64 JRE (11.0.20+9-LTS-256), built on Jun 14 2023 10:34:22 by "mach5one" with MS VC++ 17.1 (VS2022)

END.
