#
# There is insufficient memory for the Java Runtime Environment to continue.
# Native memory allocation (malloc) failed to allocate 1398160 bytes for Chunk::new
# Possible reasons:
#   The system is out of physical RAM or swap space
#   The process is running with CompressedOops enabled, and the Java Heap may be blocking the growth of the native heap
# Possible solutions:
#   Reduce memory load on the system
#   Increase physical memory or swap space
#   Check if swap backing store is full
#   Decrease Java heap size (-Xmx/-Xms)
#   Decrease number of Java threads
#   Decrease Java thread stack sizes (-Xss)
#   Set larger code cache with -XX:ReservedCodeCacheSize=
#   JVM is running with Zero Based Compressed Oops mode in which the Java heap is
#     placed in the first 32GB address space. The Java Heap base address is the
#     maximum limit for the native heap growth. Please use -XX:HeapBaseMinAddress
#     to set the Java Heap base and to place the Java Heap above 32GB virtual address.
# This output file may be truncated or incomplete.
#
#  Out of Memory Error (arena.cpp:189), pid=1816, tid=16060
#
# JRE version: OpenJDK Runtime Environment (17.0.6) (build 17.0.6+0-b2043.56-10027231)
# Java VM: OpenJDK 64-Bit Server VM (17.0.6+0-b2043.56-10027231, mixed mode, tiered, compressed oops, compressed class ptrs, g1 gc, windows-amd64)
# No core dump will be written. Minidumps are not enabled by default on client versions of Windows
#

---------------  S U M M A R Y ------------

Command Line: --add-opens=java.base/java.util=ALL-UNNAMED --add-opens=java.base/java.lang=ALL-UNNAMED --add-opens=java.base/java.lang.invoke=ALL-UNNAMED --add-opens=java.prefs/java.util.prefs=ALL-UNNAMED --add-opens=java.base/java.nio.charset=ALL-UNNAMED --add-opens=java.base/java.net=ALL-UNNAMED --add-opens=java.base/java.util.concurrent.atomic=ALL-UNNAMED -Xmx4096m -Dfile.encoding=windows-1252 -Duser.country=FR -Duser.language=fr -Duser.variant org.gradle.launcher.daemon.bootstrap.GradleDaemon 8.0

Host: 11th Gen Intel(R) Core(TM) i3-1115G4 @ 3.00GHz, 4 cores, 7G,  Windows 10 , 64 bit Build 17763 (10.0.17763.4974)
Time: Wed Nov 29 23:02:17 2023 Afr. centrale Ouest elapsed time: 62.280363 seconds (0d 0h 1m 2s)

---------------  T H R E A D  ---------------

Current thread (0x000001fc2c9d98e0):  JavaThread "C2 CompilerThread1" daemon [_thread_in_native, id=16060, stack(0x0000006e80b00000,0x0000006e80c00000)]


Current CompileTask:
C2:  62280 11015       4       jdk.internal.org.objectweb.asm.MethodWriter::computeAllFrames (510 bytes)

Stack: [0x0000006e80b00000,0x0000006e80c00000]
Native frames: (J=compiled Java code, j=interpreted, Vv=VM code, C=native code)
V  [jvm.dll+0x683c9a]
V  [jvm.dll+0x8427a4]
V  [jvm.dll+0x843f9e]
V  [jvm.dll+0x844603]
V  [jvm.dll+0x249b75]
V  [jvm.dll+0xabcac]
V  [jvm.dll+0xac27c]
V  [jvm.dll+0x368857]
V  [jvm.dll+0x332f31]
V  [jvm.dll+0x3323da]
V  [jvm.dll+0x21c201]
V  [jvm.dll+0x21b621]
V  [jvm.dll+0x1a4fdd]
V  [jvm.dll+0x22b098]
V  [jvm.dll+0x229159]
V  [jvm.dll+0x7f81ec]
V  [jvm.dll+0x7f274a]
V  [jvm.dll+0x682ad5]
C  [ucrtbase.dll+0x2268a]
C  [KERNEL32.DLL+0x17ac4]
C  [ntdll.dll+0x5a4e1]


---------------  P R O C E S S  ---------------

Threads class SMR info:
_java_thread_list=0x000001fc2a02ce10, length=90, elements={
0x000001fc048afed0, 0x000001fc22a6eee0, 0x000001fc22a796d0, 0x000001fc22a85fe0,
0x000001fc22a869a0, 0x000001fc22a87260, 0x000001fc22a87b20, 0x000001fc23452740,
0x000001fc2347ae00, 0x000001fc234c2720, 0x000001fc235e1360, 0x000001fc235e1c40,
0x000001fc248c5ea0, 0x000001fc237fc260, 0x000001fc24c24dd0, 0x000001fc24024430,
0x000001fc247287a0, 0x000001fc241f3a20, 0x000001fc241f0ed0, 0x000001fc241f26e0,
0x000001fc241f0060, 0x000001fc241f1870, 0x000001fc241f0530, 0x000001fc241f2bb0,
0x000001fc241f0a00, 0x000001fc241f13a0, 0x000001fc241f3080, 0x000001fc241f3550,
0x000001fc241f2210, 0x000001fc25adc420, 0x000001fc25adb5b0, 0x000001fc25adbf50,
0x000001fc25ad8590, 0x000001fc25ada740, 0x000001fc25ade100, 0x000001fc25adac10,
0x000001fc25ad7720, 0x000001fc25adc8f0, 0x000001fc25ad80c0, 0x000001fc25adb0e0,
0x000001fc25ad9400, 0x000001fc25adcdc0, 0x000001fc25ad98d0, 0x000001fc25add290,
0x000001fc25ada270, 0x000001fc25addc30, 0x000001fc25adba80, 0x000001fc25add760,
0x000001fc25ad9da0, 0x000001fc25ad68b0, 0x000001fc2809f690, 0x000001fc280a26b0,
0x000001fc280a4860, 0x000001fc2809ecf0, 0x000001fc280a3ec0, 0x000001fc280a5ba0,
0x000001fc280a56d0, 0x000001fc2809e350, 0x000001fc280a0030, 0x000001fc280a2b80,
0x000001fc280a0500, 0x000001fc2809e820, 0x000001fc2809f1c0, 0x000001fc2809fb60,
0x000001fc280a09d0, 0x000001fc280a4d30, 0x000001fc280a3520, 0x000001fc280a0ea0,
0x000001fc280a39f0, 0x000001fc280a5200, 0x000001fc280a4390, 0x000001fc280a1370,
0x000001fc280a1840, 0x000001fc280a1d10, 0x000001fc280a21e0, 0x000001fc280a3050,
0x000001fc27e878e0, 0x000001fc27e84d90, 0x000001fc27e86f40, 0x000001fc27e87db0,
0x000001fc27e843f0, 0x000001fc27e87410, 0x000001fc27e89f60, 0x000001fc27e8bc40,
0x000001fc27e85260, 0x000001fc27e88c20, 0x000001fc27e895c0, 0x000001fc27e85730,
0x000001fc27e85c00, 0x000001fc2c9d98e0
}

Java Threads: ( => current thread )
  0x000001fc048afed0 JavaThread "main" [_thread_blocked, id=22532, stack(0x0000006e80e00000,0x0000006e80f00000)]
  0x000001fc22a6eee0 JavaThread "Reference Handler" daemon [_thread_blocked, id=21600, stack(0x0000006e81500000,0x0000006e81600000)]
  0x000001fc22a796d0 JavaThread "Finalizer" daemon [_thread_blocked, id=23000, stack(0x0000006e81600000,0x0000006e81700000)]
  0x000001fc22a85fe0 JavaThread "Signal Dispatcher" daemon [_thread_blocked, id=22820, stack(0x0000006e81700000,0x0000006e81800000)]
  0x000001fc22a869a0 JavaThread "Attach Listener" daemon [_thread_blocked, id=8104, stack(0x0000006e81800000,0x0000006e81900000)]
  0x000001fc22a87260 JavaThread "Service Thread" daemon [_thread_blocked, id=12548, stack(0x0000006e81900000,0x0000006e81a00000)]
  0x000001fc22a87b20 JavaThread "Monitor Deflation Thread" daemon [_thread_blocked, id=1132, stack(0x0000006e81a00000,0x0000006e81b00000)]
  0x000001fc23452740 JavaThread "C2 CompilerThread0" daemon [_thread_in_native, id=22652, stack(0x0000006e81b00000,0x0000006e81c00000)]
  0x000001fc2347ae00 JavaThread "C1 CompilerThread0" daemon [_thread_blocked, id=3444, stack(0x0000006e81c00000,0x0000006e81d00000)]
  0x000001fc234c2720 JavaThread "Sweeper thread" daemon [_thread_blocked, id=11704, stack(0x0000006e81d00000,0x0000006e81e00000)]
  0x000001fc235e1360 JavaThread "Common-Cleaner" daemon [_thread_blocked, id=22560, stack(0x0000006e81e00000,0x0000006e81f00000)]
  0x000001fc235e1c40 JavaThread "Notification Thread" daemon [_thread_blocked, id=20376, stack(0x0000006e81f00000,0x0000006e82000000)]
  0x000001fc248c5ea0 JavaThread "Daemon health stats" [_thread_blocked, id=23232, stack(0x0000006e82400000,0x0000006e82500000)]
  0x000001fc237fc260 JavaThread "Incoming local TCP Connector on port 63010" [_thread_in_native, id=18952, stack(0x0000006e82500000,0x0000006e82600000)]
  0x000001fc24c24dd0 JavaThread "Daemon periodic checks" [_thread_blocked, id=22936, stack(0x0000006e82600000,0x0000006e82700000)]
  0x000001fc24024430 JavaThread "Daemon" [_thread_blocked, id=7664, stack(0x0000006e82700000,0x0000006e82800000)]
  0x000001fc247287a0 JavaThread "Handler for socket connection from /127.0.0.1:63010 to /127.0.0.1:63017" [_thread_in_native, id=8396, stack(0x0000006e82800000,0x0000006e82900000)]
  0x000001fc241f3a20 JavaThread "Cancel handler" [_thread_blocked, id=19628, stack(0x0000006e82900000,0x0000006e82a00000)]
  0x000001fc241f0ed0 JavaThread "Daemon worker" [_thread_in_vm, id=12728, stack(0x0000006e82a00000,0x0000006e82b00000)]
  0x000001fc241f26e0 JavaThread "Asynchronous log dispatcher for DefaultDaemonConnection: socket connection from /127.0.0.1:63010 to /127.0.0.1:63017" [_thread_blocked, id=12424, stack(0x0000006e82b00000,0x0000006e82c00000)]
  0x000001fc241f0060 JavaThread "Stdin handler" [_thread_blocked, id=11340, stack(0x0000006e82c00000,0x0000006e82d00000)]
  0x000001fc241f1870 JavaThread "Daemon client event forwarder" [_thread_blocked, id=23436, stack(0x0000006e82d00000,0x0000006e82e00000)]
  0x000001fc241f0530 JavaThread "Cache worker for journal cache (C:\Users\Rania\.gradle\caches\journal-1)" [_thread_blocked, id=11616, stack(0x0000006e82e00000,0x0000006e82f00000)]
  0x000001fc241f2bb0 JavaThread "File lock request listener" [_thread_in_native, id=21516, stack(0x0000006e82f00000,0x0000006e83000000)]
  0x000001fc241f0a00 JavaThread "Cache worker for file hash cache (C:\Users\Rania\.gradle\caches\8.0\fileHashes)" [_thread_blocked, id=22304, stack(0x0000006e83000000,0x0000006e83100000)]
  0x000001fc241f13a0 JavaThread "File watcher server" daemon [_thread_in_native, id=2480, stack(0x0000006e83100000,0x0000006e83200000)]
  0x000001fc241f3080 JavaThread "File watcher consumer" daemon [_thread_blocked, id=23112, stack(0x0000006e83200000,0x0000006e83300000)]
  0x000001fc241f3550 JavaThread "jar transforms" [_thread_blocked, id=8532, stack(0x0000006e83300000,0x0000006e83400000)]
  0x000001fc241f2210 JavaThread "jar transforms Thread 2" [_thread_blocked, id=13840, stack(0x0000006e83400000,0x0000006e83500000)]
  0x000001fc25adc420 JavaThread "jar transforms Thread 3" [_thread_blocked, id=23040, stack(0x0000006e83500000,0x0000006e83600000)]
  0x000001fc25adb5b0 JavaThread "jar transforms Thread 4" [_thread_blocked, id=15628, stack(0x0000006e83600000,0x0000006e83700000)]
  0x000001fc25adbf50 JavaThread "Cache worker for checksums cache (D:\androidProjectEducation-master\.gradle\8.0\checksums)" [_thread_blocked, id=7580, stack(0x0000006e83700000,0x0000006e83800000)]
  0x000001fc25ad8590 JavaThread "Cache worker for cache directory md-rule (C:\Users\Rania\.gradle\caches\8.0\md-rule)" [_thread_blocked, id=17912, stack(0x0000006e83800000,0x0000006e83900000)]
  0x000001fc25ada740 JavaThread "Cache worker for file content cache (C:\Users\Rania\.gradle\caches\8.0\fileContent)" [_thread_blocked, id=3184, stack(0x0000006e83900000,0x0000006e83a00000)]
  0x000001fc25ade100 JavaThread "Cache worker for file hash cache (D:\androidProjectEducation-master\.gradle\8.0\fileHashes)" [_thread_blocked, id=10160, stack(0x0000006e83a00000,0x0000006e83b00000)]
  0x000001fc25adac10 JavaThread "Cache worker for cache directory md-supplier (C:\Users\Rania\.gradle\caches\8.0\md-supplier)" [_thread_blocked, id=19824, stack(0x0000006e83b00000,0x0000006e83c00000)]
  0x000001fc25ad7720 JavaThread "Cache worker for execution history cache (C:\Users\Rania\.gradle\caches\8.0\executionHistory)" [_thread_blocked, id=2588, stack(0x0000006e83c00000,0x0000006e83d00000)]
  0x000001fc25adc8f0 JavaThread "Cache worker for kotlin-dsl (C:\Users\Rania\.gradle\caches\8.0\kotlin-dsl)" [_thread_blocked, id=1652, stack(0x0000006e83d00000,0x0000006e83e00000)]
  0x000001fc25ad80c0 JavaThread "Cache worker for dependencies-accessors (D:\androidProjectEducation-master\.gradle\8.0\dependencies-accessors)" [_thread_blocked, id=23116, stack(0x0000006e83e00000,0x0000006e83f00000)]
  0x000001fc25adb0e0 JavaThread "Cache worker for Build Output Cleanup Cache (D:\androidProjectEducation-master\.gradle\buildOutputCleanup)" [_thread_blocked, id=22180, stack(0x0000006e83f00000,0x0000006e84000000)]
  0x000001fc25ad9400 JavaThread "Unconstrained build operations" [_thread_blocked, id=23052, stack(0x0000006e84000000,0x0000006e84100000)]
  0x000001fc25adcdc0 JavaThread "Unconstrained build operations Thread 2" [_thread_blocked, id=23252, stack(0x0000006e84100000,0x0000006e84200000)]
  0x000001fc25ad98d0 JavaThread "Unconstrained build operations Thread 3" [_thread_blocked, id=6896, stack(0x0000006e84200000,0x0000006e84300000)]
  0x000001fc25add290 JavaThread "Unconstrained build operations Thread 4" [_thread_blocked, id=11896, stack(0x0000006e84300000,0x0000006e84400000)]
  0x000001fc25ada270 JavaThread "Unconstrained build operations Thread 5" [_thread_blocked, id=18668, stack(0x0000006e84400000,0x0000006e84500000)]
  0x000001fc25addc30 JavaThread "Unconstrained build operations Thread 6" [_thread_blocked, id=3804, stack(0x0000006e84500000,0x0000006e84600000)]
  0x000001fc25adba80 JavaThread "Unconstrained build operations Thread 7" [_thread_blocked, id=15204, stack(0x0000006e84600000,0x0000006e84700000)]
  0x000001fc25add760 JavaThread "Unconstrained build operations Thread 8" [_thread_blocked, id=12508, stack(0x0000006e84700000,0x0000006e84800000)]
  0x000001fc25ad9da0 JavaThread "Unconstrained build operations Thread 9" [_thread_blocked, id=23080, stack(0x0000006e84800000,0x0000006e84900000)]
  0x000001fc25ad68b0 JavaThread "Unconstrained build operations Thread 10" [_thread_blocked, id=22364, stack(0x0000006e84900000,0x0000006e84a00000)]
  0x000001fc2809f690 JavaThread "Unconstrained build operations Thread 11" [_thread_blocked, id=9696, stack(0x0000006e84a00000,0x0000006e84b00000)]
  0x000001fc280a26b0 JavaThread "Unconstrained build operations Thread 12" [_thread_blocked, id=1832, stack(0x0000006e84b00000,0x0000006e84c00000)]
  0x000001fc280a4860 JavaThread "Unconstrained build operations Thread 13" [_thread_blocked, id=6948, stack(0x0000006e84c00000,0x0000006e84d00000)]
  0x000001fc2809ecf0 JavaThread "Unconstrained build operations Thread 14" [_thread_blocked, id=22060, stack(0x0000006e84d00000,0x0000006e84e00000)]
  0x000001fc280a3ec0 JavaThread "Unconstrained build operations Thread 15" [_thread_blocked, id=10884, stack(0x0000006e84e00000,0x0000006e84f00000)]
  0x000001fc280a5ba0 JavaThread "Unconstrained build operations Thread 16" [_thread_blocked, id=1112, stack(0x0000006e84f00000,0x0000006e85000000)]
  0x000001fc280a56d0 JavaThread "Unconstrained build operations Thread 17" [_thread_blocked, id=21876, stack(0x0000006e85000000,0x0000006e85100000)]
  0x000001fc2809e350 JavaThread "Unconstrained build operations Thread 18" [_thread_blocked, id=23312, stack(0x0000006e85100000,0x0000006e85200000)]
  0x000001fc280a0030 JavaThread "Unconstrained build operations Thread 19" [_thread_blocked, id=23300, stack(0x0000006e85200000,0x0000006e85300000)]
  0x000001fc280a2b80 JavaThread "Unconstrained build operations Thread 20" [_thread_blocked, id=7856, stack(0x0000006e85300000,0x0000006e85400000)]
  0x000001fc280a0500 JavaThread "Unconstrained build operations Thread 21" [_thread_blocked, id=22968, stack(0x0000006e85400000,0x0000006e85500000)]
  0x000001fc2809e820 JavaThread "Unconstrained build operations Thread 22" [_thread_blocked, id=12656, stack(0x0000006e85500000,0x0000006e85600000)]
  0x000001fc2809f1c0 JavaThread "Unconstrained build operations Thread 23" [_thread_blocked, id=23480, stack(0x0000006e85600000,0x0000006e85700000)]
  0x000001fc2809fb60 JavaThread "Unconstrained build operations Thread 24" [_thread_blocked, id=22144, stack(0x0000006e85700000,0x0000006e85800000)]
  0x000001fc280a09d0 JavaThread "Unconstrained build operations Thread 25" [_thread_blocked, id=22048, stack(0x0000006e85800000,0x0000006e85900000)]
  0x000001fc280a4d30 JavaThread "Unconstrained build operations Thread 26" [_thread_blocked, id=6140, stack(0x0000006e85900000,0x0000006e85a00000)]
  0x000001fc280a3520 JavaThread "Unconstrained build operations Thread 27" [_thread_blocked, id=17292, stack(0x0000006e85a00000,0x0000006e85b00000)]
  0x000001fc280a0ea0 JavaThread "Unconstrained build operations Thread 28" [_thread_blocked, id=2020, stack(0x0000006e85b00000,0x0000006e85c00000)]
  0x000001fc280a39f0 JavaThread "Unconstrained build operations Thread 29" [_thread_blocked, id=15864, stack(0x0000006e85c00000,0x0000006e85d00000)]
  0x000001fc280a5200 JavaThread "Unconstrained build operations Thread 30" [_thread_blocked, id=21368, stack(0x0000006e85d00000,0x0000006e85e00000)]
  0x000001fc280a4390 JavaThread "Unconstrained build operations Thread 31" [_thread_blocked, id=22792, stack(0x0000006e85e00000,0x0000006e85f00000)]
  0x000001fc280a1370 JavaThread "Unconstrained build operations Thread 32" [_thread_blocked, id=22680, stack(0x0000006e85f00000,0x0000006e86000000)]
  0x000001fc280a1840 JavaThread "Unconstrained build operations Thread 33" [_thread_blocked, id=22100, stack(0x0000006e86000000,0x0000006e86100000)]
  0x000001fc280a1d10 JavaThread "Unconstrained build operations Thread 34" [_thread_blocked, id=23360, stack(0x0000006e86100000,0x0000006e86200000)]
  0x000001fc280a21e0 JavaThread "Unconstrained build operations Thread 35" [_thread_blocked, id=5520, stack(0x0000006e86200000,0x0000006e86300000)]
  0x000001fc280a3050 JavaThread "Unconstrained build operations Thread 36" [_thread_blocked, id=15480, stack(0x0000006e86300000,0x0000006e86400000)]
  0x000001fc27e878e0 JavaThread "Unconstrained build operations Thread 37" [_thread_blocked, id=21784, stack(0x0000006e86400000,0x0000006e86500000)]
  0x000001fc27e84d90 JavaThread "Unconstrained build operations Thread 38" [_thread_blocked, id=20756, stack(0x0000006e86500000,0x0000006e86600000)]
  0x000001fc27e86f40 JavaThread "Unconstrained build operations Thread 39" [_thread_blocked, id=11824, stack(0x0000006e86600000,0x0000006e86700000)]
  0x000001fc27e87db0 JavaThread "Unconstrained build operations Thread 40" [_thread_blocked, id=11424, stack(0x0000006e86700000,0x0000006e86800000)]
  0x000001fc27e843f0 JavaThread "Memory manager" [_thread_blocked, id=22996, stack(0x0000006e86800000,0x0000006e86900000)]
  0x000001fc27e87410 JavaThread "build event listener" [_thread_blocked, id=788, stack(0x0000006e86900000,0x0000006e86a00000)]
  0x000001fc27e89f60 JavaThread "build event listener" [_thread_blocked, id=22692, stack(0x0000006e86a00000,0x0000006e86b00000)]
  0x000001fc27e8bc40 JavaThread "included builds" [_thread_blocked, id=19000, stack(0x0000006e86d00000,0x0000006e86e00000)]
  0x000001fc27e85260 JavaThread "Execution worker" [_thread_blocked, id=19440, stack(0x0000006e86e00000,0x0000006e86f00000)]
  0x000001fc27e88c20 JavaThread "Execution worker Thread 2" [_thread_blocked, id=21076, stack(0x0000006e86f00000,0x0000006e87000000)]
  0x000001fc27e895c0 JavaThread "Execution worker Thread 3" [_thread_blocked, id=23308, stack(0x0000006e87000000,0x0000006e87100000)]
  0x000001fc27e85730 JavaThread "Cache worker for execution history cache (D:\androidProjectEducation-master\.gradle\8.0\executionHistory)" [_thread_blocked, id=21904, stack(0x0000006e87100000,0x0000006e87200000)]
  0x000001fc27e85c00 JavaThread "idea-tooling-model-converter" [_thread_blocked, id=1988, stack(0x0000006e87200000,0x0000006e87300000)]
=>0x000001fc2c9d98e0 JavaThread "C2 CompilerThread1" daemon [_thread_in_native, id=16060, stack(0x0000006e80b00000,0x0000006e80c00000)]

Other Threads:
  0x000001fc22a66330 VMThread "VM Thread" [stack: 0x0000006e81400000,0x0000006e81500000] [id=22200]
  0x000001fc235df030 WatcherThread [stack: 0x0000006e82000000,0x0000006e82100000] [id=15284]
  0x000001fc0491ad60 GCTaskThread "GC Thread#0" [stack: 0x0000006e80f00000,0x0000006e81000000] [id=22112]
  0x000001fc23b7f130 GCTaskThread "GC Thread#1" [stack: 0x0000006e82100000,0x0000006e82200000] [id=1620]
  0x000001fc23691d70 GCTaskThread "GC Thread#2" [stack: 0x0000006e82200000,0x0000006e82300000] [id=21788]
  0x000001fc24116890 GCTaskThread "GC Thread#3" [stack: 0x0000006e82300000,0x0000006e82400000] [id=19352]
  0x000001fc0492c7e0 ConcurrentGCThread "G1 Main Marker" [stack: 0x0000006e81000000,0x0000006e81100000] [id=21460]
  0x000001fc0492d910 ConcurrentGCThread "G1 Conc#0" [stack: 0x0000006e81100000,0x0000006e81200000] [id=4896]
  0x000001fc04966db0 ConcurrentGCThread "G1 Refine#0" [stack: 0x0000006e81200000,0x0000006e81300000] [id=21680]
  0x000001fc2a0de760 ConcurrentGCThread "G1 Refine#1" [stack: 0x0000006e87300000,0x0000006e87400000] [id=23176]
  0x000001fc049676e0 ConcurrentGCThread "G1 Service" [stack: 0x0000006e81300000,0x0000006e81400000] [id=21704]

Threads with active compile tasks:
C2 CompilerThread0    62320 11010       4       java.lang.ref.SoftReference::<init> (13 bytes)
C2 CompilerThread1    62320 11015       4       jdk.internal.org.objectweb.asm.MethodWriter::computeAllFrames (510 bytes)

VM state: not at safepoint (normal execution)

VM Mutex/Monitor currently owned by a thread: None

Heap address: 0x0000000700000000, size: 4096 MB, Compressed Oops mode: Zero based, Oop shift amount: 3

CDS archive(s) not mapped
Compressed class space mapped at: 0x0000000800000000-0x0000000840000000, reserved size: 1073741824
Narrow klass base: 0x0000000800000000, Narrow klass shift: 0, Narrow klass range: 0x40000000

GC Precious Log:
 CPUs: 4 total, 4 available
 Memory: 7975M
 Large Page Support: Disabled
 NUMA Support: Disabled
 Compressed Oops: Enabled (Zero based)
 Heap Region Size: 2M
 Heap Min Capacity: 8M
 Heap Initial Capacity: 126M
 Heap Max Capacity: 4G
 Pre-touch: Disabled
 Parallel Workers: 4
 Concurrent Workers: 1
 Concurrent Refinement Workers: 4
 Periodic GC: Disabled

Heap:
 garbage-first heap   total 397312K, used 262399K [0x0000000700000000, 0x0000000800000000)
  region size 2048K, 48 young (98304K), 10 survivors (20480K)
 Metaspace       used 103658K, committed 104448K, reserved 1146880K
  class space    used 14103K, committed 14464K, reserved 1048576K

Heap Regions: E=young(eden), S=young(survivor), O=old, HS=humongous(starts), HC=humongous(continues), CS=collection set, F=free, OA=open archive, CA=closed archive, TAMS=top-at-mark-start (previous, next)
|   0|0x0000000700000000, 0x0000000700200000, 0x0000000700200000|100%| O|  |TAMS 0x0000000700200000, 0x0000000700000000| Untracked 
|   1|0x0000000700200000, 0x0000000700400000, 0x0000000700400000|100%|HS|  |TAMS 0x0000000700400000, 0x0000000700200000| Complete 
|   2|0x0000000700400000, 0x0000000700600000, 0x0000000700600000|100%|HC|  |TAMS 0x0000000700600000, 0x0000000700400000| Complete 
|   3|0x0000000700600000, 0x0000000700800000, 0x0000000700800000|100%|HS|  |TAMS 0x0000000700800000, 0x0000000700600000| Complete 
|   4|0x0000000700800000, 0x0000000700a00000, 0x0000000700a00000|100%| O|  |TAMS 0x0000000700a00000, 0x0000000700800000| Untracked 
|   5|0x0000000700a00000, 0x0000000700c00000, 0x0000000700c00000|100%| O|  |TAMS 0x0000000700c00000, 0x0000000700a00000| Untracked 
|   6|0x0000000700c00000, 0x0000000700e00000, 0x0000000700e00000|100%| O|  |TAMS 0x0000000700e00000, 0x0000000700c00000| Untracked 
|   7|0x0000000700e00000, 0x0000000701000000, 0x0000000701000000|100%| O|  |TAMS 0x0000000701000000, 0x0000000700e00000| Untracked 
|   8|0x0000000701000000, 0x0000000701200000, 0x0000000701200000|100%| O|  |TAMS 0x0000000701200000, 0x0000000701000000| Untracked 
|   9|0x0000000701200000, 0x0000000701400000, 0x0000000701400000|100%| O|  |TAMS 0x0000000701400000, 0x0000000701200000| Untracked 
|  10|0x0000000701400000, 0x0000000701600000, 0x0000000701600000|100%| O|  |TAMS 0x0000000701600000, 0x0000000701400000| Untracked 
|  11|0x0000000701600000, 0x0000000701800000, 0x0000000701800000|100%|HS|  |TAMS 0x0000000701800000, 0x0000000701600000| Complete 
|  12|0x0000000701800000, 0x0000000701a00000, 0x0000000701a00000|100%|HS|  |TAMS 0x0000000701a00000, 0x0000000701800000| Complete 
|  13|0x0000000701a00000, 0x0000000701c00000, 0x0000000701c00000|100%|HC|  |TAMS 0x0000000701c00000, 0x0000000701a00000| Complete 
|  14|0x0000000701c00000, 0x0000000701e00000, 0x0000000701e00000|100%|HS|  |TAMS 0x0000000701e00000, 0x0000000701c00000| Complete 
|  15|0x0000000701e00000, 0x0000000702000000, 0x0000000702000000|100%|HC|  |TAMS 0x0000000702000000, 0x0000000701e00000| Complete 
|  16|0x0000000702000000, 0x0000000702200000, 0x0000000702200000|100%| O|  |TAMS 0x0000000702200000, 0x0000000702000000| Untracked 
|  17|0x0000000702200000, 0x0000000702400000, 0x0000000702400000|100%|HS|  |TAMS 0x0000000702400000, 0x0000000702200000| Complete 
|  18|0x0000000702400000, 0x0000000702600000, 0x0000000702600000|100%|HC|  |TAMS 0x0000000702600000, 0x0000000702400000| Complete 
|  19|0x0000000702600000, 0x0000000702800000, 0x0000000702800000|100%|HC|  |TAMS 0x0000000702800000, 0x0000000702600000| Complete 
|  20|0x0000000702800000, 0x0000000702a00000, 0x0000000702a00000|100%|HC|  |TAMS 0x0000000702a00000, 0x0000000702800000| Complete 
|  21|0x0000000702a00000, 0x0000000702c00000, 0x0000000702c00000|100%|HC|  |TAMS 0x0000000702c00000, 0x0000000702a00000| Complete 
|  22|0x0000000702c00000, 0x0000000702e00000, 0x0000000702e00000|100%|HC|  |TAMS 0x0000000702e00000, 0x0000000702c00000| Complete 
|  23|0x0000000702e00000, 0x0000000703000000, 0x0000000703000000|100%|HS|  |TAMS 0x0000000703000000, 0x0000000702e00000| Complete 
|  24|0x0000000703000000, 0x0000000703200000, 0x0000000703200000|100%| O|  |TAMS 0x0000000703200000, 0x0000000703000000| Untracked 
|  25|0x0000000703200000, 0x0000000703400000, 0x0000000703400000|100%| O|  |TAMS 0x0000000703400000, 0x0000000703200000| Untracked 
|  26|0x0000000703400000, 0x0000000703600000, 0x0000000703600000|100%| O|  |TAMS 0x0000000703600000, 0x0000000703400000| Untracked 
|  27|0x0000000703600000, 0x0000000703800000, 0x0000000703800000|100%| O|  |TAMS 0x0000000703800000, 0x0000000703600000| Untracked 
|  28|0x0000000703800000, 0x0000000703a00000, 0x0000000703a00000|100%|HS|  |TAMS 0x0000000703a00000, 0x0000000703800000| Complete 
|  29|0x0000000703a00000, 0x0000000703c00000, 0x0000000703c00000|100%|HC|  |TAMS 0x0000000703c00000, 0x0000000703a00000| Complete 
|  30|0x0000000703c00000, 0x0000000703e00000, 0x0000000703e00000|100%|HS|  |TAMS 0x0000000703e00000, 0x0000000703c00000| Complete 
|  31|0x0000000703e00000, 0x0000000704000000, 0x0000000704000000|100%|HC|  |TAMS 0x0000000704000000, 0x0000000703e00000| Complete 
|  32|0x0000000704000000, 0x0000000704200000, 0x0000000704200000|100%| O|  |TAMS 0x0000000704200000, 0x0000000704000000| Untracked 
|  33|0x0000000704200000, 0x0000000704400000, 0x0000000704400000|100%| O|  |TAMS 0x0000000704400000, 0x0000000704200000| Untracked 
|  34|0x0000000704400000, 0x0000000704600000, 0x0000000704600000|100%| O|  |TAMS 0x0000000704600000, 0x0000000704400000| Untracked 
|  35|0x0000000704600000, 0x0000000704800000, 0x0000000704800000|100%| O|  |TAMS 0x0000000704800000, 0x0000000704600000| Untracked 
|  36|0x0000000704800000, 0x0000000704a00000, 0x0000000704a00000|100%| O|  |TAMS 0x0000000704a00000, 0x0000000704800000| Untracked 
|  37|0x0000000704a00000, 0x0000000704c00000, 0x0000000704c00000|100%| O|  |TAMS 0x0000000704c00000, 0x0000000704a00000| Untracked 
|  38|0x0000000704c00000, 0x0000000704e00000, 0x0000000704e00000|100%| O|  |TAMS 0x0000000704e00000, 0x0000000704c00000| Untracked 
|  39|0x0000000704e00000, 0x0000000705000000, 0x0000000705000000|100%| O|  |TAMS 0x0000000705000000, 0x0000000704e00000| Untracked 
|  40|0x0000000705000000, 0x0000000705200000, 0x0000000705200000|100%|HS|  |TAMS 0x0000000705200000, 0x0000000705000000| Complete 
|  41|0x0000000705200000, 0x0000000705400000, 0x0000000705400000|100%|HC|  |TAMS 0x0000000705400000, 0x0000000705200000| Complete 
|  42|0x0000000705400000, 0x0000000705600000, 0x0000000705600000|100%| O|  |TAMS 0x0000000705600000, 0x0000000705400000| Untracked 
|  43|0x0000000705600000, 0x0000000705800000, 0x0000000705800000|100%| O|  |TAMS 0x0000000705800000, 0x0000000705600000| Untracked 
|  44|0x0000000705800000, 0x0000000705a00000, 0x0000000705a00000|100%| O|  |TAMS 0x0000000705a00000, 0x0000000705800000| Untracked 
|  45|0x0000000705a00000, 0x0000000705c00000, 0x0000000705c00000|100%| O|  |TAMS 0x0000000705c00000, 0x0000000705a00000| Untracked 
|  46|0x0000000705c00000, 0x0000000705e00000, 0x0000000705e00000|100%| O|  |TAMS 0x0000000705e00000, 0x0000000705c00000| Untracked 
|  47|0x0000000705e00000, 0x0000000706000000, 0x0000000706000000|100%| O|  |TAMS 0x0000000706000000, 0x0000000705e00000| Untracked 
|  48|0x0000000706000000, 0x0000000706200000, 0x0000000706200000|100%| O|  |TAMS 0x0000000706200000, 0x0000000706000000| Untracked 
|  49|0x0000000706200000, 0x0000000706400000, 0x0000000706400000|100%| O|  |TAMS 0x0000000706400000, 0x0000000706200000| Untracked 
|  50|0x0000000706400000, 0x0000000706600000, 0x0000000706600000|100%| O|  |TAMS 0x0000000706600000, 0x0000000706400000| Untracked 
|  51|0x0000000706600000, 0x0000000706800000, 0x0000000706800000|100%| O|  |TAMS 0x0000000706800000, 0x0000000706600000| Untracked 
|  52|0x0000000706800000, 0x0000000706a00000, 0x0000000706a00000|100%| O|  |TAMS 0x0000000706a00000, 0x0000000706800000| Untracked 
|  53|0x0000000706a00000, 0x0000000706c00000, 0x0000000706c00000|100%| O|  |TAMS 0x0000000706c00000, 0x0000000706a00000| Untracked 
|  54|0x0000000706c00000, 0x0000000706c00000, 0x0000000706e00000|  0%| F|  |TAMS 0x0000000706c00000, 0x0000000706c00000| Untracked 
|  55|0x0000000706e00000, 0x0000000707000000, 0x0000000707000000|100%| O|  |TAMS 0x0000000707000000, 0x0000000706e00000| Untracked 
|  56|0x0000000707000000, 0x0000000707200000, 0x0000000707200000|100%|HS|  |TAMS 0x0000000707200000, 0x0000000707000000| Complete 
|  57|0x0000000707200000, 0x0000000707400000, 0x0000000707400000|100%|HS|  |TAMS 0x0000000707400000, 0x0000000707200000| Complete 
|  58|0x0000000707400000, 0x0000000707600000, 0x0000000707600000|100%|HC|  |TAMS 0x0000000707600000, 0x0000000707400000| Complete 
|  59|0x0000000707600000, 0x0000000707800000, 0x0000000707800000|100%|HS|  |TAMS 0x0000000707800000, 0x0000000707600000| Complete 
|  60|0x0000000707800000, 0x0000000707a00000, 0x0000000707a00000|100%|HC|  |TAMS 0x0000000707a00000, 0x0000000707800000| Complete 
|  61|0x0000000707a00000, 0x0000000707c00000, 0x0000000707c00000|100%|HS|  |TAMS 0x0000000707c00000, 0x0000000707a00000| Complete 
|  62|0x0000000707c00000, 0x0000000707e00000, 0x0000000707e00000|100%|HC|  |TAMS 0x0000000707e00000, 0x0000000707c00000| Complete 
|  63|0x0000000707e00000, 0x0000000708000000, 0x0000000708000000|100%|HC|  |TAMS 0x0000000708000000, 0x0000000707e00000| Complete 
|  64|0x0000000708000000, 0x0000000708200000, 0x0000000708200000|100%|HC|  |TAMS 0x0000000708200000, 0x0000000708000000| Complete 
|  65|0x0000000708200000, 0x0000000708400000, 0x0000000708400000|100%|HC|  |TAMS 0x0000000708400000, 0x0000000708200000| Complete 
|  66|0x0000000708400000, 0x0000000708600000, 0x0000000708600000|100%|HC|  |TAMS 0x0000000708600000, 0x0000000708400000| Complete 
|  67|0x0000000708600000, 0x0000000708800000, 0x0000000708800000|100%|HS|  |TAMS 0x0000000708800000, 0x0000000708600000| Complete 
|  68|0x0000000708800000, 0x0000000708a00000, 0x0000000708a00000|100%| O|  |TAMS 0x0000000708800000, 0x0000000708800000| Untracked 
|  69|0x0000000708a00000, 0x0000000708c00000, 0x0000000708c00000|100%| O|  |TAMS 0x0000000708a00000, 0x0000000708a00000| Untracked 
|  70|0x0000000708c00000, 0x0000000708e00000, 0x0000000708e00000|100%| O|  |TAMS 0x0000000708e00000, 0x0000000708c00000| Untracked 
|  71|0x0000000708e00000, 0x0000000709000000, 0x0000000709000000|100%| O|  |TAMS 0x0000000709000000, 0x0000000708e00000| Untracked 
|  72|0x0000000709000000, 0x0000000709200000, 0x0000000709200000|100%| O|  |TAMS 0x0000000709200000, 0x0000000709000000| Untracked 
|  73|0x0000000709200000, 0x0000000709400000, 0x0000000709400000|100%| O|  |TAMS 0x0000000709400000, 0x0000000709200000| Untracked 
|  74|0x0000000709400000, 0x0000000709600000, 0x0000000709600000|100%| O|  |TAMS 0x0000000709600000, 0x0000000709400000| Untracked 
|  75|0x0000000709600000, 0x0000000709800000, 0x0000000709800000|100%| O|  |TAMS 0x0000000709800000, 0x0000000709600000| Untracked 
|  76|0x0000000709800000, 0x0000000709a00000, 0x0000000709a00000|100%| O|  |TAMS 0x0000000709a00000, 0x0000000709800000| Untracked 
|  77|0x0000000709a00000, 0x0000000709c00000, 0x0000000709c00000|100%| O|  |TAMS 0x0000000709c00000, 0x0000000709a00000| Untracked 
|  78|0x0000000709c00000, 0x0000000709e00000, 0x0000000709e00000|100%| O|  |TAMS 0x0000000709e00000, 0x0000000709c00000| Untracked 
|  79|0x0000000709e00000, 0x000000070a000000, 0x000000070a000000|100%| O|  |TAMS 0x0000000709f14200, 0x0000000709e00000| Untracked 
|  80|0x000000070a000000, 0x000000070a200000, 0x000000070a200000|100%| O|  |TAMS 0x000000070a000000, 0x000000070a000000| Untracked 
|  81|0x000000070a200000, 0x000000070a400000, 0x000000070a400000|100%| O|  |TAMS 0x000000070a200000, 0x000000070a200000| Untracked 
|  82|0x000000070a400000, 0x000000070a600000, 0x000000070a600000|100%| O|  |TAMS 0x000000070a400000, 0x000000070a400000| Untracked 
|  83|0x000000070a600000, 0x000000070a6a5000, 0x000000070a800000| 32%| O|  |TAMS 0x000000070a600000, 0x000000070a600000| Untracked 
|  84|0x000000070a800000, 0x000000070a800000, 0x000000070aa00000|  0%| F|  |TAMS 0x000000070a800000, 0x000000070a800000| Untracked 
|  85|0x000000070aa00000, 0x000000070aa00000, 0x000000070ac00000|  0%| F|  |TAMS 0x000000070aa00000, 0x000000070aa00000| Untracked 
|  86|0x000000070ac00000, 0x000000070ac00000, 0x000000070ae00000|  0%| F|  |TAMS 0x000000070ac00000, 0x000000070ac00000| Untracked 
|  87|0x000000070ae00000, 0x000000070ae00000, 0x000000070b000000|  0%| F|  |TAMS 0x000000070ae00000, 0x000000070ae00000| Untracked 
|  88|0x000000070b000000, 0x000000070b000000, 0x000000070b200000|  0%| F|  |TAMS 0x000000070b000000, 0x000000070b000000| Untracked 
|  89|0x000000070b200000, 0x000000070b200000, 0x000000070b400000|  0%| F|  |TAMS 0x000000070b200000, 0x000000070b200000| Untracked 
|  90|0x000000070b400000, 0x000000070b400000, 0x000000070b600000|  0%| F|  |TAMS 0x000000070b400000, 0x000000070b400000| Untracked 
|  91|0x000000070b600000, 0x000000070b600000, 0x000000070b800000|  0%| F|  |TAMS 0x000000070b600000, 0x000000070b600000| Untracked 
|  92|0x000000070b800000, 0x000000070b800000, 0x000000070ba00000|  0%| F|  |TAMS 0x000000070b800000, 0x000000070b800000| Untracked 
|  93|0x000000070ba00000, 0x000000070ba00000, 0x000000070bc00000|  0%| F|  |TAMS 0x000000070ba00000, 0x000000070ba00000| Untracked 
|  94|0x000000070bc00000, 0x000000070bc00000, 0x000000070be00000|  0%| F|  |TAMS 0x000000070bc00000, 0x000000070bc00000| Untracked 
|  95|0x000000070be00000, 0x000000070be00000, 0x000000070c000000|  0%| F|  |TAMS 0x000000070be00000, 0x000000070be00000| Untracked 
|  96|0x000000070c000000, 0x000000070c000000, 0x000000070c200000|  0%| F|  |TAMS 0x000000070c000000, 0x000000070c000000| Untracked 
|  97|0x000000070c200000, 0x000000070c200000, 0x000000070c400000|  0%| F|  |TAMS 0x000000070c200000, 0x000000070c200000| Untracked 
|  98|0x000000070c400000, 0x000000070c400000, 0x000000070c600000|  0%| F|  |TAMS 0x000000070c400000, 0x000000070c400000| Untracked 
|  99|0x000000070c600000, 0x000000070c600000, 0x000000070c800000|  0%| F|  |TAMS 0x000000070c600000, 0x000000070c600000| Untracked 
| 100|0x000000070c800000, 0x000000070c800000, 0x000000070ca00000|  0%| F|  |TAMS 0x000000070c800000, 0x000000070c800000| Untracked 
| 101|0x000000070ca00000, 0x000000070ca00000, 0x000000070cc00000|  0%| F|  |TAMS 0x000000070ca00000, 0x000000070ca00000| Untracked 
| 102|0x000000070cc00000, 0x000000070cc00000, 0x000000070ce00000|  0%| F|  |TAMS 0x000000070cc00000, 0x000000070cc00000| Untracked 
| 103|0x000000070ce00000, 0x000000070ce00000, 0x000000070d000000|  0%| F|  |TAMS 0x000000070ce00000, 0x000000070ce00000| Untracked 
| 104|0x000000070d000000, 0x000000070d000000, 0x000000070d200000|  0%| F|  |TAMS 0x000000070d000000, 0x000000070d000000| Untracked 
| 105|0x000000070d200000, 0x000000070d200000, 0x000000070d400000|  0%| F|  |TAMS 0x000000070d200000, 0x000000070d200000| Untracked 
| 106|0x000000070d400000, 0x000000070d400000, 0x000000070d600000|  0%| F|  |TAMS 0x000000070d400000, 0x000000070d400000| Untracked 
| 107|0x000000070d600000, 0x000000070d600000, 0x000000070d800000|  0%| F|  |TAMS 0x000000070d600000, 0x000000070d600000| Untracked 
| 108|0x000000070d800000, 0x000000070d800000, 0x000000070da00000|  0%| F|  |TAMS 0x000000070d800000, 0x000000070d800000| Untracked 
| 109|0x000000070da00000, 0x000000070da00000, 0x000000070dc00000|  0%| F|  |TAMS 0x000000070da00000, 0x000000070da00000| Untracked 
| 110|0x000000070dc00000, 0x000000070dd9ae20, 0x000000070de00000| 80%| S|CS|TAMS 0x000000070dc00000, 0x000000070dc00000| Complete 
| 111|0x000000070de00000, 0x000000070e000000, 0x000000070e000000|100%| S|CS|TAMS 0x000000070de00000, 0x000000070de00000| Complete 
| 112|0x000000070e000000, 0x000000070e200000, 0x000000070e200000|100%| S|CS|TAMS 0x000000070e000000, 0x000000070e000000| Complete 
| 113|0x000000070e200000, 0x000000070e400000, 0x000000070e400000|100%| S|CS|TAMS 0x000000070e200000, 0x000000070e200000| Complete 
| 114|0x000000070e400000, 0x000000070e600000, 0x000000070e600000|100%| S|CS|TAMS 0x000000070e400000, 0x000000070e400000| Complete 
| 115|0x000000070e600000, 0x000000070e800000, 0x000000070e800000|100%| S|CS|TAMS 0x000000070e600000, 0x000000070e600000| Complete 
| 116|0x000000070e800000, 0x000000070ea00000, 0x000000070ea00000|100%| S|CS|TAMS 0x000000070e800000, 0x000000070e800000| Complete 
| 117|0x000000070ea00000, 0x000000070ec00000, 0x000000070ec00000|100%| S|CS|TAMS 0x000000070ea00000, 0x000000070ea00000| Complete 
| 118|0x000000070ec00000, 0x000000070ec00000, 0x000000070ee00000|  0%| F|  |TAMS 0x000000070ec00000, 0x000000070ec00000| Untracked 
| 119|0x000000070ee00000, 0x000000070ee00000, 0x000000070f000000|  0%| F|  |TAMS 0x000000070ee00000, 0x000000070ee00000| Untracked 
| 120|0x000000070f000000, 0x000000070f000000, 0x000000070f200000|  0%| F|  |TAMS 0x000000070f000000, 0x000000070f000000| Untracked 
| 121|0x000000070f200000, 0x000000070f200000, 0x000000070f400000|  0%| F|  |TAMS 0x000000070f200000, 0x000000070f200000| Untracked 
| 122|0x000000070f400000, 0x000000070f400000, 0x000000070f600000|  0%| F|  |TAMS 0x000000070f400000, 0x000000070f400000| Untracked 
| 123|0x000000070f600000, 0x000000070f800000, 0x000000070f800000|100%| S|CS|TAMS 0x000000070f600000, 0x000000070f600000| Complete 
| 124|0x000000070f800000, 0x000000070fa00000, 0x000000070fa00000|100%| S|CS|TAMS 0x000000070f800000, 0x000000070f800000| Complete 
| 125|0x000000070fa00000, 0x000000070fa00000, 0x000000070fc00000|  0%| F|  |TAMS 0x000000070fa00000, 0x000000070fa00000| Untracked 
| 126|0x000000070fc00000, 0x000000070fc00000, 0x000000070fe00000|  0%| F|  |TAMS 0x000000070fc00000, 0x000000070fc00000| Untracked 
| 127|0x000000070fe00000, 0x000000070fe00000, 0x0000000710000000|  0%| F|  |TAMS 0x000000070fe00000, 0x000000070fe00000| Untracked 
| 128|0x0000000710000000, 0x0000000710000000, 0x0000000710200000|  0%| F|  |TAMS 0x0000000710000000, 0x0000000710000000| Untracked 
| 129|0x0000000710200000, 0x0000000710200000, 0x0000000710400000|  0%| F|  |TAMS 0x0000000710200000, 0x0000000710200000| Untracked 
| 130|0x0000000710400000, 0x0000000710400000, 0x0000000710600000|  0%| F|  |TAMS 0x0000000710400000, 0x0000000710400000| Untracked 
| 131|0x0000000710600000, 0x0000000710600000, 0x0000000710800000|  0%| F|  |TAMS 0x0000000710600000, 0x0000000710600000| Untracked 
| 132|0x0000000710800000, 0x0000000710800000, 0x0000000710a00000|  0%| F|  |TAMS 0x0000000710800000, 0x0000000710800000| Untracked 
| 133|0x0000000710a00000, 0x0000000710a00000, 0x0000000710c00000|  0%| F|  |TAMS 0x0000000710a00000, 0x0000000710a00000| Untracked 
| 134|0x0000000710c00000, 0x0000000710c00000, 0x0000000710e00000|  0%| F|  |TAMS 0x0000000710c00000, 0x0000000710c00000| Untracked 
| 135|0x0000000710e00000, 0x0000000710e00000, 0x0000000711000000|  0%| F|  |TAMS 0x0000000710e00000, 0x0000000710e00000| Untracked 
| 136|0x0000000711000000, 0x0000000711000000, 0x0000000711200000|  0%| F|  |TAMS 0x0000000711000000, 0x0000000711000000| Untracked 
| 137|0x0000000711200000, 0x0000000711200000, 0x0000000711400000|  0%| F|  |TAMS 0x0000000711200000, 0x0000000711200000| Untracked 
| 138|0x0000000711400000, 0x0000000711400000, 0x0000000711600000|  0%| F|  |TAMS 0x0000000711400000, 0x0000000711400000| Untracked 
| 139|0x0000000711600000, 0x0000000711600000, 0x0000000711800000|  0%| F|  |TAMS 0x0000000711600000, 0x0000000711600000| Untracked 
| 140|0x0000000711800000, 0x0000000711800000, 0x0000000711a00000|  0%| F|  |TAMS 0x0000000711800000, 0x0000000711800000| Untracked 
| 141|0x0000000711a00000, 0x0000000711a00000, 0x0000000711c00000|  0%| F|  |TAMS 0x0000000711a00000, 0x0000000711a00000| Untracked 
| 142|0x0000000711c00000, 0x0000000711c00000, 0x0000000711e00000|  0%| F|  |TAMS 0x0000000711c00000, 0x0000000711c00000| Untracked 
| 143|0x0000000711e00000, 0x0000000711e00000, 0x0000000712000000|  0%| F|  |TAMS 0x0000000711e00000, 0x0000000711e00000| Untracked 
| 144|0x0000000712000000, 0x0000000712000000, 0x0000000712200000|  0%| F|  |TAMS 0x0000000712000000, 0x0000000712000000| Untracked 
| 145|0x0000000712200000, 0x0000000712200000, 0x0000000712400000|  0%| F|  |TAMS 0x0000000712200000, 0x0000000712200000| Untracked 
| 146|0x0000000712400000, 0x0000000712400000, 0x0000000712600000|  0%| F|  |TAMS 0x0000000712400000, 0x0000000712400000| Untracked 
| 147|0x0000000712600000, 0x0000000712600000, 0x0000000712800000|  0%| F|  |TAMS 0x0000000712600000, 0x0000000712600000| Untracked 
| 148|0x0000000712800000, 0x0000000712800000, 0x0000000712a00000|  0%| F|  |TAMS 0x0000000712800000, 0x0000000712800000| Untracked 
| 149|0x0000000712a00000, 0x0000000712a00000, 0x0000000712c00000|  0%| F|  |TAMS 0x0000000712a00000, 0x0000000712a00000| Untracked 
| 150|0x0000000712c00000, 0x0000000712c00000, 0x0000000712e00000|  0%| F|  |TAMS 0x0000000712c00000, 0x0000000712c00000| Untracked 
| 151|0x0000000712e00000, 0x0000000712e00000, 0x0000000713000000|  0%| F|  |TAMS 0x0000000712e00000, 0x0000000712e00000| Untracked 
| 152|0x0000000713000000, 0x0000000713000000, 0x0000000713200000|  0%| F|  |TAMS 0x0000000713000000, 0x0000000713000000| Untracked 
| 153|0x0000000713200000, 0x0000000713200000, 0x0000000713400000|  0%| F|  |TAMS 0x0000000713200000, 0x0000000713200000| Untracked 
| 154|0x0000000713400000, 0x0000000713400000, 0x0000000713600000|  0%| F|  |TAMS 0x0000000713400000, 0x0000000713400000| Untracked 
| 155|0x0000000713600000, 0x0000000713600000, 0x0000000713800000|  0%| F|  |TAMS 0x0000000713600000, 0x0000000713600000| Untracked 
| 156|0x0000000713800000, 0x0000000713a00000, 0x0000000713a00000|100%| E|  |TAMS 0x0000000713800000, 0x0000000713800000| Complete 
| 157|0x0000000713a00000, 0x0000000713c00000, 0x0000000713c00000|100%| E|CS|TAMS 0x0000000713a00000, 0x0000000713a00000| Complete 
| 158|0x0000000713c00000, 0x0000000713e00000, 0x0000000713e00000|100%| E|CS|TAMS 0x0000000713c00000, 0x0000000713c00000| Complete 
| 159|0x0000000713e00000, 0x0000000714000000, 0x0000000714000000|100%| E|CS|TAMS 0x0000000713e00000, 0x0000000713e00000| Complete 
| 160|0x0000000714000000, 0x0000000714200000, 0x0000000714200000|100%| E|CS|TAMS 0x0000000714000000, 0x0000000714000000| Complete 
| 161|0x0000000714200000, 0x0000000714400000, 0x0000000714400000|100%| E|CS|TAMS 0x0000000714200000, 0x0000000714200000| Complete 
| 162|0x0000000714400000, 0x0000000714600000, 0x0000000714600000|100%| E|CS|TAMS 0x0000000714400000, 0x0000000714400000| Complete 
| 163|0x0000000714600000, 0x0000000714800000, 0x0000000714800000|100%| E|CS|TAMS 0x0000000714600000, 0x0000000714600000| Complete 
| 164|0x0000000714800000, 0x0000000714a00000, 0x0000000714a00000|100%| E|CS|TAMS 0x0000000714800000, 0x0000000714800000| Complete 
| 165|0x0000000714a00000, 0x0000000714c00000, 0x0000000714c00000|100%| E|CS|TAMS 0x0000000714a00000, 0x0000000714a00000| Complete 
| 166|0x0000000714c00000, 0x0000000714e00000, 0x0000000714e00000|100%| E|CS|TAMS 0x0000000714c00000, 0x0000000714c00000| Complete 
| 167|0x0000000714e00000, 0x0000000715000000, 0x0000000715000000|100%| E|CS|TAMS 0x0000000714e00000, 0x0000000714e00000| Complete 
| 168|0x0000000715000000, 0x0000000715200000, 0x0000000715200000|100%| E|CS|TAMS 0x0000000715000000, 0x0000000715000000| Complete 
| 169|0x0000000715200000, 0x0000000715400000, 0x0000000715400000|100%| E|CS|TAMS 0x0000000715200000, 0x0000000715200000| Complete 
| 170|0x0000000715400000, 0x0000000715600000, 0x0000000715600000|100%| E|CS|TAMS 0x0000000715400000, 0x0000000715400000| Complete 
| 171|0x0000000715600000, 0x0000000715800000, 0x0000000715800000|100%| E|CS|TAMS 0x0000000715600000, 0x0000000715600000| Complete 
| 172|0x0000000715800000, 0x0000000715a00000, 0x0000000715a00000|100%| E|CS|TAMS 0x0000000715800000, 0x0000000715800000| Complete 
| 173|0x0000000715a00000, 0x0000000715c00000, 0x0000000715c00000|100%| E|CS|TAMS 0x0000000715a00000, 0x0000000715a00000| Complete 
| 174|0x0000000715c00000, 0x0000000715e00000, 0x0000000715e00000|100%| E|CS|TAMS 0x0000000715c00000, 0x0000000715c00000| Complete 
| 175|0x0000000715e00000, 0x0000000716000000, 0x0000000716000000|100%| E|CS|TAMS 0x0000000715e00000, 0x0000000715e00000| Complete 
| 176|0x0000000716000000, 0x0000000716200000, 0x0000000716200000|100%| E|CS|TAMS 0x0000000716000000, 0x0000000716000000| Complete 
| 177|0x0000000716200000, 0x0000000716400000, 0x0000000716400000|100%| E|CS|TAMS 0x0000000716200000, 0x0000000716200000| Complete 
| 178|0x0000000716400000, 0x0000000716600000, 0x0000000716600000|100%| E|CS|TAMS 0x0000000716400000, 0x0000000716400000| Complete 
| 179|0x0000000716600000, 0x0000000716800000, 0x0000000716800000|100%| E|CS|TAMS 0x0000000716600000, 0x0000000716600000| Complete 
| 180|0x0000000716800000, 0x0000000716a00000, 0x0000000716a00000|100%| E|CS|TAMS 0x0000000716800000, 0x0000000716800000| Complete 
| 181|0x0000000716a00000, 0x0000000716c00000, 0x0000000716c00000|100%| E|CS|TAMS 0x0000000716a00000, 0x0000000716a00000| Complete 
| 182|0x0000000716c00000, 0x0000000716e00000, 0x0000000716e00000|100%| E|CS|TAMS 0x0000000716c00000, 0x0000000716c00000| Complete 
| 183|0x0000000716e00000, 0x0000000717000000, 0x0000000717000000|100%| E|CS|TAMS 0x0000000716e00000, 0x0000000716e00000| Complete 
| 184|0x0000000717000000, 0x0000000717200000, 0x0000000717200000|100%| E|CS|TAMS 0x0000000717000000, 0x0000000717000000| Complete 
| 185|0x0000000717200000, 0x0000000717400000, 0x0000000717400000|100%| E|CS|TAMS 0x0000000717200000, 0x0000000717200000| Complete 
| 186|0x0000000717400000, 0x0000000717600000, 0x0000000717600000|100%| E|CS|TAMS 0x0000000717400000, 0x0000000717400000| Complete 
| 187|0x0000000717600000, 0x0000000717800000, 0x0000000717800000|100%| E|CS|TAMS 0x0000000717600000, 0x0000000717600000| Complete 
| 188|0x0000000717800000, 0x0000000717a00000, 0x0000000717a00000|100%| E|CS|TAMS 0x0000000717800000, 0x0000000717800000| Complete 
| 189|0x0000000717a00000, 0x0000000717c00000, 0x0000000717c00000|100%| E|CS|TAMS 0x0000000717a00000, 0x0000000717a00000| Complete 
| 190|0x0000000717c00000, 0x0000000717e00000, 0x0000000717e00000|100%| E|  |TAMS 0x0000000717c00000, 0x0000000717c00000| Complete 
| 191|0x0000000717e00000, 0x0000000718000000, 0x0000000718000000|100%| E|CS|TAMS 0x0000000717e00000, 0x0000000717e00000| Complete 
| 192|0x0000000718000000, 0x0000000718200000, 0x0000000718200000|100%| E|CS|TAMS 0x0000000718000000, 0x0000000718000000| Complete 
| 193|0x0000000718200000, 0x0000000718400000, 0x0000000718400000|100%| E|CS|TAMS 0x0000000718200000, 0x0000000718200000| Complete 

Card table byte_map: [0x000001fc17570000,0x000001fc17d70000] _byte_map_base: 0x000001fc13d70000

Marking Bits (Prev, Next): (CMBitMap*) 0x000001fc0491b2c0, (CMBitMap*) 0x000001fc0491b280
 Prev Bits: [0x000001fc1c570000, 0x000001fc20570000)
 Next Bits: [0x000001fc18570000, 0x000001fc1c570000)

Polling page: 0x000001fc02740000

Metaspace:

Usage:
  Non-class:     87.47 MB used.
      Class:     13.77 MB used.
       Both:    101.24 MB used.

Virtual space:
  Non-class space:       96.00 MB reserved,      87.94 MB ( 92%) committed,  12 nodes.
      Class space:        1.00 GB reserved,      14.13 MB (  1%) committed,  1 nodes.
             Both:        1.09 GB reserved,     102.06 MB (  9%) committed. 

Chunk freelists:
   Non-Class:  3.25 MB
       Class:  1.70 MB
        Both:  4.95 MB

MaxMetaspaceSize: unlimited
CompressedClassSpaceSize: 1.00 GB
Initial GC threshold: 21.00 MB
Current GC threshold: 151.50 MB
CDS: off
MetaspaceReclaimPolicy: balanced
 - commit_granule_bytes: 65536.
 - commit_granule_words: 8192.
 - virtual_space_node_default_size: 1048576.
 - enlarge_chunks_in_place: 1.
 - new_chunks_are_fully_committed: 0.
 - uncommit_free_chunks: 1.
 - use_allocation_guard: 0.
 - handle_deallocations: 1.


Internal statistics:

num_allocs_failed_limit: 3.
num_arena_births: 1148.
num_arena_deaths: 0.
num_vsnodes_births: 13.
num_vsnodes_deaths: 0.
num_space_committed: 1633.
num_space_uncommitted: 0.
num_chunks_returned_to_freelist: 3.
num_chunks_taken_from_freelist: 5073.
num_chunk_merges: 3.
num_chunk_splits: 3356.
num_chunks_enlarged: 2241.
num_purges: 0.
num_inconsistent_stats: 0.

CodeHeap 'non-profiled nmethods': size=120000Kb used=5844Kb max_used=5844Kb free=114155Kb
 bounds [0x000001fc0f840000, 0x000001fc0fe00000, 0x000001fc16d70000]
CodeHeap 'profiled nmethods': size=120000Kb used=18619Kb max_used=18730Kb free=101380Kb
 bounds [0x000001fc07d70000, 0x000001fc08fc0000, 0x000001fc0f2a0000]
CodeHeap 'non-nmethods': size=5760Kb used=2447Kb max_used=2486Kb free=3313Kb
 bounds [0x000001fc0f2a0000, 0x000001fc0f510000, 0x000001fc0f840000]
 total_blobs=10372 nmethods=9402 adapters=882
 compilation: enabled
              stopped_count=0, restarted_count=0
 full_count=0

Compilation events (20 events):
Event: 62.160 Thread 0x000001fc2347ae00 11019   !   3       org.gradle.tooling.internal.adapter.ProtocolToModelAdapter$ReflectionMethodInvoker::invoke (41 bytes)
Event: 62.161 Thread 0x000001fc2347ae00 nmethod 11019 0x000001fc08670790 code [0x000001fc086709e0, 0x000001fc08671218]
Event: 62.161 Thread 0x000001fc2347ae00 11020       3       org.gradle.tooling.internal.adapter.ProtocolToModelAdapter$ReflectionMethodInvoker::locateMethod (9 bytes)
Event: 62.161 Thread 0x000001fc2347ae00 nmethod 11020 0x000001fc08bb1390 code [0x000001fc08bb1540, 0x000001fc08bb16a8]
Event: 62.161 Thread 0x000001fc2347ae00 11021   !   3       org.gradle.tooling.internal.adapter.ProtocolToModelAdapter$MethodInvocationCache::get (241 bytes)
Event: 62.164 Thread 0x000001fc2347ae00 nmethod 11021 0x000001fc086b2a90 code [0x000001fc086b2e60, 0x000001fc086b4868]
Event: 62.167 Thread 0x000001fc2347ae00 11022       1       java.util.concurrent.locks.ReentrantReadWriteLock$NonfairSync::writerShouldBlock (2 bytes)
Event: 62.167 Thread 0x000001fc2347ae00 nmethod 11022 0x000001fc0fdedf90 code [0x000001fc0fdee120, 0x000001fc0fdee1f8]
Event: 62.184 Thread 0x000001fc2347ae00 11023       3       java.lang.reflect.ProxyGenerator::generateStaticInitializer (342 bytes)
Event: 62.186 Thread 0x000001fc2347ae00 nmethod 11023 0x000001fc086afb10 code [0x000001fc086aff60, 0x000001fc086b22e8]
Event: 62.205 Thread 0x000001fc2347ae00 11025       3       org.gradle.tooling.internal.adapter.ProtocolToModelAdapter$PropertyCachingMethodInvoker::cachePropertyValue (36 bytes)
Event: 62.205 Thread 0x000001fc2347ae00 nmethod 11025 0x000001fc0866ff10 code [0x000001fc086700e0, 0x000001fc086705f8]
Event: 62.254 Thread 0x000001fc2347ae00 11026       3       java.util.concurrent.locks.ReentrantReadWriteLock$Sync::tryAcquire (92 bytes)
Event: 62.255 Thread 0x000001fc2347ae00 nmethod 11026 0x000001fc0866f490 code [0x000001fc0866f6a0, 0x000001fc0866fd48]
Event: 62.255 Thread 0x000001fc2347ae00 11027       3       java.util.concurrent.locks.ReentrantReadWriteLock$Sync::isHeldExclusively (16 bytes)
Event: 62.255 Thread 0x000001fc2347ae00 nmethod 11027 0x000001fc08d9c390 code [0x000001fc08d9c520, 0x000001fc08d9c6b8]
Event: 62.259 Thread 0x000001fc2347ae00 11028       3       org.gradle.tooling.internal.adapter.ProtocolToModelAdapter$MethodInvocationCache$MethodInvocationKey::<init> (86 bytes)
Event: 62.260 Thread 0x000001fc2347ae00 nmethod 11028 0x000001fc0866e490 code [0x000001fc0866e6e0, 0x000001fc0866f188]
Event: 62.260 Thread 0x000001fc2347ae00 11029       3       org.gradle.tooling.internal.adapter.ProtocolToModelAdapter::convertCollectionInternal (47 bytes)
Event: 62.260 Thread 0x000001fc2347ae00 nmethod 11029 0x000001fc086af210 code [0x000001fc086af400, 0x000001fc086af908]

GC Heap History (20 events):
Event: 40.611 GC heap before
{Heap before GC invocations=34 (full 0):
 garbage-first heap   total 239616K, used 184567K [0x0000000700000000, 0x0000000800000000)
  region size 2048K, 43 young (88064K), 6 survivors (12288K)
 Metaspace       used 86053K, committed 86720K, reserved 1130496K
  class space    used 11784K, committed 12096K, reserved 1048576K
}
Event: 40.635 GC heap after
{Heap after GC invocations=35 (full 0):
 garbage-first heap   total 239616K, used 114200K [0x0000000700000000, 0x0000000800000000)
  region size 2048K, 4 young (8192K), 4 survivors (8192K)
 Metaspace       used 86053K, committed 86720K, reserved 1130496K
  class space    used 11784K, committed 12096K, reserved 1048576K
}
Event: 41.010 GC heap before
{Heap before GC invocations=35 (full 0):
 garbage-first heap   total 239616K, used 126488K [0x0000000700000000, 0x0000000800000000)
  region size 2048K, 11 young (22528K), 4 survivors (8192K)
 Metaspace       used 87733K, committed 88448K, reserved 1130496K
  class space    used 12010K, committed 12352K, reserved 1048576K
}
Event: 41.021 GC heap after
{Heap after GC invocations=36 (full 0):
 garbage-first heap   total 239616K, used 116363K [0x0000000700000000, 0x0000000800000000)
  region size 2048K, 1 young (2048K), 1 survivors (2048K)
 Metaspace       used 87733K, committed 88448K, reserved 1130496K
  class space    used 12010K, committed 12352K, reserved 1048576K
}
Event: 43.318 GC heap before
{Heap before GC invocations=37 (full 0):
 garbage-first heap   total 243712K, used 202379K [0x0000000700000000, 0x0000000800000000)
  region size 2048K, 33 young (67584K), 1 survivors (2048K)
 Metaspace       used 92290K, committed 93056K, reserved 1130496K
  class space    used 12689K, committed 13056K, reserved 1048576K
}
Event: 43.330 GC heap after
{Heap after GC invocations=38 (full 0):
 garbage-first heap   total 243712K, used 148659K [0x0000000700000000, 0x0000000800000000)
  region size 2048K, 5 young (10240K), 5 survivors (10240K)
 Metaspace       used 92290K, committed 93056K, reserved 1130496K
  class space    used 12689K, committed 13056K, reserved 1048576K
}
Event: 44.036 GC heap before
{Heap before GC invocations=39 (full 0):
 garbage-first heap   total 276480K, used 203955K [0x0000000700000000, 0x0000000800000000)
  region size 2048K, 30 young (61440K), 5 survivors (10240K)
 Metaspace       used 92300K, committed 93056K, reserved 1130496K
  class space    used 12689K, committed 13056K, reserved 1048576K
}
Event: 44.072 GC heap after
{Heap after GC invocations=40 (full 0):
 garbage-first heap   total 276480K, used 166992K [0x0000000700000000, 0x0000000800000000)
  region size 2048K, 4 young (8192K), 4 survivors (8192K)
 Metaspace       used 92300K, committed 93056K, reserved 1130496K
  class space    used 12689K, committed 13056K, reserved 1048576K
}
Event: 47.150 GC heap before
{Heap before GC invocations=40 (full 0):
 garbage-first heap   total 276480K, used 218192K [0x0000000700000000, 0x0000000800000000)
  region size 2048K, 29 young (59392K), 4 survivors (8192K)
 Metaspace       used 92323K, committed 93120K, reserved 1130496K
  class space    used 12691K, committed 13056K, reserved 1048576K
}
Event: 47.164 GC heap after
{Heap after GC invocations=41 (full 0):
 garbage-first heap   total 276480K, used 171351K [0x0000000700000000, 0x0000000800000000)
  region size 2048K, 3 young (6144K), 3 survivors (6144K)
 Metaspace       used 92323K, committed 93120K, reserved 1130496K
  class space    used 12691K, committed 13056K, reserved 1048576K
}
Event: 47.651 GC heap before
{Heap before GC invocations=42 (full 0):
 garbage-first heap   total 317440K, used 220503K [0x0000000700000000, 0x0000000800000000)
  region size 2048K, 27 young (55296K), 3 survivors (6144K)
 Metaspace       used 92323K, committed 93120K, reserved 1130496K
  class space    used 12691K, committed 13056K, reserved 1048576K
}
Event: 47.659 GC heap after
{Heap after GC invocations=43 (full 0):
 garbage-first heap   total 317440K, used 171768K [0x0000000700000000, 0x0000000800000000)
  region size 2048K, 3 young (6144K), 3 survivors (6144K)
 Metaspace       used 92323K, committed 93120K, reserved 1130496K
  class space    used 12691K, committed 13056K, reserved 1048576K
}
Event: 47.723 GC heap before
{Heap before GC invocations=43 (full 0):
 garbage-first heap   total 317440K, used 179960K [0x0000000700000000, 0x0000000800000000)
  region size 2048K, 7 young (14336K), 3 survivors (6144K)
 Metaspace       used 92323K, committed 93120K, reserved 1130496K
  class space    used 12691K, committed 13056K, reserved 1048576K
}
Event: 47.734 GC heap after
{Heap after GC invocations=44 (full 0):
 garbage-first heap   total 397312K, used 170644K [0x0000000700000000, 0x0000000800000000)
  region size 2048K, 1 young (2048K), 1 survivors (2048K)
 Metaspace       used 92323K, committed 93120K, reserved 1130496K
  class space    used 12691K, committed 13056K, reserved 1048576K
}
Event: 52.219 GC heap before
{Heap before GC invocations=44 (full 0):
 garbage-first heap   total 397312K, used 287380K [0x0000000700000000, 0x0000000800000000)
  region size 2048K, 58 young (118784K), 1 survivors (2048K)
 Metaspace       used 92327K, committed 93120K, reserved 1130496K
  class space    used 12691K, committed 13056K, reserved 1048576K
}
Event: 52.228 GC heap after
{Heap after GC invocations=45 (full 0):
 garbage-first heap   total 397312K, used 174652K [0x0000000700000000, 0x0000000800000000)
  region size 2048K, 3 young (6144K), 3 survivors (6144K)
 Metaspace       used 92327K, committed 93120K, reserved 1130496K
  class space    used 12691K, committed 13056K, reserved 1048576K
}
Event: 55.009 GC heap before
{Heap before GC invocations=45 (full 0):
 garbage-first heap   total 397312K, used 313916K [0x0000000700000000, 0x0000000800000000)
  region size 2048K, 71 young (145408K), 3 survivors (6144K)
 Metaspace       used 92327K, committed 93120K, reserved 1130496K
  class space    used 12691K, committed 13056K, reserved 1048576K
}
Event: 55.022 GC heap after
{Heap after GC invocations=46 (full 0):
 garbage-first heap   total 397312K, used 178327K [0x0000000700000000, 0x0000000800000000)
  region size 2048K, 5 young (10240K), 5 survivors (10240K)
 Metaspace       used 92327K, committed 93120K, reserved 1130496K
  class space    used 12691K, committed 13056K, reserved 1048576K
}
Event: 58.048 GC heap before
{Heap before GC invocations=46 (full 0):
 garbage-first heap   total 397312K, used 333975K [0x0000000700000000, 0x0000000800000000)
  region size 2048K, 74 young (151552K), 5 survivors (10240K)
 Metaspace       used 92527K, committed 93248K, reserved 1130496K
  class space    used 12722K, committed 13056K, reserved 1048576K
}
Event: 58.069 GC heap after
{Heap after GC invocations=47 (full 0):
 garbage-first heap   total 397312K, used 188671K [0x0000000700000000, 0x0000000800000000)
  region size 2048K, 10 young (20480K), 10 survivors (20480K)
 Metaspace       used 92527K, committed 93248K, reserved 1130496K
  class space    used 12722K, committed 13056K, reserved 1048576K
}

Dll operation events (2 events):
Event: 0.016 Loaded shared library C:\Program Files\Android\Android Studio\jbr\bin\java.dll
Event: 1.516 Loaded shared library C:\Program Files\Android\Android Studio\jbr\bin\verify.dll

Deoptimization events (20 events):
Event: 61.629 Thread 0x000001fc241f0ed0 DEOPT PACKING pc=0x000001fc0fd21c54 sp=0x0000006e82af8420
Event: 61.629 Thread 0x000001fc241f0ed0 DEOPT UNPACKING pc=0x000001fc0f2fa1a3 sp=0x0000006e82af82b8 mode 2
Event: 61.629 Thread 0x000001fc241f0ed0 Uncommon trap: trap_request=0xffffff45 fr.pc=0x000001fc0fd694d8 relative=0x00000000000002f8
Event: 61.629 Thread 0x000001fc241f0ed0 Uncommon trap: reason=unstable_if action=reinterpret pc=0x000001fc0fd694d8 method=org.gradle.api.internal.changedetection.state.SplitFileHasher.hash(Ljava/io/File;JJ)Lorg/gradle/internal/hash/HashCode; @ 13 c2
Event: 61.629 Thread 0x000001fc241f0ed0 DEOPT PACKING pc=0x000001fc0fd694d8 sp=0x0000006e82af84a0
Event: 61.629 Thread 0x000001fc241f0ed0 DEOPT UNPACKING pc=0x000001fc0f2fa1a3 sp=0x0000006e82af8480 mode 2
Event: 61.637 Thread 0x000001fc241f0ed0 Uncommon trap: trap_request=0xffffffde fr.pc=0x000001fc0faeba34 relative=0x0000000000000094
Event: 61.637 Thread 0x000001fc241f0ed0 Uncommon trap: reason=class_check action=maybe_recompile pc=0x000001fc0faeba34 method=org.gradle.internal.snapshot.impl.DirectorySnapshotterStatistics$CollectingFileVisitor.preVisitDirectory(Ljava/lang/Object;Ljava/nio/file/attribute/BasicFileAttributes;)
Event: 61.637 Thread 0x000001fc241f0ed0 DEOPT PACKING pc=0x000001fc0faeba34 sp=0x0000006e82af6770
Event: 61.637 Thread 0x000001fc241f0ed0 DEOPT UNPACKING pc=0x000001fc0f2fa1a3 sp=0x0000006e82af6708 mode 2
Event: 61.699 Thread 0x000001fc241f0ed0 Uncommon trap: trap_request=0xffffff45 fr.pc=0x000001fc0f869bbc relative=0x000000000000075c
Event: 61.699 Thread 0x000001fc241f0ed0 Uncommon trap: reason=unstable_if action=reinterpret pc=0x000001fc0f869bbc method=java.util.HashMap.putVal(ILjava/lang/Object;Ljava/lang/Object;ZZ)Ljava/lang/Object; @ 109 c2
Event: 61.699 Thread 0x000001fc241f0ed0 DEOPT PACKING pc=0x000001fc0f869bbc sp=0x0000006e82af8e80
Event: 61.699 Thread 0x000001fc241f0ed0 DEOPT UNPACKING pc=0x000001fc0f2fa1a3 sp=0x0000006e82af8d98 mode 2
Event: 61.699 Thread 0x000001fc241f0ed0 Uncommon trap: trap_request=0xffffff45 fr.pc=0x000001fc0f9727c0 relative=0x00000000000006e0
Event: 61.699 Thread 0x000001fc241f0ed0 Uncommon trap: reason=unstable_if action=reinterpret pc=0x000001fc0f9727c0 method=java.util.HashMap.putVal(ILjava/lang/Object;Ljava/lang/Object;ZZ)Ljava/lang/Object; @ 109 c2
Event: 61.699 Thread 0x000001fc241f0ed0 DEOPT PACKING pc=0x000001fc0f9727c0 sp=0x0000006e82af8dd0
Event: 61.699 Thread 0x000001fc241f0ed0 DEOPT UNPACKING pc=0x000001fc0f2fa1a3 sp=0x0000006e82af8d88 mode 2
Event: 61.730 Thread 0x000001fc241f0ed0 DEOPT PACKING pc=0x000001fc089d4507 sp=0x0000006e82af8160
Event: 61.730 Thread 0x000001fc241f0ed0 DEOPT UNPACKING pc=0x000001fc0f2face3 sp=0x0000006e82af7728 mode 0

Classes unloaded (0 events):
No events

Classes redefined (0 events):
No events

Internal exceptions (20 events):
Event: 43.073 Thread 0x000001fc241f0ed0 Exception <a 'java/lang/ClassNotFoundException'{0x000000070b587460}: org/gradle/api/internal/tasks/DefaultSourceSetContainerBeanInfo> (0x000000070b587460) 
thrown [s\src\hotspot\share\classfile\systemDictionary.cpp, line 256]
Event: 43.074 Thread 0x000001fc241f0ed0 Exception <a 'java/lang/ClassNotFoundException'{0x000000070b592808}: org/gradle/api/internal/tasks/DefaultSourceSetContainerCustomizer> (0x000000070b592808) 
thrown [s\src\hotspot\share\classfile\systemDictionary.cpp, line 256]
Event: 43.077 Thread 0x000001fc241f0ed0 Exception <a 'java/lang/ClassNotFoundException'{0x000000070b5a9498}: org/gradle/api/internal/tasks/DefaultSourceSetContainer_DecoratedCustomizer> (0x000000070b5a9498) 
thrown [s\src\hotspot\share\classfile\systemDictionary.cpp, line 256]
Event: 43.311 Thread 0x000001fc25adcdc0 Exception <a 'java/lang/NoSuchMethodError'{0x000000070ac9dd48}: 'java.lang.Object java.lang.invoke.DirectMethodHandle$Holder.invokeSpecialIFC(java.lang.Object, java.lang.Object, java.lang.Object)'> (0x000000070ac9dd48) 
thrown [s\src\hotspot\share\interpreter\linkResolver.cpp, line 771]
Event: 58.099 Thread 0x000001fc27e85c00 Exception <a 'java/lang/NoSuchMethodError'{0x0000000717e5fa78}: static Lorg/jetbrains/plugins/gradle/tooling/serialization/internal/adapter/kotlin/dsl/InternalKotlinDslScriptsModel;.<clinit>()V> (0x0000000717e5fa78) 
thrown [s\src\hotspot\share\prims\jni.cpp, line 1108]
Event: 58.100 Thread 0x000001fc27e85c00 Exception <a 'java/lang/NoSuchMethodError'{0x0000000717e69de8}: static Lorg/jetbrains/plugins/gradle/tooling/serialization/internal/adapter/kotlin/dsl/InternalKotlinDslScriptModel;.<clinit>()V> (0x0000000717e69de8) 
thrown [s\src\hotspot\share\prims\jni.cpp, line 1108]
Event: 58.467 Thread 0x000001fc241f0ed0 Exception <a 'sun/nio/fs/WindowsException'{0x0000000717126180}> (0x0000000717126180) 
thrown [s\src\hotspot\share\prims\jni.cpp, line 517]
Event: 58.689 Thread 0x000001fc241f0ed0 Exception <a 'java/lang/NullPointerException'{0x0000000716821260}> (0x0000000716821260) 
thrown [s\src\hotspot\share\interpreter\linkResolver.cpp, line 1447]
Event: 58.832 Thread 0x000001fc241f0ed0 Implicit null exception at 0x000001fc0f8cfd1b to 0x000001fc0f8d1fac
Event: 59.214 Thread 0x000001fc241f0ed0 Exception <a 'sun/nio/fs/WindowsException'{0x0000000715dc1168}> (0x0000000715dc1168) 
thrown [s\src\hotspot\share\prims\jni.cpp, line 517]
Event: 59.216 Thread 0x000001fc241f0ed0 Exception <a 'sun/nio/fs/WindowsException'{0x0000000715dc24f8}> (0x0000000715dc24f8) 
thrown [s\src\hotspot\share\prims\jni.cpp, line 517]
Event: 59.216 Thread 0x000001fc241f0ed0 Exception <a 'sun/nio/fs/WindowsException'{0x0000000715dc38c0}> (0x0000000715dc38c0) 
thrown [s\src\hotspot\share\prims\jni.cpp, line 517]
Event: 59.217 Thread 0x000001fc241f0ed0 Exception <a 'sun/nio/fs/WindowsException'{0x0000000715dc4c88}> (0x0000000715dc4c88) 
thrown [s\src\hotspot\share\prims\jni.cpp, line 517]
Event: 59.308 Thread 0x000001fc241f0ed0 Exception <a 'java/lang/NoSuchMethodError'{0x0000000715ae91d0}: 'java.lang.Object java.lang.invoke.DirectMethodHandle$Holder.invokeSpecial(java.lang.Object, java.lang.Object, long, java.lang.Object, java.lang.Object, java.lang.Object, java.lang.Object, java.lang.Object, java.lang.Object, java.lang.Object, java.lang.Object)'> (0x0000000715ae91d0) 
thrown [s\src\hotspot\share\interpreter\linkResolver.cpp, line 771]
Event: 59.308 Thread 0x000001fc241f0ed0 Exception <a 'java/lang/NoSuchMethodError'{0x0000000715aedfd8}: 'java.lang.Object java.lang.invoke.DelegatingMethodHandle$Holder.reinvoke_L(java.lang.Object, long, java.lang.Object, java.lang.Object, java.lang.Object, java.lang.Object, java.lang.Object, java.lang.Object, java.lang.Object, java.lang.Object)'> (0x0000000715aedfd8) 
thrown [s\src\hotspot\share\interpreter\linkResolver.cpp, line 771]
Event: 59.314 Thread 0x000001fc241f0ed0 Exception <a 'java/lang/NoSuchMethodError'{0x0000000715b115c0}: 'java.lang.Object java.lang.invoke.Invokers$Holder.linkToTargetMethod(java.lang.Object, java.lang.Object, java.lang.Object, java.lang.Object, java.lang.Object, java.lang.Object, java.lang.Object, java.lang.Object, java.lang.Object)'> (0x0000000715b115c0) 
thrown [s\src\hotspot\share\interpreter\linkResolver.cpp, line 771]
Event: 61.612 Thread 0x000001fc241f0ed0 Exception <a 'java/lang/NoSuchMethodError'{0x0000000714a8f8b8}: 'java.lang.Object java.lang.invoke.DirectMethodHandle$Holder.newInvokeSpecial(java.lang.Object, java.lang.Object, java.lang.Object, java.lang.Object, int, java.lang.Object)'> (0x0000000714a8f8b8) 
thrown [s\src\hotspot\share\interpreter\linkResolver.cpp, line 771]
Event: 61.613 Thread 0x000001fc241f0ed0 Exception <a 'java/lang/NoSuchMethodError'{0x0000000714a94920}: 'java.lang.Object java.lang.invoke.Invokers$Holder.linkToTargetMethod(java.lang.Object, java.lang.Object, java.lang.Object, int, java.lang.Object, java.lang.Object)'> (0x0000000714a94920) 
thrown [s\src\hotspot\share\interpreter\linkResolver.cpp, line 771]
Event: 61.665 Thread 0x000001fc241f0ed0 Exception <a 'java/lang/NoSuchMethodError'{0x0000000714bcc378}: 'int java.lang.invoke.DirectMethodHandle$Holder.invokeSpecialIFC(java.lang.Object, java.lang.Object, java.lang.Object)'> (0x0000000714bcc378) 
thrown [s\src\hotspot\share\interpreter\linkResolver.cpp, line 771]
Event: 61.788 Thread 0x000001fc241f0ed0 Exception <a 'java/lang/NoSuchMethodError'{0x0000000714731340}: 'void java.lang.invoke.DirectMethodHandle$Holder.invokeSpecial(java.lang.Object, java.lang.Object, java.lang.Object, java.lang.Object, int, java.lang.Object, java.lang.Object)'> (0x0000000714731340) 
thrown [s\src\hotspot\share\interpreter\linkResolver.cpp, line 771]

VM Operations (20 events):
Event: 57.024 Executing VM operation: Cleanup
Event: 57.024 Executing VM operation: Cleanup done
Event: 58.025 Executing VM operation: Cleanup
Event: 58.026 Executing VM operation: Cleanup done
Event: 58.048 Executing VM operation: G1CollectForAllocation
Event: 58.070 Executing VM operation: G1CollectForAllocation done
Event: 59.070 Executing VM operation: Cleanup
Event: 59.070 Executing VM operation: Cleanup done
Event: 59.137 Executing VM operation: HandshakeAllThreads
Event: 59.137 Executing VM operation: HandshakeAllThreads done
Event: 59.216 Executing VM operation: HandshakeAllThreads
Event: 59.216 Executing VM operation: HandshakeAllThreads done
Event: 59.269 Executing VM operation: HandshakeAllThreads
Event: 59.270 Executing VM operation: HandshakeAllThreads done
Event: 60.269 Executing VM operation: Cleanup
Event: 60.282 Executing VM operation: Cleanup done
Event: 61.283 Executing VM operation: Cleanup
Event: 61.289 Executing VM operation: Cleanup done
Event: 61.831 Executing VM operation: ICBufferFull
Event: 61.831 Executing VM operation: ICBufferFull done

Events (20 events):
Event: 61.937 loading class javax/xml/stream/events/StartElement done
Event: 61.938 loading class com/sun/xml/internal/stream/events/StartElementEvent done
Event: 61.938 loading class com/sun/xml/internal/stream/events/NamespaceImpl
Event: 61.938 loading class javax/xml/stream/events/Namespace
Event: 61.938 loading class javax/xml/stream/events/Attribute
Event: 61.938 loading class javax/xml/stream/events/Attribute done
Event: 61.938 loading class javax/xml/stream/events/Namespace done
Event: 61.938 loading class com/sun/xml/internal/stream/events/AttributeImpl
Event: 61.938 loading class com/sun/xml/internal/stream/events/AttributeImpl done
Event: 61.938 loading class com/sun/xml/internal/stream/events/NamespaceImpl done
Event: 61.938 loading class com/sun/org/apache/xerces/internal/util/NamespaceSupport$Prefixes
Event: 61.938 loading class com/sun/org/apache/xerces/internal/util/NamespaceSupport$Prefixes done
Event: 61.939 loading class com/sun/xml/internal/stream/events/CharacterEvent
Event: 61.939 loading class javax/xml/stream/events/Characters
Event: 61.939 loading class javax/xml/stream/events/Characters done
Event: 61.939 loading class com/sun/xml/internal/stream/events/CharacterEvent done
Event: 61.939 loading class com/sun/xml/internal/stream/events/EndElementEvent
Event: 61.939 loading class javax/xml/stream/events/EndElement
Event: 61.939 loading class javax/xml/stream/events/EndElement done
Event: 61.939 loading class com/sun/xml/internal/stream/events/EndElementEvent done


Dynamic libraries:
0x00007ff71ff40000 - 0x00007ff71ff4a000 	C:\Program Files\Android\Android Studio\jbr\bin\java.exe
0x00007ff988e90000 - 0x00007ff98907e000 	C:\Windows\SYSTEM32\ntdll.dll
0x00007ff988920000 - 0x00007ff9889d3000 	C:\Windows\System32\KERNEL32.DLL
0x00007ff985b00000 - 0x00007ff985d9d000 	C:\Windows\System32\KERNELBASE.dll
0x00007ff985800000 - 0x00007ff9858fa000 	C:\Windows\System32\ucrtbase.dll
0x00007ff9567a0000 - 0x00007ff9567b7000 	C:\Program Files\Android\Android Studio\jbr\bin\jli.dll
0x00007ff961790000 - 0x00007ff9617ab000 	C:\Program Files\Android\Android Studio\jbr\bin\VCRUNTIME140.dll
0x00007ff986940000 - 0x00007ff986ad7000 	C:\Windows\System32\USER32.dll
0x00007ff985ab0000 - 0x00007ff985ad0000 	C:\Windows\System32\win32u.dll
0x00007ff9860c0000 - 0x00007ff9860e9000 	C:\Windows\System32\GDI32.dll
0x00007ff985900000 - 0x00007ff985aab000 	C:\Windows\System32\gdi32full.dll
0x00007ff984f10000 - 0x00007ff984fb0000 	C:\Windows\System32\msvcp_win.dll
0x00007ff963e00000 - 0x00007ff964079000 	C:\Windows\WinSxS\amd64_microsoft.windows.common-controls_6595b64144ccf1df_6.0.17763.4974_none_de748dce53484fa6\COMCTL32.dll
0x00007ff988450000 - 0x00007ff9884ee000 	C:\Windows\System32\msvcrt.dll
0x00007ff986350000 - 0x00007ff98667b000 	C:\Windows\System32\combase.dll
0x00007ff9866a0000 - 0x00007ff9867be000 	C:\Windows\System32\RPCRT4.dll
0x00007ff984fb0000 - 0x00007ff985032000 	C:\Windows\System32\bcryptPrimitives.dll
0x00007ff9881b0000 - 0x00007ff9881de000 	C:\Windows\System32\IMM32.DLL
0x00007ff973df0000 - 0x00007ff973dfc000 	C:\Program Files\Android\Android Studio\jbr\bin\vcruntime140_1.dll
0x00007ff944ae0000 - 0x00007ff944b6d000 	C:\Program Files\Android\Android Studio\jbr\bin\msvcp140.dll
0x00007ff919c30000 - 0x00007ff91a89e000 	C:\Program Files\Android\Android Studio\jbr\bin\server\jvm.dll
0x00007ff988860000 - 0x00007ff988907000 	C:\Windows\System32\ADVAPI32.dll
0x00007ff9884f0000 - 0x00007ff98858f000 	C:\Windows\System32\sechost.dll
0x00007ff97f090000 - 0x00007ff97f099000 	C:\Windows\SYSTEM32\WSOCK32.dll
0x00007ff988590000 - 0x00007ff9885fd000 	C:\Windows\System32\WS2_32.dll
0x00007ff982f30000 - 0x00007ff982f54000 	C:\Windows\SYSTEM32\WINMM.dll
0x00007ff978f80000 - 0x00007ff978f8a000 	C:\Windows\SYSTEM32\VERSION.dll
0x00007ff982f00000 - 0x00007ff982f2d000 	C:\Windows\SYSTEM32\WINMMBASE.dll
0x00007ff985790000 - 0x00007ff9857da000 	C:\Windows\System32\cfgmgr32.dll
0x00007ff984ec0000 - 0x00007ff984ed1000 	C:\Windows\System32\kernel.appcore.dll
0x00007ff9691e0000 - 0x00007ff9691ea000 	C:\Program Files\Android\Android Studio\jbr\bin\jimage.dll
0x00007ff97ee60000 - 0x00007ff97f04d000 	C:\Windows\SYSTEM32\DBGHELP.DLL
0x00007ff96dd80000 - 0x00007ff96ddaa000 	C:\Windows\SYSTEM32\dbgcore.DLL
0x00007ff95c160000 - 0x00007ff95c185000 	C:\Program Files\Android\Android Studio\jbr\bin\java.dll
0x00007ff963580000 - 0x00007ff963598000 	C:\Program Files\Android\Android Studio\jbr\bin\zip.dll
0x00007ff986cb0000 - 0x00007ff9881a8000 	C:\Windows\System32\SHELL32.dll
0x00007ff9881e0000 - 0x00007ff988287000 	C:\Windows\System32\shcore.dll
0x00007ff985040000 - 0x00007ff985787000 	C:\Windows\System32\windows.storage.dll
0x00007ff984ee0000 - 0x00007ff984f03000 	C:\Windows\System32\profapi.dll
0x00007ff984e40000 - 0x00007ff984e9d000 	C:\Windows\System32\powrprof.dll
0x00007ff9860f0000 - 0x00007ff986142000 	C:\Windows\System32\shlwapi.dll
0x00007ff9857e0000 - 0x00007ff9857fb000 	C:\Windows\System32\cryptsp.dll
0x00007ff95c140000 - 0x00007ff95c159000 	C:\Program Files\Android\Android Studio\jbr\bin\net.dll
0x00007ff97e480000 - 0x00007ff97e57d000 	C:\Windows\SYSTEM32\WINHTTP.dll
0x00007ff984690000 - 0x00007ff9846f7000 	C:\Windows\system32\mswsock.dll
0x00007ff95c120000 - 0x00007ff95c136000 	C:\Program Files\Android\Android Studio\jbr\bin\nio.dll
0x00007ff95c6e0000 - 0x00007ff95c6f0000 	C:\Program Files\Android\Android Studio\jbr\bin\verify.dll
0x00007ff95eff0000 - 0x00007ff95f017000 	C:\Users\Rania\.gradle\native\68d5fa5c4cc2d200863cafc0d521ce42e7d3e7ee720ec0a83991735586a16f82\windows-amd64\native-platform.dll
0x00007ff927140000 - 0x00007ff927284000 	C:\Users\Rania\.gradle\native\e376f236ea51e6404a007f0833ffe2c6e607c4080706a723a18a27aeea778392\windows-amd64\native-platform-file-events.dll
0x00007ff95c630000 - 0x00007ff95c639000 	C:\Program Files\Android\Android Studio\jbr\bin\management.dll
0x00007ff958d80000 - 0x00007ff958d8b000 	C:\Program Files\Android\Android Studio\jbr\bin\management_ext.dll
0x00007ff988910000 - 0x00007ff988918000 	C:\Windows\System32\PSAPI.DLL
0x00007ff984210000 - 0x00007ff984243000 	C:\Windows\system32\rsaenh.dll
0x00007ff985ad0000 - 0x00007ff985af6000 	C:\Windows\System32\bcrypt.dll
0x00007ff984d40000 - 0x00007ff984d69000 	C:\Windows\SYSTEM32\USERENV.dll
0x00007ff984860000 - 0x00007ff98486c000 	C:\Windows\SYSTEM32\CRYPTBASE.dll
0x00007ff9843a0000 - 0x00007ff9843dd000 	C:\Windows\SYSTEM32\IPHLPAPI.DLL
0x00007ff986930000 - 0x00007ff986938000 	C:\Windows\System32\NSI.dll
0x00007ff978810000 - 0x00007ff978826000 	C:\Windows\SYSTEM32\dhcpcsvc6.DLL
0x00007ff9787f0000 - 0x00007ff97880c000 	C:\Windows\SYSTEM32\dhcpcsvc.DLL
0x00007ff9843f0000 - 0x00007ff9844b6000 	C:\Windows\SYSTEM32\DNSAPI.dll
0x00007ff96dc70000 - 0x00007ff96dc77000 	C:\Windows\system32\wshunix.dll
0x00007ff95de40000 - 0x00007ff95de56000 	C:\Windows\system32\napinsp.dll
0x00007ff95d8d0000 - 0x00007ff95d8ea000 	C:\Windows\system32\pnrpnsp.dll
0x00007ff973fb0000 - 0x00007ff973fbe000 	C:\Windows\System32\winrnr.dll
0x00007ff9815f0000 - 0x00007ff98160b000 	C:\Windows\system32\NLAapi.dll
0x00007ff961970000 - 0x00007ff961985000 	C:\Windows\system32\wshbth.dll
0x00007ff974510000 - 0x00007ff97451a000 	C:\Windows\System32\rasadhlp.dll
0x00007ff9742d0000 - 0x00007ff974349000 	C:\Windows\System32\fwpuclnt.dll

dbghelp: loaded successfully - version: 4.0.5 - missing functions: none
symbol engine: initialized successfully - sym options: 0x614 - pdb path: .;C:\Program Files\Android\Android Studio\jbr\bin;C:\Windows\SYSTEM32;C:\Windows\WinSxS\amd64_microsoft.windows.common-controls_6595b64144ccf1df_6.0.17763.4974_none_de748dce53484fa6;C:\Program Files\Android\Android Studio\jbr\bin\server;C:\Users\Rania\.gradle\native\68d5fa5c4cc2d200863cafc0d521ce42e7d3e7ee720ec0a83991735586a16f82\windows-amd64;C:\Users\Rania\.gradle\native\e376f236ea51e6404a007f0833ffe2c6e607c4080706a723a18a27aeea778392\windows-amd64

VM Arguments:
jvm_args: --add-opens=java.base/java.util=ALL-UNNAMED --add-opens=java.base/java.lang=ALL-UNNAMED --add-opens=java.base/java.lang.invoke=ALL-UNNAMED --add-opens=java.prefs/java.util.prefs=ALL-UNNAMED --add-opens=java.base/java.nio.charset=ALL-UNNAMED --add-opens=java.base/java.net=ALL-UNNAMED --add-opens=java.base/java.util.concurrent.atomic=ALL-UNNAMED -Xmx4096m -Dfile.encoding=windows-1252 -Duser.country=FR -Duser.language=fr -Duser.variant 
java_command: org.gradle.launcher.daemon.bootstrap.GradleDaemon 8.0
java_class_path (initial): C:\Users\Rania\.gradle\wrapper\dists\gradle-8.0-bin\ca5e32bp14vu59qr306oxotwh\gradle-8.0\lib\gradle-launcher-8.0.jar
Launcher Type: SUN_STANDARD

[Global flags]
     intx CICompilerCount                          = 3                                         {product} {ergonomic}
     uint ConcGCThreads                            = 1                                         {product} {ergonomic}
     uint G1ConcRefinementThreads                  = 4                                         {product} {ergonomic}
   size_t G1HeapRegionSize                         = 2097152                                   {product} {ergonomic}
    uintx GCDrainStackTargetSize                   = 64                                        {product} {ergonomic}
   size_t InitialHeapSize                          = 132120576                                 {product} {ergonomic}
   size_t MarkStackSize                            = 4194304                                   {product} {ergonomic}
   size_t MaxHeapSize                              = 4294967296                                {product} {command line}
   size_t MaxNewSize                               = 2575302656                                {product} {ergonomic}
   size_t MinHeapDeltaBytes                        = 2097152                                   {product} {ergonomic}
   size_t MinHeapSize                              = 8388608                                   {product} {ergonomic}
    uintx NonNMethodCodeHeapSize                   = 5832780                                {pd product} {ergonomic}
    uintx NonProfiledCodeHeapSize                  = 122912730                              {pd product} {ergonomic}
    uintx ProfiledCodeHeapSize                     = 122912730                              {pd product} {ergonomic}
    uintx ReservedCodeCacheSize                    = 251658240                              {pd product} {ergonomic}
     bool SegmentedCodeCache                       = true                                      {product} {ergonomic}
   size_t SoftMaxHeapSize                          = 4294967296                             {manageable} {ergonomic}
     bool UseCompressedClassPointers               = true                           {product lp64_product} {ergonomic}
     bool UseCompressedOops                        = true                           {product lp64_product} {ergonomic}
     bool UseG1GC                                  = true                                      {product} {ergonomic}
     bool UseLargePagesIndividualAllocation        = false                                  {pd product} {ergonomic}

Logging:
Log output configuration:
 #0: stdout all=warning uptime,level,tags
 #1: stderr all=off uptime,level,tags

Environment Variables:
JAVA_HOME=C:\Program Files\Java\jdk-11
PATH=C:\Program Files (x86)\Common Files\Oracle\Java\javapath;C:\Windows\system32;C:\Windows;C:\Windows\System32\Wbem;C:\Windows\System32\WindowsPowerShell\v1.0\;C:\Windows\System32\OpenSSH\;C:\ProgramData\chocolatey\bin;C:\Program Files\Git\cmd;C:\wamp64\bin\php\php8.1.0;C:\Program Files\nodejs\;C:\Users\Rania\AppData\Local\Microsoft\WindowsApps;C:\Program Files\JetBrains\IntelliJ IDEA 2022.3.2\bin;;C:\Users\Rania\AppData\Local\ComposerSetup\bin;C:\Users\Rania\AppData\Roaming\Composer\vendor\bin;C:\Users\Rania\AppData\Roaming\npm;C:\src\flutter\bin;C:\Program Files\Android\Android Studio\lib;C:\ProgramData\Microsoft\Windows\Start Menu\Programs\Android Studio;C:\Users\Rania\AppData\Local\Programs\Microsoft VS Code\bin;C:\Program Files\Java\jdk-11\bin;
USERNAME=Rania
OS=Windows_NT
PROCESSOR_IDENTIFIER=Intel64 Family 6 Model 140 Stepping 1, GenuineIntel
TMP=C:\Users\Rania\AppData\Local\Temp
TEMP=C:\Users\Rania\AppData\Local\Temp


JNI global refs:
JNI global refs: 24, weak refs: 0

JNI global refs memory usage: 843, weak refs: 841


---------------  S Y S T E M  ---------------

OS:
 Windows 10 , 64 bit Build 17763 (10.0.17763.4974)
OS uptime: 6 days 5:34 hours

CPU: total 4 (initial active 4) (2 cores per cpu, 2 threads per core) family 6 model 140 stepping 1 microcode 0x9a, cx8, cmov, fxsr, ht, mmx, 3dnowpref, sse, sse2, sse3, ssse3, sse4.1, sse4.2, popcnt, lzcnt, tsc, tscinvbit, avx, avx2, aes, erms, clmul, bmi1, bmi2, adx, avx512f, avx512dq, avx512cd, avx512bw, avx512vl, sha, fma, vzeroupper, avx512_vpopcntdq, avx512_vpclmulqdq, avx512_vaes, avx512_vnni, clflush, clflushopt, clwb, avx512_vbmi2, avx512_vbmi

Memory: 4k page, system-wide physical 7975M (259M free)
TotalPageFile size 25581M (AvailPageFile size 5M)
current process WorkingSet (physical memory assigned to process): 418M, peak: 434M
current process commit charge ("private bytes"): 686M, peak: 688M

vm_info: OpenJDK 64-Bit Server VM (17.0.6+0-b2043.56-10027231) for windows-amd64 JRE (17.0.6+0-b2043.56-10027231), built on Apr 28 2023 00:43:19 by "androidbuild" with MS VC++ 16.10 / 16.11 (VS2019)

END.
