#
# There is insufficient memory for the Java Runtime Environment to continue.
# Native memory allocation (mmap) failed to map 163577856 bytes for G1 virtual space
# Possible reasons:
#   The system is out of physical RAM or swap space
#   The process is running with CompressedOops enabled, and the Java Heap may be blocking the growth of the native heap
# Possible solutions:
#   Reduce memory load on the system
#   Increase physical memory or swap space
#   Check if swap backing store is full
#   Decrease Java heap size (-Xmx/-Xms)
#   Decrease number of Java threads
#   Decrease Java thread stack sizes (-Xss)
#   Set larger code cache with -XX:ReservedCodeCacheSize=
#   JVM is running with Unscaled Compressed Oops mode in which the Java heap is
#     placed in the first 4GB address space. The Java Heap base address is the
#     maximum limit for the native heap growth. Please use -XX:HeapBaseMinAddress
#     to set the Java Heap base and to place the Java Heap above 4GB virtual address.
# This output file may be truncated or incomplete.
#
#  Out of Memory Error (os_windows.cpp:3769), pid=7244, tid=13636
#
# JRE version: OpenJDK Runtime Environment (17.0.6) (build 17.0.6+0-b2043.56-10027231)
# Java VM: OpenJDK 64-Bit Server VM (17.0.6+0-b2043.56-10027231, mixed mode, tiered, compressed oops, compressed class ptrs, g1 gc, windows-amd64)
# No core dump will be written. Minidumps are not enabled by default on client versions of Windows
#

---------------  S U M M A R Y ------------

Command Line: org.jetbrains.kotlin.cli.jvm.K2JVMCompiler @D:\android studio\dernier version\androidProjectEducation-master\app\build\20231210_4193283032861188736.compiler.options

Host: 11th Gen Intel(R) Core(TM) i3-1115G4 @ 3.00GHz, 4 cores, 7G,  Windows 10 , 64 bit Build 17763 (10.0.17763.4974)
Time: Sun Dec 10 01:54:04 2023 Afr. centrale Ouest elapsed time: 16.321598 seconds (0d 0h 0m 16s)

---------------  T H R E A D  ---------------

Current thread (0x00000102676b3050):  VMThread "VM Thread" [stack: 0x0000000100c00000,0x0000000100d00000] [id=13636]

Stack: [0x0000000100c00000,0x0000000100d00000]
Native frames: (J=compiled Java code, j=interpreted, Vv=VM code, C=native code)
V  [jvm.dll+0x683c9a]
V  [jvm.dll+0x8427a4]
V  [jvm.dll+0x843f9e]
V  [jvm.dll+0x844603]
V  [jvm.dll+0x249b75]
V  [jvm.dll+0x680b69]
V  [jvm.dll+0x67505a]
V  [jvm.dll+0x309acb]
V  [jvm.dll+0x310f86]
V  [jvm.dll+0x3608ee]
V  [jvm.dll+0x360b1f]
V  [jvm.dll+0x2dfbf8]
V  [jvm.dll+0x2ddec4]
V  [jvm.dll+0x2dd4cc]
V  [jvm.dll+0x321f3b]
V  [jvm.dll+0x848ccb]
V  [jvm.dll+0x849a04]
V  [jvm.dll+0x849f1d]
V  [jvm.dll+0x84a2f4]
V  [jvm.dll+0x84a3c0]
V  [jvm.dll+0x7f274a]
V  [jvm.dll+0x682ad5]
C  [ucrtbase.dll+0x2268a]
C  [KERNEL32.DLL+0x17ac4]
C  [ntdll.dll+0x5a4e1]

VM_Operation (0x00000001006fd560): G1CollectForAllocation, mode: safepoint, requested by thread 0x000001024c18e7d0


---------------  P R O C E S S  ---------------

Threads class SMR info:
_java_thread_list=0x0000010269a77510, length=13, elements={
0x000001024c18e7d0, 0x00000102676d6260, 0x00000102676bbb60, 0x00000102680312a0,
0x0000010268033b70, 0x0000010268036440, 0x00000102680378c0, 0x000001026803f510,
0x0000010268043e10, 0x0000010268044b60, 0x00000102681b96f0, 0x00000102681c0280,
0x000001026a113820
}

Java Threads: ( => current thread )
  0x000001024c18e7d0 JavaThread "main" [_thread_blocked, id=13316, stack(0x0000000100600000,0x0000000100700000)]
  0x00000102676d6260 JavaThread "Reference Handler" daemon [_thread_blocked, id=9100, stack(0x0000000100d00000,0x0000000100e00000)]
  0x00000102676bbb60 JavaThread "Finalizer" daemon [_thread_blocked, id=12296, stack(0x0000000100e00000,0x0000000100f00000)]
  0x00000102680312a0 JavaThread "Signal Dispatcher" daemon [_thread_blocked, id=14820, stack(0x0000000100f00000,0x0000000101000000)]
  0x0000010268033b70 JavaThread "Attach Listener" daemon [_thread_blocked, id=12540, stack(0x0000000101000000,0x0000000101100000)]
  0x0000010268036440 JavaThread "Service Thread" daemon [_thread_blocked, id=12548, stack(0x0000000101100000,0x0000000101200000)]
  0x00000102680378c0 JavaThread "Monitor Deflation Thread" daemon [_thread_blocked, id=4772, stack(0x0000000101200000,0x0000000101300000)]
  0x000001026803f510 JavaThread "C2 CompilerThread0" daemon [_thread_blocked, id=2944, stack(0x0000000101300000,0x0000000101400000)]
  0x0000010268043e10 JavaThread "C1 CompilerThread0" daemon [_thread_blocked, id=4684, stack(0x0000000101400000,0x0000000101500000)]
  0x0000010268044b60 JavaThread "Sweeper thread" daemon [_thread_blocked, id=9012, stack(0x0000000101500000,0x0000000101600000)]
  0x00000102681b96f0 JavaThread "Notification Thread" daemon [_thread_blocked, id=5828, stack(0x0000000101600000,0x0000000101700000)]
  0x00000102681c0280 JavaThread "Common-Cleaner" daemon [_thread_blocked, id=7860, stack(0x0000000101800000,0x0000000101900000)]
  0x000001026a113820 JavaThread "C2 CompilerThread1" daemon [_thread_blocked, id=8860, stack(0x0000000101900000,0x0000000101a00000)]

Other Threads:
=>0x00000102676b3050 VMThread "VM Thread" [stack: 0x0000000100c00000,0x0000000100d00000] [id=13636]
  0x00000102681b9bc0 WatcherThread [stack: 0x0000000101700000,0x0000000101800000] [id=10532]
  0x000001024e307c50 GCTaskThread "GC Thread#0" [stack: 0x0000000100700000,0x0000000100800000] [id=2132]
  0x0000010268662510 GCTaskThread "GC Thread#1" [stack: 0x0000000101a00000,0x0000000101b00000] [id=4512]
  0x00000102683e73e0 GCTaskThread "GC Thread#2" [stack: 0x0000000101b00000,0x0000000101c00000] [id=6496]
  0x00000102686cb670 GCTaskThread "GC Thread#3" [stack: 0x0000000101c00000,0x0000000101d00000] [id=10008]
  0x000001024e3197f0 ConcurrentGCThread "G1 Main Marker" [stack: 0x0000000100800000,0x0000000100900000] [id=15284]
  0x000001024e31a110 ConcurrentGCThread "G1 Conc#0" [stack: 0x0000000100900000,0x0000000100a00000] [id=2108]
  0x00000102675040c0 ConcurrentGCThread "G1 Refine#0" [stack: 0x0000000100a00000,0x0000000100b00000] [id=11060]
  0x00000102698d0610 ConcurrentGCThread "G1 Refine#1" [stack: 0x0000000101d00000,0x0000000101e00000] [id=1708]
  0x000001026d6b4020 ConcurrentGCThread "G1 Refine#2" [stack: 0x0000000101e00000,0x0000000101f00000] [id=15708]
  0x00000102675048f0 ConcurrentGCThread "G1 Service" [stack: 0x0000000100b00000,0x0000000100c00000] [id=6284]

Threads with active compile tasks:
C2 CompilerThread0    16336 14805       4       org.jetbrains.kotlin.descriptors.impl.SimpleFunctionDescriptorImpl::initialize (96 bytes)
C1 CompilerThread0    16336 14828       3       org.jetbrains.kotlin.backend.jvm.lower.JvmInlineClassLowering::visitFunctionAccess (153 bytes)
C2 CompilerThread1    16336 14814       4       org.jetbrains.kotlin.builtins.KotlinBuiltIns::getPrimitiveType (46 bytes)

VM state: at safepoint (normal execution)

VM Mutex/Monitor currently owned by a thread:  ([mutex/lock_event])
[0x000001024c18b940] Threads_lock - owner thread: 0x00000102676b3050
[0x000001024c18b790] Heap_lock - owner thread: 0x000001024c18e7d0

Heap address: 0x0000000083600000, size: 1994 MB, Compressed Oops mode: 32-bit

CDS archive(s) not mapped
Compressed class space mapped at: 0x0000010200000000-0x0000010240000000, reserved size: 1073741824
Narrow klass base: 0x0000010200000000, Narrow klass shift: 0, Narrow klass range: 0x40000000

GC Precious Log:
 CPUs: 4 total, 4 available
 Memory: 7975M
 Large Page Support: Disabled
 NUMA Support: Disabled
 Compressed Oops: Enabled (32-bit)
 Heap Region Size: 1M
 Heap Min Capacity: 8M
 Heap Initial Capacity: 126M
 Heap Max Capacity: 1994M
 Pre-touch: Disabled
 Parallel Workers: 4
 Concurrent Workers: 1
 Concurrent Refinement Workers: 4
 Periodic GC: Disabled

Heap:
 garbage-first heap   total 157696K, used 88518K [0x0000000083600000, 0x0000000100000000)
  region size 1024K, 1 young (1024K), 1 survivors (1024K)
 Metaspace       used 82211K, committed 82496K, reserved 1122304K
  class space    used 9042K, committed 9216K, reserved 1048576K

Heap Regions: E=young(eden), S=young(survivor), O=old, HS=humongous(starts), HC=humongous(continues), CS=collection set, F=free, OA=open archive, CA=closed archive, TAMS=top-at-mark-start (previous, next)
|   0|0x0000000083600000, 0x0000000083700000, 0x0000000083700000|100%|HS|  |TAMS 0x0000000083700000, 0x0000000083600000| Complete 
|   1|0x0000000083700000, 0x0000000083800000, 0x0000000083800000|100%|HC|  |TAMS 0x0000000083800000, 0x0000000083700000| Complete 
|   2|0x0000000083800000, 0x0000000083900000, 0x0000000083900000|100%|HC|  |TAMS 0x0000000083900000, 0x0000000083800000| Complete 
|   3|0x0000000083900000, 0x0000000083a00000, 0x0000000083a00000|100%|HC|  |TAMS 0x0000000083a00000, 0x0000000083900000| Complete 
|   4|0x0000000083a00000, 0x0000000083b00000, 0x0000000083b00000|100%| O|  |TAMS 0x0000000083b00000, 0x0000000083a00000| Untracked 
|   5|0x0000000083b00000, 0x0000000083bef200, 0x0000000083c00000| 93%| O|  |TAMS 0x0000000083bef200, 0x0000000083b00000| Untracked 
|   6|0x0000000083c00000, 0x0000000083d00000, 0x0000000083d00000|100%| O|  |TAMS 0x0000000083d00000, 0x0000000083c00000| Untracked 
|   7|0x0000000083d00000, 0x0000000083e00000, 0x0000000083e00000|100%| O|  |TAMS 0x0000000083e00000, 0x0000000083d00000| Untracked 
|   8|0x0000000083e00000, 0x0000000083f00000, 0x0000000083f00000|100%| O|  |TAMS 0x0000000083f00000, 0x0000000083e00000| Untracked 
|   9|0x0000000083f00000, 0x0000000084000000, 0x0000000084000000|100%| O|  |TAMS 0x0000000084000000, 0x0000000083f00000| Untracked 
|  10|0x0000000084000000, 0x0000000084100000, 0x0000000084100000|100%| O|  |TAMS 0x0000000084100000, 0x0000000084000000| Untracked 
|  11|0x0000000084100000, 0x0000000084200000, 0x0000000084200000|100%| O|  |TAMS 0x0000000084200000, 0x0000000084100000| Untracked 
|  12|0x0000000084200000, 0x0000000084300000, 0x0000000084300000|100%| O|  |TAMS 0x0000000084300000, 0x0000000084200000| Untracked 
|  13|0x0000000084300000, 0x0000000084400000, 0x0000000084400000|100%| O|  |TAMS 0x0000000084400000, 0x0000000084300000| Untracked 
|  14|0x0000000084400000, 0x0000000084500000, 0x0000000084500000|100%| O|  |TAMS 0x0000000084500000, 0x0000000084400000| Untracked 
|  15|0x0000000084500000, 0x0000000084600000, 0x0000000084600000|100%| O|  |TAMS 0x0000000084600000, 0x0000000084500000| Untracked 
|  16|0x0000000084600000, 0x0000000084700000, 0x0000000084700000|100%| O|  |TAMS 0x0000000084700000, 0x0000000084600000| Untracked 
|  17|0x0000000084700000, 0x0000000084800000, 0x0000000084800000|100%| O|  |TAMS 0x0000000084800000, 0x0000000084700000| Untracked 
|  18|0x0000000084800000, 0x0000000084900000, 0x0000000084900000|100%| O|  |TAMS 0x0000000084900000, 0x0000000084800000| Untracked 
|  19|0x0000000084900000, 0x0000000084a00000, 0x0000000084a00000|100%| O|  |TAMS 0x0000000084a00000, 0x0000000084900000| Untracked 
|  20|0x0000000084a00000, 0x0000000084b00000, 0x0000000084b00000|100%|HS|  |TAMS 0x0000000084b00000, 0x0000000084a00000| Complete 
|  21|0x0000000084b00000, 0x0000000084c00000, 0x0000000084c00000|100%|HC|  |TAMS 0x0000000084c00000, 0x0000000084b00000| Complete 
|  22|0x0000000084c00000, 0x0000000084d00000, 0x0000000084d00000|100%| O|  |TAMS 0x0000000084d00000, 0x0000000084c00000| Untracked 
|  23|0x0000000084d00000, 0x0000000084e00000, 0x0000000084e00000|100%| O|  |TAMS 0x0000000084e00000, 0x0000000084d00000| Untracked 
|  24|0x0000000084e00000, 0x0000000084f00000, 0x0000000084f00000|100%| O|  |TAMS 0x0000000084f00000, 0x0000000084e00000| Untracked 
|  25|0x0000000084f00000, 0x0000000085000000, 0x0000000085000000|100%| O|  |TAMS 0x0000000085000000, 0x0000000084f00000| Untracked 
|  26|0x0000000085000000, 0x0000000085100000, 0x0000000085100000|100%| O|  |TAMS 0x0000000085100000, 0x0000000085000000| Untracked 
|  27|0x0000000085100000, 0x0000000085200000, 0x0000000085200000|100%| O|  |TAMS 0x0000000085200000, 0x0000000085100000| Untracked 
|  28|0x0000000085200000, 0x0000000085300000, 0x0000000085300000|100%| O|  |TAMS 0x0000000085300000, 0x0000000085200000| Untracked 
|  29|0x0000000085300000, 0x0000000085400000, 0x0000000085400000|100%| O|  |TAMS 0x0000000085400000, 0x0000000085300000| Untracked 
|  30|0x0000000085400000, 0x0000000085500000, 0x0000000085500000|100%| O|  |TAMS 0x0000000085500000, 0x0000000085400000| Untracked 
|  31|0x0000000085500000, 0x0000000085600000, 0x0000000085600000|100%| O|  |TAMS 0x0000000085600000, 0x0000000085500000| Untracked 
|  32|0x0000000085600000, 0x0000000085700000, 0x0000000085700000|100%| O|  |TAMS 0x0000000085700000, 0x0000000085600000| Untracked 
|  33|0x0000000085700000, 0x0000000085800000, 0x0000000085800000|100%| O|  |TAMS 0x0000000085800000, 0x0000000085700000| Untracked 
|  34|0x0000000085800000, 0x0000000085900000, 0x0000000085900000|100%| O|  |TAMS 0x0000000085900000, 0x0000000085800000| Untracked 
|  35|0x0000000085900000, 0x0000000085a00000, 0x0000000085a00000|100%| O|  |TAMS 0x0000000085a00000, 0x0000000085900000| Untracked 
|  36|0x0000000085a00000, 0x0000000085b00000, 0x0000000085b00000|100%| O|  |TAMS 0x0000000085b00000, 0x0000000085a00000| Untracked 
|  37|0x0000000085b00000, 0x0000000085c00000, 0x0000000085c00000|100%| O|  |TAMS 0x0000000085c00000, 0x0000000085b00000| Untracked 
|  38|0x0000000085c00000, 0x0000000085d00000, 0x0000000085d00000|100%| O|  |TAMS 0x0000000085d00000, 0x0000000085c00000| Untracked 
|  39|0x0000000085d00000, 0x0000000085e00000, 0x0000000085e00000|100%| O|  |TAMS 0x0000000085e00000, 0x0000000085d00000| Untracked 
|  40|0x0000000085e00000, 0x0000000085f00000, 0x0000000085f00000|100%| O|  |TAMS 0x0000000085f00000, 0x0000000085e00000| Untracked 
|  41|0x0000000085f00000, 0x0000000086000000, 0x0000000086000000|100%| O|  |TAMS 0x0000000086000000, 0x0000000085f00000| Untracked 
|  42|0x0000000086000000, 0x0000000086100000, 0x0000000086100000|100%| O|  |TAMS 0x0000000086100000, 0x0000000086000000| Untracked 
|  43|0x0000000086100000, 0x0000000086200000, 0x0000000086200000|100%| O|  |TAMS 0x0000000086200000, 0x0000000086100000| Untracked 
|  44|0x0000000086200000, 0x0000000086300000, 0x0000000086300000|100%| O|  |TAMS 0x0000000086300000, 0x0000000086200000| Untracked 
|  45|0x0000000086300000, 0x0000000086400000, 0x0000000086400000|100%| O|  |TAMS 0x0000000086400000, 0x0000000086300000| Untracked 
|  46|0x0000000086400000, 0x0000000086500000, 0x0000000086500000|100%| O|  |TAMS 0x0000000086500000, 0x0000000086400000| Untracked 
|  47|0x0000000086500000, 0x0000000086600000, 0x0000000086600000|100%| O|  |TAMS 0x0000000086500000, 0x0000000086500000| Untracked 
|  48|0x0000000086600000, 0x0000000086700000, 0x0000000086700000|100%| O|  |TAMS 0x0000000086700000, 0x0000000086600000| Untracked 
|  49|0x0000000086700000, 0x0000000086800000, 0x0000000086800000|100%| O|  |TAMS 0x0000000086800000, 0x0000000086700000| Untracked 
|  50|0x0000000086800000, 0x0000000086900000, 0x0000000086900000|100%| O|  |TAMS 0x0000000086800000, 0x0000000086800000| Untracked 
|  51|0x0000000086900000, 0x0000000086a00000, 0x0000000086a00000|100%| O|  |TAMS 0x0000000086900000, 0x0000000086900000| Untracked 
|  52|0x0000000086a00000, 0x0000000086b00000, 0x0000000086b00000|100%| O|  |TAMS 0x0000000086b00000, 0x0000000086a00000| Untracked 
|  53|0x0000000086b00000, 0x0000000086c00000, 0x0000000086c00000|100%| O|  |TAMS 0x0000000086c00000, 0x0000000086b00000| Untracked 
|  54|0x0000000086c00000, 0x0000000086d00000, 0x0000000086d00000|100%| O|  |TAMS 0x0000000086d00000, 0x0000000086c00000| Untracked 
|  55|0x0000000086d00000, 0x0000000086e00000, 0x0000000086e00000|100%| O|  |TAMS 0x0000000086e00000, 0x0000000086d00000| Untracked 
|  56|0x0000000086e00000, 0x0000000086f00000, 0x0000000086f00000|100%| O|  |TAMS 0x0000000086f00000, 0x0000000086e00000| Untracked 
|  57|0x0000000086f00000, 0x0000000086f00000, 0x0000000087000000|  0%| F|  |TAMS 0x0000000086f00000, 0x0000000086f00000| Untracked 
|  58|0x0000000087000000, 0x0000000087100000, 0x0000000087100000|100%| O|  |TAMS 0x0000000087100000, 0x0000000087000000| Untracked 
|  59|0x0000000087100000, 0x0000000087200000, 0x0000000087200000|100%| O|  |TAMS 0x0000000087200000, 0x0000000087100000| Untracked 
|  60|0x0000000087200000, 0x0000000087300000, 0x0000000087300000|100%| O|  |TAMS 0x0000000087300000, 0x0000000087200000| Untracked 
|  61|0x0000000087300000, 0x0000000087400000, 0x0000000087400000|100%| O|  |TAMS 0x0000000087400000, 0x0000000087300000| Untracked 
|  62|0x0000000087400000, 0x0000000087500000, 0x0000000087500000|100%| O|  |TAMS 0x0000000087500000, 0x0000000087400000| Untracked 
|  63|0x0000000087500000, 0x0000000087500000, 0x0000000087600000|  0%| F|  |TAMS 0x0000000087500000, 0x0000000087500000| Untracked 
|  64|0x0000000087600000, 0x0000000087600000, 0x0000000087700000|  0%| F|  |TAMS 0x0000000087600000, 0x0000000087600000| Untracked 
|  65|0x0000000087700000, 0x0000000087800000, 0x0000000087800000|100%| O|  |TAMS 0x0000000087800000, 0x0000000087700000| Untracked 
|  66|0x0000000087800000, 0x0000000087900000, 0x0000000087900000|100%| O|  |TAMS 0x0000000087800000, 0x0000000087800000| Untracked 
|  67|0x0000000087900000, 0x0000000087a00000, 0x0000000087a00000|100%| O|  |TAMS 0x0000000087a00000, 0x0000000087900000| Untracked 
|  68|0x0000000087a00000, 0x0000000087b00000, 0x0000000087b00000|100%| O|  |TAMS 0x0000000087b00000, 0x0000000087a00000| Untracked 
|  69|0x0000000087b00000, 0x0000000087c00000, 0x0000000087c00000|100%| O|  |TAMS 0x0000000087c00000, 0x0000000087b00000| Untracked 
|  70|0x0000000087c00000, 0x0000000087d00000, 0x0000000087d00000|100%| O|  |TAMS 0x0000000087d00000, 0x0000000087c00000| Untracked 
|  71|0x0000000087d00000, 0x0000000087e00000, 0x0000000087e00000|100%| O|  |TAMS 0x0000000087e00000, 0x0000000087d00000| Untracked 
|  72|0x0000000087e00000, 0x0000000087f00000, 0x0000000087f00000|100%| O|  |TAMS 0x0000000087f00000, 0x0000000087e00000| Untracked 
|  73|0x0000000087f00000, 0x0000000088000000, 0x0000000088000000|100%| O|  |TAMS 0x0000000088000000, 0x0000000087f00000| Untracked 
|  74|0x0000000088000000, 0x0000000088100000, 0x0000000088100000|100%| O|  |TAMS 0x0000000088100000, 0x0000000088000000| Untracked 
|  75|0x0000000088100000, 0x0000000088200000, 0x0000000088200000|100%| O|  |TAMS 0x0000000088200000, 0x0000000088100000| Untracked 
|  76|0x0000000088200000, 0x0000000088200000, 0x0000000088300000|  0%| F|  |TAMS 0x0000000088200000, 0x0000000088200000| Untracked 
|  77|0x0000000088300000, 0x0000000088400000, 0x0000000088400000|100%| O|  |TAMS 0x0000000088400000, 0x0000000088300000| Untracked 
|  78|0x0000000088400000, 0x0000000088500000, 0x0000000088500000|100%| O|  |TAMS 0x0000000088500000, 0x0000000088400000| Untracked 
|  79|0x0000000088500000, 0x0000000088600000, 0x0000000088600000|100%| O|  |TAMS 0x0000000088600000, 0x0000000088500000| Untracked 
|  80|0x0000000088600000, 0x0000000088700000, 0x0000000088700000|100%| O|  |TAMS 0x0000000088700000, 0x0000000088600000| Untracked 
|  81|0x0000000088700000, 0x0000000088800000, 0x0000000088800000|100%| O|  |TAMS 0x0000000088800000, 0x0000000088700000| Untracked 
|  82|0x0000000088800000, 0x0000000088900000, 0x0000000088900000|100%| O|  |TAMS 0x0000000088900000, 0x0000000088800000| Untracked 
|  83|0x0000000088900000, 0x0000000088a00000, 0x0000000088a00000|100%| O|  |TAMS 0x0000000088a00000, 0x0000000088900000| Untracked 
|  84|0x0000000088a00000, 0x0000000088b00000, 0x0000000088b00000|100%| O|  |TAMS 0x0000000088acde00, 0x0000000088a00000| Untracked 
|  85|0x0000000088b00000, 0x0000000088c00000, 0x0000000088c00000|100%| O|  |TAMS 0x0000000088b00000, 0x0000000088b00000| Untracked 
|  86|0x0000000088c00000, 0x0000000088d00000, 0x0000000088d00000|100%| O|  |TAMS 0x0000000088c00000, 0x0000000088c00000| Untracked 
|  87|0x0000000088d00000, 0x0000000088e00000, 0x0000000088e00000|100%| O|  |TAMS 0x0000000088d00000, 0x0000000088d00000| Untracked 
|  88|0x0000000088e00000, 0x0000000088e00000, 0x0000000088f00000|  0%| F|  |TAMS 0x0000000088e00000, 0x0000000088e00000| Untracked 
|  89|0x0000000088f00000, 0x0000000088f00000, 0x0000000089000000|  0%| F|  |TAMS 0x0000000088f00000, 0x0000000088f00000| Untracked 
|  90|0x0000000089000000, 0x0000000089000000, 0x0000000089100000|  0%| F|  |TAMS 0x0000000089000000, 0x0000000089000000| Untracked 
|  91|0x0000000089100000, 0x0000000089100000, 0x0000000089200000|  0%| F|  |TAMS 0x0000000089100000, 0x0000000089100000| Untracked 
|  92|0x0000000089200000, 0x0000000089200000, 0x0000000089300000|  0%| F|  |TAMS 0x0000000089200000, 0x0000000089200000| Untracked 
|  93|0x0000000089300000, 0x0000000089300000, 0x0000000089400000|  0%| F|  |TAMS 0x0000000089300000, 0x0000000089300000| Untracked 
|  94|0x0000000089400000, 0x0000000089400000, 0x0000000089500000|  0%| F|  |TAMS 0x0000000089400000, 0x0000000089400000| Untracked 
|  95|0x0000000089500000, 0x0000000089500000, 0x0000000089600000|  0%| F|  |TAMS 0x0000000089500000, 0x0000000089500000| Untracked 
|  96|0x0000000089600000, 0x0000000089600000, 0x0000000089700000|  0%| F|  |TAMS 0x0000000089600000, 0x0000000089600000| Untracked 
|  97|0x0000000089700000, 0x0000000089700000, 0x0000000089800000|  0%| F|  |TAMS 0x0000000089700000, 0x0000000089700000| Untracked 
|  98|0x0000000089800000, 0x0000000089800000, 0x0000000089900000|  0%| F|  |TAMS 0x0000000089800000, 0x0000000089800000| Untracked 
|  99|0x0000000089900000, 0x0000000089900000, 0x0000000089a00000|  0%| F|  |TAMS 0x0000000089900000, 0x0000000089900000| Untracked 
| 100|0x0000000089a00000, 0x0000000089a00000, 0x0000000089b00000|  0%| F|  |TAMS 0x0000000089a00000, 0x0000000089a00000| Untracked 
| 101|0x0000000089b00000, 0x0000000089b00000, 0x0000000089c00000|  0%| F|  |TAMS 0x0000000089b00000, 0x0000000089b00000| Untracked 
| 102|0x0000000089c00000, 0x0000000089c00000, 0x0000000089d00000|  0%| F|  |TAMS 0x0000000089c00000, 0x0000000089c00000| Untracked 
| 103|0x0000000089d00000, 0x0000000089d00000, 0x0000000089e00000|  0%| F|  |TAMS 0x0000000089d00000, 0x0000000089d00000| Untracked 
| 104|0x0000000089e00000, 0x0000000089e00000, 0x0000000089f00000|  0%| F|  |TAMS 0x0000000089e00000, 0x0000000089e00000| Untracked 
| 105|0x0000000089f00000, 0x0000000089f00000, 0x000000008a000000|  0%| F|  |TAMS 0x0000000089f00000, 0x0000000089f00000| Untracked 
| 106|0x000000008a000000, 0x000000008a000000, 0x000000008a100000|  0%| F|  |TAMS 0x000000008a000000, 0x000000008a000000| Untracked 
| 107|0x000000008a100000, 0x000000008a100000, 0x000000008a200000|  0%| F|  |TAMS 0x000000008a100000, 0x000000008a100000| Untracked 
| 108|0x000000008a200000, 0x000000008a200000, 0x000000008a300000|  0%| F|  |TAMS 0x000000008a200000, 0x000000008a200000| Untracked 
| 109|0x000000008a300000, 0x000000008a300000, 0x000000008a400000|  0%| F|  |TAMS 0x000000008a300000, 0x000000008a300000| Untracked 
| 110|0x000000008a400000, 0x000000008a400000, 0x000000008a500000|  0%| F|  |TAMS 0x000000008a400000, 0x000000008a400000| Untracked 
| 111|0x000000008a500000, 0x000000008a500000, 0x000000008a600000|  0%| F|  |TAMS 0x000000008a500000, 0x000000008a500000| Untracked 
| 112|0x000000008a600000, 0x000000008a600000, 0x000000008a700000|  0%| F|  |TAMS 0x000000008a600000, 0x000000008a600000| Untracked 
| 113|0x000000008a700000, 0x000000008a700000, 0x000000008a800000|  0%| F|  |TAMS 0x000000008a700000, 0x000000008a700000| Untracked 
| 114|0x000000008a800000, 0x000000008a800000, 0x000000008a900000|  0%| F|  |TAMS 0x000000008a800000, 0x000000008a800000| Untracked 
| 115|0x000000008a900000, 0x000000008a900000, 0x000000008aa00000|  0%| F|  |TAMS 0x000000008a900000, 0x000000008a900000| Untracked 
| 116|0x000000008aa00000, 0x000000008aa00000, 0x000000008ab00000|  0%| F|  |TAMS 0x000000008aa00000, 0x000000008aa00000| Untracked 
| 117|0x000000008ab00000, 0x000000008ab00000, 0x000000008ac00000|  0%| F|  |TAMS 0x000000008ab00000, 0x000000008ab00000| Untracked 
| 118|0x000000008ac00000, 0x000000008ac00000, 0x000000008ad00000|  0%| F|  |TAMS 0x000000008ac00000, 0x000000008ac00000| Untracked 
| 119|0x000000008ad00000, 0x000000008ad00000, 0x000000008ae00000|  0%| F|  |TAMS 0x000000008ad00000, 0x000000008ad00000| Untracked 
| 120|0x000000008ae00000, 0x000000008ae00000, 0x000000008af00000|  0%| F|  |TAMS 0x000000008ae00000, 0x000000008ae00000| Untracked 
| 121|0x000000008af00000, 0x000000008af00000, 0x000000008b000000|  0%| F|  |TAMS 0x000000008af00000, 0x000000008af00000| Untracked 
| 122|0x000000008b000000, 0x000000008b000000, 0x000000008b100000|  0%| F|  |TAMS 0x000000008b000000, 0x000000008b000000| Untracked 
| 123|0x000000008b100000, 0x000000008b100000, 0x000000008b200000|  0%| F|  |TAMS 0x000000008b100000, 0x000000008b100000| Untracked 
| 124|0x000000008b200000, 0x000000008b200000, 0x000000008b300000|  0%| F|  |TAMS 0x000000008b200000, 0x000000008b200000| Untracked 
| 125|0x000000008b300000, 0x000000008b300000, 0x000000008b400000|  0%| F|  |TAMS 0x000000008b300000, 0x000000008b300000| Untracked 
| 126|0x000000008b400000, 0x000000008b400000, 0x000000008b500000|  0%| F|  |TAMS 0x000000008b400000, 0x000000008b400000| Untracked 
| 127|0x000000008b500000, 0x000000008b500000, 0x000000008b600000|  0%| F|  |TAMS 0x000000008b500000, 0x000000008b500000| Untracked 
| 128|0x000000008b600000, 0x000000008b600000, 0x000000008b700000|  0%| F|  |TAMS 0x000000008b600000, 0x000000008b600000| Untracked 
| 129|0x000000008b700000, 0x000000008b700000, 0x000000008b800000|  0%| F|  |TAMS 0x000000008b700000, 0x000000008b700000| Untracked 
| 130|0x000000008b800000, 0x000000008b800000, 0x000000008b900000|  0%| F|  |TAMS 0x000000008b800000, 0x000000008b800000| Untracked 
| 131|0x000000008b900000, 0x000000008b900000, 0x000000008ba00000|  0%| F|  |TAMS 0x000000008b900000, 0x000000008b900000| Untracked 
| 132|0x000000008ba00000, 0x000000008ba00000, 0x000000008bb00000|  0%| F|  |TAMS 0x000000008ba00000, 0x000000008ba00000| Untracked 
| 133|0x000000008bb00000, 0x000000008bb00000, 0x000000008bc00000|  0%| F|  |TAMS 0x000000008bb00000, 0x000000008bb00000| Untracked 
| 134|0x000000008bc00000, 0x000000008bc00000, 0x000000008bd00000|  0%| F|  |TAMS 0x000000008bc00000, 0x000000008bc00000| Untracked 
| 135|0x000000008bd00000, 0x000000008bd00000, 0x000000008be00000|  0%| F|  |TAMS 0x000000008bd00000, 0x000000008bd00000| Untracked 
| 136|0x000000008be00000, 0x000000008be00000, 0x000000008bf00000|  0%| F|  |TAMS 0x000000008be00000, 0x000000008be00000| Untracked 
| 137|0x000000008bf00000, 0x000000008bf00000, 0x000000008c000000|  0%| F|  |TAMS 0x000000008bf00000, 0x000000008bf00000| Untracked 
| 138|0x000000008c000000, 0x000000008c000000, 0x000000008c100000|  0%| F|  |TAMS 0x000000008c000000, 0x000000008c000000| Untracked 
| 139|0x000000008c100000, 0x000000008c100000, 0x000000008c200000|  0%| F|  |TAMS 0x000000008c100000, 0x000000008c100000| Untracked 
| 140|0x000000008c200000, 0x000000008c200000, 0x000000008c300000|  0%| F|  |TAMS 0x000000008c200000, 0x000000008c200000| Untracked 
| 141|0x000000008c300000, 0x000000008c300000, 0x000000008c400000|  0%| F|  |TAMS 0x000000008c300000, 0x000000008c300000| Untracked 
| 142|0x000000008c400000, 0x000000008c400000, 0x000000008c500000|  0%| F|  |TAMS 0x000000008c400000, 0x000000008c400000| Untracked 
| 143|0x000000008c500000, 0x000000008c500000, 0x000000008c600000|  0%| F|  |TAMS 0x000000008c500000, 0x000000008c500000| Untracked 
| 144|0x000000008c600000, 0x000000008c600000, 0x000000008c700000|  0%| F|  |TAMS 0x000000008c600000, 0x000000008c600000| Untracked 
| 145|0x000000008c700000, 0x000000008c782870, 0x000000008c800000| 50%| S|CS|TAMS 0x000000008c700000, 0x000000008c700000| Complete 
| 146|0x000000008c800000, 0x000000008c800000, 0x000000008c900000|  0%| F|  |TAMS 0x000000008c800000, 0x000000008c800000| Untracked 
| 147|0x000000008c900000, 0x000000008c900000, 0x000000008ca00000|  0%| F|  |TAMS 0x000000008c900000, 0x000000008c900000| Untracked 
| 148|0x000000008ca00000, 0x000000008ca00000, 0x000000008cb00000|  0%| F|  |TAMS 0x000000008ca00000, 0x000000008ca00000| Untracked 
| 149|0x000000008cb00000, 0x000000008cb00000, 0x000000008cc00000|  0%| F|  |TAMS 0x000000008cb00000, 0x000000008cb00000| Untracked 
| 150|0x000000008cc00000, 0x000000008cc00000, 0x000000008cd00000|  0%| F|  |TAMS 0x000000008cc00000, 0x000000008cc00000| Untracked 
| 151|0x000000008cd00000, 0x000000008cd00000, 0x000000008ce00000|  0%| F|  |TAMS 0x000000008cd00000, 0x000000008cd00000| Untracked 
|1992|0x00000000ffe00000, 0x00000000fff00000, 0x00000000fff00000|100%| O|  |TAMS 0x00000000fff00000, 0x00000000ffe00000| Untracked 
|1993|0x00000000fff00000, 0x0000000100000000, 0x0000000100000000|100%| O|  |TAMS 0x0000000100000000, 0x00000000fff00000| Untracked 

Card table byte_map: [0x0000010260b60000,0x0000010260f50000] _byte_map_base: 0x0000010260745000

Marking Bits (Prev, Next): (CMBitMap*) 0x000001024e3095c0, (CMBitMap*) 0x000001024e309580
 Prev Bits: [0x0000010263270000, 0x0000010265198000)
 Next Bits: [0x0000010261340000, 0x0000010263268000)

Polling page: 0x000001024c1d0000

Metaspace:

Usage:
  Non-class:     71.45 MB used.
      Class:      8.83 MB used.
       Both:     80.29 MB used.

Virtual space:
  Non-class space:       72.00 MB reserved,      71.56 MB (>99%) committed,  9 nodes.
      Class space:        1.00 GB reserved,       9.00 MB ( <1%) committed,  1 nodes.
             Both:        1.07 GB reserved,      80.56 MB (  7%) committed. 

Chunk freelists:
   Non-Class:  64.00 KB
       Class:  3.03 MB
        Both:  3.09 MB

MaxMetaspaceSize: unlimited
CompressedClassSpaceSize: 1.00 GB
Initial GC threshold: 21.00 MB
Current GC threshold: 131.81 MB
CDS: off
MetaspaceReclaimPolicy: balanced
 - commit_granule_bytes: 65536.
 - commit_granule_words: 8192.
 - virtual_space_node_default_size: 1048576.
 - enlarge_chunks_in_place: 1.
 - new_chunks_are_fully_committed: 0.
 - uncommit_free_chunks: 1.
 - use_allocation_guard: 0.
 - handle_deallocations: 1.


Internal statistics:

num_allocs_failed_limit: 6.
num_arena_births: 370.
num_arena_deaths: 0.
num_vsnodes_births: 10.
num_vsnodes_deaths: 0.
num_space_committed: 1287.
num_space_uncommitted: 0.
num_chunks_returned_to_freelist: 6.
num_chunks_taken_from_freelist: 3005.
num_chunk_merges: 6.
num_chunk_splits: 2467.
num_chunks_enlarged: 2216.
num_purges: 0.
num_inconsistent_stats: 0.

CodeHeap 'non-profiled nmethods': size=120000Kb used=7662Kb max_used=7769Kb free=112337Kb
 bounds [0x0000010259240000, 0x00000102599e0000, 0x0000010260770000]
CodeHeap 'profiled nmethods': size=120000Kb used=36863Kb max_used=36863Kb free=83136Kb
 bounds [0x0000010251770000, 0x0000010253b90000, 0x0000010258ca0000]
CodeHeap 'non-nmethods': size=5760Kb used=1407Kb max_used=1478Kb free=4352Kb
 bounds [0x0000010258ca0000, 0x0000010258f10000, 0x0000010259240000]
 total_blobs=12955 nmethods=12231 adapters=631
 compilation: enabled
              stopped_count=0, restarted_count=0
 full_count=0

Compilation events (20 events):
Event: 16.306 Thread 0x000001026a113820 nmethod 14727 0x000001025997f910 code [0x000001025997fc80, 0x0000010259981d20]
Event: 16.306 Thread 0x000001026a113820 14814       4       org.jetbrains.kotlin.builtins.KotlinBuiltIns::getPrimitiveType (46 bytes)
Event: 16.306 Thread 0x0000010268043e10 nmethod 14806 0x0000010252ac8810 code [0x0000010252ac89a0, 0x0000010252ac8b28]
Event: 16.306 Thread 0x0000010268043e10 14807       2       org.jetbrains.kotlin.descriptors.impl.FunctionDescriptorImpl$CopyConfiguration::setCopyOverrides (6 bytes)
Event: 16.306 Thread 0x0000010268043e10 nmethod 14807 0x00000102537a3510 code [0x00000102537a36a0, 0x00000102537a37b8]
Event: 16.306 Thread 0x0000010268043e10 14804       3       org.jetbrains.kotlin.metadata.ProtoBuf$Annotation$Argument$Value::getArrayElement (14 bytes)
Event: 16.307 Thread 0x0000010268043e10 nmethod 14804 0x0000010253794690 code [0x0000010253794840, 0x0000010253794b08]
Event: 16.307 Thread 0x0000010268043e10 14821       3       org.jetbrains.kotlin.builtins.jvm.JvmBuiltInsCustomizer::getSettings (17 bytes)
Event: 16.307 Thread 0x0000010268043e10 nmethod 14821 0x00000102526e5790 code [0x00000102526e5a40, 0x00000102526e66c8]
Event: 16.307 Thread 0x0000010268043e10 14799       3       org.jetbrains.kotlin.metadata.ProtoBuf$ValueParameter::hasVarargElementTypeId (18 bytes)
Event: 16.307 Thread 0x0000010268043e10 nmethod 14799 0x0000010251ab0d10 code [0x0000010251ab0ea0, 0x0000010251ab1018]
Event: 16.307 Thread 0x0000010268043e10 14800       1       org.jetbrains.kotlin.metadata.ProtoBuf$ValueParameter::getTypeId (5 bytes)
Event: 16.307 Thread 0x0000010268043e10 nmethod 14800 0x0000010259917c10 code [0x0000010259917da0, 0x0000010259917e78]
Event: 16.308 Thread 0x0000010268043e10 14825       3       org.jetbrains.kotlin.backend.jvm.JvmGeneratorExtensionsImpl::isStaticFunction (67 bytes)
Event: 16.309 Thread 0x0000010268043e10 nmethod 14825 0x0000010253b7f210 code [0x0000010253b7f620, 0x0000010253b81428]
Event: 16.309 Thread 0x0000010268043e10 14826       3       org.jetbrains.kotlin.backend.jvm.lower.JvmValueClassAbstractLowering::visitBlock (13 bytes)
Event: 16.309 Thread 0x0000010268043e10 nmethod 14826 0x000001025379e610 code [0x000001025379e8a0, 0x000001025379f428]
Event: 16.309 Thread 0x0000010268043e10 14827       3       org.jetbrains.kotlin.backend.jvm.lower.JvmValueClassAbstractLowering::visitContainerExpression (20 bytes)
Event: 16.310 Thread 0x0000010268043e10 nmethod 14827 0x00000102537cb890 code [0x00000102537cbaa0, 0x00000102537cc088]
Event: 16.312 Thread 0x0000010268043e10 14828       3       org.jetbrains.kotlin.backend.jvm.lower.JvmInlineClassLowering::visitFunctionAccess (153 bytes)

GC Heap History (20 events):
Event: 6.192 GC heap after
{Heap after GC invocations=21 (full 0):
 garbage-first heap   total 156672K, used 51598K [0x0000000083600000, 0x0000000100000000)
  region size 1024K, 1 young (1024K), 1 survivors (1024K)
 Metaspace       used 56421K, committed 56704K, reserved 1105920K
  class space    used 6645K, committed 6784K, reserved 1048576K
}
Event: 6.674 GC heap before
{Heap before GC invocations=21 (full 0):
 garbage-first heap   total 156672K, used 116110K [0x0000000083600000, 0x0000000100000000)
  region size 1024K, 64 young (65536K), 1 survivors (1024K)
 Metaspace       used 58837K, committed 59072K, reserved 1105920K
  class space    used 6961K, committed 7104K, reserved 1048576K
}
Event: 6.678 GC heap after
{Heap after GC invocations=22 (full 0):
 garbage-first heap   total 156672K, used 53159K [0x0000000083600000, 0x0000000100000000)
  region size 1024K, 3 young (3072K), 3 survivors (3072K)
 Metaspace       used 58837K, committed 59072K, reserved 1105920K
  class space    used 6961K, committed 7104K, reserved 1048576K
}
Event: 9.969 GC heap before
{Heap before GC invocations=22 (full 0):
 garbage-first heap   total 156672K, used 123815K [0x0000000083600000, 0x0000000100000000)
  region size 1024K, 71 young (72704K), 3 survivors (3072K)
 Metaspace       used 63714K, committed 64000K, reserved 1105920K
  class space    used 7246K, committed 7360K, reserved 1048576K
}
Event: 9.984 GC heap after
{Heap after GC invocations=23 (full 0):
 garbage-first heap   total 156672K, used 61218K [0x0000000083600000, 0x0000000100000000)
  region size 1024K, 9 young (9216K), 9 survivors (9216K)
 Metaspace       used 63714K, committed 64000K, reserved 1105920K
  class space    used 7246K, committed 7360K, reserved 1048576K
}
Event: 11.842 GC heap before
{Heap before GC invocations=23 (full 0):
 garbage-first heap   total 156672K, used 124706K [0x0000000083600000, 0x0000000100000000)
  region size 1024K, 69 young (70656K), 9 survivors (9216K)
 Metaspace       used 64887K, committed 65216K, reserved 1114112K
  class space    used 7343K, committed 7488K, reserved 1048576K
}
Event: 11.859 GC heap after
{Heap after GC invocations=24 (full 0):
 garbage-first heap   total 156672K, used 70882K [0x0000000083600000, 0x0000000100000000)
  region size 1024K, 8 young (8192K), 8 survivors (8192K)
 Metaspace       used 64887K, committed 65216K, reserved 1114112K
  class space    used 7343K, committed 7488K, reserved 1048576K
}
Event: 13.311 GC heap before
{Heap before GC invocations=24 (full 0):
 garbage-first heap   total 156672K, used 123106K [0x0000000083600000, 0x0000000100000000)
  region size 1024K, 59 young (60416K), 8 survivors (8192K)
 Metaspace       used 67565K, committed 67840K, reserved 1114112K
  class space    used 7601K, committed 7744K, reserved 1048576K
}
Event: 13.322 GC heap after
{Heap after GC invocations=25 (full 0):
 garbage-first heap   total 156672K, used 75065K [0x0000000083600000, 0x0000000100000000)
  region size 1024K, 4 young (4096K), 4 survivors (4096K)
 Metaspace       used 67565K, committed 67840K, reserved 1114112K
  class space    used 7601K, committed 7744K, reserved 1048576K
}
Event: 14.263 GC heap before
{Heap before GC invocations=25 (full 0):
 garbage-first heap   total 156672K, used 125241K [0x0000000083600000, 0x0000000100000000)
  region size 1024K, 53 young (54272K), 4 survivors (4096K)
 Metaspace       used 71975K, committed 72320K, reserved 1114112K
  class space    used 8011K, committed 8192K, reserved 1048576K
}
Event: 14.276 GC heap after
{Heap after GC invocations=26 (full 0):
 garbage-first heap   total 156672K, used 80828K [0x0000000083600000, 0x0000000100000000)
  region size 1024K, 7 young (7168K), 7 survivors (7168K)
 Metaspace       used 71975K, committed 72320K, reserved 1114112K
  class space    used 8011K, committed 8192K, reserved 1048576K
}
Event: 15.103 GC heap before
{Heap before GC invocations=27 (full 0):
 garbage-first heap   total 156672K, used 125884K [0x0000000083600000, 0x0000000100000000)
  region size 1024K, 51 young (52224K), 7 survivors (7168K)
 Metaspace       used 75367K, committed 75712K, reserved 1122304K
  class space    used 8379K, committed 8576K, reserved 1048576K
}
Event: 15.123 GC heap after
{Heap after GC invocations=28 (full 0):
 garbage-first heap   total 156672K, used 87853K [0x0000000083600000, 0x0000000100000000)
  region size 1024K, 7 young (7168K), 7 survivors (7168K)
 Metaspace       used 75367K, committed 75712K, reserved 1122304K
  class space    used 8379K, committed 8576K, reserved 1048576K
}
Event: 15.141 GC heap before
{Heap before GC invocations=28 (full 0):
 garbage-first heap   total 156672K, used 88877K [0x0000000083600000, 0x0000000100000000)
  region size 1024K, 8 young (8192K), 7 survivors (7168K)
 Metaspace       used 75463K, committed 75776K, reserved 1122304K
  class space    used 8388K, committed 8576K, reserved 1048576K
}
Event: 15.151 GC heap after
{Heap after GC invocations=29 (full 0):
 garbage-first heap   total 156672K, used 87796K [0x0000000083600000, 0x0000000100000000)
  region size 1024K, 1 young (1024K), 1 survivors (1024K)
 Metaspace       used 75463K, committed 75776K, reserved 1122304K
  class space    used 8388K, committed 8576K, reserved 1048576K
}
Event: 15.658 GC heap before
{Heap before GC invocations=29 (full 0):
 garbage-first heap   total 156672K, used 126708K [0x0000000083600000, 0x0000000100000000)
  region size 1024K, 39 young (39936K), 1 survivors (1024K)
 Metaspace       used 80434K, committed 80768K, reserved 1122304K
  class space    used 8896K, committed 9088K, reserved 1048576K
}
Event: 15.666 GC heap after
{Heap after GC invocations=30 (full 0):
 garbage-first heap   total 156672K, used 92092K [0x0000000083600000, 0x0000000100000000)
  region size 1024K, 5 young (5120K), 5 survivors (5120K)
 Metaspace       used 80434K, committed 80768K, reserved 1122304K
  class space    used 8896K, committed 9088K, reserved 1048576K
}
Event: 16.227 GC heap before
{Heap before GC invocations=31 (full 0):
 garbage-first heap   total 157696K, used 124860K [0x0000000083600000, 0x0000000100000000)
  region size 1024K, 39 young (39936K), 5 survivors (5120K)
 Metaspace       used 81937K, committed 82240K, reserved 1122304K
  class space    used 9022K, committed 9216K, reserved 1048576K
}
Event: 16.235 GC heap after
{Heap after GC invocations=32 (full 0):
 garbage-first heap   total 157696K, used 90967K [0x0000000083600000, 0x0000000100000000)
  region size 1024K, 1 young (1024K), 1 survivors (1024K)
 Metaspace       used 81937K, committed 82240K, reserved 1122304K
  class space    used 9022K, committed 9216K, reserved 1048576K
}
Event: 16.313 GC heap before
{Heap before GC invocations=32 (full 0):
 garbage-first heap   total 157696K, used 97111K [0x0000000083600000, 0x0000000100000000)
  region size 1024K, 7 young (7168K), 1 survivors (1024K)
 Metaspace       used 82211K, committed 82496K, reserved 1122304K
  class space    used 9042K, committed 9216K, reserved 1048576K
}

Dll operation events (2 events):
Event: 0.008 Loaded shared library C:\Program Files\Android\Android Studio\jbr\bin\java.dll
Event: 1.274 Loaded shared library C:\Program Files\Android\Android Studio\jbr\bin\verify.dll

Deoptimization events (20 events):
Event: 16.265 Thread 0x000001024c18e7d0 Uncommon trap: trap_request=0xfffffff4 fr.pc=0x0000010259925054 relative=0x00000000000011d4
Event: 16.265 Thread 0x000001024c18e7d0 Uncommon trap: reason=null_check action=make_not_entrant pc=0x0000010259925054 method=org.jetbrains.kotlin.builtins.KotlinBuiltIns.getPrimitiveType(Lorg/jetbrains/kotlin/descriptors/DeclarationDescriptor;)Lorg/jetbrains/kotlin/builtins/PrimitiveType; @ 38
Event: 16.265 Thread 0x000001024c18e7d0 DEOPT PACKING pc=0x0000010259925054 sp=0x00000001006fb2b0
Event: 16.266 Thread 0x000001024c18e7d0 DEOPT UNPACKING pc=0x0000010258cfa1a3 sp=0x00000001006fb278 mode 2
Event: 16.291 Thread 0x000001024c18e7d0 Uncommon trap: trap_request=0xffffffc6 fr.pc=0x000001025992ced8 relative=0x0000000000005ab8
Event: 16.291 Thread 0x000001024c18e7d0 Uncommon trap: reason=bimorphic_or_optimized_type_check action=maybe_recompile pc=0x000001025992ced8 method=org.jetbrains.kotlin.resolve.OverridingUtil.generateOverridesInFunctionGroup(Lorg/jetbrains/kotlin/name/Name;Ljava/util/Collection;Ljava/util/Colle
Event: 16.291 Thread 0x000001024c18e7d0 DEOPT PACKING pc=0x000001025992ced8 sp=0x00000001006fb1a0
Event: 16.292 Thread 0x000001024c18e7d0 DEOPT UNPACKING pc=0x0000010258cfa1a3 sp=0x00000001006fb1c0 mode 2
Event: 16.293 Thread 0x000001024c18e7d0 Uncommon trap: trap_request=0xffffffc6 fr.pc=0x000001025992ced8 relative=0x0000000000005ab8
Event: 16.293 Thread 0x000001024c18e7d0 Uncommon trap: reason=bimorphic_or_optimized_type_check action=maybe_recompile pc=0x000001025992ced8 method=org.jetbrains.kotlin.resolve.OverridingUtil.generateOverridesInFunctionGroup(Lorg/jetbrains/kotlin/name/Name;Ljava/util/Collection;Ljava/util/Colle
Event: 16.293 Thread 0x000001024c18e7d0 DEOPT PACKING pc=0x000001025992ced8 sp=0x00000001006fb710
Event: 16.293 Thread 0x000001024c18e7d0 DEOPT UNPACKING pc=0x0000010258cfa1a3 sp=0x00000001006fb730 mode 2
Event: 16.295 Thread 0x000001024c18e7d0 Uncommon trap: trap_request=0xffffffc6 fr.pc=0x000001025992ced8 relative=0x0000000000005ab8
Event: 16.295 Thread 0x000001024c18e7d0 Uncommon trap: reason=bimorphic_or_optimized_type_check action=maybe_recompile pc=0x000001025992ced8 method=org.jetbrains.kotlin.resolve.OverridingUtil.generateOverridesInFunctionGroup(Lorg/jetbrains/kotlin/name/Name;Ljava/util/Collection;Ljava/util/Colle
Event: 16.295 Thread 0x000001024c18e7d0 DEOPT PACKING pc=0x000001025992ced8 sp=0x00000001006fb1a0
Event: 16.295 Thread 0x000001024c18e7d0 DEOPT UNPACKING pc=0x0000010258cfa1a3 sp=0x00000001006fb1c0 mode 2
Event: 16.296 Thread 0x000001024c18e7d0 Uncommon trap: trap_request=0xffffffc6 fr.pc=0x000001025992ced8 relative=0x0000000000005ab8
Event: 16.296 Thread 0x000001024c18e7d0 Uncommon trap: reason=bimorphic_or_optimized_type_check action=maybe_recompile pc=0x000001025992ced8 method=org.jetbrains.kotlin.resolve.OverridingUtil.generateOverridesInFunctionGroup(Lorg/jetbrains/kotlin/name/Name;Ljava/util/Collection;Ljava/util/Colle
Event: 16.296 Thread 0x000001024c18e7d0 DEOPT PACKING pc=0x000001025992ced8 sp=0x00000001006fb710
Event: 16.296 Thread 0x000001024c18e7d0 DEOPT UNPACKING pc=0x0000010258cfa1a3 sp=0x00000001006fb730 mode 2

Classes unloaded (0 events):
No events

Classes redefined (0 events):
No events

Internal exceptions (20 events):
Event: 7.174 Thread 0x000001024c18e7d0 Exception <a 'java/lang/NoSuchMethodError'{0x000000008c3e7810}: 'java.lang.Object java.lang.invoke.DirectMethodHandle$Holder.newInvokeSpecial(java.lang.Object, java.lang.Object, java.lang.Object, java.lang.Object, java.lang.Object, java.lang.Object, java.lang.Object)'> (0x000000008c3e7810) 
thrown [s\src\hotspot\share\interpreter\linkResolver.cpp, line 771]
Event: 7.175 Thread 0x000001024c18e7d0 Exception <a 'java/lang/NoSuchMethodError'{0x000000008c3ec918}: 'java.lang.Object java.lang.invoke.Invokers$Holder.linkToTargetMethod(java.lang.Object, java.lang.Object, java.lang.Object, java.lang.Object, java.lang.Object, java.lang.Object, java.lang.Object)'> (0x000000008c3ec918) 
thrown [s\src\hotspot\share\interpreter\linkResolver.cpp, line 771]
Event: 8.527 Thread 0x000001024c18e7d0 Implicit null exception at 0x00000102596b1b2f to 0x00000102596b1be4
Event: 10.177 Thread 0x000001024c18e7d0 Exception <a 'java/lang/NoSuchMethodError'{0x000000008c65bf10}: 'void java.lang.invoke.DirectMethodHandle$Holder.invokeInterface(java.lang.Object, java.lang.Object)'> (0x000000008c65bf10) 
thrown [s\src\hotspot\share\interpreter\linkResolver.cpp, line 771]
Event: 10.791 Thread 0x000001024c18e7d0 Implicit null exception at 0x00000102592a9258 to 0x00000102592a92ee
Event: 13.057 Thread 0x000001024c18e7d0 Implicit null exception at 0x000001025979c860 to 0x000001025979cb54
Event: 13.059 Thread 0x000001024c18e7d0 Implicit null exception at 0x00000102594b9adb to 0x00000102594b9da8
Event: 13.241 Thread 0x000001024c18e7d0 Exception <a 'java/lang/NoSuchMethodError'{0x0000000089e75600}: 'java.lang.Object java.lang.invoke.DirectMethodHandle$Holder.invokeStaticInit(java.lang.Object, java.lang.Object, java.lang.Object, java.lang.Object)'> (0x0000000089e75600) 
thrown [s\src\hotspot\share\interpreter\linkResolver.cpp, line 771]
Event: 13.427 Thread 0x000001024c18e7d0 Exception <a 'java/lang/NoSuchMethodError'{0x000000008c346128}: 'java.lang.Object java.lang.invoke.DirectMethodHandle$Holder.newInvokeSpecial(java.lang.Object, java.lang.Object, java.lang.Object, int, int)'> (0x000000008c346128) 
thrown [s\src\hotspot\share\interpreter\linkResolver.cpp, line 771]
Event: 13.428 Thread 0x000001024c18e7d0 Exception <a 'java/lang/NoSuchMethodError'{0x000000008c349f68}: 'java.lang.Object java.lang.invoke.DirectMethodHandle$Holder.invokeSpecial(java.lang.Object, java.lang.Object, java.lang.Object, java.lang.Object, int, int)'> (0x000000008c349f68) 
thrown [s\src\hotspot\share\interpreter\linkResolver.cpp, line 771]
Event: 13.462 Thread 0x000001024c18e7d0 Exception <a 'java/lang/NoSuchMethodError'{0x000000008c14c9c8}: 'java.lang.Object java.lang.invoke.Invokers$Holder.linkToTargetMethod(java.lang.Object, java.lang.Object, int, int, java.lang.Object, java.lang.Object, java.lang.Object, java.lang.Object, java.lang.Object)'> (0x000000008c14c9c8) 
thrown [s\src\hotspot\share\interpreter\linkResolver.cpp, line 771]
Event: 13.473 Thread 0x000001024c18e7d0 Implicit null exception at 0x00000102592ad490 to 0x00000102592ad750
Event: 14.191 Thread 0x000001024c18e7d0 Exception <a 'java/lang/NoSuchMethodError'{0x000000008a076f90}: 'java.lang.Object java.lang.invoke.DirectMethodHandle$Holder.invokeStatic(java.lang.Object, java.lang.Object, java.lang.Object, int, int, java.lang.Object, java.lang.Object, java.lang.Object, java.lang.Object)'> (0x000000008a076f90) 
thrown [s\src\hotspot\share\interpreter\linkResolver.cpp, line 771]
Event: 14.192 Thread 0x000001024c18e7d0 Exception <a 'java/lang/NoSuchMethodError'{0x000000008a0814b8}: 'java.lang.Object java.lang.invoke.DirectMethodHandle$Holder.newInvokeSpecial(java.lang.Object, java.lang.Object, java.lang.Object, int, int, java.lang.Object)'> (0x000000008a0814b8) 
thrown [s\src\hotspot\share\interpreter\linkResolver.cpp, line 771]
Event: 14.193 Thread 0x000001024c18e7d0 Exception <a 'java/lang/NoSuchMethodError'{0x000000008a088e58}: 'java.lang.Object java.lang.invoke.Invokers$Holder.linkToTargetMethod(java.lang.Object, java.lang.Object, int, int, java.lang.Object, java.lang.Object)'> (0x000000008a088e58) 
thrown [s\src\hotspot\share\interpreter\linkResolver.cpp, line 771]
Event: 14.584 Thread 0x000001024c18e7d0 Exception <a 'java/lang/NoSuchMethodError'{0x000000008b880968}: 'java.lang.Object java.lang.invoke.DirectMethodHandle$Holder.newInvokeSpecial(java.lang.Object, java.lang.Object, int, int, java.lang.Object, java.lang.Object, java.lang.Object)'> (0x000000008b880968) 
thrown [s\src\hotspot\share\interpreter\linkResolver.cpp, line 771]
Event: 14.584 Thread 0x000001024c18e7d0 Exception <a 'java/lang/NoSuchMethodError'{0x000000008b8852a8}: 'java.lang.Object java.lang.invoke.DirectMethodHandle$Holder.invokeSpecial(java.lang.Object, java.lang.Object, java.lang.Object, int, int, java.lang.Object, java.lang.Object, java.lang.Object)'> (0x000000008b8852a8) 
thrown [s\src\hotspot\share\interpreter\linkResolver.cpp, line 771]
Event: 15.337 Thread 0x000001024c18e7d0 Implicit null exception at 0x00000102598b228f to 0x00000102598b2b6c
Event: 15.644 Thread 0x000001024c18e7d0 Implicit null exception at 0x00000102594261d2 to 0x0000010259426279
Event: 16.265 Thread 0x000001024c18e7d0 Implicit null exception at 0x0000010259924a43 to 0x0000010259925044

VM Operations (20 events):
Event: 15.904 Executing VM operation: HandshakeAllThreads done
Event: 15.905 Executing VM operation: HandshakeAllThreads
Event: 15.905 Executing VM operation: HandshakeAllThreads done
Event: 15.918 Executing VM operation: HandshakeAllThreads
Event: 15.918 Executing VM operation: HandshakeAllThreads done
Event: 15.968 Executing VM operation: HandshakeAllThreads
Event: 15.968 Executing VM operation: HandshakeAllThreads done
Event: 15.969 Executing VM operation: ICBufferFull
Event: 15.970 Executing VM operation: ICBufferFull done
Event: 16.037 Executing VM operation: ICBufferFull
Event: 16.037 Executing VM operation: ICBufferFull done
Event: 16.180 Executing VM operation: ICBufferFull
Event: 16.181 Executing VM operation: ICBufferFull done
Event: 16.227 Executing VM operation: G1CollectForAllocation
Event: 16.235 Executing VM operation: G1CollectForAllocation done
Event: 16.265 Executing VM operation: HandshakeAllThreads
Event: 16.265 Executing VM operation: HandshakeAllThreads done
Event: 16.304 Executing VM operation: HandshakeAllThreads
Event: 16.304 Executing VM operation: HandshakeAllThreads done
Event: 16.313 Executing VM operation: G1CollectForAllocation

Events (20 events):
Event: 16.279 Thread 0x0000010268044b60 flushing nmethod 0x0000010252c4fe10
Event: 16.279 Thread 0x0000010268044b60 flushing nmethod 0x0000010252d90f10
Event: 16.280 Thread 0x0000010268044b60 flushing nmethod 0x0000010252eb0490
Event: 16.280 Thread 0x0000010268044b60 flushing nmethod 0x0000010252eb1890
Event: 16.281 Thread 0x0000010268044b60 flushing nmethod 0x0000010252fde390
Event: 16.281 Thread 0x0000010268044b60 flushing nmethod 0x000001025303f610
Event: 16.284 Thread 0x0000010268044b60 flushing nmethod 0x00000102536e4590
Event: 16.284 Thread 0x0000010268044b60 flushing nmethod 0x00000102536e9e90
Event: 16.284 Thread 0x0000010268044b60 flushing nmethod 0x000001025372c510
Event: 16.285 Thread 0x0000010268044b60 flushing nmethod 0x0000010253791010
Event: 16.285 Thread 0x0000010268044b60 flushing nmethod 0x0000010253792f90
Event: 16.285 Thread 0x0000010268044b60 flushing nmethod 0x0000010253794690
Event: 16.285 Thread 0x0000010268044b60 flushing nmethod 0x000001025379e610
Event: 16.285 Thread 0x0000010268044b60 flushing nmethod 0x00000102537a3510
Event: 16.285 Thread 0x0000010268044b60 flushing nmethod 0x00000102537a6190
Event: 16.285 Thread 0x0000010268044b60 flushing nmethod 0x00000102537cb890
Event: 16.285 Thread 0x0000010268044b60 flushing nmethod 0x00000102537cd490
Event: 16.285 Thread 0x0000010268044b60 flushing nmethod 0x00000102537d1690
Event: 16.285 Thread 0x0000010268044b60 flushing nmethod 0x00000102537d2090
Event: 16.285 Thread 0x0000010268044b60 flushing nmethod 0x00000102537d4990


Dynamic libraries:
0x00007ff6e8370000 - 0x00007ff6e837a000 	C:\Program Files\Android\Android Studio\jbr\bin\java.exe
0x00007ffe53690000 - 0x00007ffe5387e000 	C:\Windows\SYSTEM32\ntdll.dll
0x00007ffe523e0000 - 0x00007ffe52493000 	C:\Windows\System32\KERNEL32.DLL
0x00007ffe4fc90000 - 0x00007ffe4ff2d000 	C:\Windows\System32\KERNELBASE.dll
0x00007ffe50770000 - 0x00007ffe5086a000 	C:\Windows\System32\ucrtbase.dll
0x00007ffe41050000 - 0x00007ffe4106b000 	C:\Program Files\Android\Android Studio\jbr\bin\VCRUNTIME140.dll
0x00007ffe089b0000 - 0x00007ffe089c7000 	C:\Program Files\Android\Android Studio\jbr\bin\jli.dll
0x00007ffe508c0000 - 0x00007ffe50a57000 	C:\Windows\System32\USER32.dll
0x00007ffe4f8c0000 - 0x00007ffe4f8e0000 	C:\Windows\System32\win32u.dll
0x00007ffe33a20000 - 0x00007ffe33c99000 	C:\Windows\WinSxS\amd64_microsoft.windows.common-controls_6595b64144ccf1df_6.0.17763.5122_none_de6fbcf2534c9850\COMCTL32.dll
0x00007ffe53190000 - 0x00007ffe531b9000 	C:\Windows\System32\GDI32.dll
0x00007ffe52e60000 - 0x00007ffe52efe000 	C:\Windows\System32\msvcrt.dll
0x00007ffe4f710000 - 0x00007ffe4f8bb000 	C:\Windows\System32\gdi32full.dll
0x00007ffe4fbf0000 - 0x00007ffe4fc90000 	C:\Windows\System32\msvcp_win.dll
0x00007ffe52930000 - 0x00007ffe52c5b000 	C:\Windows\System32\combase.dll
0x00007ffe52d40000 - 0x00007ffe52e5e000 	C:\Windows\System32\RPCRT4.dll
0x00007ffe506e0000 - 0x00007ffe50762000 	C:\Windows\System32\bcryptPrimitives.dll
0x00007ffe52340000 - 0x00007ffe5236e000 	C:\Windows\System32\IMM32.DLL
0x00007ffe3cdb0000 - 0x00007ffe3cdbc000 	C:\Program Files\Android\Android Studio\jbr\bin\vcruntime140_1.dll
0x00007ffe3cd20000 - 0x00007ffe3cdad000 	C:\Program Files\Android\Android Studio\jbr\bin\msvcp140.dll
0x00007ffdda000000 - 0x00007ffddac6e000 	C:\Program Files\Android\Android Studio\jbr\bin\server\jvm.dll
0x00007ffe535b0000 - 0x00007ffe53657000 	C:\Windows\System32\ADVAPI32.dll
0x00007ffe50a60000 - 0x00007ffe50aff000 	C:\Windows\System32\sechost.dll
0x00007ffe2c260000 - 0x00007ffe2c269000 	C:\Windows\SYSTEM32\WSOCK32.dll
0x00007ffe4cb10000 - 0x00007ffe4cb34000 	C:\Windows\SYSTEM32\WINMM.dll
0x00007ffe531c0000 - 0x00007ffe5322d000 	C:\Windows\System32\WS2_32.dll
0x00007ffe3f640000 - 0x00007ffe3f64a000 	C:\Windows\SYSTEM32\VERSION.dll
0x00007ffe4cae0000 - 0x00007ffe4cb0d000 	C:\Windows\SYSTEM32\WINMMBASE.dll
0x00007ffe4fba0000 - 0x00007ffe4fbea000 	C:\Windows\System32\cfgmgr32.dll
0x00007ffe4f660000 - 0x00007ffe4f671000 	C:\Windows\System32\kernel.appcore.dll
0x00007ffe40f20000 - 0x00007ffe40f2a000 	C:\Program Files\Android\Android Studio\jbr\bin\jimage.dll
0x00007ffe4de40000 - 0x00007ffe4e02d000 	C:\Windows\SYSTEM32\DBGHELP.DLL
0x00007ffe37730000 - 0x00007ffe3775a000 	C:\Windows\SYSTEM32\dbgcore.DLL
0x00007ffe11620000 - 0x00007ffe11645000 	C:\Program Files\Android\Android Studio\jbr\bin\java.dll
0x00007ffe40f00000 - 0x00007ffe40f18000 	C:\Program Files\Android\Android Studio\jbr\bin\zip.dll
0x00007ffe50c60000 - 0x00007ffe52158000 	C:\Windows\System32\SHELL32.dll
0x00007ffe521c0000 - 0x00007ffe52267000 	C:\Windows\System32\shcore.dll
0x00007ffe4ff90000 - 0x00007ffe506d7000 	C:\Windows\System32\windows.storage.dll
0x00007ffe4f680000 - 0x00007ffe4f6a3000 	C:\Windows\System32\profapi.dll
0x00007ffe4f6b0000 - 0x00007ffe4f70d000 	C:\Windows\System32\powrprof.dll
0x00007ffe52f80000 - 0x00007ffe52fd2000 	C:\Windows\System32\shlwapi.dll
0x00007ffe508a0000 - 0x00007ffe508bb000 	C:\Windows\System32\cryptsp.dll
0x00007ffe22fd0000 - 0x00007ffe22fe9000 	C:\Program Files\Android\Android Studio\jbr\bin\net.dll
0x00007ffe48ca0000 - 0x00007ffe48d9d000 	C:\Windows\SYSTEM32\WINHTTP.dll
0x00007ffe4ee90000 - 0x00007ffe4eef7000 	C:\Windows\system32\mswsock.dll
0x00007ffddb530000 - 0x00007ffddb546000 	C:\Program Files\Android\Android Studio\jbr\bin\nio.dll
0x00007ffe27550000 - 0x00007ffe27560000 	C:\Program Files\Android\Android Studio\jbr\bin\verify.dll

dbghelp: loaded successfully - version: 4.0.5 - missing functions: none
symbol engine: initialized successfully - sym options: 0x614 - pdb path: .;C:\Program Files\Android\Android Studio\jbr\bin;C:\Windows\SYSTEM32;C:\Windows\WinSxS\amd64_microsoft.windows.common-controls_6595b64144ccf1df_6.0.17763.5122_none_de6fbcf2534c9850;C:\Program Files\Android\Android Studio\jbr\bin\server

VM Arguments:
java_command: org.jetbrains.kotlin.cli.jvm.K2JVMCompiler @D:\android studio\dernier version\androidProjectEducation-master\app\build\20231210_4193283032861188736.compiler.options
java_class_path (initial): C:\Users\Rania\.gradle\caches\modules-2\files-2.1\org.jetbrains.kotlin\kotlin-compiler-embeddable\1.9.0\2c8c3a7402becca891f12739b3e9fd2dc2adbd7a\kotlin-compiler-embeddable-1.9.0.jar;C:\Users\Rania\.gradle\caches\modules-2\files-2.1\org.jetbrains.kotlin\kotlin-stdlib\1.9.0\8ee15ef0c67dc83d874f412d84378d7f0eb50b63\kotlin-stdlib-1.9.0.jar;C:\Users\Rania\.gradle\caches\modules-2\files-2.1\org.jetbrains.kotlin\kotlin-script-runtime\1.9.0\4b3102cbbb7e1b58d9d1adf89563f00069ffa7d1\kotlin-script-runtime-1.9.0.jar;C:\Users\Rania\.gradle\caches\modules-2\files-2.1\org.jetbrains.kotlin\kotlin-reflect\1.6.10\1cbe9c92c12a94eea200d23c2bbaedaf3daf5132\kotlin-reflect-1.6.10.jar;C:\Users\Rania\.gradle\caches\modules-2\files-2.1\org.jetbrains.kotlin\kotlin-daemon-embeddable\1.9.0\186543f5e28cf8d9a0290fecc2cf34301c40a65c\kotlin-daemon-embeddable-1.9.0.jar;C:\Users\Rania\.gradle\caches\modules-2\files-2.1\org.jetbrains.intellij.deps\trove4j\1.0.20200330\3afb14d5f9ceb459d724e907a21145e8ff394f02\trove4j-1.0.20200330.jar;C:\Users\Rania\.gradle\caches\modules-2\files-2.1\org.jetbrains.kotlin\kotlin-stdlib-common\1.9.0\cd65c21cfd1eec4d44ef09f9f52b6d9f8a720636\kotlin-stdlib-common-1.9.0.jar;C:\Users\Rania\.gradle\caches\modules-2\files-2.1\org.jetbrains\annotations\13.0\919f0dfe192fb4e063e7dacadee7f8bb9a2672a9\annotations-13.0.jar
Launcher Type: SUN_STANDARD

[Global flags]
     intx CICompilerCount                          = 3                                         {product} {ergonomic}
     uint ConcGCThreads                            = 1                                         {product} {ergonomic}
     uint G1ConcRefinementThreads                  = 4                                         {product} {ergonomic}
   size_t G1HeapRegionSize                         = 1048576                                   {product} {ergonomic}
    uintx GCDrainStackTargetSize                   = 64                                        {product} {ergonomic}
   size_t InitialHeapSize                          = 132120576                                 {product} {ergonomic}
   size_t MarkStackSize                            = 4194304                                   {product} {ergonomic}
   size_t MaxHeapSize                              = 2090860544                                {product} {ergonomic}
   size_t MaxNewSize                               = 1254096896                                {product} {ergonomic}
   size_t MinHeapDeltaBytes                        = 1048576                                   {product} {ergonomic}
   size_t MinHeapSize                              = 8388608                                   {product} {ergonomic}
    uintx NonNMethodCodeHeapSize                   = 5832780                                {pd product} {ergonomic}
    uintx NonProfiledCodeHeapSize                  = 122912730                              {pd product} {ergonomic}
    uintx ProfiledCodeHeapSize                     = 122912730                              {pd product} {ergonomic}
    uintx ReservedCodeCacheSize                    = 251658240                              {pd product} {ergonomic}
     bool SegmentedCodeCache                       = true                                      {product} {ergonomic}
   size_t SoftMaxHeapSize                          = 2090860544                             {manageable} {ergonomic}
     bool UseCompressedClassPointers               = true                           {product lp64_product} {ergonomic}
     bool UseCompressedOops                        = true                           {product lp64_product} {ergonomic}
     bool UseG1GC                                  = true                                      {product} {ergonomic}
     bool UseLargePagesIndividualAllocation        = false                                  {pd product} {ergonomic}

Logging:
Log output configuration:
 #0: stdout all=warning uptime,level,tags
 #1: stderr all=off uptime,level,tags

Environment Variables:
JAVA_HOME=C:\Program Files\Java\jdk-20
PATH=C:\Program Files (x86)\Common Files\Oracle\Java\javapath;C:\Windows\system32;C:\Windows;C:\Windows\System32\Wbem;C:\Windows\System32\WindowsPowerShell\v1.0\;C:\Windows\System32\OpenSSH\;C:\ProgramData\chocolatey\bin;C:\Program Files\Git\cmd;C:\wamp64\bin\php\php8.1.0;C:\Program Files\nodejs\;C:\Users\Rania\AppData\Local\Microsoft\WindowsApps;C:\Program Files\JetBrains\IntelliJ IDEA 2022.3.2\bin;;C:\Users\Rania\AppData\Local\ComposerSetup\bin;C:\Users\Rania\AppData\Roaming\Composer\vendor\bin;C:\Users\Rania\AppData\Roaming\npm;C:\Program Files\Android\Android Studio\lib;C:\ProgramData\Microsoft\Windows\Start Menu\Programs\Android Studio;C:\Users\Rania\AppData\Local\Programs\Microsoft VS Code\bin;C:\Program Files\Java\jdk-11\bin;C:\Users\Rania\AppData\Local\Pub\Cache\bin;C:\src\flutter\bin;
USERNAME=Rania
OS=Windows_NT
PROCESSOR_IDENTIFIER=Intel64 Family 6 Model 140 Stepping 1, GenuineIntel
TMP=C:\Users\Rania\AppData\Local\Temp
TEMP=C:\Users\Rania\AppData\Local\Temp


JNI global refs:
JNI global refs: 11, weak refs: 7

JNI global refs memory usage: 843, weak refs: 841


---------------  S Y S T E M  ---------------

OS:
 Windows 10 , 64 bit Build 17763 (10.0.17763.4974)
OS uptime: 0 days 4:00 hours

CPU: total 4 (initial active 4) (2 cores per cpu, 2 threads per core) family 6 model 140 stepping 1 microcode 0x9a, cx8, cmov, fxsr, ht, mmx, 3dnowpref, sse, sse2, sse3, ssse3, sse4.1, sse4.2, popcnt, lzcnt, tsc, tscinvbit, avx, avx2, aes, erms, clmul, bmi1, bmi2, adx, avx512f, avx512dq, avx512cd, avx512bw, avx512vl, sha, fma, vzeroupper, avx512_vpopcntdq, avx512_vpclmulqdq, avx512_vaes, avx512_vnni, clflush, clflushopt, clwb, avx512_vbmi2, avx512_vbmi

Memory: 4k page, system-wide physical 7975M (326M free)
TotalPageFile size 19362M (AvailPageFile size 107M)
current process WorkingSet (physical memory assigned to process): 379M, peak: 387M
current process commit charge ("private bytes"): 408M, peak: 564M

vm_info: OpenJDK 64-Bit Server VM (17.0.6+0-b2043.56-10027231) for windows-amd64 JRE (17.0.6+0-b2043.56-10027231), built on Apr 28 2023 00:43:19 by "androidbuild" with MS VC++ 16.10 / 16.11 (VS2019)

END.
