#
# There is insufficient memory for the Java Runtime Environment to continue.
# Native memory allocation (malloc) failed to allocate 877936 bytes for Chunk::new
# Possible reasons:
#   The system is out of physical RAM or swap space
#   The process is running with CompressedOops enabled, and the Java Heap may be blocking the growth of the native heap
# Possible solutions:
#   Reduce memory load on the system
#   Increase physical memory or swap space
#   Check if swap backing store is full
#   Decrease Java heap size (-Xmx/-Xms)
#   Decrease number of Java threads
#   Decrease Java thread stack sizes (-Xss)
#   Set larger code cache with -XX:ReservedCodeCacheSize=
#   JVM is running with Zero Based Compressed Oops mode in which the Java heap is
#     placed in the first 32GB address space. The Java Heap base address is the
#     maximum limit for the native heap growth. Please use -XX:HeapBaseMinAddress
#     to set the Java Heap base and to place the Java Heap above 32GB virtual address.
# This output file may be truncated or incomplete.
#
#  Out of Memory Error (arena.cpp:189), pid=5728, tid=22312
#
# JRE version: OpenJDK Runtime Environment (17.0.6) (build 17.0.6+0-b2043.56-10027231)
# Java VM: OpenJDK 64-Bit Server VM (17.0.6+0-b2043.56-10027231, mixed mode, tiered, compressed oops, compressed class ptrs, g1 gc, windows-amd64)
# No core dump will be written. Minidumps are not enabled by default on client versions of Windows
#

---------------  S U M M A R Y ------------

Command Line: --add-opens=java.base/java.util=ALL-UNNAMED --add-opens=java.base/java.lang=ALL-UNNAMED --add-opens=java.base/java.lang.invoke=ALL-UNNAMED --add-opens=java.prefs/java.util.prefs=ALL-UNNAMED --add-opens=java.base/java.nio.charset=ALL-UNNAMED --add-opens=java.base/java.net=ALL-UNNAMED --add-opens=java.base/java.util.concurrent.atomic=ALL-UNNAMED -Xmx4096m -Dfile.encoding=windows-1252 -Duser.country=FR -Duser.language=fr -Duser.variant org.gradle.launcher.daemon.bootstrap.GradleDaemon 8.0

Host: 11th Gen Intel(R) Core(TM) i3-1115G4 @ 3.00GHz, 4 cores, 7G,  Windows 10 , 64 bit Build 17763 (10.0.17763.4974)
Time: Wed Nov 29 22:59:45 2023 Afr. centrale Ouest elapsed time: 60.077457 seconds (0d 0h 1m 0s)

---------------  T H R E A D  ---------------

Current thread (0x0000014b7f054670):  JavaThread "C2 CompilerThread0" daemon [_thread_in_native, id=22312, stack(0x0000003178200000,0x0000003178300000)]


Current CompileTask:
C2:  60077 14054   !   4       java.io.ObjectOutputStream::writeObject0 (620 bytes)

Stack: [0x0000003178200000,0x0000003178300000]
Native frames: (J=compiled Java code, j=interpreted, Vv=VM code, C=native code)
V  [jvm.dll+0x683c9a]
V  [jvm.dll+0x8427a4]
V  [jvm.dll+0x843f9e]
V  [jvm.dll+0x844603]
V  [jvm.dll+0x249b75]
V  [jvm.dll+0xabcac]
V  [jvm.dll+0xac27c]
V  [jvm.dll+0x2b0eef]
V  [jvm.dll+0x58a267]
V  [jvm.dll+0x2243b2]
V  [jvm.dll+0x21ddf4]
V  [jvm.dll+0x21b51b]
V  [jvm.dll+0x1a4fdd]
V  [jvm.dll+0x22b098]
V  [jvm.dll+0x229159]
V  [jvm.dll+0x7f81ec]
V  [jvm.dll+0x7f274a]
V  [jvm.dll+0x682ad5]
C  [ucrtbase.dll+0x2268a]
C  [KERNEL32.DLL+0x17ac4]
C  [ntdll.dll+0x5a4e1]


---------------  P R O C E S S  ---------------

Threads class SMR info:
_java_thread_list=0x0000014b17c8c0a0, length=87, elements={
0x0000014b6f35e2a0, 0x0000014b7e5200f0, 0x0000014b7e520bb0, 0x0000014b7e5394f0,
0x0000014b7e539fb0, 0x0000014b7f051030, 0x0000014b7f053d00, 0x0000014b7f054670,
0x0000014b7f055020, 0x0000014b7f0c6300, 0x0000014b7f1d7030, 0x0000014b7f1ef030,
0x0000014b0f8c15b0, 0x0000014b0f8bfda0, 0x0000014b0f8c0c10, 0x0000014b0f8c0270,
0x0000014b0f8c0740, 0x0000014b0f8c10e0, 0x0000014b0f8c1a80, 0x0000014b0f8c1f50,
0x0000014b0f8be590, 0x0000014b0f8bea60, 0x0000014b0f8bef30, 0x0000014b0f8bf400,
0x0000014b0f8bf8d0, 0x0000014b0f1dd520, 0x0000014b0f1df6d0, 0x0000014b0f1dc6b0,
0x0000014b0f1dcb80, 0x0000014b0f1dd050, 0x0000014b0f1de860, 0x0000014b0f1ddec0,
0x0000014b0f1dd9f0, 0x0000014b0f1de390, 0x0000014b0f1df200, 0x0000014b0f1dfba0,
0x0000014b10fc1e10, 0x0000014b10fc5ca0, 0x0000014b10fc6170, 0x0000014b10fc4e30,
0x0000014b10fc1940, 0x0000014b10fc6640, 0x0000014b10fc0fa0, 0x0000014b10fc3150,
0x0000014b10fc22e0, 0x0000014b10fc27b0, 0x0000014b10fc0600, 0x0000014b10fc3620,
0x0000014b10fc3fc0, 0x0000014b10fc6b10, 0x0000014b10fc4960, 0x0000014b10fc6fe0,
0x0000014b10fc0130, 0x0000014b10fc3af0, 0x0000014b10fc5300, 0x0000014b10fbfc60,
0x0000014b10fc1470, 0x0000014b12465ed0, 0x0000014b1246a230, 0x0000014b12465060,
0x0000014b12465530, 0x0000014b12469890, 0x0000014b12465a00, 0x0000014b124693c0,
0x0000014b12466870, 0x0000014b12463d20, 0x0000014b12463380, 0x0000014b124646c0,
0x0000014b12467bb0, 0x0000014b124663a0, 0x0000014b12464b90, 0x0000014b12469d60,
0x0000014b12466d40, 0x0000014b12467210, 0x0000014b124676e0, 0x0000014b12468080,
0x0000014b12468ef0, 0x0000014b1246a700, 0x0000014b1246abd0, 0x0000014b12468550,
0x0000014b124641f0, 0x0000014b17b27b80, 0x0000014b17b2b070, 0x0000014b17b2bee0,
0x0000014b17b2ba10, 0x0000014b17b29390, 0x0000014b183b7a50
}

Java Threads: ( => current thread )
  0x0000014b6f35e2a0 JavaThread "main" [_thread_blocked, id=22872, stack(0x0000003177500000,0x0000003177600000)]
  0x0000014b7e5200f0 JavaThread "Reference Handler" daemon [_thread_blocked, id=23288, stack(0x0000003177c00000,0x0000003177d00000)]
  0x0000014b7e520bb0 JavaThread "Finalizer" daemon [_thread_blocked, id=19880, stack(0x0000003177d00000,0x0000003177e00000)]
  0x0000014b7e5394f0 JavaThread "Signal Dispatcher" daemon [_thread_blocked, id=22764, stack(0x0000003177e00000,0x0000003177f00000)]
  0x0000014b7e539fb0 JavaThread "Attach Listener" daemon [_thread_blocked, id=21892, stack(0x0000003177f00000,0x0000003178000000)]
  0x0000014b7f051030 JavaThread "Service Thread" daemon [_thread_blocked, id=3112, stack(0x0000003178000000,0x0000003178100000)]
  0x0000014b7f053d00 JavaThread "Monitor Deflation Thread" daemon [_thread_blocked, id=6168, stack(0x0000003178100000,0x0000003178200000)]
=>0x0000014b7f054670 JavaThread "C2 CompilerThread0" daemon [_thread_in_native, id=22312, stack(0x0000003178200000,0x0000003178300000)]
  0x0000014b7f055020 JavaThread "C1 CompilerThread0" daemon [_thread_blocked, id=15544, stack(0x0000003178300000,0x0000003178400000)]
  0x0000014b7f0c6300 JavaThread "Sweeper thread" daemon [_thread_blocked, id=22636, stack(0x0000003178400000,0x0000003178500000)]
  0x0000014b7f1d7030 JavaThread "Common-Cleaner" daemon [_thread_blocked, id=10824, stack(0x0000003178500000,0x0000003178600000)]
  0x0000014b7f1ef030 JavaThread "Notification Thread" daemon [_thread_blocked, id=14844, stack(0x0000003178600000,0x0000003178700000)]
  0x0000014b0f8c15b0 JavaThread "Daemon health stats" [_thread_blocked, id=19676, stack(0x0000003178c00000,0x0000003178d00000)]
  0x0000014b0f8bfda0 JavaThread "Incoming local TCP Connector on port 62710" [_thread_in_native, id=6176, stack(0x0000003178b00000,0x0000003178c00000)]
  0x0000014b0f8c0c10 JavaThread "Daemon periodic checks" [_thread_blocked, id=17080, stack(0x0000003178d00000,0x0000003178e00000)]
  0x0000014b0f8c0270 JavaThread "Daemon" [_thread_blocked, id=11684, stack(0x0000003178e00000,0x0000003178f00000)]
  0x0000014b0f8c0740 JavaThread "Handler for socket connection from /127.0.0.1:62710 to /127.0.0.1:62711" [_thread_in_native, id=18364, stack(0x0000003178f00000,0x0000003179000000)]
  0x0000014b0f8c10e0 JavaThread "Cancel handler" [_thread_blocked, id=5656, stack(0x0000003179000000,0x0000003179100000)]
  0x0000014b0f8c1a80 JavaThread "Daemon worker" [_thread_blocked, id=16432, stack(0x0000003179100000,0x0000003179200000)]
  0x0000014b0f8c1f50 JavaThread "Asynchronous log dispatcher for DefaultDaemonConnection: socket connection from /127.0.0.1:62710 to /127.0.0.1:62711" [_thread_blocked, id=22840, stack(0x0000003179200000,0x0000003179300000)]
  0x0000014b0f8be590 JavaThread "Stdin handler" [_thread_blocked, id=19732, stack(0x0000003179300000,0x0000003179400000)]
  0x0000014b0f8bea60 JavaThread "Daemon client event forwarder" [_thread_blocked, id=5872, stack(0x0000003179400000,0x0000003179500000)]
  0x0000014b0f8bef30 JavaThread "Cache worker for journal cache (C:\Users\Rania\.gradle\caches\journal-1)" [_thread_blocked, id=21484, stack(0x0000003179500000,0x0000003179600000)]
  0x0000014b0f8bf400 JavaThread "File lock request listener" [_thread_in_native, id=6044, stack(0x0000003179600000,0x0000003179700000)]
  0x0000014b0f8bf8d0 JavaThread "Cache worker for file hash cache (C:\Users\Rania\.gradle\caches\8.0\fileHashes)" [_thread_blocked, id=12116, stack(0x0000003179700000,0x0000003179800000)]
  0x0000014b0f1dd520 JavaThread "File watcher server" daemon [_thread_in_native, id=22356, stack(0x0000003179900000,0x0000003179a00000)]
  0x0000014b0f1df6d0 JavaThread "File watcher consumer" daemon [_thread_blocked, id=22008, stack(0x0000003179a00000,0x0000003179b00000)]
  0x0000014b0f1dc6b0 JavaThread "jar transforms" [_thread_blocked, id=10272, stack(0x0000003179b00000,0x0000003179c00000)]
  0x0000014b0f1dcb80 JavaThread "jar transforms Thread 2" [_thread_blocked, id=23124, stack(0x0000003179c00000,0x0000003179d00000)]
  0x0000014b0f1dd050 JavaThread "jar transforms Thread 3" [_thread_blocked, id=1668, stack(0x0000003179d00000,0x0000003179e00000)]
  0x0000014b0f1de860 JavaThread "jar transforms Thread 4" [_thread_blocked, id=10976, stack(0x0000003179e00000,0x0000003179f00000)]
  0x0000014b0f1ddec0 JavaThread "Cache worker for checksums cache (D:\androidProjectEducation-master\.gradle\8.0\checksums)" [_thread_blocked, id=21912, stack(0x0000003179800000,0x0000003179900000)]
  0x0000014b0f1dd9f0 JavaThread "Cache worker for cache directory md-rule (C:\Users\Rania\.gradle\caches\8.0\md-rule)" [_thread_blocked, id=20424, stack(0x0000003179f00000,0x000000317a000000)]
  0x0000014b0f1de390 JavaThread "Cache worker for file content cache (C:\Users\Rania\.gradle\caches\8.0\fileContent)" [_thread_blocked, id=14152, stack(0x000000317a000000,0x000000317a100000)]
  0x0000014b0f1df200 JavaThread "Cache worker for file hash cache (D:\androidProjectEducation-master\.gradle\8.0\fileHashes)" [_thread_blocked, id=22956, stack(0x000000317a100000,0x000000317a200000)]
  0x0000014b0f1dfba0 JavaThread "Cache worker for cache directory md-supplier (C:\Users\Rania\.gradle\caches\8.0\md-supplier)" [_thread_blocked, id=22580, stack(0x000000317a200000,0x000000317a300000)]
  0x0000014b10fc1e10 JavaThread "Cache worker for execution history cache (C:\Users\Rania\.gradle\caches\8.0\executionHistory)" [_thread_blocked, id=904, stack(0x000000317a300000,0x000000317a400000)]
  0x0000014b10fc5ca0 JavaThread "Cache worker for kotlin-dsl (C:\Users\Rania\.gradle\caches\8.0\kotlin-dsl)" [_thread_blocked, id=15848, stack(0x000000317a500000,0x000000317a600000)]
  0x0000014b10fc6170 JavaThread "Cache worker for dependencies-accessors (D:\androidProjectEducation-master\.gradle\8.0\dependencies-accessors)" [_thread_blocked, id=19328, stack(0x000000317a600000,0x000000317a700000)]
  0x0000014b10fc4e30 JavaThread "Cache worker for Build Output Cleanup Cache (D:\androidProjectEducation-master\.gradle\buildOutputCleanup)" [_thread_blocked, id=5500, stack(0x000000317a400000,0x000000317a500000)]
  0x0000014b10fc1940 JavaThread "Unconstrained build operations" [_thread_blocked, id=21832, stack(0x000000317a800000,0x000000317a900000)]
  0x0000014b10fc6640 JavaThread "Unconstrained build operations Thread 2" [_thread_blocked, id=7820, stack(0x000000317a900000,0x000000317aa00000)]
  0x0000014b10fc0fa0 JavaThread "Unconstrained build operations Thread 3" [_thread_blocked, id=21804, stack(0x000000317aa00000,0x000000317ab00000)]
  0x0000014b10fc3150 JavaThread "Unconstrained build operations Thread 4" [_thread_blocked, id=23128, stack(0x000000317ab00000,0x000000317ac00000)]
  0x0000014b10fc22e0 JavaThread "Unconstrained build operations Thread 5" [_thread_blocked, id=2348, stack(0x000000317ac00000,0x000000317ad00000)]
  0x0000014b10fc27b0 JavaThread "Unconstrained build operations Thread 6" [_thread_blocked, id=6844, stack(0x000000317ad00000,0x000000317ae00000)]
  0x0000014b10fc0600 JavaThread "Unconstrained build operations Thread 7" [_thread_blocked, id=23308, stack(0x000000317ae00000,0x000000317af00000)]
  0x0000014b10fc3620 JavaThread "Unconstrained build operations Thread 8" [_thread_blocked, id=7208, stack(0x000000317af00000,0x000000317b000000)]
  0x0000014b10fc3fc0 JavaThread "Unconstrained build operations Thread 9" [_thread_blocked, id=5584, stack(0x000000317b000000,0x000000317b100000)]
  0x0000014b10fc6b10 JavaThread "Unconstrained build operations Thread 10" [_thread_blocked, id=7660, stack(0x000000317b100000,0x000000317b200000)]
  0x0000014b10fc4960 JavaThread "Unconstrained build operations Thread 11" [_thread_blocked, id=9988, stack(0x000000317b200000,0x000000317b300000)]
  0x0000014b10fc6fe0 JavaThread "Unconstrained build operations Thread 12" [_thread_blocked, id=21656, stack(0x000000317b300000,0x000000317b400000)]
  0x0000014b10fc0130 JavaThread "Unconstrained build operations Thread 13" [_thread_blocked, id=14476, stack(0x000000317b400000,0x000000317b500000)]
  0x0000014b10fc3af0 JavaThread "Unconstrained build operations Thread 14" [_thread_blocked, id=19740, stack(0x000000317b500000,0x000000317b600000)]
  0x0000014b10fc5300 JavaThread "Unconstrained build operations Thread 15" [_thread_blocked, id=10608, stack(0x000000317b600000,0x000000317b700000)]
  0x0000014b10fbfc60 JavaThread "Unconstrained build operations Thread 16" [_thread_blocked, id=7328, stack(0x000000317b700000,0x000000317b800000)]
  0x0000014b10fc1470 JavaThread "Unconstrained build operations Thread 17" [_thread_blocked, id=3408, stack(0x000000317b800000,0x000000317b900000)]
  0x0000014b12465ed0 JavaThread "Unconstrained build operations Thread 18" [_thread_blocked, id=11300, stack(0x000000317b900000,0x000000317ba00000)]
  0x0000014b1246a230 JavaThread "Unconstrained build operations Thread 19" [_thread_blocked, id=5740, stack(0x000000317ba00000,0x000000317bb00000)]
  0x0000014b12465060 JavaThread "Unconstrained build operations Thread 20" [_thread_blocked, id=10476, stack(0x000000317bb00000,0x000000317bc00000)]
  0x0000014b12465530 JavaThread "Unconstrained build operations Thread 21" [_thread_blocked, id=17944, stack(0x000000317bc00000,0x000000317bd00000)]
  0x0000014b12469890 JavaThread "Unconstrained build operations Thread 22" [_thread_blocked, id=14360, stack(0x000000317bd00000,0x000000317be00000)]
  0x0000014b12465a00 JavaThread "Unconstrained build operations Thread 23" [_thread_blocked, id=21536, stack(0x000000317be00000,0x000000317bf00000)]
  0x0000014b124693c0 JavaThread "Unconstrained build operations Thread 24" [_thread_blocked, id=18488, stack(0x000000317bf00000,0x000000317c000000)]
  0x0000014b12466870 JavaThread "Unconstrained build operations Thread 25" [_thread_blocked, id=5712, stack(0x000000317c000000,0x000000317c100000)]
  0x0000014b12463d20 JavaThread "Unconstrained build operations Thread 26" [_thread_blocked, id=16356, stack(0x000000317c100000,0x000000317c200000)]
  0x0000014b12463380 JavaThread "Unconstrained build operations Thread 27" [_thread_blocked, id=23176, stack(0x000000317c200000,0x000000317c300000)]
  0x0000014b124646c0 JavaThread "Unconstrained build operations Thread 28" [_thread_blocked, id=1988, stack(0x000000317c300000,0x000000317c400000)]
  0x0000014b12467bb0 JavaThread "Unconstrained build operations Thread 29" [_thread_blocked, id=17628, stack(0x000000317c400000,0x000000317c500000)]
  0x0000014b124663a0 JavaThread "Unconstrained build operations Thread 30" [_thread_blocked, id=15560, stack(0x000000317c500000,0x000000317c600000)]
  0x0000014b12464b90 JavaThread "Unconstrained build operations Thread 31" [_thread_blocked, id=23168, stack(0x000000317c600000,0x000000317c700000)]
  0x0000014b12469d60 JavaThread "Unconstrained build operations Thread 32" [_thread_blocked, id=14004, stack(0x000000317c700000,0x000000317c800000)]
  0x0000014b12466d40 JavaThread "Unconstrained build operations Thread 33" [_thread_blocked, id=3096, stack(0x000000317c800000,0x000000317c900000)]
  0x0000014b12467210 JavaThread "Unconstrained build operations Thread 34" [_thread_blocked, id=22608, stack(0x000000317c900000,0x000000317ca00000)]
  0x0000014b124676e0 JavaThread "Unconstrained build operations Thread 35" [_thread_blocked, id=23160, stack(0x000000317ca00000,0x000000317cb00000)]
  0x0000014b12468080 JavaThread "Unconstrained build operations Thread 36" [_thread_blocked, id=5428, stack(0x000000317cb00000,0x000000317cc00000)]
  0x0000014b12468ef0 JavaThread "Unconstrained build operations Thread 37" [_thread_blocked, id=17536, stack(0x000000317cc00000,0x000000317cd00000)]
  0x0000014b1246a700 JavaThread "Unconstrained build operations Thread 38" [_thread_blocked, id=16548, stack(0x000000317cd00000,0x000000317ce00000)]
  0x0000014b1246abd0 JavaThread "Unconstrained build operations Thread 39" [_thread_blocked, id=17896, stack(0x000000317ce00000,0x000000317cf00000)]
  0x0000014b12468550 JavaThread "Unconstrained build operations Thread 40" [_thread_blocked, id=4560, stack(0x000000317cf00000,0x000000317d000000)]
  0x0000014b124641f0 JavaThread "Memory manager" [_thread_blocked, id=16212, stack(0x000000317d000000,0x000000317d100000)]
  0x0000014b17b27b80 JavaThread "included builds" [_thread_blocked, id=18376, stack(0x000000317d600000,0x000000317d700000)]
  0x0000014b17b2b070 JavaThread "Execution worker" [_thread_blocked, id=12240, stack(0x000000317d700000,0x000000317d800000)]
  0x0000014b17b2bee0 JavaThread "Execution worker Thread 2" [_thread_blocked, id=4112, stack(0x000000317d800000,0x000000317d900000)]
  0x0000014b17b2ba10 JavaThread "Execution worker Thread 3" [_thread_blocked, id=9432, stack(0x000000317d900000,0x000000317da00000)]
  0x0000014b17b29390 JavaThread "Cache worker for execution history cache (D:\androidProjectEducation-master\.gradle\8.0\executionHistory)" [_thread_blocked, id=17836, stack(0x000000317da00000,0x000000317db00000)]
  0x0000014b183b7a50 JavaThread "C2 CompilerThread1" daemon [_thread_in_native, id=8804, stack(0x000000317dc00000,0x000000317dd00000)]

Other Threads:
  0x0000014b7e54ec40 VMThread "VM Thread" [stack: 0x0000003177b00000,0x0000003177c00000] [id=21048]
  0x0000014b7f184320 WatcherThread [stack: 0x0000003178700000,0x0000003178800000] [id=19132]
  0x0000014b6f3c90d0 GCTaskThread "GC Thread#0" [stack: 0x0000003177600000,0x0000003177700000] [id=336]
  0x0000014b7f6b01e0 GCTaskThread "GC Thread#1" [stack: 0x0000003178800000,0x0000003178900000] [id=21380]
  0x0000014b7f6b0490 GCTaskThread "GC Thread#2" [stack: 0x0000003178900000,0x0000003178a00000] [id=10868]
  0x0000014b0f443400 GCTaskThread "GC Thread#3" [stack: 0x0000003178a00000,0x0000003178b00000] [id=18400]
  0x0000014b6f3d9f20 ConcurrentGCThread "G1 Main Marker" [stack: 0x0000003177700000,0x0000003177800000] [id=1752]
  0x0000014b6f3da840 ConcurrentGCThread "G1 Conc#0" [stack: 0x0000003177800000,0x0000003177900000] [id=6080]
  0x0000014b6f41d6f0 ConcurrentGCThread "G1 Refine#0" [stack: 0x0000003177900000,0x0000003177a00000] [id=3332]
  0x0000014b10b21ec0 ConcurrentGCThread "G1 Refine#1" [stack: 0x000000317d500000,0x000000317d600000] [id=8888]
  0x0000014b6f41e020 ConcurrentGCThread "G1 Service" [stack: 0x0000003177a00000,0x0000003177b00000] [id=23224]

Threads with active compile tasks:
C2 CompilerThread0    60113 14054   !   4       java.io.ObjectOutputStream::writeObject0 (620 bytes)
C2 CompilerThread1    60113 14061       4       java.lang.reflect.AccessibleObject::checkCanSetAccessible (368 bytes)

VM state: not at safepoint (normal execution)

VM Mutex/Monitor currently owned by a thread: None

Heap address: 0x0000000700000000, size: 4096 MB, Compressed Oops mode: Zero based, Oop shift amount: 3

CDS archive(s) not mapped
Compressed class space mapped at: 0x0000000800000000-0x0000000840000000, reserved size: 1073741824
Narrow klass base: 0x0000000800000000, Narrow klass shift: 0, Narrow klass range: 0x40000000

GC Precious Log:
 CPUs: 4 total, 4 available
 Memory: 7975M
 Large Page Support: Disabled
 NUMA Support: Disabled
 Compressed Oops: Enabled (Zero based)
 Heap Region Size: 2M
 Heap Min Capacity: 8M
 Heap Initial Capacity: 126M
 Heap Max Capacity: 4G
 Pre-touch: Disabled
 Parallel Workers: 4
 Concurrent Workers: 1
 Concurrent Refinement Workers: 4
 Periodic GC: Disabled

Heap:
 garbage-first heap   total 481280K, used 277095K [0x0000000700000000, 0x0000000800000000)
  region size 2048K, 48 young (98304K), 13 survivors (26624K)
 Metaspace       used 118904K, committed 119936K, reserved 1155072K
  class space    used 15940K, committed 16448K, reserved 1048576K

Heap Regions: E=young(eden), S=young(survivor), O=old, HS=humongous(starts), HC=humongous(continues), CS=collection set, F=free, OA=open archive, CA=closed archive, TAMS=top-at-mark-start (previous, next)
|   0|0x0000000700000000, 0x0000000700200000, 0x0000000700200000|100%| O|  |TAMS 0x0000000700200000, 0x0000000700000000| Untracked 
|   1|0x0000000700200000, 0x0000000700400000, 0x0000000700400000|100%|HS|  |TAMS 0x0000000700400000, 0x0000000700200000| Complete 
|   2|0x0000000700400000, 0x0000000700600000, 0x0000000700600000|100%|HC|  |TAMS 0x0000000700600000, 0x0000000700400000| Complete 
|   3|0x0000000700600000, 0x00000007007e1600, 0x0000000700800000| 94%| O|  |TAMS 0x00000007007e1600, 0x0000000700600000| Untracked 
|   4|0x0000000700800000, 0x0000000700a00000, 0x0000000700a00000|100%| O|  |TAMS 0x0000000700a00000, 0x0000000700800000| Untracked 
|   5|0x0000000700a00000, 0x0000000700c00000, 0x0000000700c00000|100%| O|  |TAMS 0x0000000700c00000, 0x0000000700a00000| Untracked 
|   6|0x0000000700c00000, 0x0000000700e00000, 0x0000000700e00000|100%| O|  |TAMS 0x0000000700e00000, 0x0000000700c00000| Untracked 
|   7|0x0000000700e00000, 0x0000000701000000, 0x0000000701000000|100%| O|  |TAMS 0x0000000701000000, 0x0000000700e00000| Untracked 
|   8|0x0000000701000000, 0x0000000701200000, 0x0000000701200000|100%| O|  |TAMS 0x0000000701200000, 0x0000000701000000| Untracked 
|   9|0x0000000701200000, 0x0000000701400000, 0x0000000701400000|100%| O|  |TAMS 0x0000000701400000, 0x0000000701200000| Untracked 
|  10|0x0000000701400000, 0x0000000701600000, 0x0000000701600000|100%| O|  |TAMS 0x0000000701600000, 0x0000000701400000| Untracked 
|  11|0x0000000701600000, 0x0000000701800000, 0x0000000701800000|100%|HS|  |TAMS 0x0000000701800000, 0x0000000701600000| Complete 
|  12|0x0000000701800000, 0x0000000701a00000, 0x0000000701a00000|100%|HS|  |TAMS 0x0000000701a00000, 0x0000000701800000| Complete 
|  13|0x0000000701a00000, 0x0000000701c00000, 0x0000000701c00000|100%|HC|  |TAMS 0x0000000701c00000, 0x0000000701a00000| Complete 
|  14|0x0000000701c00000, 0x0000000701e00000, 0x0000000701e00000|100%|HS|  |TAMS 0x0000000701e00000, 0x0000000701c00000| Complete 
|  15|0x0000000701e00000, 0x0000000702000000, 0x0000000702000000|100%|HC|  |TAMS 0x0000000702000000, 0x0000000701e00000| Complete 
|  16|0x0000000702000000, 0x0000000702200000, 0x0000000702200000|100%| O|  |TAMS 0x0000000702200000, 0x0000000702000000| Untracked 
|  17|0x0000000702200000, 0x0000000702400000, 0x0000000702400000|100%|HS|  |TAMS 0x0000000702400000, 0x0000000702200000| Complete 
|  18|0x0000000702400000, 0x0000000702600000, 0x0000000702600000|100%| O|  |TAMS 0x0000000702600000, 0x0000000702400000| Untracked 
|  19|0x0000000702600000, 0x0000000702800000, 0x0000000702800000|100%| O|  |TAMS 0x0000000702800000, 0x0000000702600000| Untracked 
|  20|0x0000000702800000, 0x0000000702a00000, 0x0000000702a00000|100%| O|  |TAMS 0x0000000702a00000, 0x0000000702800000| Untracked 
|  21|0x0000000702a00000, 0x0000000702c00000, 0x0000000702c00000|100%| O|  |TAMS 0x0000000702c00000, 0x0000000702a00000| Untracked 
|  22|0x0000000702c00000, 0x0000000702e00000, 0x0000000702e00000|100%|HS|  |TAMS 0x0000000702e00000, 0x0000000702c00000| Complete 
|  23|0x0000000702e00000, 0x0000000703000000, 0x0000000703000000|100%|HC|  |TAMS 0x0000000703000000, 0x0000000702e00000| Complete 
|  24|0x0000000703000000, 0x0000000703200000, 0x0000000703200000|100%|HS|  |TAMS 0x0000000703200000, 0x0000000703000000| Complete 
|  25|0x0000000703200000, 0x0000000703400000, 0x0000000703400000|100%|HC|  |TAMS 0x0000000703400000, 0x0000000703200000| Complete 
|  26|0x0000000703400000, 0x0000000703600000, 0x0000000703600000|100%|HC|  |TAMS 0x0000000703600000, 0x0000000703400000| Complete 
|  27|0x0000000703600000, 0x0000000703800000, 0x0000000703800000|100%|HC|  |TAMS 0x0000000703800000, 0x0000000703600000| Complete 
|  28|0x0000000703800000, 0x0000000703a00000, 0x0000000703a00000|100%|HC|  |TAMS 0x0000000703a00000, 0x0000000703800000| Complete 
|  29|0x0000000703a00000, 0x0000000703c00000, 0x0000000703c00000|100%|HC|  |TAMS 0x0000000703c00000, 0x0000000703a00000| Complete 
|  30|0x0000000703c00000, 0x0000000703e00000, 0x0000000703e00000|100%|HS|  |TAMS 0x0000000703e00000, 0x0000000703c00000| Complete 
|  31|0x0000000703e00000, 0x0000000704000000, 0x0000000704000000|100%|HC|  |TAMS 0x0000000704000000, 0x0000000703e00000| Complete 
|  32|0x0000000704000000, 0x0000000704200000, 0x0000000704200000|100%| O|  |TAMS 0x0000000704200000, 0x0000000704000000| Untracked 
|  33|0x0000000704200000, 0x0000000704400000, 0x0000000704400000|100%| O|  |TAMS 0x0000000704400000, 0x0000000704200000| Untracked 
|  34|0x0000000704400000, 0x0000000704600000, 0x0000000704600000|100%| O|  |TAMS 0x0000000704600000, 0x0000000704400000| Untracked 
|  35|0x0000000704600000, 0x0000000704800000, 0x0000000704800000|100%| O|  |TAMS 0x0000000704800000, 0x0000000704600000| Untracked 
|  36|0x0000000704800000, 0x0000000704a00000, 0x0000000704a00000|100%| O|  |TAMS 0x0000000704a00000, 0x0000000704800000| Untracked 
|  37|0x0000000704a00000, 0x0000000704c00000, 0x0000000704c00000|100%| O|  |TAMS 0x0000000704c00000, 0x0000000704a00000| Untracked 
|  38|0x0000000704c00000, 0x0000000704e00000, 0x0000000704e00000|100%| O|  |TAMS 0x0000000704e00000, 0x0000000704c00000| Untracked 
|  39|0x0000000704e00000, 0x0000000705000000, 0x0000000705000000|100%| O|  |TAMS 0x0000000705000000, 0x0000000704e00000| Untracked 
|  40|0x0000000705000000, 0x0000000705200000, 0x0000000705200000|100%|HS|  |TAMS 0x0000000705200000, 0x0000000705000000| Complete 
|  41|0x0000000705200000, 0x0000000705400000, 0x0000000705400000|100%| O|  |TAMS 0x0000000705200000, 0x0000000705200000| Untracked 
|  42|0x0000000705400000, 0x0000000705600000, 0x0000000705600000|100%| O|  |TAMS 0x0000000705600000, 0x0000000705400000| Untracked 
|  43|0x0000000705600000, 0x0000000705800000, 0x0000000705800000|100%|HS|  |TAMS 0x0000000705800000, 0x0000000705600000| Complete 
|  44|0x0000000705800000, 0x0000000705a00000, 0x0000000705a00000|100%|HC|  |TAMS 0x0000000705a00000, 0x0000000705800000| Complete 
|  45|0x0000000705a00000, 0x0000000705c00000, 0x0000000705c00000|100%| O|  |TAMS 0x0000000705c00000, 0x0000000705a00000| Untracked 
|  46|0x0000000705c00000, 0x0000000705e00000, 0x0000000705e00000|100%| O|  |TAMS 0x0000000705e00000, 0x0000000705c00000| Untracked 
|  47|0x0000000705e00000, 0x0000000706000000, 0x0000000706000000|100%| O|  |TAMS 0x0000000706000000, 0x0000000705e00000| Untracked 
|  48|0x0000000706000000, 0x0000000706200000, 0x0000000706200000|100%|HS|  |TAMS 0x0000000706200000, 0x0000000706000000| Complete 
|  49|0x0000000706200000, 0x0000000706400000, 0x0000000706400000|100%| O|  |TAMS 0x0000000706200000, 0x0000000706200000| Untracked 
|  50|0x0000000706400000, 0x0000000706600000, 0x0000000706600000|100%| O|  |TAMS 0x0000000706600000, 0x0000000706400000| Untracked 
|  51|0x0000000706600000, 0x0000000706800000, 0x0000000706800000|100%| O|  |TAMS 0x0000000706800000, 0x0000000706600000| Untracked 
|  52|0x0000000706800000, 0x0000000706a00000, 0x0000000706a00000|100%| O|  |TAMS 0x0000000706a00000, 0x0000000706800000| Untracked 
|  53|0x0000000706a00000, 0x0000000706c00000, 0x0000000706c00000|100%| O|  |TAMS 0x0000000706c00000, 0x0000000706a00000| Untracked 
|  54|0x0000000706c00000, 0x0000000706e00000, 0x0000000706e00000|100%| O|  |TAMS 0x0000000706e00000, 0x0000000706c00000| Untracked 
|  55|0x0000000706e00000, 0x0000000707000000, 0x0000000707000000|100%| O|  |TAMS 0x0000000707000000, 0x0000000706e00000| Untracked 
|  56|0x0000000707000000, 0x0000000707200000, 0x0000000707200000|100%| O|  |TAMS 0x0000000707200000, 0x0000000707000000| Untracked 
|  57|0x0000000707200000, 0x0000000707400000, 0x0000000707400000|100%| O|  |TAMS 0x0000000707400000, 0x0000000707200000| Untracked 
|  58|0x0000000707400000, 0x0000000707600000, 0x0000000707600000|100%|HS|  |TAMS 0x0000000707600000, 0x0000000707400000| Complete 
|  59|0x0000000707600000, 0x0000000707800000, 0x0000000707800000|100%|HC|  |TAMS 0x0000000707800000, 0x0000000707600000| Complete 
|  60|0x0000000707800000, 0x0000000707a00000, 0x0000000707a00000|100%|HS|  |TAMS 0x0000000707a00000, 0x0000000707800000| Complete 
|  61|0x0000000707a00000, 0x0000000707c00000, 0x0000000707c00000|100%|HC|  |TAMS 0x0000000707c00000, 0x0000000707a00000| Complete 
|  62|0x0000000707c00000, 0x0000000707e00000, 0x0000000707e00000|100%|HS|  |TAMS 0x0000000707e00000, 0x0000000707c00000| Complete 
|  63|0x0000000707e00000, 0x0000000708000000, 0x0000000708000000|100%|HC|  |TAMS 0x0000000708000000, 0x0000000707e00000| Complete 
|  64|0x0000000708000000, 0x0000000708200000, 0x0000000708200000|100%|HC|  |TAMS 0x0000000708200000, 0x0000000708000000| Complete 
|  65|0x0000000708200000, 0x0000000708400000, 0x0000000708400000|100%|HC|  |TAMS 0x0000000708400000, 0x0000000708200000| Complete 
|  66|0x0000000708400000, 0x0000000708600000, 0x0000000708600000|100%|HC|  |TAMS 0x0000000708600000, 0x0000000708400000| Complete 
|  67|0x0000000708600000, 0x0000000708800000, 0x0000000708800000|100%|HC|  |TAMS 0x0000000708800000, 0x0000000708600000| Complete 
|  68|0x0000000708800000, 0x0000000708a00000, 0x0000000708a00000|100%|HS|  |TAMS 0x0000000708a00000, 0x0000000708800000| Complete 
|  69|0x0000000708a00000, 0x0000000708c00000, 0x0000000708c00000|100%| O|  |TAMS 0x0000000708c00000, 0x0000000708a00000| Untracked 
|  70|0x0000000708c00000, 0x0000000708e00000, 0x0000000708e00000|100%| O|  |TAMS 0x0000000708e00000, 0x0000000708c00000| Untracked 
|  71|0x0000000708e00000, 0x0000000709000000, 0x0000000709000000|100%| O|  |TAMS 0x0000000709000000, 0x0000000708e00000| Untracked 
|  72|0x0000000709000000, 0x0000000709200000, 0x0000000709200000|100%| O|  |TAMS 0x0000000709200000, 0x0000000709000000| Untracked 
|  73|0x0000000709200000, 0x0000000709400000, 0x0000000709400000|100%| O|  |TAMS 0x000000070929f000, 0x0000000709200000| Untracked 
|  74|0x0000000709400000, 0x0000000709600000, 0x0000000709600000|100%| O|  |TAMS 0x0000000709400000, 0x0000000709400000| Untracked 
|  75|0x0000000709600000, 0x0000000709800000, 0x0000000709800000|100%| O|  |TAMS 0x0000000709600000, 0x0000000709600000| Untracked 
|  76|0x0000000709800000, 0x0000000709a00000, 0x0000000709a00000|100%| O|  |TAMS 0x0000000709800000, 0x0000000709800000| Untracked 
|  77|0x0000000709a00000, 0x0000000709c00000, 0x0000000709c00000|100%| O|  |TAMS 0x0000000709a00000, 0x0000000709a00000| Untracked 
|  78|0x0000000709c00000, 0x0000000709e00000, 0x0000000709e00000|100%| O|  |TAMS 0x0000000709c00000, 0x0000000709c00000| Untracked 
|  79|0x0000000709e00000, 0x000000070a000000, 0x000000070a000000|100%| O|  |TAMS 0x0000000709e00000, 0x0000000709e00000| Untracked 
|  80|0x000000070a000000, 0x000000070a200000, 0x000000070a200000|100%| O|  |TAMS 0x000000070a000000, 0x000000070a000000| Untracked 
|  81|0x000000070a200000, 0x000000070a400000, 0x000000070a400000|100%| O|  |TAMS 0x000000070a200000, 0x000000070a200000| Untracked 
|  82|0x000000070a400000, 0x000000070a600000, 0x000000070a600000|100%| O|  |TAMS 0x000000070a400000, 0x000000070a400000| Untracked 
|  83|0x000000070a600000, 0x000000070a800000, 0x000000070a800000|100%| O|  |TAMS 0x000000070a600000, 0x000000070a600000| Untracked 
|  84|0x000000070a800000, 0x000000070aa00000, 0x000000070aa00000|100%| O|  |TAMS 0x000000070a800000, 0x000000070a800000| Untracked 
|  85|0x000000070aa00000, 0x000000070ac00000, 0x000000070ac00000|100%| O|  |TAMS 0x000000070aa00000, 0x000000070aa00000| Untracked 
|  86|0x000000070ac00000, 0x000000070ad86000, 0x000000070ae00000| 76%| O|  |TAMS 0x000000070ac00000, 0x000000070ac00000| Untracked 
|  87|0x000000070ae00000, 0x000000070ae00000, 0x000000070b000000|  0%| F|  |TAMS 0x000000070ae00000, 0x000000070ae00000| Untracked 
|  88|0x000000070b000000, 0x000000070b000000, 0x000000070b200000|  0%| F|  |TAMS 0x000000070b000000, 0x000000070b000000| Untracked 
|  89|0x000000070b200000, 0x000000070b200000, 0x000000070b400000|  0%| F|  |TAMS 0x000000070b200000, 0x000000070b200000| Untracked 
|  90|0x000000070b400000, 0x000000070b400000, 0x000000070b600000|  0%| F|  |TAMS 0x000000070b400000, 0x000000070b400000| Untracked 
|  91|0x000000070b600000, 0x000000070b600000, 0x000000070b800000|  0%| F|  |TAMS 0x000000070b600000, 0x000000070b600000| Untracked 
|  92|0x000000070b800000, 0x000000070b800000, 0x000000070ba00000|  0%| F|  |TAMS 0x000000070b800000, 0x000000070b800000| Untracked 
|  93|0x000000070ba00000, 0x000000070ba00000, 0x000000070bc00000|  0%| F|  |TAMS 0x000000070ba00000, 0x000000070ba00000| Untracked 
|  94|0x000000070bc00000, 0x000000070be00000, 0x000000070be00000|100%| O|  |TAMS 0x000000070bc00000, 0x000000070bc00000| Untracked 
|  95|0x000000070be00000, 0x000000070c000000, 0x000000070c000000|100%| O|  |TAMS 0x000000070be00000, 0x000000070be00000| Untracked 
|  96|0x000000070c000000, 0x000000070c000000, 0x000000070c200000|  0%| F|  |TAMS 0x000000070c000000, 0x000000070c000000| Untracked 
|  97|0x000000070c200000, 0x000000070c200000, 0x000000070c400000|  0%| F|  |TAMS 0x000000070c200000, 0x000000070c200000| Untracked 
|  98|0x000000070c400000, 0x000000070c400000, 0x000000070c600000|  0%| F|  |TAMS 0x000000070c400000, 0x000000070c400000| Untracked 
|  99|0x000000070c600000, 0x000000070c600000, 0x000000070c800000|  0%| F|  |TAMS 0x000000070c600000, 0x000000070c600000| Untracked 
| 100|0x000000070c800000, 0x000000070c800000, 0x000000070ca00000|  0%| F|  |TAMS 0x000000070c800000, 0x000000070c800000| Untracked 
| 101|0x000000070ca00000, 0x000000070ca00000, 0x000000070cc00000|  0%| F|  |TAMS 0x000000070ca00000, 0x000000070ca00000| Untracked 
| 102|0x000000070cc00000, 0x000000070cc00000, 0x000000070ce00000|  0%| F|  |TAMS 0x000000070cc00000, 0x000000070cc00000| Untracked 
| 103|0x000000070ce00000, 0x000000070ce00000, 0x000000070d000000|  0%| F|  |TAMS 0x000000070ce00000, 0x000000070ce00000| Untracked 
| 104|0x000000070d000000, 0x000000070d000000, 0x000000070d200000|  0%| F|  |TAMS 0x000000070d000000, 0x000000070d000000| Untracked 
| 105|0x000000070d200000, 0x000000070d200000, 0x000000070d400000|  0%| F|  |TAMS 0x000000070d200000, 0x000000070d200000| Untracked 
| 106|0x000000070d400000, 0x000000070d400000, 0x000000070d600000|  0%| F|  |TAMS 0x000000070d400000, 0x000000070d400000| Untracked 
| 107|0x000000070d600000, 0x000000070d600000, 0x000000070d800000|  0%| F|  |TAMS 0x000000070d600000, 0x000000070d600000| Untracked 
| 108|0x000000070d800000, 0x000000070d800000, 0x000000070da00000|  0%| F|  |TAMS 0x000000070d800000, 0x000000070d800000| Untracked 
| 109|0x000000070da00000, 0x000000070da00000, 0x000000070dc00000|  0%| F|  |TAMS 0x000000070da00000, 0x000000070da00000| Untracked 
| 110|0x000000070dc00000, 0x000000070dc00000, 0x000000070de00000|  0%| F|  |TAMS 0x000000070dc00000, 0x000000070dc00000| Untracked 
| 111|0x000000070de00000, 0x000000070de00000, 0x000000070e000000|  0%| F|  |TAMS 0x000000070de00000, 0x000000070de00000| Untracked 
| 112|0x000000070e000000, 0x000000070e000000, 0x000000070e200000|  0%| F|  |TAMS 0x000000070e000000, 0x000000070e000000| Untracked 
| 113|0x000000070e200000, 0x000000070e200000, 0x000000070e400000|  0%| F|  |TAMS 0x000000070e200000, 0x000000070e200000| Untracked 
| 114|0x000000070e400000, 0x000000070e400000, 0x000000070e600000|  0%| F|  |TAMS 0x000000070e400000, 0x000000070e400000| Untracked 
| 115|0x000000070e600000, 0x000000070e600000, 0x000000070e800000|  0%| F|  |TAMS 0x000000070e600000, 0x000000070e600000| Untracked 
| 116|0x000000070e800000, 0x000000070e800000, 0x000000070ea00000|  0%| F|  |TAMS 0x000000070e800000, 0x000000070e800000| Untracked 
| 117|0x000000070ea00000, 0x000000070ea00000, 0x000000070ec00000|  0%| F|  |TAMS 0x000000070ea00000, 0x000000070ea00000| Untracked 
| 118|0x000000070ec00000, 0x000000070ec00000, 0x000000070ee00000|  0%| F|  |TAMS 0x000000070ec00000, 0x000000070ec00000| Untracked 
| 119|0x000000070ee00000, 0x000000070ee00000, 0x000000070f000000|  0%| F|  |TAMS 0x000000070ee00000, 0x000000070ee00000| Untracked 
| 120|0x000000070f000000, 0x000000070f000000, 0x000000070f200000|  0%| F|  |TAMS 0x000000070f000000, 0x000000070f000000| Untracked 
| 121|0x000000070f200000, 0x000000070f200000, 0x000000070f400000|  0%| F|  |TAMS 0x000000070f200000, 0x000000070f200000| Untracked 
| 122|0x000000070f400000, 0x000000070f400000, 0x000000070f600000|  0%| F|  |TAMS 0x000000070f400000, 0x000000070f400000| Untracked 
| 123|0x000000070f600000, 0x000000070f600000, 0x000000070f800000|  0%| F|  |TAMS 0x000000070f600000, 0x000000070f600000| Untracked 
| 124|0x000000070f800000, 0x000000070f800000, 0x000000070fa00000|  0%| F|  |TAMS 0x000000070f800000, 0x000000070f800000| Untracked 
| 125|0x000000070fa00000, 0x000000070fa00000, 0x000000070fc00000|  0%| F|  |TAMS 0x000000070fa00000, 0x000000070fa00000| Untracked 
| 126|0x000000070fc00000, 0x000000070fc00000, 0x000000070fe00000|  0%| F|  |TAMS 0x000000070fc00000, 0x000000070fc00000| Untracked 
| 127|0x000000070fe00000, 0x000000070ff32630, 0x0000000710000000| 59%| S|CS|TAMS 0x000000070fe00000, 0x000000070fe00000| Complete 
| 128|0x0000000710000000, 0x0000000710200000, 0x0000000710200000|100%| S|CS|TAMS 0x0000000710000000, 0x0000000710000000| Complete 
| 129|0x0000000710200000, 0x0000000710400000, 0x0000000710400000|100%| S|CS|TAMS 0x0000000710200000, 0x0000000710200000| Complete 
| 130|0x0000000710400000, 0x0000000710600000, 0x0000000710600000|100%| S|CS|TAMS 0x0000000710400000, 0x0000000710400000| Complete 
| 131|0x0000000710600000, 0x0000000710800000, 0x0000000710800000|100%| S|CS|TAMS 0x0000000710600000, 0x0000000710600000| Complete 
| 132|0x0000000710800000, 0x0000000710a00000, 0x0000000710a00000|100%| S|CS|TAMS 0x0000000710800000, 0x0000000710800000| Complete 
| 133|0x0000000710a00000, 0x0000000710c00000, 0x0000000710c00000|100%| S|CS|TAMS 0x0000000710a00000, 0x0000000710a00000| Complete 
| 134|0x0000000710c00000, 0x0000000710e00000, 0x0000000710e00000|100%| S|CS|TAMS 0x0000000710c00000, 0x0000000710c00000| Complete 
| 135|0x0000000710e00000, 0x0000000711000000, 0x0000000711000000|100%| S|CS|TAMS 0x0000000710e00000, 0x0000000710e00000| Complete 
| 136|0x0000000711000000, 0x0000000711200000, 0x0000000711200000|100%| S|CS|TAMS 0x0000000711000000, 0x0000000711000000| Complete 
| 137|0x0000000711200000, 0x0000000711400000, 0x0000000711400000|100%| S|CS|TAMS 0x0000000711200000, 0x0000000711200000| Complete 
| 138|0x0000000711400000, 0x0000000711600000, 0x0000000711600000|100%| S|CS|TAMS 0x0000000711400000, 0x0000000711400000| Complete 
| 139|0x0000000711600000, 0x0000000711800000, 0x0000000711800000|100%| S|CS|TAMS 0x0000000711600000, 0x0000000711600000| Complete 
| 140|0x0000000711800000, 0x0000000711800000, 0x0000000711a00000|  0%| F|  |TAMS 0x0000000711800000, 0x0000000711800000| Untracked 
| 141|0x0000000711a00000, 0x0000000711a00000, 0x0000000711c00000|  0%| F|  |TAMS 0x0000000711a00000, 0x0000000711a00000| Untracked 
| 142|0x0000000711c00000, 0x0000000711c00000, 0x0000000711e00000|  0%| F|  |TAMS 0x0000000711c00000, 0x0000000711c00000| Untracked 
| 143|0x0000000711e00000, 0x0000000711e00000, 0x0000000712000000|  0%| F|  |TAMS 0x0000000711e00000, 0x0000000711e00000| Untracked 
| 144|0x0000000712000000, 0x0000000712000000, 0x0000000712200000|  0%| F|  |TAMS 0x0000000712000000, 0x0000000712000000| Untracked 
| 145|0x0000000712200000, 0x0000000712200000, 0x0000000712400000|  0%| F|  |TAMS 0x0000000712200000, 0x0000000712200000| Untracked 
| 146|0x0000000712400000, 0x0000000712400000, 0x0000000712600000|  0%| F|  |TAMS 0x0000000712400000, 0x0000000712400000| Untracked 
| 147|0x0000000712600000, 0x0000000712600000, 0x0000000712800000|  0%| F|  |TAMS 0x0000000712600000, 0x0000000712600000| Untracked 
| 148|0x0000000712800000, 0x0000000712800000, 0x0000000712a00000|  0%| F|  |TAMS 0x0000000712800000, 0x0000000712800000| Untracked 
| 149|0x0000000712a00000, 0x0000000712a00000, 0x0000000712c00000|  0%| F|  |TAMS 0x0000000712a00000, 0x0000000712a00000| Untracked 
| 150|0x0000000712c00000, 0x0000000712c00000, 0x0000000712e00000|  0%| F|  |TAMS 0x0000000712c00000, 0x0000000712c00000| Untracked 
| 151|0x0000000712e00000, 0x0000000712e00000, 0x0000000713000000|  0%| F|  |TAMS 0x0000000712e00000, 0x0000000712e00000| Untracked 
| 152|0x0000000713000000, 0x0000000713000000, 0x0000000713200000|  0%| F|  |TAMS 0x0000000713000000, 0x0000000713000000| Untracked 
| 153|0x0000000713200000, 0x0000000713200000, 0x0000000713400000|  0%| F|  |TAMS 0x0000000713200000, 0x0000000713200000| Untracked 
| 154|0x0000000713400000, 0x0000000713400000, 0x0000000713600000|  0%| F|  |TAMS 0x0000000713400000, 0x0000000713400000| Untracked 
| 155|0x0000000713600000, 0x0000000713600000, 0x0000000713800000|  0%| F|  |TAMS 0x0000000713600000, 0x0000000713600000| Untracked 
| 156|0x0000000713800000, 0x0000000713800000, 0x0000000713a00000|  0%| F|  |TAMS 0x0000000713800000, 0x0000000713800000| Untracked 
| 157|0x0000000713a00000, 0x0000000713a00000, 0x0000000713c00000|  0%| F|  |TAMS 0x0000000713a00000, 0x0000000713a00000| Untracked 
| 158|0x0000000713c00000, 0x0000000713c00000, 0x0000000713e00000|  0%| F|  |TAMS 0x0000000713c00000, 0x0000000713c00000| Untracked 
| 159|0x0000000713e00000, 0x0000000713e00000, 0x0000000714000000|  0%| F|  |TAMS 0x0000000713e00000, 0x0000000713e00000| Untracked 
| 160|0x0000000714000000, 0x0000000714000000, 0x0000000714200000|  0%| F|  |TAMS 0x0000000714000000, 0x0000000714000000| Untracked 
| 161|0x0000000714200000, 0x0000000714200000, 0x0000000714400000|  0%| F|  |TAMS 0x0000000714200000, 0x0000000714200000| Untracked 
| 162|0x0000000714400000, 0x0000000714400000, 0x0000000714600000|  0%| F|  |TAMS 0x0000000714400000, 0x0000000714400000| Untracked 
| 163|0x0000000714600000, 0x0000000714600000, 0x0000000714800000|  0%| F|  |TAMS 0x0000000714600000, 0x0000000714600000| Untracked 
| 164|0x0000000714800000, 0x0000000714800000, 0x0000000714a00000|  0%| F|  |TAMS 0x0000000714800000, 0x0000000714800000| Untracked 
| 165|0x0000000714a00000, 0x0000000714a00000, 0x0000000714c00000|  0%| F|  |TAMS 0x0000000714a00000, 0x0000000714a00000| Untracked 
| 166|0x0000000714c00000, 0x0000000714c00000, 0x0000000714e00000|  0%| F|  |TAMS 0x0000000714c00000, 0x0000000714c00000| Untracked 
| 167|0x0000000714e00000, 0x0000000714e00000, 0x0000000715000000|  0%| F|  |TAMS 0x0000000714e00000, 0x0000000714e00000| Untracked 
| 168|0x0000000715000000, 0x0000000715000000, 0x0000000715200000|  0%| F|  |TAMS 0x0000000715000000, 0x0000000715000000| Untracked 
| 169|0x0000000715200000, 0x0000000715200000, 0x0000000715400000|  0%| F|  |TAMS 0x0000000715200000, 0x0000000715200000| Untracked 
| 170|0x0000000715400000, 0x0000000715400000, 0x0000000715600000|  0%| F|  |TAMS 0x0000000715400000, 0x0000000715400000| Untracked 
| 171|0x0000000715600000, 0x0000000715600000, 0x0000000715800000|  0%| F|  |TAMS 0x0000000715600000, 0x0000000715600000| Untracked 
| 172|0x0000000715800000, 0x0000000715800000, 0x0000000715a00000|  0%| F|  |TAMS 0x0000000715800000, 0x0000000715800000| Untracked 
| 173|0x0000000715a00000, 0x0000000715a00000, 0x0000000715c00000|  0%| F|  |TAMS 0x0000000715a00000, 0x0000000715a00000| Untracked 
| 174|0x0000000715c00000, 0x0000000715c00000, 0x0000000715e00000|  0%| F|  |TAMS 0x0000000715c00000, 0x0000000715c00000| Untracked 
| 175|0x0000000715e00000, 0x0000000715e00000, 0x0000000716000000|  0%| F|  |TAMS 0x0000000715e00000, 0x0000000715e00000| Untracked 
| 176|0x0000000716000000, 0x0000000716000000, 0x0000000716200000|  0%| F|  |TAMS 0x0000000716000000, 0x0000000716000000| Untracked 
| 177|0x0000000716200000, 0x0000000716200000, 0x0000000716400000|  0%| F|  |TAMS 0x0000000716200000, 0x0000000716200000| Untracked 
| 178|0x0000000716400000, 0x0000000716400000, 0x0000000716600000|  0%| F|  |TAMS 0x0000000716400000, 0x0000000716400000| Untracked 
| 179|0x0000000716600000, 0x0000000716600000, 0x0000000716800000|  0%| F|  |TAMS 0x0000000716600000, 0x0000000716600000| Untracked 
| 180|0x0000000716800000, 0x0000000716800000, 0x0000000716a00000|  0%| F|  |TAMS 0x0000000716800000, 0x0000000716800000| Untracked 
| 181|0x0000000716a00000, 0x0000000716a00000, 0x0000000716c00000|  0%| F|  |TAMS 0x0000000716a00000, 0x0000000716a00000| Untracked 
| 182|0x0000000716c00000, 0x0000000716c00000, 0x0000000716e00000|  0%| F|  |TAMS 0x0000000716c00000, 0x0000000716c00000| Untracked 
| 183|0x0000000716e00000, 0x0000000716e00000, 0x0000000717000000|  0%| F|  |TAMS 0x0000000716e00000, 0x0000000716e00000| Untracked 
| 184|0x0000000717000000, 0x0000000717000000, 0x0000000717200000|  0%| F|  |TAMS 0x0000000717000000, 0x0000000717000000| Untracked 
| 185|0x0000000717200000, 0x0000000717200000, 0x0000000717400000|  0%| F|  |TAMS 0x0000000717200000, 0x0000000717200000| Untracked 
| 186|0x0000000717400000, 0x0000000717400000, 0x0000000717600000|  0%| F|  |TAMS 0x0000000717400000, 0x0000000717400000| Untracked 
| 187|0x0000000717600000, 0x0000000717600000, 0x0000000717800000|  0%| F|  |TAMS 0x0000000717600000, 0x0000000717600000| Untracked 
| 188|0x0000000717800000, 0x0000000717800000, 0x0000000717a00000|  0%| F|  |TAMS 0x0000000717800000, 0x0000000717800000| Untracked 
| 189|0x0000000717a00000, 0x0000000717a00000, 0x0000000717c00000|  0%| F|  |TAMS 0x0000000717a00000, 0x0000000717a00000| Untracked 
| 190|0x0000000717c00000, 0x0000000717c00000, 0x0000000717e00000|  0%| F|  |TAMS 0x0000000717c00000, 0x0000000717c00000| Untracked 
| 191|0x0000000717e00000, 0x0000000717e00000, 0x0000000718000000|  0%| F|  |TAMS 0x0000000717e00000, 0x0000000717e00000| Untracked 
| 192|0x0000000718000000, 0x0000000718000000, 0x0000000718200000|  0%| F|  |TAMS 0x0000000718000000, 0x0000000718000000| Untracked 
| 193|0x0000000718200000, 0x0000000718200000, 0x0000000718400000|  0%| F|  |TAMS 0x0000000718200000, 0x0000000718200000| Untracked 
| 194|0x0000000718400000, 0x0000000718400000, 0x0000000718600000|  0%| F|  |TAMS 0x0000000718400000, 0x0000000718400000| Untracked 
| 195|0x0000000718600000, 0x0000000718600000, 0x0000000718800000|  0%| F|  |TAMS 0x0000000718600000, 0x0000000718600000| Untracked 
| 196|0x0000000718800000, 0x0000000718800000, 0x0000000718a00000|  0%| F|  |TAMS 0x0000000718800000, 0x0000000718800000| Untracked 
| 197|0x0000000718a00000, 0x0000000718a00000, 0x0000000718c00000|  0%| F|  |TAMS 0x0000000718a00000, 0x0000000718a00000| Untracked 
| 198|0x0000000718c00000, 0x0000000718c00000, 0x0000000718e00000|  0%| F|  |TAMS 0x0000000718c00000, 0x0000000718c00000| Untracked 
| 199|0x0000000718e00000, 0x0000000718e00000, 0x0000000719000000|  0%| F|  |TAMS 0x0000000718e00000, 0x0000000718e00000| Untracked 
| 200|0x0000000719000000, 0x0000000719200000, 0x0000000719200000|100%| E|  |TAMS 0x0000000719000000, 0x0000000719000000| Complete 
| 201|0x0000000719200000, 0x0000000719400000, 0x0000000719400000|100%| E|CS|TAMS 0x0000000719200000, 0x0000000719200000| Complete 
| 202|0x0000000719400000, 0x0000000719600000, 0x0000000719600000|100%| E|CS|TAMS 0x0000000719400000, 0x0000000719400000| Complete 
| 203|0x0000000719600000, 0x0000000719800000, 0x0000000719800000|100%| E|CS|TAMS 0x0000000719600000, 0x0000000719600000| Complete 
| 204|0x0000000719800000, 0x0000000719a00000, 0x0000000719a00000|100%| E|CS|TAMS 0x0000000719800000, 0x0000000719800000| Complete 
| 205|0x0000000719a00000, 0x0000000719c00000, 0x0000000719c00000|100%| E|CS|TAMS 0x0000000719a00000, 0x0000000719a00000| Complete 
| 206|0x0000000719c00000, 0x0000000719e00000, 0x0000000719e00000|100%| E|CS|TAMS 0x0000000719c00000, 0x0000000719c00000| Complete 
| 207|0x0000000719e00000, 0x000000071a000000, 0x000000071a000000|100%| E|CS|TAMS 0x0000000719e00000, 0x0000000719e00000| Complete 
| 208|0x000000071a000000, 0x000000071a200000, 0x000000071a200000|100%| E|CS|TAMS 0x000000071a000000, 0x000000071a000000| Complete 
| 209|0x000000071a200000, 0x000000071a400000, 0x000000071a400000|100%| E|CS|TAMS 0x000000071a200000, 0x000000071a200000| Complete 
| 210|0x000000071a400000, 0x000000071a600000, 0x000000071a600000|100%| E|CS|TAMS 0x000000071a400000, 0x000000071a400000| Complete 
| 211|0x000000071a600000, 0x000000071a800000, 0x000000071a800000|100%| E|CS|TAMS 0x000000071a600000, 0x000000071a600000| Complete 
| 212|0x000000071a800000, 0x000000071aa00000, 0x000000071aa00000|100%| E|CS|TAMS 0x000000071a800000, 0x000000071a800000| Complete 
| 213|0x000000071aa00000, 0x000000071ac00000, 0x000000071ac00000|100%| E|CS|TAMS 0x000000071aa00000, 0x000000071aa00000| Complete 
| 214|0x000000071ac00000, 0x000000071ae00000, 0x000000071ae00000|100%| E|CS|TAMS 0x000000071ac00000, 0x000000071ac00000| Complete 
| 215|0x000000071ae00000, 0x000000071b000000, 0x000000071b000000|100%| E|CS|TAMS 0x000000071ae00000, 0x000000071ae00000| Complete 
| 216|0x000000071b000000, 0x000000071b200000, 0x000000071b200000|100%| E|CS|TAMS 0x000000071b000000, 0x000000071b000000| Complete 
| 217|0x000000071b200000, 0x000000071b400000, 0x000000071b400000|100%| E|CS|TAMS 0x000000071b200000, 0x000000071b200000| Complete 
| 218|0x000000071b400000, 0x000000071b600000, 0x000000071b600000|100%| E|CS|TAMS 0x000000071b400000, 0x000000071b400000| Complete 
| 219|0x000000071b600000, 0x000000071b800000, 0x000000071b800000|100%| E|CS|TAMS 0x000000071b600000, 0x000000071b600000| Complete 
| 220|0x000000071b800000, 0x000000071ba00000, 0x000000071ba00000|100%| E|CS|TAMS 0x000000071b800000, 0x000000071b800000| Complete 
| 221|0x000000071ba00000, 0x000000071bc00000, 0x000000071bc00000|100%| E|CS|TAMS 0x000000071ba00000, 0x000000071ba00000| Complete 
| 222|0x000000071bc00000, 0x000000071be00000, 0x000000071be00000|100%| E|CS|TAMS 0x000000071bc00000, 0x000000071bc00000| Complete 
| 223|0x000000071be00000, 0x000000071c000000, 0x000000071c000000|100%| E|CS|TAMS 0x000000071be00000, 0x000000071be00000| Complete 
| 224|0x000000071c000000, 0x000000071c200000, 0x000000071c200000|100%| E|CS|TAMS 0x000000071c000000, 0x000000071c000000| Complete 
| 225|0x000000071c200000, 0x000000071c400000, 0x000000071c400000|100%| E|CS|TAMS 0x000000071c200000, 0x000000071c200000| Complete 
| 226|0x000000071c400000, 0x000000071c600000, 0x000000071c600000|100%| E|CS|TAMS 0x000000071c400000, 0x000000071c400000| Complete 
| 227|0x000000071c600000, 0x000000071c800000, 0x000000071c800000|100%| E|CS|TAMS 0x000000071c600000, 0x000000071c600000| Complete 
| 228|0x000000071c800000, 0x000000071ca00000, 0x000000071ca00000|100%| E|CS|TAMS 0x000000071c800000, 0x000000071c800000| Complete 
| 229|0x000000071ca00000, 0x000000071cc00000, 0x000000071cc00000|100%| E|CS|TAMS 0x000000071ca00000, 0x000000071ca00000| Complete 
| 230|0x000000071cc00000, 0x000000071ce00000, 0x000000071ce00000|100%| E|CS|TAMS 0x000000071cc00000, 0x000000071cc00000| Complete 
| 231|0x000000071ce00000, 0x000000071d000000, 0x000000071d000000|100%| E|CS|TAMS 0x000000071ce00000, 0x000000071ce00000| Complete 
| 232|0x000000071d000000, 0x000000071d200000, 0x000000071d200000|100%| E|CS|TAMS 0x000000071d000000, 0x000000071d000000| Complete 
| 233|0x000000071d200000, 0x000000071d400000, 0x000000071d400000|100%| E|CS|TAMS 0x000000071d200000, 0x000000071d200000| Complete 
| 234|0x000000071d400000, 0x000000071d600000, 0x000000071d600000|100%| E|CS|TAMS 0x000000071d400000, 0x000000071d400000| Complete 

Card table byte_map: [0x0000014b73020000,0x0000014b73820000] _byte_map_base: 0x0000014b6f820000

Marking Bits (Prev, Next): (CMBitMap*) 0x0000014b6f3c95f0, (CMBitMap*) 0x0000014b6f3c9630
 Prev Bits: [0x0000014b74020000, 0x0000014b78020000)
 Next Bits: [0x0000014b78020000, 0x0000014b7c020000)

Polling page: 0x0000014b6d1c0000

Metaspace:

Usage:
  Non-class:    100.57 MB used.
      Class:     15.57 MB used.
       Both:    116.14 MB used.

Virtual space:
  Non-class space:      104.00 MB reserved,     101.06 MB ( 97%) committed,  13 nodes.
      Class space:        1.00 GB reserved,      16.06 MB (  2%) committed,  1 nodes.
             Both:        1.10 GB reserved,     117.13 MB ( 10%) committed. 

Chunk freelists:
   Non-Class:  2.75 MB
       Class:  3.83 MB
        Both:  6.58 MB

MaxMetaspaceSize: unlimited
CompressedClassSpaceSize: 1.00 GB
Initial GC threshold: 21.00 MB
Current GC threshold: 158.88 MB
CDS: off
MetaspaceReclaimPolicy: balanced
 - commit_granule_bytes: 65536.
 - commit_granule_words: 8192.
 - virtual_space_node_default_size: 1048576.
 - enlarge_chunks_in_place: 1.
 - new_chunks_are_fully_committed: 0.
 - uncommit_free_chunks: 1.
 - use_allocation_guard: 0.
 - handle_deallocations: 1.


Internal statistics:

num_allocs_failed_limit: 3.
num_arena_births: 1788.
num_arena_deaths: 0.
num_vsnodes_births: 14.
num_vsnodes_deaths: 0.
num_space_committed: 1874.
num_space_uncommitted: 0.
num_chunks_returned_to_freelist: 3.
num_chunks_taken_from_freelist: 6438.
num_chunk_merges: 3.
num_chunk_splits: 4097.
num_chunks_enlarged: 2487.
num_purges: 0.
num_inconsistent_stats: 0.

CodeHeap 'non-profiled nmethods': size=120000Kb used=8048Kb max_used=8048Kb free=111951Kb
 bounds [0x0000014b07ad0000, 0x0000014b082b0000, 0x0000014b0f000000]
CodeHeap 'profiled nmethods': size=120000Kb used=24182Kb max_used=24182Kb free=95818Kb
 bounds [0x0000014b00000000, 0x0000014b017a0000, 0x0000014b07530000]
CodeHeap 'non-nmethods': size=5760Kb used=2503Kb max_used=2573Kb free=3256Kb
 bounds [0x0000014b07530000, 0x0000014b077c0000, 0x0000014b07ad0000]
 total_blobs=12879 nmethods=11840 adapters=951
 compilation: enabled
              stopped_count=0, restarted_count=0
 full_count=0

Compilation events (20 events):
Event: 59.981 Thread 0x0000014b7f054670 14051       4       java.io.ClassCache::get (56 bytes)
Event: 59.984 Thread 0x0000014b7f055020 14052       3       java.io.ObjectOutputStream::writeNonProxyDesc (109 bytes)
Event: 59.986 Thread 0x0000014b7f055020 nmethod 14052 0x0000014b01799610 code [0x0000014b01799a40, 0x0000014b0179b6f8]
Event: 59.987 Thread 0x0000014b7f055020 14053       3       org.gradle.internal.serialize.AbstractEncoder$EncoderStream::write (11 bytes)
Event: 59.987 Thread 0x0000014b7f055020 nmethod 14053 0x0000014b0179c090 code [0x0000014b0179c240, 0x0000014b0179c428]
Event: 59.992 Thread 0x0000014b7f054670 nmethod 14051 0x0000014b082a6a10 code [0x0000014b082a6be0, 0x0000014b082a74a8]
Event: 59.993 Thread 0x0000014b7f054670 14054   !   4       java.io.ObjectOutputStream::writeObject0 (620 bytes)
Event: 59.996 Thread 0x0000014b7f055020 14055       3       java.io.ObjectOutputStream::writeShort (9 bytes)
Event: 59.996 Thread 0x0000014b7f055020 nmethod 14055 0x0000014b0179c510 code [0x0000014b0179c6c0, 0x0000014b0179c828]
Event: 60.006 Thread 0x0000014b7f055020 14057  s    3       java.net.URL::writeObject (5 bytes)
Event: 60.006 Thread 0x0000014b7f055020 nmethod 14057 0x0000014b0179c910 code [0x0000014b0179cac0, 0x0000014b0179cd28]
Event: 60.007 Thread 0x0000014b7f055020 14058   !   3       jdk.internal.reflect.GeneratedMethodAccessor25::invoke (66 bytes)
Event: 60.007 Thread 0x0000014b7f055020 nmethod 14058 0x0000014b0179ce10 code [0x0000014b0179d040, 0x0000014b0179d978]
Event: 60.014 Thread 0x0000014b7f055020 14059       3       java.nio.ByteBuffer::put (69 bytes)
Event: 60.015 Thread 0x0000014b7f055020 nmethod 14059 0x0000014b0179dd90 code [0x0000014b0179dfa0, 0x0000014b0179e618]
Event: 60.047 Thread 0x0000014b183b7a50 nmethod 14050 0x0000014b082a7990 code [0x0000014b082a7c80, 0x0000014b082aa790]
Event: 60.047 Thread 0x0000014b183b7a50 14056       4       java.io.ObjectOutputStream$HandleTable::assign (52 bytes)
Event: 60.051 Thread 0x0000014b183b7a50 nmethod 14056 0x0000014b082ab810 code [0x0000014b082ab9c0, 0x0000014b082abda8]
Event: 60.053 Thread 0x0000014b7f055020 14060       3       java.io.OutputStream::write (9 bytes)
Event: 60.053 Thread 0x0000014b7f055020 nmethod 14060 0x0000014b0179e890 code [0x0000014b0179ea40, 0x0000014b0179ec28]

GC Heap History (20 events):
Event: 38.444 GC heap before
{Heap before GC invocations=44 (full 0):
 garbage-first heap   total 208896K, used 153007K [0x0000000700000000, 0x0000000800000000)
  region size 2048K, 5 young (10240K), 3 survivors (6144K)
 Metaspace       used 94312K, committed 95104K, reserved 1138688K
  class space    used 12888K, committed 13248K, reserved 1048576K
}
Event: 38.451 GC heap after
{Heap after GC invocations=45 (full 0):
 garbage-first heap   total 208896K, used 148855K [0x0000000700000000, 0x0000000800000000)
  region size 2048K, 1 young (2048K), 1 survivors (2048K)
 Metaspace       used 94312K, committed 95104K, reserved 1138688K
  class space    used 12888K, committed 13248K, reserved 1048576K
}
Event: 39.706 GC heap before
{Heap before GC invocations=45 (full 0):
 garbage-first heap   total 208896K, used 171383K [0x0000000700000000, 0x0000000800000000)
  region size 2048K, 12 young (24576K), 1 survivors (2048K)
 Metaspace       used 96721K, committed 97536K, reserved 1138688K
  class space    used 13246K, committed 13632K, reserved 1048576K
}
Event: 39.713 GC heap after
{Heap after GC invocations=46 (full 0):
 garbage-first heap   total 356352K, used 150332K [0x0000000700000000, 0x0000000800000000)
  region size 2048K, 2 young (4096K), 2 survivors (4096K)
 Metaspace       used 96721K, committed 97536K, reserved 1138688K
  class space    used 13246K, committed 13632K, reserved 1048576K
}
Event: 41.953 GC heap before
{Heap before GC invocations=47 (full 0):
 garbage-first heap   total 356352K, used 283452K [0x0000000700000000, 0x0000000800000000)
  region size 2048K, 65 young (133120K), 2 survivors (4096K)
 Metaspace       used 98101K, committed 98880K, reserved 1138688K
  class space    used 13425K, committed 13824K, reserved 1048576K
}
Event: 41.998 GC heap after
{Heap after GC invocations=48 (full 0):
 garbage-first heap   total 356352K, used 173055K [0x0000000700000000, 0x0000000800000000)
  region size 2048K, 9 young (18432K), 9 survivors (18432K)
 Metaspace       used 98101K, committed 98880K, reserved 1138688K
  class space    used 13425K, committed 13824K, reserved 1048576K
}
Event: 42.196 GC heap before
{Heap before GC invocations=48 (full 0):
 garbage-first heap   total 356352K, used 175103K [0x0000000700000000, 0x0000000800000000)
  region size 2048K, 10 young (20480K), 9 survivors (18432K)
 Metaspace       used 98101K, committed 98880K, reserved 1138688K
  class space    used 13425K, committed 13824K, reserved 1048576K
}
Event: 42.220 GC heap after
{Heap after GC invocations=49 (full 0):
 garbage-first heap   total 356352K, used 175098K [0x0000000700000000, 0x0000000800000000)
  region size 2048K, 2 young (4096K), 2 survivors (4096K)
 Metaspace       used 98101K, committed 98880K, reserved 1138688K
  class space    used 13425K, committed 13824K, reserved 1048576K
}
Event: 43.012 GC heap before
{Heap before GC invocations=49 (full 0):
 garbage-first heap   total 356352K, used 254970K [0x0000000700000000, 0x0000000800000000)
  region size 2048K, 41 young (83968K), 2 survivors (4096K)
 Metaspace       used 98101K, committed 98880K, reserved 1138688K
  class space    used 13425K, committed 13824K, reserved 1048576K
}
Event: 43.025 GC heap after
{Heap after GC invocations=50 (full 0):
 garbage-first heap   total 356352K, used 176360K [0x0000000700000000, 0x0000000800000000)
  region size 2048K, 3 young (6144K), 3 survivors (6144K)
 Metaspace       used 98101K, committed 98880K, reserved 1138688K
  class space    used 13425K, committed 13824K, reserved 1048576K
}
Event: 44.703 GC heap before
{Heap before GC invocations=50 (full 0):
 garbage-first heap   total 356352K, used 264424K [0x0000000700000000, 0x0000000800000000)
  region size 2048K, 46 young (94208K), 3 survivors (6144K)
 Metaspace       used 98102K, committed 98880K, reserved 1138688K
  class space    used 13425K, committed 13824K, reserved 1048576K
}
Event: 44.711 GC heap after
{Heap after GC invocations=51 (full 0):
 garbage-first heap   total 356352K, used 178890K [0x0000000700000000, 0x0000000800000000)
  region size 2048K, 4 young (8192K), 4 survivors (8192K)
 Metaspace       used 98102K, committed 98880K, reserved 1138688K
  class space    used 13425K, committed 13824K, reserved 1048576K
}
Event: 45.771 GC heap before
{Heap before GC invocations=51 (full 0):
 garbage-first heap   total 356352K, used 275146K [0x0000000700000000, 0x0000000800000000)
  region size 2048K, 51 young (104448K), 4 survivors (8192K)
 Metaspace       used 98102K, committed 98880K, reserved 1138688K
  class space    used 13425K, committed 13824K, reserved 1048576K
}
Event: 45.780 GC heap after
{Heap after GC invocations=52 (full 0):
 garbage-first heap   total 356352K, used 181388K [0x0000000700000000, 0x0000000800000000)
  region size 2048K, 5 young (10240K), 5 survivors (10240K)
 Metaspace       used 98102K, committed 98880K, reserved 1138688K
  class space    used 13425K, committed 13824K, reserved 1048576K
}
Event: 46.552 GC heap before
{Heap before GC invocations=52 (full 0):
 garbage-first heap   total 356352K, used 281740K [0x0000000700000000, 0x0000000800000000)
  region size 2048K, 54 young (110592K), 5 survivors (10240K)
 Metaspace       used 98102K, committed 98880K, reserved 1138688K
  class space    used 13425K, committed 13824K, reserved 1048576K
}
Event: 46.564 GC heap after
{Heap after GC invocations=53 (full 0):
 garbage-first heap   total 356352K, used 184550K [0x0000000700000000, 0x0000000800000000)
  region size 2048K, 5 young (10240K), 5 survivors (10240K)
 Metaspace       used 98102K, committed 98880K, reserved 1138688K
  class space    used 13425K, committed 13824K, reserved 1048576K
}
Event: 48.196 GC heap before
{Heap before GC invocations=53 (full 0):
 garbage-first heap   total 356352K, used 301286K [0x0000000700000000, 0x0000000800000000)
  region size 2048K, 55 young (112640K), 5 survivors (10240K)
 Metaspace       used 100038K, committed 100800K, reserved 1138688K
  class space    used 13581K, committed 13952K, reserved 1048576K
}
Event: 48.222 GC heap after
{Heap after GC invocations=54 (full 0):
 garbage-first heap   total 481280K, used 193144K [0x0000000700000000, 0x0000000800000000)
  region size 2048K, 7 young (14336K), 7 survivors (14336K)
 Metaspace       used 100038K, committed 100800K, reserved 1138688K
  class space    used 13581K, committed 13952K, reserved 1048576K
}
Event: 57.502 GC heap before
{Heap before GC invocations=54 (full 0):
 garbage-first heap   total 481280K, used 387704K [0x0000000700000000, 0x0000000800000000)
  region size 2048K, 102 young (208896K), 7 survivors (14336K)
 Metaspace       used 112908K, committed 113792K, reserved 1155072K
  class space    used 15140K, committed 15552K, reserved 1048576K
}
Event: 57.541 GC heap after
{Heap after GC invocations=55 (full 0):
 garbage-first heap   total 481280K, used 207463K [0x0000000700000000, 0x0000000800000000)
  region size 2048K, 13 young (26624K), 13 survivors (26624K)
 Metaspace       used 112908K, committed 113792K, reserved 1155072K
  class space    used 15140K, committed 15552K, reserved 1048576K
}

Dll operation events (2 events):
Event: 0.013 Loaded shared library C:\Program Files\Android\Android Studio\jbr\bin\java.dll
Event: 2.317 Loaded shared library C:\Program Files\Android\Android Studio\jbr\bin\verify.dll

Deoptimization events (20 events):
Event: 59.886 Thread 0x0000014b0f8c1a80 Uncommon trap: trap_request=0xffffffde fr.pc=0x0000014b0809ee38 relative=0x0000000000001d78
Event: 59.886 Thread 0x0000014b0f8c1a80 Uncommon trap: reason=class_check action=maybe_recompile pc=0x0000014b0809ee38 method=com.google.common.cache.LocalCache$Segment.put(Ljava/lang/Object;ILjava/lang/Object;Z)Ljava/lang/Object; @ 75 c2
Event: 59.886 Thread 0x0000014b0f8c1a80 DEOPT PACKING pc=0x0000014b0809ee38 sp=0x00000031791fac20
Event: 59.886 Thread 0x0000014b0f8c1a80 DEOPT UNPACKING pc=0x0000014b0758a1a3 sp=0x00000031791fabd8 mode 2
Event: 59.886 Thread 0x0000014b0f8c1a80 Uncommon trap: trap_request=0xffffffde fr.pc=0x0000014b0809ee38 relative=0x0000000000001d78
Event: 59.886 Thread 0x0000014b0f8c1a80 Uncommon trap: reason=class_check action=maybe_recompile pc=0x0000014b0809ee38 method=com.google.common.cache.LocalCache$Segment.put(Ljava/lang/Object;ILjava/lang/Object;Z)Ljava/lang/Object; @ 75 c2
Event: 59.886 Thread 0x0000014b0f8c1a80 DEOPT PACKING pc=0x0000014b0809ee38 sp=0x00000031791fac20
Event: 59.886 Thread 0x0000014b0f8c1a80 DEOPT UNPACKING pc=0x0000014b0758a1a3 sp=0x00000031791fabd8 mode 2
Event: 59.973 Thread 0x0000014b0f8c1a80 Uncommon trap: trap_request=0xffffffde fr.pc=0x0000014b0809ee38 relative=0x0000000000001d78
Event: 59.973 Thread 0x0000014b0f8c1a80 Uncommon trap: reason=class_check action=maybe_recompile pc=0x0000014b0809ee38 method=com.google.common.cache.LocalCache$Segment.put(Ljava/lang/Object;ILjava/lang/Object;Z)Ljava/lang/Object; @ 75 c2
Event: 59.973 Thread 0x0000014b0f8c1a80 DEOPT PACKING pc=0x0000014b0809ee38 sp=0x00000031791fab20
Event: 59.973 Thread 0x0000014b0f8c1a80 DEOPT UNPACKING pc=0x0000014b0758a1a3 sp=0x00000031791faad8 mode 2
Event: 60.048 Thread 0x0000014b0f8c1a80 Uncommon trap: trap_request=0xffffff45 fr.pc=0x0000014b07fd8308 relative=0x0000000000001968
Event: 60.048 Thread 0x0000014b0f8c1a80 Uncommon trap: reason=unstable_if action=reinterpret pc=0x0000014b07fd8308 method=java.util.TreeMap.buildFromSorted(IIIILjava/util/Iterator;Ljava/io/ObjectInputStream;Ljava/lang/Object;)Ljava/util/TreeMap$Entry; @ 52 c2
Event: 60.048 Thread 0x0000014b0f8c1a80 DEOPT PACKING pc=0x0000014b07fd8308 sp=0x00000031791fa750
Event: 60.048 Thread 0x0000014b0f8c1a80 DEOPT UNPACKING pc=0x0000014b0758a1a3 sp=0x00000031791fa710 mode 2
Event: 60.048 Thread 0x0000014b0f8c1a80 Uncommon trap: trap_request=0xffffff45 fr.pc=0x0000014b07fd8724 relative=0x0000000000001d84
Event: 60.048 Thread 0x0000014b0f8c1a80 Uncommon trap: reason=unstable_if action=reinterpret pc=0x0000014b07fd8724 method=java.util.TreeMap.buildFromSorted(IIIILjava/util/Iterator;Ljava/io/ObjectInputStream;Ljava/lang/Object;)Ljava/util/TreeMap$Entry; @ 52 c2
Event: 60.048 Thread 0x0000014b0f8c1a80 DEOPT PACKING pc=0x0000014b07fd8724 sp=0x00000031791fa810
Event: 60.048 Thread 0x0000014b0f8c1a80 DEOPT UNPACKING pc=0x0000014b0758a1a3 sp=0x00000031791fa748 mode 2

Classes unloaded (0 events):
No events

Classes redefined (0 events):
No events

Internal exceptions (20 events):
Event: 59.601 Thread 0x0000014b0f8c1a80 Exception <a 'java/lang/ClassNotFoundException'{0x0000000719ceea30}: org/gradle/api/internal/tasks/DefaultTaskCollectionCustomizer> (0x0000000719ceea30) 
thrown [s\src\hotspot\share\classfile\systemDictionary.cpp, line 256]
Event: 59.603 Thread 0x0000014b0f8c1a80 Exception <a 'java/lang/ClassNotFoundException'{0x0000000719d24658}: org/gradle/api/internal/tasks/DefaultTaskContainerCustomizer> (0x0000000719d24658) 
thrown [s\src\hotspot\share\classfile\systemDictionary.cpp, line 256]
Event: 59.605 Thread 0x0000014b0f8c1a80 Exception <a 'java/lang/ClassNotFoundException'{0x0000000719d7e1b8}: org/gradle/api/internal/tasks/DefaultTaskContainer_DecoratedCustomizer> (0x0000000719d7e1b8) 
thrown [s\src\hotspot\share\classfile\systemDictionary.cpp, line 256]
Event: 59.649 Thread 0x0000014b0f8c1a80 Exception <a 'java/lang/ClassNotFoundException'{0x0000000719ae77c8}: java/util/ArrayListBeanInfo> (0x0000000719ae77c8) 
thrown [s\src\hotspot\share\classfile\systemDictionary.cpp, line 256]
Event: 59.649 Thread 0x0000014b0f8c1a80 Exception <a 'java/lang/ClassNotFoundException'{0x0000000719aebcf0}: java/util/ArrayListCustomizer> (0x0000000719aebcf0) 
thrown [s\src\hotspot\share\classfile\systemDictionary.cpp, line 256]
Event: 59.685 Thread 0x0000014b0f8c1a80 Exception <a 'java/lang/ClassNotFoundException'{0x0000000719b75000}: java/util/CollectionBeanInfo> (0x0000000719b75000) 
thrown [s\src\hotspot\share\classfile\systemDictionary.cpp, line 256]
Event: 59.686 Thread 0x0000014b0f8c1a80 Exception <a 'java/lang/ClassNotFoundException'{0x0000000719b79528}: java/util/CollectionCustomizer> (0x0000000719b79528) 
thrown [s\src\hotspot\share\classfile\systemDictionary.cpp, line 256]
Event: 59.718 Thread 0x0000014b0f8c1a80 Exception <a 'java/lang/ClassNotFoundException'{0x0000000719bcb3d8}: org/gradle/api/tasks/SourceSetBeanInfo> (0x0000000719bcb3d8) 
thrown [s\src\hotspot\share\classfile\systemDictionary.cpp, line 256]
Event: 59.718 Thread 0x0000014b0f8c1a80 Exception <a 'java/lang/ClassNotFoundException'{0x0000000719bd4d00}: org/gradle/api/tasks/SourceSetCustomizer> (0x0000000719bd4d00) 
thrown [s\src\hotspot\share\classfile\systemDictionary.cpp, line 256]
Event: 59.723 Thread 0x0000014b0f8c1a80 Exception <a 'java/lang/ClassNotFoundException'{0x0000000719846bf0}: java/util/LinkedHashMapBeanInfo> (0x0000000719846bf0) 
thrown [s\src\hotspot\share\classfile\systemDictionary.cpp, line 256]
Event: 59.724 Thread 0x0000014b0f8c1a80 Exception <a 'java/lang/ClassNotFoundException'{0x000000071984b138}: java/util/HashMapBeanInfo> (0x000000071984b138) 
thrown [s\src\hotspot\share\classfile\systemDictionary.cpp, line 256]
Event: 59.725 Thread 0x0000014b0f8c1a80 Exception <a 'java/lang/ClassNotFoundException'{0x000000071984fbd8}: java/util/AbstractMapBeanInfo> (0x000000071984fbd8) 
thrown [s\src\hotspot\share\classfile\systemDictionary.cpp, line 256]
Event: 59.725 Thread 0x0000014b0f8c1a80 Exception <a 'java/lang/ClassNotFoundException'{0x0000000719854120}: java/util/AbstractMapCustomizer> (0x0000000719854120) 
thrown [s\src\hotspot\share\classfile\systemDictionary.cpp, line 256]
Event: 59.726 Thread 0x0000014b0f8c1a80 Exception <a 'java/lang/ClassNotFoundException'{0x0000000719862810}: java/util/HashMapCustomizer> (0x0000000719862810) 
thrown [s\src\hotspot\share\classfile\systemDictionary.cpp, line 256]
Event: 59.727 Thread 0x0000014b0f8c1a80 Exception <a 'java/lang/ClassNotFoundException'{0x000000071987e0f8}: java/util/LinkedHashMapCustomizer> (0x000000071987e0f8) 
thrown [s\src\hotspot\share\classfile\systemDictionary.cpp, line 256]
Event: 59.990 Thread 0x0000014b0f8bea60 Exception <a 'java/lang/NoSuchMethodError'{0x0000000719150688}: static Lorg/gradle/internal/classloader/ClassLoaderSpec;.<clinit>()V> (0x0000000719150688) 
thrown [s\src\hotspot\share\prims\jni.cpp, line 1108]
Event: 59.996 Thread 0x0000014b0f8bea60 Exception <a 'java/lang/NoSuchMethodError'{0x0000000719161838}: static Lorg/gradle/internal/classloader/VisitableURLClassLoader$Spec;.<clinit>()V> (0x0000000719161838) 
thrown [s\src\hotspot\share\prims\jni.cpp, line 1108]
Event: 60.004 Thread 0x0000014b0f8bea60 Exception <a 'java/lang/NoSuchMethodError'{0x0000000719178128}: static [Ljava/net/URL;.<clinit>()V> (0x0000000719178128) 
thrown [s\src\hotspot\share\prims\jni.cpp, line 1108]
Event: 60.009 Thread 0x0000014b0f8bea60 Exception <a 'java/lang/NoSuchMethodError'{0x000000071918ff38}: static Lorg/gradle/internal/classloader/FilteringClassLoader$Spec;.<clinit>()V> (0x000000071918ff38) 
thrown [s\src\hotspot\share\prims\jni.cpp, line 1108]
Event: 60.012 Thread 0x0000014b0f8bea60 Exception <a 'java/lang/NoSuchMethodError'{0x000000071919f900}: static Lorg/gradle/internal/classloader/CachingClassLoader$Spec;.<clinit>()V> (0x000000071919f900) 
thrown [s\src\hotspot\share\prims\jni.cpp, line 1108]

VM Operations (20 events):
Event: 56.845 Executing VM operation: Cleanup
Event: 56.845 Executing VM operation: Cleanup done
Event: 56.878 Executing VM operation: ICBufferFull
Event: 56.878 Executing VM operation: ICBufferFull done
Event: 57.177 Executing VM operation: HandshakeAllThreads
Event: 57.177 Executing VM operation: HandshakeAllThreads done
Event: 57.222 Executing VM operation: HandshakeAllThreads
Event: 57.222 Executing VM operation: HandshakeAllThreads done
Event: 57.307 Executing VM operation: ICBufferFull
Event: 57.307 Executing VM operation: ICBufferFull done
Event: 57.502 Executing VM operation: G1CollectForAllocation
Event: 57.541 Executing VM operation: G1CollectForAllocation done
Event: 58.364 Executing VM operation: HandshakeAllThreads
Event: 58.364 Executing VM operation: HandshakeAllThreads done
Event: 58.571 Executing VM operation: ICBufferFull
Event: 58.572 Executing VM operation: ICBufferFull done
Event: 59.572 Executing VM operation: Cleanup
Event: 59.572 Executing VM operation: Cleanup done
Event: 59.884 Executing VM operation: HandshakeAllThreads
Event: 59.884 Executing VM operation: HandshakeAllThreads done

Events (20 events):
Event: 59.724 loading class java/util/HashMapBeanInfo done
Event: 59.724 loading class java/util/AbstractMapBeanInfo
Event: 59.724 loading class java/util/AbstractMapBeanInfo done
Event: 59.724 loading class java/util/AbstractMapBeanInfo
Event: 59.725 loading class java/util/AbstractMapBeanInfo done
Event: 59.725 loading class java/util/AbstractMapCustomizer
Event: 59.725 loading class java/util/AbstractMapCustomizer done
Event: 59.725 loading class java/util/AbstractMapCustomizer
Event: 59.725 loading class java/util/AbstractMapCustomizer done
Event: 59.726 loading class java/util/HashMapCustomizer
Event: 59.726 loading class java/util/HashMapCustomizer done
Event: 59.726 loading class java/util/HashMapCustomizer
Event: 59.726 loading class java/util/HashMapCustomizer done
Event: 59.727 loading class java/util/LinkedHashMapCustomizer
Event: 59.727 loading class java/util/LinkedHashMapCustomizer done
Event: 59.727 loading class java/util/LinkedHashMapCustomizer
Event: 59.727 loading class java/util/LinkedHashMapCustomizer done
Event: 59.871 Thread 0x0000014b17b271e0 Thread exited: 0x0000014b17b271e0
Event: 60.019 Thread 0x0000014b12463850 Thread exited: 0x0000014b12463850
Event: 60.021 Thread 0x0000014b12468a20 Thread exited: 0x0000014b12468a20


Dynamic libraries:
0x00007ff7ca420000 - 0x00007ff7ca42a000 	C:\Program Files\Android\Android Studio\jbr\bin\java.exe
0x00007ff988e90000 - 0x00007ff98907e000 	C:\Windows\SYSTEM32\ntdll.dll
0x00007ff988920000 - 0x00007ff9889d3000 	C:\Windows\System32\KERNEL32.DLL
0x00007ff985b00000 - 0x00007ff985d9d000 	C:\Windows\System32\KERNELBASE.dll
0x00007ff985800000 - 0x00007ff9858fa000 	C:\Windows\System32\ucrtbase.dll
0x00007ff9567a0000 - 0x00007ff9567b7000 	C:\Program Files\Android\Android Studio\jbr\bin\jli.dll
0x00007ff986940000 - 0x00007ff986ad7000 	C:\Windows\System32\USER32.dll
0x00007ff985ab0000 - 0x00007ff985ad0000 	C:\Windows\System32\win32u.dll
0x00007ff9860c0000 - 0x00007ff9860e9000 	C:\Windows\System32\GDI32.dll
0x00007ff985900000 - 0x00007ff985aab000 	C:\Windows\System32\gdi32full.dll
0x00007ff984f10000 - 0x00007ff984fb0000 	C:\Windows\System32\msvcp_win.dll
0x00007ff963e00000 - 0x00007ff964079000 	C:\Windows\WinSxS\amd64_microsoft.windows.common-controls_6595b64144ccf1df_6.0.17763.4974_none_de748dce53484fa6\COMCTL32.dll
0x00007ff988450000 - 0x00007ff9884ee000 	C:\Windows\System32\msvcrt.dll
0x00007ff986350000 - 0x00007ff98667b000 	C:\Windows\System32\combase.dll
0x00007ff9866a0000 - 0x00007ff9867be000 	C:\Windows\System32\RPCRT4.dll
0x00007ff984fb0000 - 0x00007ff985032000 	C:\Windows\System32\bcryptPrimitives.dll
0x00007ff95f030000 - 0x00007ff95f04b000 	C:\Program Files\Android\Android Studio\jbr\bin\VCRUNTIME140.dll
0x00007ff9881b0000 - 0x00007ff9881de000 	C:\Windows\System32\IMM32.DLL
0x00007ff97f1b0000 - 0x00007ff97f1bc000 	C:\Program Files\Android\Android Studio\jbr\bin\vcruntime140_1.dll
0x00007ff92fac0000 - 0x00007ff92fb4d000 	C:\Program Files\Android\Android Studio\jbr\bin\msvcp140.dll
0x00007ff919c30000 - 0x00007ff91a89e000 	C:\Program Files\Android\Android Studio\jbr\bin\server\jvm.dll
0x00007ff988860000 - 0x00007ff988907000 	C:\Windows\System32\ADVAPI32.dll
0x00007ff9884f0000 - 0x00007ff98858f000 	C:\Windows\System32\sechost.dll
0x00007ff97f090000 - 0x00007ff97f099000 	C:\Windows\SYSTEM32\WSOCK32.dll
0x00007ff988590000 - 0x00007ff9885fd000 	C:\Windows\System32\WS2_32.dll
0x00007ff982f30000 - 0x00007ff982f54000 	C:\Windows\SYSTEM32\WINMM.dll
0x00007ff978f80000 - 0x00007ff978f8a000 	C:\Windows\SYSTEM32\VERSION.dll
0x00007ff982f00000 - 0x00007ff982f2d000 	C:\Windows\SYSTEM32\WINMMBASE.dll
0x00007ff985790000 - 0x00007ff9857da000 	C:\Windows\System32\cfgmgr32.dll
0x00007ff984ec0000 - 0x00007ff984ed1000 	C:\Windows\System32\kernel.appcore.dll
0x00007ff9691e0000 - 0x00007ff9691ea000 	C:\Program Files\Android\Android Studio\jbr\bin\jimage.dll
0x00007ff97ee60000 - 0x00007ff97f04d000 	C:\Windows\SYSTEM32\DBGHELP.DLL
0x00007ff96dd80000 - 0x00007ff96ddaa000 	C:\Windows\SYSTEM32\dbgcore.DLL
0x00007ff95c160000 - 0x00007ff95c185000 	C:\Program Files\Android\Android Studio\jbr\bin\java.dll
0x00007ff963580000 - 0x00007ff963598000 	C:\Program Files\Android\Android Studio\jbr\bin\zip.dll
0x00007ff986cb0000 - 0x00007ff9881a8000 	C:\Windows\System32\SHELL32.dll
0x00007ff9881e0000 - 0x00007ff988287000 	C:\Windows\System32\shcore.dll
0x00007ff985040000 - 0x00007ff985787000 	C:\Windows\System32\windows.storage.dll
0x00007ff984ee0000 - 0x00007ff984f03000 	C:\Windows\System32\profapi.dll
0x00007ff984e40000 - 0x00007ff984e9d000 	C:\Windows\System32\powrprof.dll
0x00007ff9860f0000 - 0x00007ff986142000 	C:\Windows\System32\shlwapi.dll
0x00007ff9857e0000 - 0x00007ff9857fb000 	C:\Windows\System32\cryptsp.dll
0x00007ff95c140000 - 0x00007ff95c159000 	C:\Program Files\Android\Android Studio\jbr\bin\net.dll
0x00007ff97e480000 - 0x00007ff97e57d000 	C:\Windows\SYSTEM32\WINHTTP.dll
0x00007ff984690000 - 0x00007ff9846f7000 	C:\Windows\system32\mswsock.dll
0x00007ff95c120000 - 0x00007ff95c136000 	C:\Program Files\Android\Android Studio\jbr\bin\nio.dll
0x00007ff95c6e0000 - 0x00007ff95c6f0000 	C:\Program Files\Android\Android Studio\jbr\bin\verify.dll
0x00007ff95eff0000 - 0x00007ff95f017000 	C:\Users\Rania\.gradle\native\68d5fa5c4cc2d200863cafc0d521ce42e7d3e7ee720ec0a83991735586a16f82\windows-amd64\native-platform.dll
0x00007ff91f3e0000 - 0x00007ff91f524000 	C:\Users\Rania\.gradle\native\e376f236ea51e6404a007f0833ffe2c6e607c4080706a723a18a27aeea778392\windows-amd64\native-platform-file-events.dll
0x00007ff95c630000 - 0x00007ff95c639000 	C:\Program Files\Android\Android Studio\jbr\bin\management.dll
0x00007ff958d80000 - 0x00007ff958d8b000 	C:\Program Files\Android\Android Studio\jbr\bin\management_ext.dll
0x00007ff988910000 - 0x00007ff988918000 	C:\Windows\System32\PSAPI.DLL
0x00007ff984210000 - 0x00007ff984243000 	C:\Windows\system32\rsaenh.dll
0x00007ff985ad0000 - 0x00007ff985af6000 	C:\Windows\System32\bcrypt.dll
0x00007ff984d40000 - 0x00007ff984d69000 	C:\Windows\SYSTEM32\USERENV.dll
0x00007ff984860000 - 0x00007ff98486c000 	C:\Windows\SYSTEM32\CRYPTBASE.dll
0x00007ff9843a0000 - 0x00007ff9843dd000 	C:\Windows\SYSTEM32\IPHLPAPI.DLL
0x00007ff986930000 - 0x00007ff986938000 	C:\Windows\System32\NSI.dll
0x00007ff978810000 - 0x00007ff978826000 	C:\Windows\SYSTEM32\dhcpcsvc6.DLL
0x00007ff9787f0000 - 0x00007ff97880c000 	C:\Windows\SYSTEM32\dhcpcsvc.DLL
0x00007ff9843f0000 - 0x00007ff9844b6000 	C:\Windows\SYSTEM32\DNSAPI.dll
0x00007ff96dc70000 - 0x00007ff96dc77000 	C:\Windows\system32\wshunix.dll
0x00007ff974510000 - 0x00007ff97451a000 	C:\Windows\System32\rasadhlp.dll
0x00007ff9742d0000 - 0x00007ff974349000 	C:\Windows\System32\fwpuclnt.dll
0x00007ff95de40000 - 0x00007ff95de56000 	C:\Windows\system32\napinsp.dll
0x00007ff95d8d0000 - 0x00007ff95d8ea000 	C:\Windows\system32\pnrpnsp.dll
0x00007ff973fb0000 - 0x00007ff973fbe000 	C:\Windows\System32\winrnr.dll
0x00007ff9815f0000 - 0x00007ff98160b000 	C:\Windows\system32\NLAapi.dll
0x00007ff961970000 - 0x00007ff961985000 	C:\Windows\system32\wshbth.dll

dbghelp: loaded successfully - version: 4.0.5 - missing functions: none
symbol engine: initialized successfully - sym options: 0x614 - pdb path: .;C:\Program Files\Android\Android Studio\jbr\bin;C:\Windows\SYSTEM32;C:\Windows\WinSxS\amd64_microsoft.windows.common-controls_6595b64144ccf1df_6.0.17763.4974_none_de748dce53484fa6;C:\Program Files\Android\Android Studio\jbr\bin\server;C:\Users\Rania\.gradle\native\68d5fa5c4cc2d200863cafc0d521ce42e7d3e7ee720ec0a83991735586a16f82\windows-amd64;C:\Users\Rania\.gradle\native\e376f236ea51e6404a007f0833ffe2c6e607c4080706a723a18a27aeea778392\windows-amd64

VM Arguments:
jvm_args: --add-opens=java.base/java.util=ALL-UNNAMED --add-opens=java.base/java.lang=ALL-UNNAMED --add-opens=java.base/java.lang.invoke=ALL-UNNAMED --add-opens=java.prefs/java.util.prefs=ALL-UNNAMED --add-opens=java.base/java.nio.charset=ALL-UNNAMED --add-opens=java.base/java.net=ALL-UNNAMED --add-opens=java.base/java.util.concurrent.atomic=ALL-UNNAMED -Xmx4096m -Dfile.encoding=windows-1252 -Duser.country=FR -Duser.language=fr -Duser.variant 
java_command: org.gradle.launcher.daemon.bootstrap.GradleDaemon 8.0
java_class_path (initial): C:\Users\Rania\.gradle\wrapper\dists\gradle-8.0-bin\ca5e32bp14vu59qr306oxotwh\gradle-8.0\lib\gradle-launcher-8.0.jar
Launcher Type: SUN_STANDARD

[Global flags]
     intx CICompilerCount                          = 3                                         {product} {ergonomic}
     uint ConcGCThreads                            = 1                                         {product} {ergonomic}
     uint G1ConcRefinementThreads                  = 4                                         {product} {ergonomic}
   size_t G1HeapRegionSize                         = 2097152                                   {product} {ergonomic}
    uintx GCDrainStackTargetSize                   = 64                                        {product} {ergonomic}
   size_t InitialHeapSize                          = 132120576                                 {product} {ergonomic}
   size_t MarkStackSize                            = 4194304                                   {product} {ergonomic}
   size_t MaxHeapSize                              = 4294967296                                {product} {command line}
   size_t MaxNewSize                               = 2575302656                                {product} {ergonomic}
   size_t MinHeapDeltaBytes                        = 2097152                                   {product} {ergonomic}
   size_t MinHeapSize                              = 8388608                                   {product} {ergonomic}
    uintx NonNMethodCodeHeapSize                   = 5832780                                {pd product} {ergonomic}
    uintx NonProfiledCodeHeapSize                  = 122912730                              {pd product} {ergonomic}
    uintx ProfiledCodeHeapSize                     = 122912730                              {pd product} {ergonomic}
    uintx ReservedCodeCacheSize                    = 251658240                              {pd product} {ergonomic}
     bool SegmentedCodeCache                       = true                                      {product} {ergonomic}
   size_t SoftMaxHeapSize                          = 4294967296                             {manageable} {ergonomic}
     bool UseCompressedClassPointers               = true                           {product lp64_product} {ergonomic}
     bool UseCompressedOops                        = true                           {product lp64_product} {ergonomic}
     bool UseG1GC                                  = true                                      {product} {ergonomic}
     bool UseLargePagesIndividualAllocation        = false                                  {pd product} {ergonomic}

Logging:
Log output configuration:
 #0: stdout all=warning uptime,level,tags
 #1: stderr all=off uptime,level,tags

Environment Variables:
JAVA_HOME=C:\Program Files\Java\jdk-11
PATH=C:\Program Files (x86)\Common Files\Oracle\Java\javapath;C:\Windows\system32;C:\Windows;C:\Windows\System32\Wbem;C:\Windows\System32\WindowsPowerShell\v1.0\;C:\Windows\System32\OpenSSH\;C:\ProgramData\chocolatey\bin;C:\Program Files\Git\cmd;C:\wamp64\bin\php\php8.1.0;C:\Program Files\nodejs\;C:\Users\Rania\AppData\Local\Microsoft\WindowsApps;C:\Program Files\JetBrains\IntelliJ IDEA 2022.3.2\bin;;C:\Users\Rania\AppData\Local\ComposerSetup\bin;C:\Users\Rania\AppData\Roaming\Composer\vendor\bin;C:\Users\Rania\AppData\Roaming\npm;C:\src\flutter\bin;C:\Program Files\Android\Android Studio\lib;C:\ProgramData\Microsoft\Windows\Start Menu\Programs\Android Studio;C:\Users\Rania\AppData\Local\Programs\Microsoft VS Code\bin;C:\Program Files\Java\jdk-11\bin;
USERNAME=Rania
OS=Windows_NT
PROCESSOR_IDENTIFIER=Intel64 Family 6 Model 140 Stepping 1, GenuineIntel
TMP=C:\Users\Rania\AppData\Local\Temp
TEMP=C:\Users\Rania\AppData\Local\Temp


JNI global refs:
JNI global refs: 25, weak refs: 0

JNI global refs memory usage: 843, weak refs: 841


---------------  S Y S T E M  ---------------

OS:
 Windows 10 , 64 bit Build 17763 (10.0.17763.4974)
OS uptime: 6 days 5:32 hours

CPU: total 4 (initial active 4) (2 cores per cpu, 2 threads per core) family 6 model 140 stepping 1 microcode 0x9a, cx8, cmov, fxsr, ht, mmx, 3dnowpref, sse, sse2, sse3, ssse3, sse4.1, sse4.2, popcnt, lzcnt, tsc, tscinvbit, avx, avx2, aes, erms, clmul, bmi1, bmi2, adx, avx512f, avx512dq, avx512cd, avx512bw, avx512vl, sha, fma, vzeroupper, avx512_vpopcntdq, avx512_vpclmulqdq, avx512_vaes, avx512_vnni, clflush, clflushopt, clwb, avx512_vbmi2, avx512_vbmi

Memory: 4k page, system-wide physical 7975M (405M free)
TotalPageFile size 25581M (AvailPageFile size 4M)
current process WorkingSet (physical memory assigned to process): 505M, peak: 505M
current process commit charge ("private bytes"): 808M, peak: 808M

vm_info: OpenJDK 64-Bit Server VM (17.0.6+0-b2043.56-10027231) for windows-amd64 JRE (17.0.6+0-b2043.56-10027231), built on Apr 28 2023 00:43:19 by "androidbuild" with MS VC++ 16.10 / 16.11 (VS2019)

END.
