#
# There is insufficient memory for the Java Runtime Environment to continue.
# Native memory allocation (mmap) failed to map 161480704 bytes for G1 virtual space
# Possible reasons:
#   The system is out of physical RAM or swap space
#   The process is running with CompressedOops enabled, and the Java Heap may be blocking the growth of the native heap
# Possible solutions:
#   Reduce memory load on the system
#   Increase physical memory or swap space
#   Check if swap backing store is full
#   Decrease Java heap size (-Xmx/-Xms)
#   Decrease number of Java threads
#   Decrease Java thread stack sizes (-Xss)
#   Set larger code cache with -XX:ReservedCodeCacheSize=
#   JVM is running with Unscaled Compressed Oops mode in which the Java heap is
#     placed in the first 4GB address space. The Java Heap base address is the
#     maximum limit for the native heap growth. Please use -XX:HeapBaseMinAddress
#     to set the Java Heap base and to place the Java Heap above 4GB virtual address.
# This output file may be truncated or incomplete.
#
#  Out of Memory Error (os_windows.cpp:3769), pid=22756, tid=17912
#
# JRE version: OpenJDK Runtime Environment (17.0.6) (build 17.0.6+0-b2043.56-10027231)
# Java VM: OpenJDK 64-Bit Server VM (17.0.6+0-b2043.56-10027231, mixed mode, tiered, compressed oops, compressed class ptrs, g1 gc, windows-amd64)
# No core dump will be written. Minidumps are not enabled by default on client versions of Windows
#

---------------  S U M M A R Y ------------

Command Line: --add-opens=java.base/java.util=ALL-UNNAMED --add-opens=java.base/java.lang=ALL-UNNAMED --add-opens=java.base/java.lang.invoke=ALL-UNNAMED --add-opens=java.prefs/java.util.prefs=ALL-UNNAMED --add-opens=java.base/java.nio.charset=ALL-UNNAMED --add-opens=java.base/java.net=ALL-UNNAMED --add-opens=java.base/java.util.concurrent.atomic=ALL-UNNAMED -Xmx2048m -Dfile.encoding=UTF-8 -Duser.country=FR -Duser.language=fr -Duser.variant org.gradle.launcher.daemon.bootstrap.GradleDaemon 8.0

Host: 11th Gen Intel(R) Core(TM) i3-1115G4 @ 3.00GHz, 4 cores, 7G,  Windows 10 , 64 bit Build 17763 (10.0.17763.4974)
Time: Wed Nov 29 22:54:28 2023 Afr. centrale Ouest elapsed time: 20.249873 seconds (0d 0h 0m 20s)

---------------  T H R E A D  ---------------

Current thread (0x000001a9fed5d8a0):  VMThread "VM Thread" [stack: 0x0000009c19800000,0x0000009c19900000] [id=17912]

Stack: [0x0000009c19800000,0x0000009c19900000]
Native frames: (J=compiled Java code, j=interpreted, Vv=VM code, C=native code)
V  [jvm.dll+0x683c9a]
V  [jvm.dll+0x8427a4]
V  [jvm.dll+0x843f9e]
V  [jvm.dll+0x844603]
V  [jvm.dll+0x249b75]
V  [jvm.dll+0x680b69]
V  [jvm.dll+0x67505a]
V  [jvm.dll+0x309acb]
V  [jvm.dll+0x310f86]
V  [jvm.dll+0x3608ee]
V  [jvm.dll+0x360b1f]
V  [jvm.dll+0x2dfbf8]
V  [jvm.dll+0x2ddec4]
V  [jvm.dll+0x2dd4cc]
V  [jvm.dll+0x321f3b]
V  [jvm.dll+0x848ccb]
V  [jvm.dll+0x849a04]
V  [jvm.dll+0x849f1d]
V  [jvm.dll+0x84a2f4]
V  [jvm.dll+0x84a3c0]
V  [jvm.dll+0x7f274a]
V  [jvm.dll+0x682ad5]
C  [ucrtbase.dll+0x2268a]
C  [KERNEL32.DLL+0x17ac4]
C  [ntdll.dll+0x5a4e1]

VM_Operation (0x0000009c1aef6740): G1CollectForAllocation, mode: safepoint, requested by thread 0x000001a99506a2f0


---------------  P R O C E S S  ---------------

Threads class SMR info:
_java_thread_list=0x000001a993517710, length=40, elements={
0x000001a9f876dc40, 0x000001a9fed5e340, 0x000001a9ff822eb0, 0x000001a9ff8533b0,
0x000001a9ff853d70, 0x000001a9ff854630, 0x000001a9ff857300, 0x000001a9ff858f00,
0x000001a9ff8598b0, 0x000001a9ff85c1c0, 0x000001a9ff9e5400, 0x000001a9ff9e7cf0,
0x000001a994553cd0, 0x000001a9945dbf90, 0x000001a99503f620, 0x000001a9947509d0,
0x000001a994706a00, 0x000001a99464b320, 0x000001a99506a2f0, 0x000001a99476b8f0,
0x000001a99476aa80, 0x000001a99476c290, 0x000001a994769270, 0x000001a99476a5b0,
0x000001a99476b420, 0x000001a994769740, 0x000001a99476af50, 0x000001a99476bdc0,
0x000001a99476c760, 0x000001a99476a0e0, 0x000001a994768da0, 0x000001a994769c10,
0x000001a997c99400, 0x000001a997c998d0, 0x000001a997c97720, 0x000001a997c99da0,
0x000001a997c9b0e0, 0x000001a997c97bf0, 0x000001a9954bd080, 0x000001a9954bed60
}

Java Threads: ( => current thread )
  0x000001a9f876dc40 JavaThread "main" [_thread_blocked, id=23128, stack(0x0000009c19200000,0x0000009c19300000)]
  0x000001a9fed5e340 JavaThread "Reference Handler" daemon [_thread_blocked, id=19496, stack(0x0000009c19900000,0x0000009c19a00000)]
  0x000001a9ff822eb0 JavaThread "Finalizer" daemon [_thread_blocked, id=18508, stack(0x0000009c19a00000,0x0000009c19b00000)]
  0x000001a9ff8533b0 JavaThread "Signal Dispatcher" daemon [_thread_blocked, id=5412, stack(0x0000009c19b00000,0x0000009c19c00000)]
  0x000001a9ff853d70 JavaThread "Attach Listener" daemon [_thread_blocked, id=10748, stack(0x0000009c19c00000,0x0000009c19d00000)]
  0x000001a9ff854630 JavaThread "Service Thread" daemon [_thread_blocked, id=22144, stack(0x0000009c19d00000,0x0000009c19e00000)]
  0x000001a9ff857300 JavaThread "Monitor Deflation Thread" daemon [_thread_blocked, id=10040, stack(0x0000009c19e00000,0x0000009c19f00000)]
  0x000001a9ff858f00 JavaThread "C2 CompilerThread0" daemon [_thread_blocked, id=11336, stack(0x0000009c19f00000,0x0000009c1a000000)]
  0x000001a9ff8598b0 JavaThread "C1 CompilerThread0" daemon [_thread_blocked, id=952, stack(0x0000009c1a000000,0x0000009c1a100000)]
  0x000001a9ff85c1c0 JavaThread "Sweeper thread" daemon [_thread_blocked, id=6140, stack(0x0000009c1a100000,0x0000009c1a200000)]
  0x000001a9ff9e5400 JavaThread "Common-Cleaner" daemon [_thread_blocked, id=5840, stack(0x0000009c1a200000,0x0000009c1a300000)]
  0x000001a9ff9e7cf0 JavaThread "Notification Thread" daemon [_thread_blocked, id=11384, stack(0x0000009c1a300000,0x0000009c1a400000)]
  0x000001a994553cd0 JavaThread "Daemon health stats" [_thread_blocked, id=19132, stack(0x0000009c1a500000,0x0000009c1a600000)]
  0x000001a9945dbf90 JavaThread "Incoming local TCP Connector on port 62153" [_thread_in_native, id=22720, stack(0x0000009c1a900000,0x0000009c1aa00000)]
  0x000001a99503f620 JavaThread "Daemon periodic checks" [_thread_blocked, id=20040, stack(0x0000009c1aa00000,0x0000009c1ab00000)]
  0x000001a9947509d0 JavaThread "Daemon" [_thread_blocked, id=14536, stack(0x0000009c1ab00000,0x0000009c1ac00000)]
  0x000001a994706a00 JavaThread "Handler for socket connection from /127.0.0.1:62153 to /127.0.0.1:62156" [_thread_in_native, id=19148, stack(0x0000009c1ac00000,0x0000009c1ad00000)]
  0x000001a99464b320 JavaThread "Cancel handler" [_thread_blocked, id=9696, stack(0x0000009c1ad00000,0x0000009c1ae00000)]
  0x000001a99506a2f0 JavaThread "Daemon worker" [_thread_blocked, id=22872, stack(0x0000009c1ae00000,0x0000009c1af00000)]
  0x000001a99476b8f0 JavaThread "Asynchronous log dispatcher for DefaultDaemonConnection: socket connection from /127.0.0.1:62153 to /127.0.0.1:62156" [_thread_blocked, id=22200, stack(0x0000009c1af00000,0x0000009c1b000000)]
  0x000001a99476aa80 JavaThread "Stdin handler" [_thread_blocked, id=10884, stack(0x0000009c1b000000,0x0000009c1b100000)]
  0x000001a99476c290 JavaThread "Daemon client event forwarder" [_thread_blocked, id=9264, stack(0x0000009c1b100000,0x0000009c1b200000)]
  0x000001a994769270 JavaThread "Cache worker for journal cache (C:\Users\Rania\.gradle\caches\journal-1)" [_thread_blocked, id=15692, stack(0x0000009c1b200000,0x0000009c1b300000)]
  0x000001a99476a5b0 JavaThread "File lock request listener" [_thread_in_native, id=22464, stack(0x0000009c1b300000,0x0000009c1b400000)]
  0x000001a99476b420 JavaThread "Cache worker for file hash cache (C:\Users\Rania\.gradle\caches\8.0\fileHashes)" [_thread_blocked, id=12564, stack(0x0000009c1b400000,0x0000009c1b500000)]
  0x000001a994769740 JavaThread "File watcher server" daemon [_thread_in_native, id=20972, stack(0x0000009c1b500000,0x0000009c1b600000)]
  0x000001a99476af50 JavaThread "File watcher consumer" daemon [_thread_blocked, id=2320, stack(0x0000009c1b600000,0x0000009c1b700000)]
  0x000001a99476bdc0 JavaThread "Cache worker for checksums cache (D:\androidProjectEducation-master\.gradle\8.0\checksums)" [_thread_blocked, id=23288, stack(0x0000009c1b700000,0x0000009c1b800000)]
  0x000001a99476c760 JavaThread "Cache worker for cache directory md-rule (C:\Users\Rania\.gradle\caches\8.0\md-rule)" [_thread_blocked, id=23108, stack(0x0000009c1b800000,0x0000009c1b900000)]
  0x000001a99476a0e0 JavaThread "Cache worker for file content cache (C:\Users\Rania\.gradle\caches\8.0\fileContent)" [_thread_blocked, id=16932, stack(0x0000009c1b900000,0x0000009c1ba00000)]
  0x000001a994768da0 JavaThread "Cache worker for file hash cache (D:\androidProjectEducation-master\.gradle\8.0\fileHashes)" [_thread_blocked, id=3096, stack(0x0000009c1ba00000,0x0000009c1bb00000)]
  0x000001a994769c10 JavaThread "Cache worker for cache directory md-supplier (C:\Users\Rania\.gradle\caches\8.0\md-supplier)" [_thread_blocked, id=23452, stack(0x0000009c1bb00000,0x0000009c1bc00000)]
  0x000001a997c99400 JavaThread "Cache worker for execution history cache (C:\Users\Rania\.gradle\caches\8.0\executionHistory)" [_thread_blocked, id=22468, stack(0x0000009c1bc00000,0x0000009c1bd00000)]
  0x000001a997c998d0 JavaThread "jar transforms" [_thread_blocked, id=21548, stack(0x0000009c1bd00000,0x0000009c1be00000)]
  0x000001a997c97720 JavaThread "jar transforms Thread 2" [_thread_blocked, id=15220, stack(0x0000009c1be00000,0x0000009c1bf00000)]
  0x000001a997c99da0 JavaThread "Cache worker for kotlin-dsl (C:\Users\Rania\.gradle\caches\8.0\kotlin-dsl)" [_thread_blocked, id=20904, stack(0x0000009c1c100000,0x0000009c1c200000)]
  0x000001a997c9b0e0 JavaThread "jar transforms Thread 3" [_thread_blocked, id=2916, stack(0x0000009c1c000000,0x0000009c1c100000)]
  0x000001a997c97bf0 JavaThread "jar transforms Thread 4" [_thread_blocked, id=3004, stack(0x0000009c1c400000,0x0000009c1c500000)]
  0x000001a9954bd080 JavaThread "Cache worker for dependencies-accessors (D:\androidProjectEducation-master\.gradle\8.0\dependencies-accessors)" [_thread_blocked, id=11192, stack(0x0000009c1c500000,0x0000009c1c600000)]
  0x000001a9954bed60 JavaThread "Cache worker for Build Output Cleanup Cache (D:\androidProjectEducation-master\.gradle\buildOutputCleanup)" [_thread_blocked, id=18728, stack(0x0000009c1c600000,0x0000009c1c700000)]

Other Threads:
=>0x000001a9fed5d8a0 VMThread "VM Thread" [stack: 0x0000009c19800000,0x0000009c19900000] [id=17912]
  0x000001a9ff8ff810 WatcherThread [stack: 0x0000009c1a400000,0x0000009c1a500000] [id=14548]
  0x000001a9f87c8330 GCTaskThread "GC Thread#0" [stack: 0x0000009c19300000,0x0000009c19400000] [id=1132]
  0x000001a9935a0d70 GCTaskThread "GC Thread#1" [stack: 0x0000009c1a600000,0x0000009c1a700000] [id=6128]
  0x000001a9932e68a0 GCTaskThread "GC Thread#2" [stack: 0x0000009c1a700000,0x0000009c1a800000] [id=21568]
  0x000001a993bb4a30 GCTaskThread "GC Thread#3" [stack: 0x0000009c1a800000,0x0000009c1a900000] [id=6168]
  0x000001a9f87d9d40 ConcurrentGCThread "G1 Main Marker" [stack: 0x0000009c19400000,0x0000009c19500000] [id=4112]
  0x000001a9f87da660 ConcurrentGCThread "G1 Conc#0" [stack: 0x0000009c19500000,0x0000009c19600000] [id=5116]
  0x000001a9febc00a0 ConcurrentGCThread "G1 Refine#0" [stack: 0x0000009c19600000,0x0000009c19700000] [id=1804]
  0x000001a9976ba1b0 ConcurrentGCThread "G1 Refine#1" [stack: 0x0000009c1bf00000,0x0000009c1c000000] [id=6552]
  0x000001a9976b9bf0 ConcurrentGCThread "G1 Refine#2" [stack: 0x0000009c1c200000,0x0000009c1c300000] [id=14188]
  0x000001a9febc09d0 ConcurrentGCThread "G1 Service" [stack: 0x0000009c19700000,0x0000009c19800000] [id=23476]

Threads with active compile tasks:
C2 CompilerThread0    20270 7749       4       org.gradle.internal.service.DefaultServiceRegistry$OwnServices::getService (309 bytes)

VM state: at safepoint (normal execution)

VM Mutex/Monitor currently owned by a thread:  ([mutex/lock_event])
[0x000001a9f87691d0] Threads_lock - owner thread: 0x000001a9fed5d8a0
[0x000001a9f8769da0] Heap_lock - owner thread: 0x000001a99506a2f0

Heap address: 0x0000000080000000, size: 2048 MB, Compressed Oops mode: 32-bit

CDS archive(s) not mapped
Compressed class space mapped at: 0x0000000100000000-0x0000000140000000, reserved size: 1073741824
Narrow klass base: 0x0000000000000000, Narrow klass shift: 3, Narrow klass range: 0x140000000

GC Precious Log:
 CPUs: 4 total, 4 available
 Memory: 7975M
 Large Page Support: Disabled
 NUMA Support: Disabled
 Compressed Oops: Enabled (32-bit)
 Heap Region Size: 1M
 Heap Min Capacity: 8M
 Heap Initial Capacity: 126M
 Heap Max Capacity: 2G
 Pre-touch: Disabled
 Parallel Workers: 4
 Concurrent Workers: 1
 Concurrent Refinement Workers: 4
 Periodic GC: Disabled

Heap:
 garbage-first heap   total 138240K, used 77902K [0x0000000080000000, 0x0000000100000000)
  region size 1024K, 3 young (3072K), 3 survivors (3072K)
 Metaspace       used 109915K, committed 110464K, reserved 1146880K
  class space    used 14257K, committed 14528K, reserved 1048576K

Heap Regions: E=young(eden), S=young(survivor), O=old, HS=humongous(starts), HC=humongous(continues), CS=collection set, F=free, OA=open archive, CA=closed archive, TAMS=top-at-mark-start (previous, next)
|   0|0x0000000080000000, 0x0000000080100000, 0x0000000080100000|100%| O|  |TAMS 0x0000000080100000, 0x0000000080100000| Untracked 
|   1|0x0000000080100000, 0x0000000080200000, 0x0000000080200000|100%| O|  |TAMS 0x0000000080200000, 0x0000000080200000| Untracked 
|   2|0x0000000080200000, 0x0000000080300000, 0x0000000080300000|100%|HS|  |TAMS 0x0000000080300000, 0x0000000080300000| Complete 
|   3|0x0000000080300000, 0x0000000080400000, 0x0000000080400000|100%|HC|  |TAMS 0x0000000080400000, 0x0000000080400000| Complete 
|   4|0x0000000080400000, 0x0000000080500000, 0x0000000080500000|100%|HC|  |TAMS 0x0000000080500000, 0x0000000080500000| Complete 
|   5|0x0000000080500000, 0x0000000080600000, 0x0000000080600000|100%|HC|  |TAMS 0x0000000080600000, 0x0000000080600000| Complete 
|   6|0x0000000080600000, 0x0000000080700000, 0x0000000080700000|100%| O|  |TAMS 0x0000000080700000, 0x0000000080700000| Untracked 
|   7|0x0000000080700000, 0x0000000080800000, 0x0000000080800000|100%| O|  |TAMS 0x0000000080800000, 0x0000000080800000| Untracked 
|   8|0x0000000080800000, 0x0000000080900000, 0x0000000080900000|100%| O|  |TAMS 0x0000000080900000, 0x0000000080900000| Untracked 
|   9|0x0000000080900000, 0x0000000080a00000, 0x0000000080a00000|100%| O|  |TAMS 0x0000000080a00000, 0x0000000080a00000| Untracked 
|  10|0x0000000080a00000, 0x0000000080b00000, 0x0000000080b00000|100%| O|  |TAMS 0x0000000080b00000, 0x0000000080b00000| Untracked 
|  11|0x0000000080b00000, 0x0000000080c00000, 0x0000000080c00000|100%| O|  |TAMS 0x0000000080c00000, 0x0000000080c00000| Untracked 
|  12|0x0000000080c00000, 0x0000000080d00000, 0x0000000080d00000|100%| O|  |TAMS 0x0000000080d00000, 0x0000000080d00000| Untracked 
|  13|0x0000000080d00000, 0x0000000080e00000, 0x0000000080e00000|100%| O|  |TAMS 0x0000000080e00000, 0x0000000080e00000| Untracked 
|  14|0x0000000080e00000, 0x0000000080f00000, 0x0000000080f00000|100%| O|  |TAMS 0x0000000080f00000, 0x0000000080f00000| Untracked 
|  15|0x0000000080f00000, 0x0000000081000000, 0x0000000081000000|100%| O|  |TAMS 0x0000000081000000, 0x0000000081000000| Untracked 
|  16|0x0000000081000000, 0x0000000081100000, 0x0000000081100000|100%| O|  |TAMS 0x0000000081100000, 0x0000000081100000| Untracked 
|  17|0x0000000081100000, 0x0000000081200000, 0x0000000081200000|100%| O|  |TAMS 0x0000000081200000, 0x0000000081200000| Untracked 
|  18|0x0000000081200000, 0x0000000081300000, 0x0000000081300000|100%| O|  |TAMS 0x0000000081300000, 0x0000000081300000| Untracked 
|  19|0x0000000081300000, 0x0000000081400000, 0x0000000081400000|100%| O|  |TAMS 0x0000000081400000, 0x0000000081400000| Untracked 
|  20|0x0000000081400000, 0x0000000081500000, 0x0000000081500000|100%| O|  |TAMS 0x0000000081500000, 0x0000000081500000| Untracked 
|  21|0x0000000081500000, 0x0000000081600000, 0x0000000081600000|100%| O|  |TAMS 0x0000000081600000, 0x0000000081600000| Untracked 
|  22|0x0000000081600000, 0x0000000081700000, 0x0000000081700000|100%| O|  |TAMS 0x0000000081700000, 0x0000000081700000| Untracked 
|  23|0x0000000081700000, 0x0000000081800000, 0x0000000081800000|100%| O|  |TAMS 0x0000000081800000, 0x0000000081800000| Untracked 
|  24|0x0000000081800000, 0x0000000081800000, 0x0000000081900000|  0%| F|  |TAMS 0x0000000081800000, 0x0000000081800000| Untracked 
|  25|0x0000000081900000, 0x0000000081a00000, 0x0000000081a00000|100%| O|  |TAMS 0x0000000081a00000, 0x0000000081a00000| Untracked 
|  26|0x0000000081a00000, 0x0000000081b00000, 0x0000000081b00000|100%| O|  |TAMS 0x0000000081b00000, 0x0000000081b00000| Untracked 
|  27|0x0000000081b00000, 0x0000000081c00000, 0x0000000081c00000|100%| O|  |TAMS 0x0000000081c00000, 0x0000000081c00000| Untracked 
|  28|0x0000000081c00000, 0x0000000081d00000, 0x0000000081d00000|100%| O|  |TAMS 0x0000000081d00000, 0x0000000081d00000| Untracked 
|  29|0x0000000081d00000, 0x0000000081e00000, 0x0000000081e00000|100%| O|  |TAMS 0x0000000081e00000, 0x0000000081e00000| Untracked 
|  30|0x0000000081e00000, 0x0000000081f00000, 0x0000000081f00000|100%| O|  |TAMS 0x0000000081f00000, 0x0000000081f00000| Untracked 
|  31|0x0000000081f00000, 0x0000000082000000, 0x0000000082000000|100%| O|  |TAMS 0x0000000082000000, 0x0000000082000000| Untracked 
|  32|0x0000000082000000, 0x0000000082100000, 0x0000000082100000|100%| O|  |TAMS 0x0000000082100000, 0x0000000082100000| Untracked 
|  33|0x0000000082100000, 0x0000000082200000, 0x0000000082200000|100%| O|  |TAMS 0x0000000082200000, 0x0000000082200000| Untracked 
|  34|0x0000000082200000, 0x0000000082300000, 0x0000000082300000|100%|HS|  |TAMS 0x0000000082300000, 0x0000000082300000| Complete 
|  35|0x0000000082300000, 0x0000000082400000, 0x0000000082400000|100%|HC|  |TAMS 0x0000000082400000, 0x0000000082400000| Complete 
|  36|0x0000000082400000, 0x0000000082500000, 0x0000000082500000|100%|HC|  |TAMS 0x0000000082500000, 0x0000000082500000| Complete 
|  37|0x0000000082500000, 0x0000000082600000, 0x0000000082600000|100%|HC|  |TAMS 0x0000000082600000, 0x0000000082600000| Complete 
|  38|0x0000000082600000, 0x0000000082700000, 0x0000000082700000|100%| O|  |TAMS 0x0000000082700000, 0x0000000082700000| Untracked 
|  39|0x0000000082700000, 0x0000000082800000, 0x0000000082800000|100%| O|  |TAMS 0x0000000082800000, 0x0000000082800000| Untracked 
|  40|0x0000000082800000, 0x0000000082900000, 0x0000000082900000|100%| O|  |TAMS 0x0000000082900000, 0x0000000082900000| Untracked 
|  41|0x0000000082900000, 0x0000000082a00000, 0x0000000082a00000|100%| O|  |TAMS 0x0000000082a00000, 0x0000000082a00000| Untracked 
|  42|0x0000000082a00000, 0x0000000082b00000, 0x0000000082b00000|100%| O|  |TAMS 0x0000000082b00000, 0x0000000082b00000| Untracked 
|  43|0x0000000082b00000, 0x0000000082c00000, 0x0000000082c00000|100%| O|  |TAMS 0x0000000082b00000, 0x0000000082c00000| Untracked 
|  44|0x0000000082c00000, 0x0000000082d00000, 0x0000000082d00000|100%| O|  |TAMS 0x0000000082d00000, 0x0000000082d00000| Untracked 
|  45|0x0000000082d00000, 0x0000000082e00000, 0x0000000082e00000|100%| O|  |TAMS 0x0000000082e00000, 0x0000000082e00000| Untracked 
|  46|0x0000000082e00000, 0x0000000082f00000, 0x0000000082f00000|100%| O|  |TAMS 0x0000000082f00000, 0x0000000082f00000| Untracked 
|  47|0x0000000082f00000, 0x0000000083000000, 0x0000000083000000|100%| O|  |TAMS 0x0000000083000000, 0x0000000083000000| Untracked 
|  48|0x0000000083000000, 0x0000000083100000, 0x0000000083100000|100%| O|  |TAMS 0x0000000083100000, 0x0000000083100000| Untracked 
|  49|0x0000000083100000, 0x0000000083200000, 0x0000000083200000|100%| O|  |TAMS 0x0000000083200000, 0x0000000083200000| Untracked 
|  50|0x0000000083200000, 0x0000000083300000, 0x0000000083300000|100%| O|  |TAMS 0x0000000083300000, 0x0000000083300000| Untracked 
|  51|0x0000000083300000, 0x0000000083400000, 0x0000000083400000|100%| O|  |TAMS 0x0000000083400000, 0x0000000083400000| Untracked 
|  52|0x0000000083400000, 0x0000000083500000, 0x0000000083500000|100%|HS|  |TAMS 0x0000000083500000, 0x0000000083500000| Complete 
|  53|0x0000000083500000, 0x0000000083600000, 0x0000000083600000|100%|HC|  |TAMS 0x0000000083600000, 0x0000000083600000| Complete 
|  54|0x0000000083600000, 0x0000000083700000, 0x0000000083700000|100%|HC|  |TAMS 0x0000000083700000, 0x0000000083700000| Complete 
|  55|0x0000000083700000, 0x0000000083800000, 0x0000000083800000|100%|HC|  |TAMS 0x0000000083800000, 0x0000000083800000| Complete 
|  56|0x0000000083800000, 0x0000000083900000, 0x0000000083900000|100%|HC|  |TAMS 0x0000000083900000, 0x0000000083900000| Complete 
|  57|0x0000000083900000, 0x0000000083a00000, 0x0000000083a00000|100%|HC|  |TAMS 0x0000000083a00000, 0x0000000083a00000| Complete 
|  58|0x0000000083a00000, 0x0000000083b00000, 0x0000000083b00000|100%| O|  |TAMS 0x0000000083b00000, 0x0000000083b00000| Untracked 
|  59|0x0000000083b00000, 0x0000000083c00000, 0x0000000083c00000|100%| O|  |TAMS 0x0000000083c00000, 0x0000000083c00000| Untracked 
|  60|0x0000000083c00000, 0x0000000083d00000, 0x0000000083d00000|100%| O|  |TAMS 0x0000000083d00000, 0x0000000083d00000| Untracked 
|  61|0x0000000083d00000, 0x0000000083e00000, 0x0000000083e00000|100%| O|  |TAMS 0x0000000083e00000, 0x0000000083e00000| Untracked 
|  62|0x0000000083e00000, 0x0000000083f00000, 0x0000000083f00000|100%| O|  |TAMS 0x0000000083f00000, 0x0000000083f00000| Untracked 
|  63|0x0000000083f00000, 0x0000000084000000, 0x0000000084000000|100%| O|  |TAMS 0x0000000084000000, 0x0000000084000000| Untracked 
|  64|0x0000000084000000, 0x0000000084100000, 0x0000000084100000|100%| O|  |TAMS 0x0000000084100000, 0x0000000084100000| Untracked 
|  65|0x0000000084100000, 0x0000000084200000, 0x0000000084200000|100%| O|  |TAMS 0x0000000084200000, 0x0000000084200000| Untracked 
|  66|0x0000000084200000, 0x0000000084300000, 0x0000000084300000|100%| O|  |TAMS 0x0000000084300000, 0x0000000084300000| Untracked 
|  67|0x0000000084300000, 0x0000000084400000, 0x0000000084400000|100%| O|  |TAMS 0x0000000084400000, 0x0000000084400000| Untracked 
|  68|0x0000000084400000, 0x0000000084500000, 0x0000000084500000|100%| O|  |TAMS 0x0000000084500000, 0x0000000084500000| Untracked 
|  69|0x0000000084500000, 0x0000000084600000, 0x0000000084600000|100%| O|  |TAMS 0x0000000084600000, 0x0000000084600000| Untracked 
|  70|0x0000000084600000, 0x0000000084700000, 0x0000000084700000|100%| O|  |TAMS 0x0000000084700000, 0x0000000084700000| Untracked 
|  71|0x0000000084700000, 0x0000000084800000, 0x0000000084800000|100%| O|  |TAMS 0x0000000084800000, 0x0000000084800000| Untracked 
|  72|0x0000000084800000, 0x0000000084900000, 0x0000000084900000|100%| O|  |TAMS 0x0000000084900000, 0x0000000084900000| Untracked 
|  73|0x0000000084900000, 0x0000000084a00000, 0x0000000084a00000|100%| O|  |TAMS 0x0000000084900000, 0x0000000084a00000| Untracked 
|  74|0x0000000084a00000, 0x0000000084af6a00, 0x0000000084b00000| 96%| O|  |TAMS 0x0000000084a00000, 0x0000000084af6a00| Untracked 
|  75|0x0000000084b00000, 0x0000000084b00000, 0x0000000084c00000|  0%| F|  |TAMS 0x0000000084b00000, 0x0000000084b00000| Untracked 
|  76|0x0000000084c00000, 0x0000000084c00000, 0x0000000084d00000|  0%| F|  |TAMS 0x0000000084c00000, 0x0000000084c00000| Untracked 
|  77|0x0000000084d00000, 0x0000000084d00000, 0x0000000084e00000|  0%| F|  |TAMS 0x0000000084d00000, 0x0000000084d00000| Untracked 
|  78|0x0000000084e00000, 0x0000000084e00000, 0x0000000084f00000|  0%| F|  |TAMS 0x0000000084e00000, 0x0000000084e00000| Untracked 
|  79|0x0000000084f00000, 0x0000000084f00000, 0x0000000085000000|  0%| F|  |TAMS 0x0000000084f00000, 0x0000000084f00000| Untracked 
|  80|0x0000000085000000, 0x0000000085000000, 0x0000000085100000|  0%| F|  |TAMS 0x0000000085000000, 0x0000000085000000| Untracked 
|  81|0x0000000085100000, 0x0000000085100000, 0x0000000085200000|  0%| F|  |TAMS 0x0000000085100000, 0x0000000085100000| Untracked 
|  82|0x0000000085200000, 0x0000000085200000, 0x0000000085300000|  0%| F|  |TAMS 0x0000000085200000, 0x0000000085200000| Untracked 
|  83|0x0000000085300000, 0x0000000085300000, 0x0000000085400000|  0%| F|  |TAMS 0x0000000085300000, 0x0000000085300000| Untracked 
|  84|0x0000000085400000, 0x0000000085400000, 0x0000000085500000|  0%| F|  |TAMS 0x0000000085400000, 0x0000000085400000| Untracked 
|  85|0x0000000085500000, 0x0000000085500000, 0x0000000085600000|  0%| F|  |TAMS 0x0000000085500000, 0x0000000085500000| Untracked 
|  86|0x0000000085600000, 0x0000000085600000, 0x0000000085700000|  0%| F|  |TAMS 0x0000000085600000, 0x0000000085600000| Untracked 
|  87|0x0000000085700000, 0x0000000085700000, 0x0000000085800000|  0%| F|  |TAMS 0x0000000085700000, 0x0000000085700000| Untracked 
|  88|0x0000000085800000, 0x0000000085800000, 0x0000000085900000|  0%| F|  |TAMS 0x0000000085800000, 0x0000000085800000| Untracked 
|  89|0x0000000085900000, 0x0000000085900000, 0x0000000085a00000|  0%| F|  |TAMS 0x0000000085900000, 0x0000000085900000| Untracked 
|  90|0x0000000085a00000, 0x0000000085a00000, 0x0000000085b00000|  0%| F|  |TAMS 0x0000000085a00000, 0x0000000085a00000| Untracked 
|  91|0x0000000085b00000, 0x0000000085b00000, 0x0000000085c00000|  0%| F|  |TAMS 0x0000000085b00000, 0x0000000085b00000| Untracked 
|  92|0x0000000085c00000, 0x0000000085c00000, 0x0000000085d00000|  0%| F|  |TAMS 0x0000000085c00000, 0x0000000085c00000| Untracked 
|  93|0x0000000085d00000, 0x0000000085d1cfe8, 0x0000000085e00000| 11%| S|CS|TAMS 0x0000000085d00000, 0x0000000085d00000| Complete 
|  94|0x0000000085e00000, 0x0000000085f00000, 0x0000000085f00000|100%| S|CS|TAMS 0x0000000085e00000, 0x0000000085e00000| Complete 
|  95|0x0000000085f00000, 0x0000000086000000, 0x0000000086000000|100%| S|CS|TAMS 0x0000000085f00000, 0x0000000085f00000| Complete 
|  96|0x0000000086000000, 0x0000000086000000, 0x0000000086100000|  0%| F|  |TAMS 0x0000000086000000, 0x0000000086000000| Untracked 
|  97|0x0000000086100000, 0x0000000086100000, 0x0000000086200000|  0%| F|  |TAMS 0x0000000086100000, 0x0000000086100000| Untracked 
|  98|0x0000000086200000, 0x0000000086200000, 0x0000000086300000|  0%| F|  |TAMS 0x0000000086200000, 0x0000000086200000| Untracked 
|  99|0x0000000086300000, 0x0000000086300000, 0x0000000086400000|  0%| F|  |TAMS 0x0000000086300000, 0x0000000086300000| Untracked 
| 100|0x0000000086400000, 0x0000000086400000, 0x0000000086500000|  0%| F|  |TAMS 0x0000000086400000, 0x0000000086400000| Untracked 
| 101|0x0000000086500000, 0x0000000086500000, 0x0000000086600000|  0%| F|  |TAMS 0x0000000086500000, 0x0000000086500000| Untracked 
| 102|0x0000000086600000, 0x0000000086600000, 0x0000000086700000|  0%| F|  |TAMS 0x0000000086600000, 0x0000000086600000| Untracked 
| 103|0x0000000086700000, 0x0000000086700000, 0x0000000086800000|  0%| F|  |TAMS 0x0000000086700000, 0x0000000086700000| Untracked 
| 104|0x0000000086800000, 0x0000000086800000, 0x0000000086900000|  0%| F|  |TAMS 0x0000000086800000, 0x0000000086800000| Untracked 
| 105|0x0000000086900000, 0x0000000086900000, 0x0000000086a00000|  0%| F|  |TAMS 0x0000000086900000, 0x0000000086900000| Untracked 
| 106|0x0000000086a00000, 0x0000000086a00000, 0x0000000086b00000|  0%| F|  |TAMS 0x0000000086a00000, 0x0000000086a00000| Untracked 
| 107|0x0000000086b00000, 0x0000000086b00000, 0x0000000086c00000|  0%| F|  |TAMS 0x0000000086b00000, 0x0000000086b00000| Untracked 
| 108|0x0000000086c00000, 0x0000000086c00000, 0x0000000086d00000|  0%| F|  |TAMS 0x0000000086c00000, 0x0000000086c00000| Untracked 
| 109|0x0000000086d00000, 0x0000000086d00000, 0x0000000086e00000|  0%| F|  |TAMS 0x0000000086d00000, 0x0000000086d00000| Untracked 
| 110|0x0000000086e00000, 0x0000000086e00000, 0x0000000086f00000|  0%| F|  |TAMS 0x0000000086e00000, 0x0000000086e00000| Untracked 
| 111|0x0000000086f00000, 0x0000000086f00000, 0x0000000087000000|  0%| F|  |TAMS 0x0000000086f00000, 0x0000000086f00000| Untracked 
| 112|0x0000000087000000, 0x0000000087000000, 0x0000000087100000|  0%| F|  |TAMS 0x0000000087000000, 0x0000000087000000| Untracked 
| 113|0x0000000087100000, 0x0000000087100000, 0x0000000087200000|  0%| F|  |TAMS 0x0000000087100000, 0x0000000087100000| Untracked 
| 114|0x0000000087200000, 0x0000000087200000, 0x0000000087300000|  0%| F|  |TAMS 0x0000000087200000, 0x0000000087200000| Untracked 
| 115|0x0000000087300000, 0x0000000087300000, 0x0000000087400000|  0%| F|  |TAMS 0x0000000087300000, 0x0000000087300000| Untracked 
| 116|0x0000000087400000, 0x0000000087400000, 0x0000000087500000|  0%| F|  |TAMS 0x0000000087400000, 0x0000000087400000| Untracked 
| 117|0x0000000087500000, 0x0000000087500000, 0x0000000087600000|  0%| F|  |TAMS 0x0000000087500000, 0x0000000087500000| Untracked 
| 118|0x0000000087600000, 0x0000000087600000, 0x0000000087700000|  0%| F|  |TAMS 0x0000000087600000, 0x0000000087600000| Untracked 
| 119|0x0000000087700000, 0x0000000087700000, 0x0000000087800000|  0%| F|  |TAMS 0x0000000087700000, 0x0000000087700000| Untracked 
| 120|0x0000000087800000, 0x0000000087800000, 0x0000000087900000|  0%| F|  |TAMS 0x0000000087800000, 0x0000000087800000| Untracked 
| 121|0x0000000087900000, 0x0000000087900000, 0x0000000087a00000|  0%| F|  |TAMS 0x0000000087900000, 0x0000000087900000| Untracked 
| 122|0x0000000087a00000, 0x0000000087a00000, 0x0000000087b00000|  0%| F|  |TAMS 0x0000000087a00000, 0x0000000087a00000| Untracked 
| 123|0x0000000087b00000, 0x0000000087b00000, 0x0000000087c00000|  0%| F|  |TAMS 0x0000000087b00000, 0x0000000087b00000| Untracked 
| 124|0x0000000087c00000, 0x0000000087c00000, 0x0000000087d00000|  0%| F|  |TAMS 0x0000000087c00000, 0x0000000087c00000| Untracked 
| 125|0x0000000087d00000, 0x0000000087d00000, 0x0000000087e00000|  0%| F|  |TAMS 0x0000000087d00000, 0x0000000087d00000| Untracked 
| 126|0x0000000087e00000, 0x0000000087e00000, 0x0000000087f00000|  0%| F|  |TAMS 0x0000000087e00000, 0x0000000087e00000| Untracked 
| 127|0x0000000087f00000, 0x0000000087f00000, 0x0000000088000000|  0%| F|  |TAMS 0x0000000087f00000, 0x0000000087f00000| Untracked 
| 128|0x0000000088000000, 0x0000000088000000, 0x0000000088100000|  0%| F|  |TAMS 0x0000000088000000, 0x0000000088000000| Untracked 
| 129|0x0000000088100000, 0x0000000088100000, 0x0000000088200000|  0%| F|  |TAMS 0x0000000088100000, 0x0000000088100000| Untracked 
| 130|0x0000000088200000, 0x0000000088200000, 0x0000000088300000|  0%| F|  |TAMS 0x0000000088200000, 0x0000000088200000| Untracked 
| 131|0x0000000088300000, 0x0000000088300000, 0x0000000088400000|  0%| F|  |TAMS 0x0000000088300000, 0x0000000088300000| Untracked 
| 132|0x0000000088400000, 0x0000000088400000, 0x0000000088500000|  0%| F|  |TAMS 0x0000000088400000, 0x0000000088400000| Untracked 
| 133|0x0000000088500000, 0x0000000088500000, 0x0000000088600000|  0%| F|  |TAMS 0x0000000088500000, 0x0000000088500000| Untracked 
| 134|0x0000000088600000, 0x0000000088600000, 0x0000000088700000|  0%| F|  |TAMS 0x0000000088600000, 0x0000000088600000| Untracked 

Card table byte_map: [0x000001a9fc030000,0x000001a9fc430000] _byte_map_base: 0x000001a9fbc30000

Marking Bits (Prev, Next): (CMBitMap*) 0x000001a9f87c8890, (CMBitMap*) 0x000001a9f87c8850
 Prev Bits: [0x000001a98f000000, 0x000001a991000000)
 Next Bits: [0x000001a9fc830000, 0x000001a9fe830000)

Polling page: 0x000001a9f65e0000

Metaspace:

Usage:
  Non-class:     93.42 MB used.
      Class:     13.92 MB used.
       Both:    107.34 MB used.

Virtual space:
  Non-class space:       96.00 MB reserved,      93.69 MB ( 98%) committed,  12 nodes.
      Class space:        1.00 GB reserved,      14.19 MB (  1%) committed,  1 nodes.
             Both:        1.09 GB reserved,     107.88 MB ( 10%) committed. 

Chunk freelists:
   Non-Class:  2.13 MB
       Class:  1.76 MB
        Both:  3.89 MB

MaxMetaspaceSize: unlimited
CompressedClassSpaceSize: 1.00 GB
Initial GC threshold: 21.00 MB
Current GC threshold: 162.50 MB
CDS: off
MetaspaceReclaimPolicy: balanced
 - commit_granule_bytes: 65536.
 - commit_granule_words: 8192.
 - virtual_space_node_default_size: 1048576.
 - enlarge_chunks_in_place: 1.
 - new_chunks_are_fully_committed: 0.
 - uncommit_free_chunks: 1.
 - use_allocation_guard: 0.
 - handle_deallocations: 1.


Internal statistics:

num_allocs_failed_limit: 6.
num_arena_births: 674.
num_arena_deaths: 0.
num_vsnodes_births: 13.
num_vsnodes_deaths: 0.
num_space_committed: 1724.
num_space_uncommitted: 0.
num_chunks_returned_to_freelist: 6.
num_chunks_taken_from_freelist: 4182.
num_chunk_merges: 6.
num_chunk_splits: 3312.
num_chunks_enlarged: 2795.
num_purges: 0.
num_inconsistent_stats: 0.

CodeHeap 'non-profiled nmethods': size=120000Kb used=3903Kb max_used=3903Kb free=116096Kb
 bounds [0x000001a987ad0000, 0x000001a987ea0000, 0x000001a98f000000]
CodeHeap 'profiled nmethods': size=120000Kb used=14237Kb max_used=14237Kb free=105762Kb
 bounds [0x000001a980000000, 0x000001a980df0000, 0x000001a987530000]
CodeHeap 'non-nmethods': size=5760Kb used=2481Kb max_used=2522Kb free=3278Kb
 bounds [0x000001a987530000, 0x000001a9877b0000, 0x000001a987ad0000]
 total_blobs=7923 nmethods=6894 adapters=941
 compilation: enabled
              stopped_count=0, restarted_count=0
 full_count=0

Compilation events (20 events):
Event: 19.879 Thread 0x000001a9ff8598b0 7751       3       com.google.common.cache.LocalCache::usesWriteQueue (5 bytes)
Event: 19.880 Thread 0x000001a9ff8598b0 nmethod 7751 0x000001a980ddee10 code [0x000001a980ddefa0, 0x000001a980ddf198]
Event: 19.997 Thread 0x000001a9ff8598b0 7752       3       com.google.common.collect.CollectPreconditions::checkNonnegative (48 bytes)
Event: 19.998 Thread 0x000001a9ff8598b0 nmethod 7752 0x000001a980ddf290 code [0x000001a980ddf500, 0x000001a980ddfe08]
Event: 20.010 Thread 0x000001a9ff8598b0 7753       3       java.util.Spliterators$EmptySpliterator$OfRef::forEachRemaining (6 bytes)
Event: 20.011 Thread 0x000001a9ff8598b0 nmethod 7753 0x000001a980de0210 code [0x000001a980de03c0, 0x000001a980de0688]
Event: 20.011 Thread 0x000001a9ff8598b0 7754       3       java.util.Collections$EmptyList::spliterator (4 bytes)
Event: 20.011 Thread 0x000001a9ff8598b0 nmethod 7754 0x000001a980de0790 code [0x000001a980de0920, 0x000001a980de0a98]
Event: 20.115 Thread 0x000001a9ff8598b0 7758       3       java.util.regex.Pattern::range (294 bytes)
Event: 20.117 Thread 0x000001a9ff8598b0 nmethod 7758 0x000001a980de0b90 code [0x000001a980de0fc0, 0x000001a980de2818]
Event: 20.130 Thread 0x000001a9ff8598b0 7759       2       java.lang.String::split (327 bytes)
Event: 20.132 Thread 0x000001a9ff8598b0 nmethod 7759 0x000001a980de3090 code [0x000001a980de33c0, 0x000001a980de46d8]
Event: 20.146 Thread 0x000001a9ff8598b0 7760       3       java.io.DataInputStream::readByte (23 bytes)
Event: 20.147 Thread 0x000001a9ff8598b0 nmethod 7760 0x000001a980de5310 code [0x000001a980de54c0, 0x000001a980de5798]
Event: 20.181 Thread 0x000001a9ff8598b0 7761       3       com.google.common.collect.UnmodifiableIterator::<init> (5 bytes)
Event: 20.181 Thread 0x000001a9ff8598b0 nmethod 7761 0x000001a980de5890 code [0x000001a980de5a20, 0x000001a980de5b78]
Event: 20.181 Thread 0x000001a9ff8598b0 7762       1       org.gradle.api.attributes.Attribute::getName (5 bytes)
Event: 20.182 Thread 0x000001a9ff8598b0 nmethod 7762 0x000001a987e9f910 code [0x000001a987e9faa0, 0x000001a987e9fb78]
Event: 20.227 Thread 0x000001a9ff8598b0 7763       3       java.util.AbstractCollection::toArray (144 bytes)
Event: 20.228 Thread 0x000001a9ff8598b0 nmethod 7763 0x000001a980de5c10 code [0x000001a980de5ee0, 0x000001a980de7058]

GC Heap History (20 events):
Event: 14.649 GC heap after
{Heap after GC invocations=30 (full 0):
 garbage-first heap   total 138240K, used 59901K [0x0000000080000000, 0x0000000100000000)
  region size 1024K, 1 young (1024K), 1 survivors (1024K)
 Metaspace       used 69560K, committed 70016K, reserved 1114112K
  class space    used 9410K, committed 9600K, reserved 1048576K
}
Event: 15.380 GC heap before
{Heap before GC invocations=30 (full 0):
 garbage-first heap   total 138240K, used 102909K [0x0000000080000000, 0x0000000100000000)
  region size 1024K, 43 young (44032K), 1 survivors (1024K)
 Metaspace       used 75859K, committed 76288K, reserved 1122304K
  class space    used 9998K, committed 10176K, reserved 1048576K
}
Event: 15.385 GC heap after
{Heap after GC invocations=31 (full 0):
 garbage-first heap   total 138240K, used 62445K [0x0000000080000000, 0x0000000100000000)
  region size 1024K, 3 young (3072K), 3 survivors (3072K)
 Metaspace       used 75859K, committed 76288K, reserved 1122304K
  class space    used 9998K, committed 10176K, reserved 1048576K
}
Event: 16.144 GC heap before
{Heap before GC invocations=31 (full 0):
 garbage-first heap   total 138240K, used 106477K [0x0000000080000000, 0x0000000100000000)
  region size 1024K, 46 young (47104K), 3 survivors (3072K)
 Metaspace       used 82134K, committed 82624K, reserved 1122304K
  class space    used 10805K, committed 11008K, reserved 1048576K
}
Event: 16.152 GC heap after
{Heap after GC invocations=32 (full 0):
 garbage-first heap   total 138240K, used 65180K [0x0000000080000000, 0x0000000100000000)
  region size 1024K, 6 young (6144K), 6 survivors (6144K)
 Metaspace       used 82134K, committed 82624K, reserved 1122304K
  class space    used 10805K, committed 11008K, reserved 1048576K
}
Event: 16.954 GC heap before
{Heap before GC invocations=32 (full 0):
 garbage-first heap   total 138240K, used 109212K [0x0000000080000000, 0x0000000100000000)
  region size 1024K, 48 young (49152K), 6 survivors (6144K)
 Metaspace       used 83789K, committed 84288K, reserved 1122304K
  class space    used 10989K, committed 11200K, reserved 1048576K
}
Event: 16.961 GC heap after
{Heap after GC invocations=33 (full 0):
 garbage-first heap   total 138240K, used 67558K [0x0000000080000000, 0x0000000100000000)
  region size 1024K, 5 young (5120K), 5 survivors (5120K)
 Metaspace       used 83789K, committed 84288K, reserved 1122304K
  class space    used 10989K, committed 11200K, reserved 1048576K
}
Event: 17.461 GC heap before
{Heap before GC invocations=33 (full 0):
 garbage-first heap   total 138240K, used 110566K [0x0000000080000000, 0x0000000100000000)
  region size 1024K, 47 young (48128K), 5 survivors (5120K)
 Metaspace       used 86438K, committed 86976K, reserved 1130496K
  class space    used 11289K, committed 11520K, reserved 1048576K
}
Event: 17.469 GC heap after
{Heap after GC invocations=34 (full 0):
 garbage-first heap   total 138240K, used 71262K [0x0000000080000000, 0x0000000100000000)
  region size 1024K, 6 young (6144K), 6 survivors (6144K)
 Metaspace       used 86438K, committed 86976K, reserved 1130496K
  class space    used 11289K, committed 11520K, reserved 1048576K
}
Event: 17.967 GC heap before
{Heap before GC invocations=35 (full 0):
 garbage-first heap   total 138240K, used 110174K [0x0000000080000000, 0x0000000100000000)
  region size 1024K, 45 young (46080K), 6 survivors (6144K)
 Metaspace       used 91594K, committed 92096K, reserved 1130496K
  class space    used 11835K, committed 12032K, reserved 1048576K
}
Event: 17.977 GC heap after
{Heap after GC invocations=36 (full 0):
 garbage-first heap   total 138240K, used 74123K [0x0000000080000000, 0x0000000100000000)
  region size 1024K, 3 young (3072K), 3 survivors (3072K)
 Metaspace       used 91594K, committed 92096K, reserved 1130496K
  class space    used 11835K, committed 12032K, reserved 1048576K
}
Event: 18.010 GC heap before
{Heap before GC invocations=36 (full 0):
 garbage-first heap   total 138240K, used 76171K [0x0000000080000000, 0x0000000100000000)
  region size 1024K, 6 young (6144K), 3 survivors (3072K)
 Metaspace       used 91987K, committed 92480K, reserved 1130496K
  class space    used 11897K, committed 12096K, reserved 1048576K
}
Event: 18.016 GC heap after
{Heap after GC invocations=37 (full 0):
 garbage-first heap   total 138240K, used 74214K [0x0000000080000000, 0x0000000100000000)
  region size 1024K, 1 young (1024K), 1 survivors (1024K)
 Metaspace       used 91987K, committed 92480K, reserved 1130496K
  class space    used 11897K, committed 12096K, reserved 1048576K
}
Event: 18.550 GC heap before
{Heap before GC invocations=37 (full 0):
 garbage-first heap   total 138240K, used 112102K [0x0000000080000000, 0x0000000100000000)
  region size 1024K, 38 young (38912K), 1 survivors (1024K)
 Metaspace       used 97804K, committed 98304K, reserved 1138688K
  class space    used 12613K, committed 12800K, reserved 1048576K
}
Event: 18.553 GC heap after
{Heap after GC invocations=38 (full 0):
 garbage-first heap   total 138240K, used 75441K [0x0000000080000000, 0x0000000100000000)
  region size 1024K, 2 young (2048K), 2 survivors (2048K)
 Metaspace       used 97804K, committed 98304K, reserved 1138688K
  class space    used 12613K, committed 12800K, reserved 1048576K
}
Event: 19.147 GC heap before
{Heap before GC invocations=39 (full 0):
 garbage-first heap   total 138240K, used 114353K [0x0000000080000000, 0x0000000100000000)
  region size 1024K, 40 young (40960K), 2 survivors (2048K)
 Metaspace       used 104256K, committed 104768K, reserved 1146880K
  class space    used 13359K, committed 13568K, reserved 1048576K
}
Event: 19.151 GC heap after
{Heap after GC invocations=40 (full 0):
 garbage-first heap   total 138240K, used 76340K [0x0000000080000000, 0x0000000100000000)
  region size 1024K, 3 young (3072K), 3 survivors (3072K)
 Metaspace       used 104256K, committed 104768K, reserved 1146880K
  class space    used 13359K, committed 13568K, reserved 1048576K
}
Event: 19.212 GC heap before
{Heap before GC invocations=40 (full 0):
 garbage-first heap   total 138240K, used 79412K [0x0000000080000000, 0x0000000100000000)
  region size 1024K, 6 young (6144K), 3 survivors (3072K)
 Metaspace       used 104579K, committed 105024K, reserved 1146880K
  class space    used 13412K, committed 13632K, reserved 1048576K
}
Event: 19.220 GC heap after
{Heap after GC invocations=41 (full 0):
 garbage-first heap   total 138240K, used 76179K [0x0000000080000000, 0x0000000100000000)
  region size 1024K, 1 young (1024K), 1 survivors (1024K)
 Metaspace       used 104579K, committed 105024K, reserved 1146880K
  class space    used 13412K, committed 13632K, reserved 1048576K
}
Event: 20.240 GC heap before
{Heap before GC invocations=41 (full 0):
 garbage-first heap   total 138240K, used 114067K [0x0000000080000000, 0x0000000100000000)
  region size 1024K, 39 young (39936K), 1 survivors (1024K)
 Metaspace       used 109915K, committed 110464K, reserved 1146880K
  class space    used 14257K, committed 14528K, reserved 1048576K
}

Dll operation events (2 events):
Event: 0.007 Loaded shared library C:\Program Files\Android\Android Studio\jbr\bin\java.dll
Event: 0.532 Loaded shared library C:\Program Files\Android\Android Studio\jbr\bin\verify.dll

Deoptimization events (20 events):
Event: 19.673 Thread 0x000001a99506a2f0 DEOPT PACKING pc=0x000001a987e5f40c sp=0x0000009c1aef5110
Event: 19.673 Thread 0x000001a99506a2f0 DEOPT UNPACKING pc=0x000001a98758a1a3 sp=0x0000009c1aef50b8 mode 2
Event: 19.709 Thread 0x000001a99506a2f0 Uncommon trap: trap_request=0xffffffd6 fr.pc=0x000001a987e5f40c relative=0x000000000000036c
Event: 19.709 Thread 0x000001a99506a2f0 Uncommon trap: reason=array_check action=maybe_recompile pc=0x000001a987e5f40c method=java.util.LinkedHashMap.keysToArray([Ljava/lang/Object;)[Ljava/lang/Object; @ 25 c2
Event: 19.709 Thread 0x000001a99506a2f0 DEOPT PACKING pc=0x000001a987e5f40c sp=0x0000009c1aef83b0
Event: 19.709 Thread 0x000001a99506a2f0 DEOPT UNPACKING pc=0x000001a98758a1a3 sp=0x0000009c1aef8358 mode 2
Event: 19.715 Thread 0x000001a99506a2f0 DEOPT PACKING pc=0x000001a980674e38 sp=0x0000009c1aef9d00
Event: 19.715 Thread 0x000001a99506a2f0 DEOPT UNPACKING pc=0x000001a98758ace3 sp=0x0000009c1aef91f0 mode 0
Event: 19.835 Thread 0x000001a99506a2f0 Uncommon trap: trap_request=0xffffffc6 fr.pc=0x000001a987c21758 relative=0x0000000000000218
Event: 19.835 Thread 0x000001a99506a2f0 Uncommon trap: reason=bimorphic_or_optimized_type_check action=maybe_recompile pc=0x000001a987c21758 method=com.google.common.base.CharMatcher.indexIn(Ljava/lang/CharSequence;I)I @ 31 c2
Event: 19.835 Thread 0x000001a99506a2f0 DEOPT PACKING pc=0x000001a987c21758 sp=0x0000009c1aef9970
Event: 19.835 Thread 0x000001a99506a2f0 DEOPT UNPACKING pc=0x000001a98758a1a3 sp=0x0000009c1aef9918 mode 2
Event: 19.835 Thread 0x000001a99506a2f0 Uncommon trap: trap_request=0xffffffc6 fr.pc=0x000001a987c21758 relative=0x0000000000000218
Event: 19.835 Thread 0x000001a99506a2f0 Uncommon trap: reason=bimorphic_or_optimized_type_check action=maybe_recompile pc=0x000001a987c21758 method=com.google.common.base.CharMatcher.indexIn(Ljava/lang/CharSequence;I)I @ 31 c2
Event: 19.835 Thread 0x000001a99506a2f0 DEOPT PACKING pc=0x000001a987c21758 sp=0x0000009c1aef9970
Event: 19.835 Thread 0x000001a99506a2f0 DEOPT UNPACKING pc=0x000001a98758a1a3 sp=0x0000009c1aef9918 mode 2
Event: 19.842 Thread 0x000001a99506a2f0 Uncommon trap: trap_request=0xffffffc6 fr.pc=0x000001a987c21758 relative=0x0000000000000218
Event: 19.842 Thread 0x000001a99506a2f0 Uncommon trap: reason=bimorphic_or_optimized_type_check action=maybe_recompile pc=0x000001a987c21758 method=com.google.common.base.CharMatcher.indexIn(Ljava/lang/CharSequence;I)I @ 31 c2
Event: 19.842 Thread 0x000001a99506a2f0 DEOPT PACKING pc=0x000001a987c21758 sp=0x0000009c1aef8ff0
Event: 19.842 Thread 0x000001a99506a2f0 DEOPT UNPACKING pc=0x000001a98758a1a3 sp=0x0000009c1aef8f98 mode 2

Classes unloaded (0 events):
No events

Classes redefined (0 events):
No events

Internal exceptions (20 events):
Event: 13.796 Thread 0x000001a99506a2f0 Implicit null exception at 0x000001a987da0155 to 0x000001a987da2114
Event: 13.796 Thread 0x000001a99506a2f0 Implicit null exception at 0x000001a987d9d0b9 to 0x000001a987d9df90
Event: 15.429 Thread 0x000001a99506a2f0 Implicit null exception at 0x000001a987c5afec to 0x000001a987c5b094
Event: 15.754 Thread 0x000001a99506a2f0 Exception <a 'java/lang/NoSuchMethodError'{0x00000000870359c0}: 'java.lang.Object java.lang.invoke.DirectMethodHandle$Holder.newInvokeSpecial(java.lang.Object, java.lang.Object, int)'> (0x00000000870359c0) 
thrown [s\src\hotspot\share\interpreter\linkResolver.cpp, line 771]
Event: 15.919 Thread 0x000001a99506a2f0 Exception <a 'java/lang/NoSuchMethodError'{0x0000000086606240}: 'java.lang.Object java.lang.invoke.DirectMethodHandle$Holder.invokeStatic(java.lang.Object, java.lang.Object, java.lang.Object, java.lang.Object, int)'> (0x0000000086606240) 
thrown [s\src\hotspot\share\interpreter\linkResolver.cpp, line 771]
Event: 15.920 Thread 0x000001a99506a2f0 Exception <a 'java/lang/NoSuchMethodError'{0x00000000866111c0}: 'java.lang.Object java.lang.invoke.DirectMethodHandle$Holder.newInvokeSpecial(java.lang.Object, java.lang.Object, java.lang.Object, java.lang.Object, int)'> (0x00000000866111c0) 
thrown [s\src\hotspot\share\interpreter\linkResolver.cpp, line 771]
Event: 15.920 Thread 0x000001a99506a2f0 Exception <a 'java/lang/NoSuchMethodError'{0x0000000086616f88}: 'java.lang.Object java.lang.invoke.DirectMethodHandle$Holder.invokeSpecial(java.lang.Object, java.lang.Object, java.lang.Object, java.lang.Object, java.lang.Object, int)'> (0x0000000086616f88) 
thrown [s\src\hotspot\share\interpreter\linkResolver.cpp, line 771]
Event: 15.920 Thread 0x000001a99506a2f0 Exception <a 'java/lang/NoSuchMethodError'{0x000000008661c700}: 'java.lang.Object java.lang.invoke.Invokers$Holder.linkToTargetMethod(java.lang.Object, java.lang.Object, java.lang.Object, int, java.lang.Object)'> (0x000000008661c700) 
thrown [s\src\hotspot\share\interpreter\linkResolver.cpp, line 771]
Event: 17.537 Thread 0x000001a99506a2f0 Implicit null exception at 0x000001a987b26e91 to 0x000001a987b26ff8
Event: 17.905 Thread 0x000001a99506a2f0 Exception <a 'java/lang/NoSuchMethodError'{0x00000000865af2c8}: 'java.lang.Object java.lang.invoke.DirectMethodHandle$Holder.newInvokeSpecial(java.lang.Object, java.lang.Object, java.lang.Object, int, int, java.lang.Object, java.lang.Object)'> (0x00000000865af2c8) 
thrown [s\src\hotspot\share\interpreter\linkResolver.cpp, line 771]
Event: 19.165 Thread 0x000001a99506a2f0 Exception <a 'java/lang/NoSuchMethodError'{0x00000000886cab50}: 'void java.lang.invoke.DirectMethodHandle$Holder.invokeInterface(java.lang.Object, java.lang.Object)'> (0x00000000886cab50) 
thrown [s\src\hotspot\share\interpreter\linkResolver.cpp, line 771]
Event: 19.166 Thread 0x000001a99506a2f0 Exception <a 'java/lang/IncompatibleClassChangeError'{0x00000000886d60c8}: Found class java.lang.Object, but interface was expected> (0x00000000886d60c8) 
thrown [s\src\hotspot\share\interpreter\linkResolver.cpp, line 838]
Event: 19.197 Thread 0x000001a99506a2f0 Exception <a 'java/lang/NoSuchMethodError'{0x00000000884620b8}: 'java.lang.Object java.lang.invoke.DirectMethodHandle$Holder.newInvokeSpecial(java.lang.Object, int, java.lang.Object)'> (0x00000000884620b8) 
thrown [s\src\hotspot\share\interpreter\linkResolver.cpp, line 771]
Event: 19.440 Thread 0x000001a99476c290 Exception <a 'java/lang/NoSuchMethodError'{0x0000000087a11c30}: static Lorg/gradle/internal/build/event/types/DefaultOperationStartedProgressEvent;.<clinit>()V> (0x0000000087a11c30) 
thrown [s\src\hotspot\share\prims\jni.cpp, line 1108]
Event: 19.441 Thread 0x000001a99476c290 Exception <a 'java/lang/NoSuchMethodError'{0x0000000087a13778}: static Lorg/gradle/internal/build/event/types/AbstractProgressEvent;.<clinit>()V> (0x0000000087a13778) 
thrown [s\src\hotspot\share\prims\jni.cpp, line 1108]
Event: 19.443 Thread 0x000001a99476c290 Exception <a 'java/lang/NoSuchMethodError'{0x0000000087a27458}: static Lorg/gradle/internal/build/event/types/DefaultProjectConfigurationDescriptor;.<clinit>()V> (0x0000000087a27458) 
thrown [s\src\hotspot\share\prims\jni.cpp, line 1108]
Event: 19.443 Thread 0x000001a99476c290 Exception <a 'java/lang/NoSuchMethodError'{0x0000000087a2a0e8}: static Lorg/gradle/internal/build/event/types/DefaultOperationDescriptor;.<clinit>()V> (0x0000000087a2a0e8) 
thrown [s\src\hotspot\share\prims\jni.cpp, line 1108]
Event: 19.445 Thread 0x000001a99476c290 Exception <a 'java/lang/NoSuchMethodError'{0x0000000087a43768}: static Lorg/gradle/internal/operations/OperationIdentifier;.<clinit>()V> (0x0000000087a43768) 
thrown [s\src\hotspot\share\prims\jni.cpp, line 1108]
Event: 20.236 Thread 0x000001a99506a2f0 Exception <a 'java/lang/NoSuchMethodError'{0x00000000860d8510}: 'int java.lang.invoke.DirectMethodHandle$Holder.invokeStatic(java.lang.Object)'> (0x00000000860d8510) 
thrown [s\src\hotspot\share\interpreter\linkResolver.cpp, line 771]
Event: 20.236 Thread 0x000001a99506a2f0 Exception <a 'java/lang/NoSuchMethodError'{0x00000000860dcb60}: 'int java.lang.invoke.DirectMethodHandle$Holder.invokeStaticInit(java.lang.Object)'> (0x00000000860dcb60) 
thrown [s\src\hotspot\share\interpreter\linkResolver.cpp, line 771]

VM Operations (20 events):
Event: 18.688 Executing VM operation: G1Concurrent done
Event: 18.745 Executing VM operation: HandshakeAllThreads
Event: 18.745 Executing VM operation: HandshakeAllThreads done
Event: 18.965 Executing VM operation: HandshakeAllThreads
Event: 18.965 Executing VM operation: HandshakeAllThreads done
Event: 19.053 Executing VM operation: HandshakeAllThreads
Event: 19.053 Executing VM operation: HandshakeAllThreads done
Event: 19.147 Executing VM operation: G1CollectForAllocation
Event: 19.151 Executing VM operation: G1CollectForAllocation done
Event: 19.212 Executing VM operation: G1CollectForAllocation
Event: 19.220 Executing VM operation: G1CollectForAllocation done
Event: 19.395 Executing VM operation: HandshakeAllThreads
Event: 19.395 Executing VM operation: HandshakeAllThreads done
Event: 19.535 Executing VM operation: HandshakeAllThreads
Event: 19.535 Executing VM operation: HandshakeAllThreads done
Event: 19.777 Executing VM operation: ICBufferFull
Event: 19.778 Executing VM operation: ICBufferFull done
Event: 20.186 Executing VM operation: HandshakeAllThreads
Event: 20.186 Executing VM operation: HandshakeAllThreads done
Event: 20.239 Executing VM operation: G1CollectForAllocation

Events (20 events):
Event: 19.865 loading class java/io/DeleteOnExitHook$1 done
Event: 19.915 loading class javax/net/ssl/HostnameVerifier
Event: 19.915 loading class javax/net/ssl/HostnameVerifier done
Event: 19.917 loading class javax/net/ssl/TrustManager
Event: 19.918 loading class javax/net/ssl/TrustManager done
Event: 19.918 loading class javax/net/ssl/X509TrustManager
Event: 19.918 loading class javax/net/ssl/X509TrustManager done
Event: 19.921 loading class javax/net/ssl/SSLPeerUnverifiedException
Event: 19.921 loading class javax/net/ssl/SSLException
Event: 19.921 loading class javax/net/ssl/SSLException done
Event: 19.921 loading class javax/net/ssl/SSLPeerUnverifiedException done
Event: 19.922 loading class java/security/cert/CertificateParsingException
Event: 19.922 loading class java/security/cert/CertificateException
Event: 19.922 loading class java/security/cert/CertificateException done
Event: 19.922 loading class java/security/cert/CertificateParsingException done
Event: 19.922 loading class javax/naming/NamingException
Event: 19.922 loading class javax/naming/NamingException done
Event: 19.922 loading class javax/naming/InvalidNameException
Event: 19.923 loading class javax/naming/InvalidNameException done
Event: 19.997 Thread 0x000001a99f949fa0 Thread exited: 0x000001a99f949fa0


Dynamic libraries:
0x00007ff7a3a00000 - 0x00007ff7a3a0a000 	C:\Program Files\Android\Android Studio\jbr\bin\java.exe
0x00007ff988e90000 - 0x00007ff98907e000 	C:\Windows\SYSTEM32\ntdll.dll
0x00007ff988920000 - 0x00007ff9889d3000 	C:\Windows\System32\KERNEL32.DLL
0x00007ff985b00000 - 0x00007ff985d9d000 	C:\Windows\System32\KERNELBASE.dll
0x00007ff985800000 - 0x00007ff9858fa000 	C:\Windows\System32\ucrtbase.dll
0x00007ff95f100000 - 0x00007ff95f11b000 	C:\Program Files\Android\Android Studio\jbr\bin\VCRUNTIME140.dll
0x00007ff9567a0000 - 0x00007ff9567b7000 	C:\Program Files\Android\Android Studio\jbr\bin\jli.dll
0x00007ff986940000 - 0x00007ff986ad7000 	C:\Windows\System32\USER32.dll
0x00007ff985ab0000 - 0x00007ff985ad0000 	C:\Windows\System32\win32u.dll
0x00007ff9860c0000 - 0x00007ff9860e9000 	C:\Windows\System32\GDI32.dll
0x00007ff985900000 - 0x00007ff985aab000 	C:\Windows\System32\gdi32full.dll
0x00007ff984f10000 - 0x00007ff984fb0000 	C:\Windows\System32\msvcp_win.dll
0x00007ff963e00000 - 0x00007ff964079000 	C:\Windows\WinSxS\amd64_microsoft.windows.common-controls_6595b64144ccf1df_6.0.17763.4974_none_de748dce53484fa6\COMCTL32.dll
0x00007ff988450000 - 0x00007ff9884ee000 	C:\Windows\System32\msvcrt.dll
0x00007ff986350000 - 0x00007ff98667b000 	C:\Windows\System32\combase.dll
0x00007ff9866a0000 - 0x00007ff9867be000 	C:\Windows\System32\RPCRT4.dll
0x00007ff984fb0000 - 0x00007ff985032000 	C:\Windows\System32\bcryptPrimitives.dll
0x00007ff9881b0000 - 0x00007ff9881de000 	C:\Windows\System32\IMM32.DLL
0x00007ff97f1b0000 - 0x00007ff97f1bc000 	C:\Program Files\Android\Android Studio\jbr\bin\vcruntime140_1.dll
0x00007ff93f7a0000 - 0x00007ff93f82d000 	C:\Program Files\Android\Android Studio\jbr\bin\msvcp140.dll
0x00007ff919c30000 - 0x00007ff91a89e000 	C:\Program Files\Android\Android Studio\jbr\bin\server\jvm.dll
0x00007ff988860000 - 0x00007ff988907000 	C:\Windows\System32\ADVAPI32.dll
0x00007ff9884f0000 - 0x00007ff98858f000 	C:\Windows\System32\sechost.dll
0x00007ff982f30000 - 0x00007ff982f54000 	C:\Windows\SYSTEM32\WINMM.dll
0x00007ff978f80000 - 0x00007ff978f8a000 	C:\Windows\SYSTEM32\VERSION.dll
0x00007ff982f00000 - 0x00007ff982f2d000 	C:\Windows\SYSTEM32\WINMMBASE.dll
0x00007ff985790000 - 0x00007ff9857da000 	C:\Windows\System32\cfgmgr32.dll
0x00007ff97f090000 - 0x00007ff97f099000 	C:\Windows\SYSTEM32\WSOCK32.dll
0x000001a9f7ec0000 - 0x000001a9f7f2d000 	C:\Windows\System32\ws2_32.DLL
0x00007ff984ec0000 - 0x00007ff984ed1000 	C:\Windows\System32\kernel.appcore.dll
0x00007ff9691e0000 - 0x00007ff9691ea000 	C:\Program Files\Android\Android Studio\jbr\bin\jimage.dll
0x00007ff97ee60000 - 0x00007ff97f04d000 	C:\Windows\SYSTEM32\DBGHELP.DLL
0x00007ff96dd80000 - 0x00007ff96ddaa000 	C:\Windows\SYSTEM32\dbgcore.DLL
0x00007ff95c160000 - 0x00007ff95c185000 	C:\Program Files\Android\Android Studio\jbr\bin\java.dll
0x00007ff963580000 - 0x00007ff963598000 	C:\Program Files\Android\Android Studio\jbr\bin\zip.dll
0x00007ff986cb0000 - 0x00007ff9881a8000 	C:\Windows\System32\SHELL32.dll
0x00007ff9881e0000 - 0x00007ff988287000 	C:\Windows\System32\shcore.dll
0x00007ff985040000 - 0x00007ff985787000 	C:\Windows\System32\windows.storage.dll
0x00007ff984ee0000 - 0x00007ff984f03000 	C:\Windows\System32\profapi.dll
0x00007ff984e40000 - 0x00007ff984e9d000 	C:\Windows\System32\powrprof.dll
0x00007ff9860f0000 - 0x00007ff986142000 	C:\Windows\System32\shlwapi.dll
0x00007ff9857e0000 - 0x00007ff9857fb000 	C:\Windows\System32\cryptsp.dll
0x00007ff95c140000 - 0x00007ff95c159000 	C:\Program Files\Android\Android Studio\jbr\bin\net.dll
0x00007ff97e480000 - 0x00007ff97e57d000 	C:\Windows\SYSTEM32\WINHTTP.dll
0x00007ff984690000 - 0x00007ff9846f7000 	C:\Windows\system32\mswsock.dll
0x00007ff95c120000 - 0x00007ff95c136000 	C:\Program Files\Android\Android Studio\jbr\bin\nio.dll
0x00007ff95c6e0000 - 0x00007ff95c6f0000 	C:\Program Files\Android\Android Studio\jbr\bin\verify.dll
0x00007ff95eff0000 - 0x00007ff95f017000 	C:\Users\Rania\.gradle\native\68d5fa5c4cc2d200863cafc0d521ce42e7d3e7ee720ec0a83991735586a16f82\windows-amd64\native-platform.dll
0x00007ff937900000 - 0x00007ff937a44000 	C:\Users\Rania\.gradle\native\e376f236ea51e6404a007f0833ffe2c6e607c4080706a723a18a27aeea778392\windows-amd64\native-platform-file-events.dll
0x00007ff95c630000 - 0x00007ff95c639000 	C:\Program Files\Android\Android Studio\jbr\bin\management.dll
0x00007ff958d80000 - 0x00007ff958d8b000 	C:\Program Files\Android\Android Studio\jbr\bin\management_ext.dll
0x00007ff988910000 - 0x00007ff988918000 	C:\Windows\System32\PSAPI.DLL
0x00007ff984210000 - 0x00007ff984243000 	C:\Windows\system32\rsaenh.dll
0x00007ff985ad0000 - 0x00007ff985af6000 	C:\Windows\System32\bcrypt.dll
0x00007ff984d40000 - 0x00007ff984d69000 	C:\Windows\SYSTEM32\USERENV.dll
0x00007ff984860000 - 0x00007ff98486c000 	C:\Windows\SYSTEM32\CRYPTBASE.dll
0x00007ff9843a0000 - 0x00007ff9843dd000 	C:\Windows\SYSTEM32\IPHLPAPI.DLL
0x00007ff986930000 - 0x00007ff986938000 	C:\Windows\System32\NSI.dll
0x00007ff978810000 - 0x00007ff978826000 	C:\Windows\SYSTEM32\dhcpcsvc6.DLL
0x00007ff9787f0000 - 0x00007ff97880c000 	C:\Windows\SYSTEM32\dhcpcsvc.DLL
0x00007ff9843f0000 - 0x00007ff9844b6000 	C:\Windows\SYSTEM32\DNSAPI.dll
0x00007ff96dc70000 - 0x00007ff96dc77000 	C:\Windows\system32\wshunix.dll

dbghelp: loaded successfully - version: 4.0.5 - missing functions: none
symbol engine: initialized successfully - sym options: 0x614 - pdb path: .;C:\Program Files\Android\Android Studio\jbr\bin;C:\Windows\SYSTEM32;C:\Windows\WinSxS\amd64_microsoft.windows.common-controls_6595b64144ccf1df_6.0.17763.4974_none_de748dce53484fa6;C:\Program Files\Android\Android Studio\jbr\bin\server;C:\Users\Rania\.gradle\native\68d5fa5c4cc2d200863cafc0d521ce42e7d3e7ee720ec0a83991735586a16f82\windows-amd64;C:\Users\Rania\.gradle\native\e376f236ea51e6404a007f0833ffe2c6e607c4080706a723a18a27aeea778392\windows-amd64

VM Arguments:
jvm_args: --add-opens=java.base/java.util=ALL-UNNAMED --add-opens=java.base/java.lang=ALL-UNNAMED --add-opens=java.base/java.lang.invoke=ALL-UNNAMED --add-opens=java.prefs/java.util.prefs=ALL-UNNAMED --add-opens=java.base/java.nio.charset=ALL-UNNAMED --add-opens=java.base/java.net=ALL-UNNAMED --add-opens=java.base/java.util.concurrent.atomic=ALL-UNNAMED -Xmx2048m -Dfile.encoding=UTF-8 -Duser.country=FR -Duser.language=fr -Duser.variant 
java_command: org.gradle.launcher.daemon.bootstrap.GradleDaemon 8.0
java_class_path (initial): C:\Users\Rania\.gradle\wrapper\dists\gradle-8.0-bin\ca5e32bp14vu59qr306oxotwh\gradle-8.0\lib\gradle-launcher-8.0.jar
Launcher Type: SUN_STANDARD

[Global flags]
     intx CICompilerCount                          = 3                                         {product} {ergonomic}
     uint ConcGCThreads                            = 1                                         {product} {ergonomic}
     uint G1ConcRefinementThreads                  = 4                                         {product} {ergonomic}
   size_t G1HeapRegionSize                         = 1048576                                   {product} {ergonomic}
    uintx GCDrainStackTargetSize                   = 64                                        {product} {ergonomic}
   size_t InitialHeapSize                          = 132120576                                 {product} {ergonomic}
   size_t MarkStackSize                            = 4194304                                   {product} {ergonomic}
   size_t MaxHeapSize                              = 2147483648                                {product} {command line}
   size_t MaxNewSize                               = 1287651328                                {product} {ergonomic}
   size_t MinHeapDeltaBytes                        = 1048576                                   {product} {ergonomic}
   size_t MinHeapSize                              = 8388608                                   {product} {ergonomic}
    uintx NonNMethodCodeHeapSize                   = 5832780                                {pd product} {ergonomic}
    uintx NonProfiledCodeHeapSize                  = 122912730                              {pd product} {ergonomic}
    uintx ProfiledCodeHeapSize                     = 122912730                              {pd product} {ergonomic}
    uintx ReservedCodeCacheSize                    = 251658240                              {pd product} {ergonomic}
     bool SegmentedCodeCache                       = true                                      {product} {ergonomic}
   size_t SoftMaxHeapSize                          = 2147483648                             {manageable} {ergonomic}
     bool UseCompressedClassPointers               = true                           {product lp64_product} {ergonomic}
     bool UseCompressedOops                        = true                           {product lp64_product} {ergonomic}
     bool UseG1GC                                  = true                                      {product} {ergonomic}
     bool UseLargePagesIndividualAllocation        = false                                  {pd product} {ergonomic}

Logging:
Log output configuration:
 #0: stdout all=warning uptime,level,tags
 #1: stderr all=off uptime,level,tags

Environment Variables:
JAVA_HOME=C:\Program Files\Java\jdk-11
PATH=C:\Program Files (x86)\Common Files\Oracle\Java\javapath;C:\Windows\system32;C:\Windows;C:\Windows\System32\Wbem;C:\Windows\System32\WindowsPowerShell\v1.0\;C:\Windows\System32\OpenSSH\;C:\ProgramData\chocolatey\bin;C:\Program Files\Git\cmd;C:\wamp64\bin\php\php8.1.0;C:\Program Files\nodejs\;C:\Users\Rania\AppData\Local\Microsoft\WindowsApps;C:\Program Files\JetBrains\IntelliJ IDEA 2022.3.2\bin;;C:\Users\Rania\AppData\Local\ComposerSetup\bin;C:\Users\Rania\AppData\Roaming\Composer\vendor\bin;C:\Users\Rania\AppData\Roaming\npm;C:\src\flutter\bin;C:\Program Files\Android\Android Studio\lib;C:\ProgramData\Microsoft\Windows\Start Menu\Programs\Android Studio;C:\Users\Rania\AppData\Local\Programs\Microsoft VS Code\bin;C:\Program Files\Java\jdk-11\bin;
USERNAME=Rania
OS=Windows_NT
PROCESSOR_IDENTIFIER=Intel64 Family 6 Model 140 Stepping 1, GenuineIntel
TMP=C:\Users\Rania\AppData\Local\Temp
TEMP=C:\Users\Rania\AppData\Local\Temp


JNI global refs:
JNI global refs: 25, weak refs: 0

JNI global refs memory usage: 843, weak refs: 841


---------------  S Y S T E M  ---------------

OS:
 Windows 10 , 64 bit Build 17763 (10.0.17763.4974)
OS uptime: 6 days 5:26 hours

CPU: total 4 (initial active 4) (2 cores per cpu, 2 threads per core) family 6 model 140 stepping 1 microcode 0x9a, cx8, cmov, fxsr, ht, mmx, 3dnowpref, sse, sse2, sse3, ssse3, sse4.1, sse4.2, popcnt, lzcnt, tsc, tscinvbit, avx, avx2, aes, erms, clmul, bmi1, bmi2, adx, avx512f, avx512dq, avx512cd, avx512bw, avx512vl, sha, fma, vzeroupper, avx512_vpopcntdq, avx512_vpclmulqdq, avx512_vaes, avx512_vnni, clflush, clflushopt, clwb, avx512_vbmi2, avx512_vbmi

Memory: 4k page, system-wide physical 7975M (383M free)
TotalPageFile size 25581M (AvailPageFile size 152M)
current process WorkingSet (physical memory assigned to process): 391M, peak: 397M
current process commit charge ("private bytes"): 418M, peak: 577M

vm_info: OpenJDK 64-Bit Server VM (17.0.6+0-b2043.56-10027231) for windows-amd64 JRE (17.0.6+0-b2043.56-10027231), built on Apr 28 2023 00:43:19 by "androidbuild" with MS VC++ 16.10 / 16.11 (VS2019)

END.
