#
# There is insufficient memory for the Java Runtime Environment to continue.
# Native memory allocation (malloc) failed to allocate 2075760 bytes for Chunk::new
# Possible reasons:
#   The system is out of physical RAM or swap space
#   The process is running with CompressedOops enabled, and the Java Heap may be blocking the growth of the native heap
# Possible solutions:
#   Reduce memory load on the system
#   Increase physical memory or swap space
#   Check if swap backing store is full
#   Decrease Java heap size (-Xmx/-Xms)
#   Decrease number of Java threads
#   Decrease Java thread stack sizes (-Xss)
#   Set larger code cache with -XX:ReservedCodeCacheSize=
#   JVM is running with Zero Based Compressed Oops mode in which the Java heap is
#     placed in the first 32GB address space. The Java Heap base address is the
#     maximum limit for the native heap growth. Please use -XX:HeapBaseMinAddress
#     to set the Java Heap base and to place the Java Heap above 32GB virtual address.
# This output file may be truncated or incomplete.
#
#  Out of Memory Error (arena.cpp:189), pid=9440, tid=5776
#
# JRE version: OpenJDK Runtime Environment (17.0.6) (build 17.0.6+0-b2043.56-10027231)
# Java VM: OpenJDK 64-Bit Server VM (17.0.6+0-b2043.56-10027231, mixed mode, tiered, compressed oops, compressed class ptrs, g1 gc, windows-amd64)
# No core dump will be written. Minidumps are not enabled by default on client versions of Windows
#

---------------  S U M M A R Y ------------

Command Line: --add-opens=java.base/java.util=ALL-UNNAMED --add-opens=java.base/java.lang=ALL-UNNAMED --add-opens=java.base/java.lang.invoke=ALL-UNNAMED --add-opens=java.prefs/java.util.prefs=ALL-UNNAMED --add-opens=java.base/java.nio.charset=ALL-UNNAMED --add-opens=java.base/java.net=ALL-UNNAMED --add-opens=java.base/java.util.concurrent.atomic=ALL-UNNAMED -Xmx4096m -Dfile.encoding=windows-1252 -Duser.country=FR -Duser.language=fr -Duser.variant org.gradle.launcher.daemon.bootstrap.GradleDaemon 8.0

Host: 11th Gen Intel(R) Core(TM) i3-1115G4 @ 3.00GHz, 4 cores, 7G,  Windows 10 , 64 bit Build 17763 (10.0.17763.4974)
Time: Sun Dec 10 16:04:05 2023 Afr. centrale Ouest elapsed time: 5139.228789 seconds (0d 1h 25m 39s)

---------------  T H R E A D  ---------------

Current thread (0x000001b7ff853250):  JavaThread "C2 CompilerThread0" daemon [_thread_in_native, id=5776, stack(0x0000005d65100000,0x0000005d65200000)]


Current CompileTask:
C2:5139228 35554       4       org.gradle.api.internal.artifacts.ivyservice.resolveengine.graph.builder.DependencyGraphBuilder::resolveEdges (43 bytes)

Stack: [0x0000005d65100000,0x0000005d65200000]
Native frames: (J=compiled Java code, j=interpreted, Vv=VM code, C=native code)
V  [jvm.dll+0x683c9a]
V  [jvm.dll+0x8427a4]
V  [jvm.dll+0x843f9e]
V  [jvm.dll+0x844603]
V  [jvm.dll+0x249b75]
V  [jvm.dll+0xabcac]
V  [jvm.dll+0xac27c]
V  [jvm.dll+0x368857]
V  [jvm.dll+0x1bced2]
V  [jvm.dll+0x21c359]
V  [jvm.dll+0x21b621]
V  [jvm.dll+0x1a4fdd]
V  [jvm.dll+0x22b098]
V  [jvm.dll+0x229159]
V  [jvm.dll+0x7f81ec]
V  [jvm.dll+0x7f274a]
V  [jvm.dll+0x682ad5]
C  [ucrtbase.dll+0x2268a]
C  [KERNEL32.DLL+0x17ac4]
C  [ntdll.dll+0x5a4e1]


---------------  P R O C E S S  ---------------

Threads class SMR info:
_java_thread_list=0x000001b789cb06c0, length=87, elements={
0x000001b7e0d3ef30, 0x000001b7fef04eb0, 0x000001b7fef05970, 0x000001b7fef2d9a0,
0x000001b7fef2e360, 0x000001b7ff852020, 0x000001b7ff8528e0, 0x000001b7ff853250,
0x000001b7ff855400, 0x000001b7ff8965e0, 0x000001b7ff9c7360, 0x000001b7ff9df830,
0x000001b7817cd640, 0x000001b7817cdb10, 0x000001b7817cd170, 0x000001b7817cc300,
0x000001b7817cafc0, 0x000001b7817cc7d0, 0x000001b7829be450, 0x000001b7829b9750,
0x000001b7829bd5e0, 0x000001b7829b9c20, 0x000001b7829ba0f0, 0x000001b7829bc2a0,
0x000001b7829baf60, 0x000001b7829bc770, 0x000001b7829bf2c0, 0x000001b7812b99e0,
0x000001b786622710, 0x000001b786625260, 0x000001b786625730, 0x000001b7866243f0,
0x000001b78821e750, 0x000001b78821fa90, 0x000001b78821ec20, 0x000001b78821c5a0,
0x000001b78821f0f0, 0x000001b786623f20, 0x000001b786627410, 0x000001b7866230b0,
0x000001b7866265a0, 0x000001b786622be0, 0x000001b786622240, 0x000001b7866260d0,
0x000001b786627db0, 0x000001b786626a70, 0x000001b7866278e0, 0x000001b786628280,
0x000001b786628750, 0x000001b7866290f0, 0x000001b7866218a0, 0x000001b786621d70,
0x000001b786623580, 0x000001b786623a50, 0x000001b7866248c0, 0x000001b786624d90,
0x000001b784b67f00, 0x000001b784b68d70, 0x000001b784b69be0, 0x000001b784b62d30,
0x000001b784b69240, 0x000001b784b666f0, 0x000001b784b683d0, 0x000001b784b64540,
0x000001b784b6a580, 0x000001b784b67090, 0x000001b784b636d0, 0x000001b784b69710,
0x000001b784b64a10, 0x000001b784b64ee0, 0x000001b784b653b0, 0x000001b784b65d50,
0x000001b784b66220, 0x000001b784b67560, 0x000001b784b67a30, 0x000001b7812bb6c0,
0x000001b7812b9eb0, 0x000001b7812bc060, 0x000001b7812b64f0, 0x000001b7812bc530,
0x000001b7812b9510, 0x000001b7812ba380, 0x000001b7812bced0, 0x000001b7812b6e90,
0x000001b7812b7360, 0x000001b7812b7830, 0x000001b7812b8b70
}

Java Threads: ( => current thread )
  0x000001b7e0d3ef30 JavaThread "main" [_thread_blocked, id=8284, stack(0x0000005d64400000,0x0000005d64500000)]
  0x000001b7fef04eb0 JavaThread "Reference Handler" daemon [_thread_blocked, id=16096, stack(0x0000005d64b00000,0x0000005d64c00000)]
  0x000001b7fef05970 JavaThread "Finalizer" daemon [_thread_blocked, id=13916, stack(0x0000005d64c00000,0x0000005d64d00000)]
  0x000001b7fef2d9a0 JavaThread "Signal Dispatcher" daemon [_thread_blocked, id=2084, stack(0x0000005d64d00000,0x0000005d64e00000)]
  0x000001b7fef2e360 JavaThread "Attach Listener" daemon [_thread_blocked, id=17172, stack(0x0000005d64e00000,0x0000005d64f00000)]
  0x000001b7ff852020 JavaThread "Service Thread" daemon [_thread_blocked, id=5244, stack(0x0000005d64f00000,0x0000005d65000000)]
  0x000001b7ff8528e0 JavaThread "Monitor Deflation Thread" daemon [_thread_blocked, id=12116, stack(0x0000005d65000000,0x0000005d65100000)]
=>0x000001b7ff853250 JavaThread "C2 CompilerThread0" daemon [_thread_in_native, id=5776, stack(0x0000005d65100000,0x0000005d65200000)]
  0x000001b7ff855400 JavaThread "C1 CompilerThread0" daemon [_thread_blocked, id=4196, stack(0x0000005d65200000,0x0000005d65300000)]
  0x000001b7ff8965e0 JavaThread "Sweeper thread" daemon [_thread_blocked, id=11564, stack(0x0000005d65300000,0x0000005d65400000)]
  0x000001b7ff9c7360 JavaThread "Common-Cleaner" daemon [_thread_blocked, id=1776, stack(0x0000005d65400000,0x0000005d65500000)]
  0x000001b7ff9df830 JavaThread "Notification Thread" daemon [_thread_blocked, id=7596, stack(0x0000005d65500000,0x0000005d65600000)]
  0x000001b7817cd640 JavaThread "Daemon health stats" [_thread_blocked, id=9636, stack(0x0000005d65b00000,0x0000005d65c00000)]
  0x000001b7817cdb10 JavaThread "Incoming local TCP Connector on port 55657" [_thread_in_native, id=16668, stack(0x0000005d65c00000,0x0000005d65d00000)]
  0x000001b7817cd170 JavaThread "Daemon periodic checks" [_thread_blocked, id=11780, stack(0x0000005d65d00000,0x0000005d65e00000)]
  0x000001b7817cc300 JavaThread "Cache worker for journal cache (C:\Users\Rania\.gradle\caches\journal-1)" [_thread_blocked, id=776, stack(0x0000005d66500000,0x0000005d66600000)]
  0x000001b7817cafc0 JavaThread "File lock request listener" [_thread_in_native, id=16464, stack(0x0000005d66600000,0x0000005d66700000)]
  0x000001b7817cc7d0 JavaThread "Cache worker for file hash cache (C:\Users\Rania\.gradle\caches\8.0\fileHashes)" [_thread_blocked, id=7096, stack(0x0000005d66700000,0x0000005d66800000)]
  0x000001b7829be450 JavaThread "File watcher server" daemon [_thread_in_native, id=2304, stack(0x0000005d66900000,0x0000005d66a00000)]
  0x000001b7829b9750 JavaThread "File watcher consumer" daemon [_thread_blocked, id=13076, stack(0x0000005d66a00000,0x0000005d66b00000)]
  0x000001b7829bd5e0 JavaThread "Cache worker for file content cache (C:\Users\Rania\.gradle\caches\8.0\fileContent)" [_thread_blocked, id=16880, stack(0x0000005d66d00000,0x0000005d66e00000)]
  0x000001b7829b9c20 JavaThread "Cache worker for execution history cache (C:\Users\Rania\.gradle\caches\8.0\executionHistory)" [_thread_blocked, id=12376, stack(0x0000005d67000000,0x0000005d67100000)]
  0x000001b7829ba0f0 JavaThread "jar transforms" [_thread_blocked, id=1312, stack(0x0000005d67100000,0x0000005d67200000)]
  0x000001b7829bc2a0 JavaThread "jar transforms Thread 2" [_thread_blocked, id=11792, stack(0x0000005d67200000,0x0000005d67300000)]
  0x000001b7829baf60 JavaThread "Cache worker for kotlin-dsl (C:\Users\Rania\.gradle\caches\8.0\kotlin-dsl)" [_thread_blocked, id=14896, stack(0x0000005d67300000,0x0000005d67400000)]
  0x000001b7829bc770 JavaThread "jar transforms Thread 3" [_thread_blocked, id=16336, stack(0x0000005d67400000,0x0000005d67500000)]
  0x000001b7829bf2c0 JavaThread "jar transforms Thread 4" [_thread_blocked, id=11932, stack(0x0000005d67500000,0x0000005d67600000)]
  0x000001b7812b99e0 JavaThread "Memory manager" [_thread_blocked, id=16744, stack(0x0000005d6a100000,0x0000005d6a200000)]
  0x000001b786622710 JavaThread "RMI Scheduler(0)" daemon [_thread_blocked, id=10828, stack(0x0000005d65700000,0x0000005d65800000)]
  0x000001b786625260 JavaThread "RMI GC Daemon" daemon [_thread_blocked, id=5312, stack(0x0000005d6b200000,0x0000005d6b300000)]
  0x000001b786625730 JavaThread "RMI TCP Accept-0" daemon [_thread_in_native, id=10552, stack(0x0000005d6b300000,0x0000005d6b400000)]
  0x000001b7866243f0 JavaThread "RMI Reaper" [_thread_blocked, id=15460, stack(0x0000005d6b400000,0x0000005d6b500000)]
  0x000001b78821e750 JavaThread "Daemon Thread 13" [_thread_blocked, id=13264, stack(0x0000005d64100000,0x0000005d64200000)]
  0x000001b78821fa90 JavaThread "Handler for socket connection from /127.0.0.1:55657 to /127.0.0.1:63911" [_thread_in_native, id=6696, stack(0x0000005d64200000,0x0000005d64300000)]
  0x000001b78821ec20 JavaThread "Cancel handler" [_thread_blocked, id=10584, stack(0x0000005d64300000,0x0000005d64400000)]
  0x000001b78821c5a0 JavaThread "Daemon worker Thread 13" [_thread_in_native, id=16648, stack(0x0000005d65e00000,0x0000005d65f00000)]
  0x000001b78821f0f0 JavaThread "Asynchronous log dispatcher for DefaultDaemonConnection: socket connection from /127.0.0.1:55657 to /127.0.0.1:63911" [_thread_blocked, id=17484, stack(0x0000005d65f00000,0x0000005d66000000)]
  0x000001b786623f20 JavaThread "Stdin handler" [_thread_blocked, id=3084, stack(0x0000005d66000000,0x0000005d66100000)]
  0x000001b786627410 JavaThread "Daemon client event forwarder" [_thread_blocked, id=7480, stack(0x0000005d66100000,0x0000005d66200000)]
  0x000001b7866230b0 JavaThread "Cache worker for checksums cache (D:\android studio\dernier version\androidProjectEducation-master\.gradle\8.0\checksums)" [_thread_blocked, id=11896, stack(0x0000005d66200000,0x0000005d66300000)]
  0x000001b7866265a0 JavaThread "Cache worker for cache directory md-rule (C:\Users\Rania\.gradle\caches\8.0\md-rule)" [_thread_blocked, id=14168, stack(0x0000005d66300000,0x0000005d66400000)]
  0x000001b786622be0 JavaThread "Cache worker for file hash cache (D:\android studio\dernier version\androidProjectEducation-master\.gradle\8.0\fileHashes)" [_thread_blocked, id=16592, stack(0x0000005d66400000,0x0000005d66500000)]
  0x000001b786622240 JavaThread "Cache worker for cache directory md-supplier (C:\Users\Rania\.gradle\caches\8.0\md-supplier)" [_thread_blocked, id=16548, stack(0x0000005d66b00000,0x0000005d66c00000)]
  0x000001b7866260d0 JavaThread "Cache worker for dependencies-accessors (D:\android studio\dernier version\androidProjectEducation-master\.gradle\8.0\dependencies-accessors)" [_thread_blocked, id=6140, stack(0x0000005d66c00000,0x0000005d66d00000)]
  0x000001b786627db0 JavaThread "Cache worker for Build Output Cleanup Cache (D:\android studio\dernier version\androidProjectEducation-master\.gradle\buildOutputCleanup)" [_thread_blocked, id=15900, stack(0x0000005d66e00000,0x0000005d66f00000)]
  0x000001b786626a70 JavaThread "Unconstrained build operations" [_thread_blocked, id=16424, stack(0x0000005d66f00000,0x0000005d67000000)]
  0x000001b7866278e0 JavaThread "Unconstrained build operations Thread 2" [_thread_blocked, id=6204, stack(0x0000005d67600000,0x0000005d67700000)]
  0x000001b786628280 JavaThread "Unconstrained build operations Thread 3" [_thread_blocked, id=11632, stack(0x0000005d67700000,0x0000005d67800000)]
  0x000001b786628750 JavaThread "Unconstrained build operations Thread 4" [_thread_blocked, id=1160, stack(0x0000005d67800000,0x0000005d67900000)]
  0x000001b7866290f0 JavaThread "Unconstrained build operations Thread 5" [_thread_blocked, id=8152, stack(0x0000005d67900000,0x0000005d67a00000)]
  0x000001b7866218a0 JavaThread "Unconstrained build operations Thread 6" [_thread_blocked, id=8228, stack(0x0000005d67a00000,0x0000005d67b00000)]
  0x000001b786621d70 JavaThread "Unconstrained build operations Thread 7" [_thread_blocked, id=11768, stack(0x0000005d67b00000,0x0000005d67c00000)]
  0x000001b786623580 JavaThread "Unconstrained build operations Thread 8" [_thread_blocked, id=13856, stack(0x0000005d67c00000,0x0000005d67d00000)]
  0x000001b786623a50 JavaThread "Unconstrained build operations Thread 9" [_thread_blocked, id=10248, stack(0x0000005d67d00000,0x0000005d67e00000)]
  0x000001b7866248c0 JavaThread "Unconstrained build operations Thread 10" [_thread_blocked, id=6112, stack(0x0000005d67e00000,0x0000005d67f00000)]
  0x000001b786624d90 JavaThread "Unconstrained build operations Thread 11" [_thread_blocked, id=9692, stack(0x0000005d67f00000,0x0000005d68000000)]
  0x000001b784b67f00 JavaThread "Unconstrained build operations Thread 12" [_thread_blocked, id=1572, stack(0x0000005d68000000,0x0000005d68100000)]
  0x000001b784b68d70 JavaThread "Unconstrained build operations Thread 13" [_thread_blocked, id=16780, stack(0x0000005d68100000,0x0000005d68200000)]
  0x000001b784b69be0 JavaThread "Unconstrained build operations Thread 14" [_thread_blocked, id=13436, stack(0x0000005d68200000,0x0000005d68300000)]
  0x000001b784b62d30 JavaThread "Unconstrained build operations Thread 15" [_thread_blocked, id=16940, stack(0x0000005d68300000,0x0000005d68400000)]
  0x000001b784b69240 JavaThread "Unconstrained build operations Thread 16" [_thread_blocked, id=15480, stack(0x0000005d68400000,0x0000005d68500000)]
  0x000001b784b666f0 JavaThread "Unconstrained build operations Thread 17" [_thread_blocked, id=8272, stack(0x0000005d68500000,0x0000005d68600000)]
  0x000001b784b683d0 JavaThread "Unconstrained build operations Thread 18" [_thread_blocked, id=17008, stack(0x0000005d68600000,0x0000005d68700000)]
  0x000001b784b64540 JavaThread "Unconstrained build operations Thread 19" [_thread_blocked, id=15864, stack(0x0000005d68700000,0x0000005d68800000)]
  0x000001b784b6a580 JavaThread "Unconstrained build operations Thread 20" [_thread_blocked, id=5980, stack(0x0000005d68800000,0x0000005d68900000)]
  0x000001b784b67090 JavaThread "Unconstrained build operations Thread 21" [_thread_blocked, id=17924, stack(0x0000005d68900000,0x0000005d68a00000)]
  0x000001b784b636d0 JavaThread "Unconstrained build operations Thread 22" [_thread_blocked, id=4584, stack(0x0000005d68a00000,0x0000005d68b00000)]
  0x000001b784b69710 JavaThread "Unconstrained build operations Thread 23" [_thread_blocked, id=14520, stack(0x0000005d68b00000,0x0000005d68c00000)]
  0x000001b784b64a10 JavaThread "Unconstrained build operations Thread 24" [_thread_blocked, id=11124, stack(0x0000005d68c00000,0x0000005d68d00000)]
  0x000001b784b64ee0 JavaThread "Unconstrained build operations Thread 25" [_thread_blocked, id=11100, stack(0x0000005d68d00000,0x0000005d68e00000)]
  0x000001b784b653b0 JavaThread "Unconstrained build operations Thread 26" [_thread_blocked, id=12608, stack(0x0000005d68e00000,0x0000005d68f00000)]
  0x000001b784b65d50 JavaThread "Unconstrained build operations Thread 27" [_thread_blocked, id=7180, stack(0x0000005d68f00000,0x0000005d69000000)]
  0x000001b784b66220 JavaThread "Unconstrained build operations Thread 28" [_thread_blocked, id=16280, stack(0x0000005d69000000,0x0000005d69100000)]
  0x000001b784b67560 JavaThread "Unconstrained build operations Thread 29" [_thread_blocked, id=6520, stack(0x0000005d69100000,0x0000005d69200000)]
  0x000001b784b67a30 JavaThread "Unconstrained build operations Thread 30" [_thread_blocked, id=4344, stack(0x0000005d69200000,0x0000005d69300000)]
  0x000001b7812bb6c0 JavaThread "Unconstrained build operations Thread 31" [_thread_blocked, id=16696, stack(0x0000005d69300000,0x0000005d69400000)]
  0x000001b7812b9eb0 JavaThread "Unconstrained build operations Thread 32" [_thread_blocked, id=13300, stack(0x0000005d69400000,0x0000005d69500000)]
  0x000001b7812bc060 JavaThread "Unconstrained build operations Thread 33" [_thread_blocked, id=14448, stack(0x0000005d69500000,0x0000005d69600000)]
  0x000001b7812b64f0 JavaThread "Unconstrained build operations Thread 34" [_thread_blocked, id=18000, stack(0x0000005d69600000,0x0000005d69700000)]
  0x000001b7812bc530 JavaThread "Unconstrained build operations Thread 35" [_thread_blocked, id=10472, stack(0x0000005d69700000,0x0000005d69800000)]
  0x000001b7812b9510 JavaThread "Unconstrained build operations Thread 36" [_thread_blocked, id=232, stack(0x0000005d69800000,0x0000005d69900000)]
  0x000001b7812ba380 JavaThread "Unconstrained build operations Thread 37" [_thread_blocked, id=17376, stack(0x0000005d69900000,0x0000005d69a00000)]
  0x000001b7812bced0 JavaThread "Unconstrained build operations Thread 38" [_thread_blocked, id=16816, stack(0x0000005d69a00000,0x0000005d69b00000)]
  0x000001b7812b6e90 JavaThread "Unconstrained build operations Thread 39" [_thread_blocked, id=10536, stack(0x0000005d69b00000,0x0000005d69c00000)]
  0x000001b7812b7360 JavaThread "Unconstrained build operations Thread 40" [_thread_blocked, id=6288, stack(0x0000005d69c00000,0x0000005d69d00000)]
  0x000001b7812b7830 JavaThread "build event listener" [_thread_blocked, id=14468, stack(0x0000005d69d00000,0x0000005d69e00000)]
  0x000001b7812b8b70 JavaThread "build event listener" [_thread_blocked, id=5656, stack(0x0000005d69e00000,0x0000005d69f00000)]

Other Threads:
  0x000001b7fef013f0 VMThread "VM Thread" [stack: 0x0000005d64a00000,0x0000005d64b00000] [id=10972]
  0x000001b7e0dcbf70 WatcherThread [stack: 0x0000005d65600000,0x0000005d65700000] [id=13256]
  0x000001b7e0da99f0 GCTaskThread "GC Thread#0" [stack: 0x0000005d64500000,0x0000005d64600000] [id=10292]
  0x000001b7805785c0 GCTaskThread "GC Thread#1" [stack: 0x0000005d65800000,0x0000005d65900000] [id=9516]
  0x000001b7ffaa1610 GCTaskThread "GC Thread#2" [stack: 0x0000005d65900000,0x0000005d65a00000] [id=17356]
  0x000001b7808cf4d0 GCTaskThread "GC Thread#3" [stack: 0x0000005d65a00000,0x0000005d65b00000] [id=3436]
  0x000001b7e0dbb400 ConcurrentGCThread "G1 Main Marker" [stack: 0x0000005d64600000,0x0000005d64700000] [id=2828]
  0x000001b7e0dbbd20 ConcurrentGCThread "G1 Conc#0" [stack: 0x0000005d64700000,0x0000005d64800000] [id=5924]
  0x000001b7fed700a0 ConcurrentGCThread "G1 Refine#0" [stack: 0x0000005d64800000,0x0000005d64900000] [id=13668]
  0x000001b784951f20 ConcurrentGCThread "G1 Refine#1" [stack: 0x0000005d66800000,0x0000005d66900000] [id=17396]
  0x000001b7803c45c0 ConcurrentGCThread "G1 Refine#2" [stack: 0x0000005d6a900000,0x0000005d6aa00000] [id=13924]
  0x000001b7ffb7ba40 ConcurrentGCThread "G1 Refine#3" [stack: 0x0000005d6a000000,0x0000005d6a100000] [id=17728]
  0x000001b7fed709d0 ConcurrentGCThread "G1 Service" [stack: 0x0000005d64900000,0x0000005d64a00000] [id=12848]

Threads with active compile tasks:
C2 CompilerThread0  5139282 35554       4       org.gradle.api.internal.artifacts.ivyservice.resolveengine.graph.builder.DependencyGraphBuilder::resolveEdges (43 bytes)

VM state: not at safepoint (normal execution)

VM Mutex/Monitor currently owned by a thread: None

Heap address: 0x0000000700000000, size: 4096 MB, Compressed Oops mode: Zero based, Oop shift amount: 3

CDS archive(s) not mapped
Compressed class space mapped at: 0x0000000800000000-0x0000000840000000, reserved size: 1073741824
Narrow klass base: 0x0000000800000000, Narrow klass shift: 0, Narrow klass range: 0x40000000

GC Precious Log:
 CPUs: 4 total, 4 available
 Memory: 7975M
 Large Page Support: Disabled
 NUMA Support: Disabled
 Compressed Oops: Enabled (Zero based)
 Heap Region Size: 2M
 Heap Min Capacity: 8M
 Heap Initial Capacity: 126M
 Heap Max Capacity: 4G
 Pre-touch: Disabled
 Parallel Workers: 4
 Concurrent Workers: 1
 Concurrent Refinement Workers: 4
 Periodic GC: Disabled

Heap:
 garbage-first heap   total 632832K, used 333120K [0x0000000700000000, 0x0000000800000000)
  region size 2048K, 37 young (75776K), 2 survivors (4096K)
 Metaspace       used 195345K, committed 197184K, reserved 1220608K
  class space    used 25425K, committed 26304K, reserved 1048576K

Heap Regions: E=young(eden), S=young(survivor), O=old, HS=humongous(starts), HC=humongous(continues), CS=collection set, F=free, OA=open archive, CA=closed archive, TAMS=top-at-mark-start (previous, next)
|   0|0x0000000700000000, 0x0000000700200000, 0x0000000700200000|100%| O|  |TAMS 0x0000000700200000, 0x0000000700200000| Untracked 
|   1|0x0000000700200000, 0x0000000700400000, 0x0000000700400000|100%|HS|  |TAMS 0x0000000700400000, 0x0000000700400000| Untracked 
|   2|0x0000000700400000, 0x0000000700600000, 0x0000000700600000|100%|HC|  |TAMS 0x0000000700600000, 0x0000000700600000| Untracked 
|   3|0x0000000700600000, 0x00000007007ffff8, 0x0000000700800000| 99%| O|  |TAMS 0x0000000700600000, 0x00000007007ffff8| Untracked 
|   4|0x0000000700800000, 0x0000000700a00000, 0x0000000700a00000|100%| O|  |TAMS 0x0000000700a00000, 0x0000000700a00000| Untracked 
|   5|0x0000000700a00000, 0x0000000700c00000, 0x0000000700c00000|100%| O|  |TAMS 0x0000000700c00000, 0x0000000700c00000| Untracked 
|   6|0x0000000700c00000, 0x0000000700e00000, 0x0000000700e00000|100%| O|  |TAMS 0x0000000700e00000, 0x0000000700e00000| Untracked 
|   7|0x0000000700e00000, 0x0000000701000000, 0x0000000701000000|100%| O|  |TAMS 0x0000000701000000, 0x0000000701000000| Untracked 
|   8|0x0000000701000000, 0x00000007011ffff0, 0x0000000701200000| 99%| O|  |TAMS 0x0000000701000000, 0x00000007011ffff0| Untracked 
|   9|0x0000000701200000, 0x00000007013fff78, 0x0000000701400000| 99%| O|  |TAMS 0x0000000701200000, 0x00000007013fff78| Untracked 
|  10|0x0000000701400000, 0x00000007015fffd0, 0x0000000701600000| 99%| O|  |TAMS 0x0000000701400000, 0x00000007015fffd0| Untracked 
|  11|0x0000000701600000, 0x00000007017f57d0, 0x0000000701800000| 97%| O|  |TAMS 0x0000000701600000, 0x00000007017f57d0| Untracked 
|  12|0x0000000701800000, 0x00000007019fffd0, 0x0000000701a00000| 99%| O|  |TAMS 0x0000000701800000, 0x00000007019fffd0| Untracked 
|  13|0x0000000701a00000, 0x0000000701bfe650, 0x0000000701c00000| 99%| O|  |TAMS 0x0000000701a00000, 0x0000000701bfe650| Untracked 
|  14|0x0000000701c00000, 0x0000000701dffff0, 0x0000000701e00000| 99%| O|  |TAMS 0x0000000701c00000, 0x0000000701dffff0| Untracked 
|  15|0x0000000701e00000, 0x0000000702000000, 0x0000000702000000|100%|HS|  |TAMS 0x0000000702000000, 0x0000000702000000| Untracked 
|  16|0x0000000702000000, 0x0000000702200000, 0x0000000702200000|100%|HS|  |TAMS 0x0000000702200000, 0x0000000702200000| Untracked 
|  17|0x0000000702200000, 0x0000000702400000, 0x0000000702400000|100%|HC|  |TAMS 0x0000000702400000, 0x0000000702400000| Untracked 
|  18|0x0000000702400000, 0x0000000702600000, 0x0000000702600000|100%| O|  |TAMS 0x0000000702400000, 0x0000000702600000| Untracked 
|  19|0x0000000702600000, 0x00000007027ffff8, 0x0000000702800000| 99%| O|  |TAMS 0x0000000702600000, 0x00000007027ffff8| Untracked 
|  20|0x0000000702800000, 0x0000000702a00000, 0x0000000702a00000|100%| O|  |TAMS 0x0000000702a00000, 0x0000000702a00000| Untracked 
|  21|0x0000000702a00000, 0x0000000702c00000, 0x0000000702c00000|100%| O|  |TAMS 0x0000000702c00000, 0x0000000702c00000| Untracked 
|  22|0x0000000702c00000, 0x0000000702dfffe0, 0x0000000702e00000| 99%| O|  |TAMS 0x0000000702c00000, 0x0000000702dfffe0| Untracked 
|  23|0x0000000702e00000, 0x0000000702fffff0, 0x0000000703000000| 99%| O|  |TAMS 0x0000000702e00000, 0x0000000702fffff0| Untracked 
|  24|0x0000000703000000, 0x0000000703200000, 0x0000000703200000|100%| O|  |TAMS 0x0000000703000000, 0x0000000703200000| Untracked 
|  25|0x0000000703200000, 0x00000007033fffc8, 0x0000000703400000| 99%| O|  |TAMS 0x0000000703200000, 0x00000007033fffc8| Untracked 
|  26|0x0000000703400000, 0x00000007035fffe8, 0x0000000703600000| 99%| O|  |TAMS 0x0000000703400000, 0x00000007035fffe8| Untracked 
|  27|0x0000000703600000, 0x0000000703800000, 0x0000000703800000|100%| O|  |TAMS 0x0000000703600000, 0x0000000703800000| Untracked 
|  28|0x0000000703800000, 0x0000000703a00000, 0x0000000703a00000|100%| O|  |TAMS 0x0000000703800000, 0x0000000703a00000| Untracked 
|  29|0x0000000703a00000, 0x0000000703bffff0, 0x0000000703c00000| 99%| O|  |TAMS 0x0000000703a00000, 0x0000000703bffff0| Untracked 
|  30|0x0000000703c00000, 0x0000000703e00000, 0x0000000703e00000|100%| O|  |TAMS 0x0000000703e00000, 0x0000000703e00000| Untracked 
|  31|0x0000000703e00000, 0x0000000703ff8980, 0x0000000704000000| 98%| O|  |TAMS 0x0000000703e00000, 0x0000000703ff8980| Untracked 
|  32|0x0000000704000000, 0x00000007041fffe0, 0x0000000704200000| 99%| O|  |TAMS 0x0000000704000000, 0x00000007041fffe0| Untracked 
|  33|0x0000000704200000, 0x00000007043ffff8, 0x0000000704400000| 99%| O|  |TAMS 0x0000000704200000, 0x00000007043ffff8| Untracked 
|  34|0x0000000704400000, 0x0000000704600000, 0x0000000704600000|100%| O|  |TAMS 0x0000000704400000, 0x0000000704600000| Untracked 
|  35|0x0000000704600000, 0x00000007047ffff0, 0x0000000704800000| 99%| O|  |TAMS 0x0000000704600000, 0x00000007047ffff0| Untracked 
|  36|0x0000000704800000, 0x00000007049fffd8, 0x0000000704a00000| 99%| O|  |TAMS 0x0000000704800000, 0x00000007049fffd8| Untracked 
|  37|0x0000000704a00000, 0x0000000704bffff8, 0x0000000704c00000| 99%| O|  |TAMS 0x0000000704a00000, 0x0000000704bffff8| Untracked 
|  38|0x0000000704c00000, 0x0000000704e00000, 0x0000000704e00000|100%| O|  |TAMS 0x0000000704c00000, 0x0000000704e00000| Untracked 
|  39|0x0000000704e00000, 0x0000000705000000, 0x0000000705000000|100%| O|  |TAMS 0x0000000705000000, 0x0000000705000000| Untracked 
|  40|0x0000000705000000, 0x00000007051ffff0, 0x0000000705200000| 99%| O|  |TAMS 0x0000000705000000, 0x00000007051ffff0| Untracked 
|  41|0x0000000705200000, 0x0000000705400000, 0x0000000705400000|100%| O|  |TAMS 0x0000000705200000, 0x0000000705400000| Untracked 
|  42|0x0000000705400000, 0x00000007055fffa8, 0x0000000705600000| 99%| O|  |TAMS 0x0000000705400000, 0x00000007055fffa8| Untracked 
|  43|0x0000000705600000, 0x00000007057fffd0, 0x0000000705800000| 99%| O|  |TAMS 0x0000000705600000, 0x00000007057fffd0| Untracked 
|  44|0x0000000705800000, 0x00000007059ffff8, 0x0000000705a00000| 99%| O|  |TAMS 0x0000000705800000, 0x00000007059ffff8| Untracked 
|  45|0x0000000705a00000, 0x0000000705b4a408, 0x0000000705c00000| 64%| O|  |TAMS 0x0000000705a00000, 0x0000000705b4a408| Untracked 
|  46|0x0000000705c00000, 0x0000000705d65488, 0x0000000705e00000| 69%| O|  |TAMS 0x0000000705c00000, 0x0000000705d65488| Untracked 
|  47|0x0000000705e00000, 0x0000000705e5e1b8, 0x0000000706000000| 18%| O|  |TAMS 0x0000000705e00000, 0x0000000705e5e1b8| Untracked 
|  48|0x0000000706000000, 0x0000000706200000, 0x0000000706200000|100%| O|  |TAMS 0x0000000706000000, 0x0000000706200000| Untracked 
|  49|0x0000000706200000, 0x0000000706400000, 0x0000000706400000|100%| O|  |TAMS 0x0000000706200000, 0x0000000706400000| Untracked 
|  50|0x0000000706400000, 0x0000000706600000, 0x0000000706600000|100%| O|  |TAMS 0x0000000706400000, 0x0000000706600000| Untracked 
|  51|0x0000000706600000, 0x0000000706800000, 0x0000000706800000|100%| O|  |TAMS 0x0000000706600000, 0x0000000706800000| Untracked 
|  52|0x0000000706800000, 0x0000000706a00000, 0x0000000706a00000|100%| O|  |TAMS 0x0000000706800000, 0x0000000706913000| Untracked 
|  53|0x0000000706a00000, 0x0000000706c00000, 0x0000000706c00000|100%|HS|  |TAMS 0x0000000706a00000, 0x0000000706a00000| Complete 
|  54|0x0000000706c00000, 0x0000000706e00000, 0x0000000706e00000|100%|HC|  |TAMS 0x0000000706c00000, 0x0000000706c00000| Complete 
|  55|0x0000000706e00000, 0x0000000707000000, 0x0000000707000000|100%|HS|  |TAMS 0x0000000706e00000, 0x0000000706e00000| Complete 
|  56|0x0000000707000000, 0x0000000707200000, 0x0000000707200000|100%|HC|  |TAMS 0x0000000707000000, 0x0000000707000000| Complete 
|  57|0x0000000707200000, 0x0000000707400000, 0x0000000707400000|100%| O|  |TAMS 0x0000000707200000, 0x0000000707200000| Untracked 
|  58|0x0000000707400000, 0x0000000707469030, 0x0000000707600000| 20%| O|  |TAMS 0x0000000707400000, 0x0000000707469030| Untracked 
|  59|0x0000000707600000, 0x0000000707800000, 0x0000000707800000|100%| O|  |TAMS 0x0000000707600000, 0x0000000707800000| Untracked 
|  60|0x0000000707800000, 0x0000000707a00000, 0x0000000707a00000|100%| O|  |TAMS 0x0000000707800000, 0x0000000707a00000| Untracked 
|  61|0x0000000707a00000, 0x0000000707c00000, 0x0000000707c00000|100%| O|  |TAMS 0x0000000707a00000, 0x0000000707c00000| Untracked 
|  62|0x0000000707c00000, 0x0000000707e00000, 0x0000000707e00000|100%| O|  |TAMS 0x0000000707c00000, 0x0000000707e00000| Untracked 
|  63|0x0000000707e00000, 0x0000000708000000, 0x0000000708000000|100%| O|  |TAMS 0x0000000707e00000, 0x0000000708000000| Untracked 
|  64|0x0000000708000000, 0x0000000708200000, 0x0000000708200000|100%| O|  |TAMS 0x0000000708000000, 0x0000000708000000| Untracked 
|  65|0x0000000708200000, 0x0000000708400000, 0x0000000708400000|100%| O|  |TAMS 0x0000000708200000, 0x0000000708200000| Untracked 
|  66|0x0000000708400000, 0x0000000708600000, 0x0000000708600000|100%| O|  |TAMS 0x0000000708400000, 0x0000000708400000| Untracked 
|  67|0x0000000708600000, 0x0000000708800000, 0x0000000708800000|100%|HS|  |TAMS 0x0000000708600000, 0x0000000708800000| Complete 
|  68|0x0000000708800000, 0x0000000708a00000, 0x0000000708a00000|100%|HS|  |TAMS 0x0000000708800000, 0x0000000708a00000| Complete 
|  69|0x0000000708a00000, 0x0000000708c00000, 0x0000000708c00000|100%|HC|  |TAMS 0x0000000708a00000, 0x0000000708c00000| Complete 
|  70|0x0000000708c00000, 0x0000000708e00000, 0x0000000708e00000|100%|HS|  |TAMS 0x0000000708c00000, 0x0000000708e00000| Complete 
|  71|0x0000000708e00000, 0x0000000709000000, 0x0000000709000000|100%|HC|  |TAMS 0x0000000708e00000, 0x0000000709000000| Complete 
|  72|0x0000000709000000, 0x0000000709200000, 0x0000000709200000|100%|HS|  |TAMS 0x0000000709000000, 0x0000000709200000| Complete 
|  73|0x0000000709200000, 0x0000000709400000, 0x0000000709400000|100%|HC|  |TAMS 0x0000000709200000, 0x0000000709400000| Complete 
|  74|0x0000000709400000, 0x0000000709600000, 0x0000000709600000|100%|HC|  |TAMS 0x0000000709400000, 0x0000000709600000| Complete 
|  75|0x0000000709600000, 0x0000000709800000, 0x0000000709800000|100%|HC|  |TAMS 0x0000000709600000, 0x0000000709800000| Complete 
|  76|0x0000000709800000, 0x0000000709a00000, 0x0000000709a00000|100%|HC|  |TAMS 0x0000000709800000, 0x0000000709a00000| Complete 
|  77|0x0000000709a00000, 0x0000000709c00000, 0x0000000709c00000|100%|HC|  |TAMS 0x0000000709a00000, 0x0000000709c00000| Complete 
|  78|0x0000000709c00000, 0x0000000709e00000, 0x0000000709e00000|100%|HS|  |TAMS 0x0000000709c00000, 0x0000000709e00000| Complete 
|  79|0x0000000709e00000, 0x000000070a000000, 0x000000070a000000|100%| O|  |TAMS 0x000000070a000000, 0x000000070a000000| Untracked 
|  80|0x000000070a000000, 0x000000070a200000, 0x000000070a200000|100%| O|  |TAMS 0x000000070a000000, 0x000000070a000000| Untracked 
|  81|0x000000070a200000, 0x000000070a400000, 0x000000070a400000|100%| O|  |TAMS 0x000000070a200000, 0x000000070a200000| Untracked 
|  82|0x000000070a400000, 0x000000070a600000, 0x000000070a600000|100%| O|  |TAMS 0x000000070a400000, 0x000000070a400000| Untracked 
|  83|0x000000070a600000, 0x000000070a800000, 0x000000070a800000|100%|HS|  |TAMS 0x000000070a600000, 0x000000070a600000| Complete 
|  84|0x000000070a800000, 0x000000070aa00000, 0x000000070aa00000|100%|HC|  |TAMS 0x000000070a800000, 0x000000070a800000| Complete 
|  85|0x000000070aa00000, 0x000000070ac00000, 0x000000070ac00000|100%| O|  |TAMS 0x000000070aa00000, 0x000000070aa00000| Untracked 
|  86|0x000000070ac00000, 0x000000070ae00000, 0x000000070ae00000|100%| O|  |TAMS 0x000000070ac00000, 0x000000070ac00000| Untracked 
|  87|0x000000070ae00000, 0x000000070b000000, 0x000000070b000000|100%| O|  |TAMS 0x000000070ae00000, 0x000000070ae00000| Untracked 
|  88|0x000000070b000000, 0x000000070b200000, 0x000000070b200000|100%| O|  |TAMS 0x000000070b000000, 0x000000070b000000| Untracked 
|  89|0x000000070b200000, 0x000000070b400000, 0x000000070b400000|100%| O|  |TAMS 0x000000070b200000, 0x000000070b200000| Untracked 
|  90|0x000000070b400000, 0x000000070b600000, 0x000000070b600000|100%| O|  |TAMS 0x000000070b400000, 0x000000070b400000| Untracked 
|  91|0x000000070b600000, 0x000000070b800000, 0x000000070b800000|100%| O|  |TAMS 0x000000070b600000, 0x000000070b600000| Untracked 
|  92|0x000000070b800000, 0x000000070ba00000, 0x000000070ba00000|100%| O|  |TAMS 0x000000070b800000, 0x000000070b800000| Untracked 
|  93|0x000000070ba00000, 0x000000070bc00000, 0x000000070bc00000|100%| O|  |TAMS 0x000000070ba00000, 0x000000070ba00000| Untracked 
|  94|0x000000070bc00000, 0x000000070be00000, 0x000000070be00000|100%| O|  |TAMS 0x000000070bc00000, 0x000000070bc00000| Untracked 
|  95|0x000000070be00000, 0x000000070c000000, 0x000000070c000000|100%| O|  |TAMS 0x000000070be00000, 0x000000070be00000| Untracked 
|  96|0x000000070c000000, 0x000000070c200000, 0x000000070c200000|100%| O|  |TAMS 0x000000070c000000, 0x000000070c000000| Untracked 
|  97|0x000000070c200000, 0x000000070c400000, 0x000000070c400000|100%| O|  |TAMS 0x000000070c200000, 0x000000070c200000| Untracked 
|  98|0x000000070c400000, 0x000000070c600000, 0x000000070c600000|100%| O|  |TAMS 0x000000070c400000, 0x000000070c400000| Untracked 
|  99|0x000000070c600000, 0x000000070c800000, 0x000000070c800000|100%| O|  |TAMS 0x000000070c600000, 0x000000070c600000| Untracked 
| 100|0x000000070c800000, 0x000000070ca00000, 0x000000070ca00000|100%| O|  |TAMS 0x000000070c800000, 0x000000070c800000| Untracked 
| 101|0x000000070ca00000, 0x000000070cc00000, 0x000000070cc00000|100%| O|  |TAMS 0x000000070ca00000, 0x000000070ca00000| Untracked 
| 102|0x000000070cc00000, 0x000000070ce00000, 0x000000070ce00000|100%| O|  |TAMS 0x000000070cc00000, 0x000000070cc00000| Untracked 
| 103|0x000000070ce00000, 0x000000070d000000, 0x000000070d000000|100%| O|  |TAMS 0x000000070ce00000, 0x000000070ce00000| Untracked 
| 104|0x000000070d000000, 0x000000070d200000, 0x000000070d200000|100%|HS|  |TAMS 0x000000070d000000, 0x000000070d000000| Complete 
| 105|0x000000070d200000, 0x000000070d400000, 0x000000070d400000|100%|HC|  |TAMS 0x000000070d200000, 0x000000070d200000| Complete 
| 106|0x000000070d400000, 0x000000070d600000, 0x000000070d600000|100%|HC|  |TAMS 0x000000070d400000, 0x000000070d400000| Complete 
| 107|0x000000070d600000, 0x000000070d800000, 0x000000070d800000|100%| O|  |TAMS 0x000000070d600000, 0x000000070d600000| Untracked 
| 108|0x000000070d800000, 0x000000070da00000, 0x000000070da00000|100%| O|  |TAMS 0x000000070d800000, 0x000000070d800000| Untracked 
| 109|0x000000070da00000, 0x000000070dc00000, 0x000000070dc00000|100%| O|  |TAMS 0x000000070da00000, 0x000000070da00000| Untracked 
| 110|0x000000070dc00000, 0x000000070de00000, 0x000000070de00000|100%| O|  |TAMS 0x000000070dc00000, 0x000000070dc00000| Untracked 
| 111|0x000000070de00000, 0x000000070e000000, 0x000000070e000000|100%| O|  |TAMS 0x000000070de00000, 0x000000070de00000| Untracked 
| 112|0x000000070e000000, 0x000000070e200000, 0x000000070e200000|100%| O|  |TAMS 0x000000070e000000, 0x000000070e000000| Untracked 
| 113|0x000000070e200000, 0x000000070e400000, 0x000000070e400000|100%| O|  |TAMS 0x000000070e200000, 0x000000070e200000| Untracked 
| 114|0x000000070e400000, 0x000000070e600000, 0x000000070e600000|100%| O|  |TAMS 0x000000070e400000, 0x000000070e400000| Untracked 
| 115|0x000000070e600000, 0x000000070e800000, 0x000000070e800000|100%| O|  |TAMS 0x000000070e600000, 0x000000070e600000| Untracked 
| 116|0x000000070e800000, 0x000000070ea00000, 0x000000070ea00000|100%| O|  |TAMS 0x000000070e800000, 0x000000070e800000| Untracked 
| 117|0x000000070ea00000, 0x000000070ebed400, 0x000000070ec00000| 96%| O|  |TAMS 0x000000070ea00000, 0x000000070ea00000| Untracked 
| 118|0x000000070ec00000, 0x000000070ee00000, 0x000000070ee00000|100%|HS|  |TAMS 0x000000070ec00000, 0x000000070ec00000| Complete 
| 119|0x000000070ee00000, 0x000000070f000000, 0x000000070f000000|100%|HS|  |TAMS 0x000000070ee00000, 0x000000070ee00000| Complete 
| 120|0x000000070f000000, 0x000000070f200000, 0x000000070f200000|100%|HC|  |TAMS 0x000000070f000000, 0x000000070f000000| Complete 
| 121|0x000000070f200000, 0x000000070f400000, 0x000000070f400000|100%|HS|  |TAMS 0x000000070f200000, 0x000000070f200000| Complete 
| 122|0x000000070f400000, 0x000000070f600000, 0x000000070f600000|100%|HC|  |TAMS 0x000000070f400000, 0x000000070f400000| Complete 
| 123|0x000000070f600000, 0x000000070f800000, 0x000000070f800000|100%|HS|  |TAMS 0x000000070f600000, 0x000000070f600000| Complete 
| 124|0x000000070f800000, 0x000000070fa00000, 0x000000070fa00000|100%|HC|  |TAMS 0x000000070f800000, 0x000000070f800000| Complete 
| 125|0x000000070fa00000, 0x000000070fc00000, 0x000000070fc00000|100%|HC|  |TAMS 0x000000070fa00000, 0x000000070fa00000| Complete 
| 126|0x000000070fc00000, 0x000000070fe00000, 0x000000070fe00000|100%|HC|  |TAMS 0x000000070fc00000, 0x000000070fc00000| Complete 
| 127|0x000000070fe00000, 0x0000000710000000, 0x0000000710000000|100%|HC|  |TAMS 0x000000070fe00000, 0x000000070fe00000| Complete 
| 128|0x0000000710000000, 0x0000000710200000, 0x0000000710200000|100%|HC|  |TAMS 0x0000000710000000, 0x0000000710000000| Complete 
| 129|0x0000000710200000, 0x0000000710400000, 0x0000000710400000|100%|HS|  |TAMS 0x0000000710200000, 0x0000000710200000| Complete 
| 130|0x0000000710400000, 0x0000000710400000, 0x0000000710600000|  0%| F|  |TAMS 0x0000000710400000, 0x0000000710400000| Untracked 
| 131|0x0000000710600000, 0x0000000710600000, 0x0000000710800000|  0%| F|  |TAMS 0x0000000710600000, 0x0000000710600000| Untracked 
| 132|0x0000000710800000, 0x0000000710800000, 0x0000000710a00000|  0%| F|  |TAMS 0x0000000710800000, 0x0000000710800000| Untracked 
| 133|0x0000000710a00000, 0x0000000710a00000, 0x0000000710c00000|  0%| F|  |TAMS 0x0000000710a00000, 0x0000000710a00000| Untracked 
| 134|0x0000000710c00000, 0x0000000710c00000, 0x0000000710e00000|  0%| F|  |TAMS 0x0000000710c00000, 0x0000000710c00000| Untracked 
| 135|0x0000000710e00000, 0x0000000710e00000, 0x0000000711000000|  0%| F|  |TAMS 0x0000000710e00000, 0x0000000710e00000| Untracked 
| 136|0x0000000711000000, 0x0000000711000000, 0x0000000711200000|  0%| F|  |TAMS 0x0000000711000000, 0x0000000711000000| Untracked 
| 137|0x0000000711200000, 0x0000000711200000, 0x0000000711400000|  0%| F|  |TAMS 0x0000000711200000, 0x0000000711200000| Untracked 
| 138|0x0000000711400000, 0x0000000711400000, 0x0000000711600000|  0%| F|  |TAMS 0x0000000711400000, 0x0000000711400000| Untracked 
| 139|0x0000000711600000, 0x0000000711600000, 0x0000000711800000|  0%| F|  |TAMS 0x0000000711600000, 0x0000000711600000| Untracked 
| 140|0x0000000711800000, 0x0000000711800000, 0x0000000711a00000|  0%| F|  |TAMS 0x0000000711800000, 0x0000000711800000| Untracked 
| 141|0x0000000711a00000, 0x0000000711c00000, 0x0000000711c00000|100%| S|CS|TAMS 0x0000000711a00000, 0x0000000711a00000| Complete 
| 142|0x0000000711c00000, 0x0000000711e00000, 0x0000000711e00000|100%| S|CS|TAMS 0x0000000711c00000, 0x0000000711c00000| Complete 
| 143|0x0000000711e00000, 0x0000000711e00000, 0x0000000712000000|  0%| F|  |TAMS 0x0000000711e00000, 0x0000000711e00000| Untracked 
| 144|0x0000000712000000, 0x0000000712000000, 0x0000000712200000|  0%| F|  |TAMS 0x0000000712000000, 0x0000000712000000| Untracked 
| 145|0x0000000712200000, 0x0000000712200000, 0x0000000712400000|  0%| F|  |TAMS 0x0000000712200000, 0x0000000712200000| Untracked 
| 146|0x0000000712400000, 0x0000000712400000, 0x0000000712600000|  0%| F|  |TAMS 0x0000000712400000, 0x0000000712400000| Untracked 
| 147|0x0000000712600000, 0x0000000712600000, 0x0000000712800000|  0%| F|  |TAMS 0x0000000712600000, 0x0000000712600000| Untracked 
| 148|0x0000000712800000, 0x0000000712800000, 0x0000000712a00000|  0%| F|  |TAMS 0x0000000712800000, 0x0000000712800000| Untracked 
| 149|0x0000000712a00000, 0x0000000712a00000, 0x0000000712c00000|  0%| F|  |TAMS 0x0000000712a00000, 0x0000000712a00000| Untracked 
| 150|0x0000000712c00000, 0x0000000712c00000, 0x0000000712e00000|  0%| F|  |TAMS 0x0000000712c00000, 0x0000000712c00000| Untracked 
| 151|0x0000000712e00000, 0x0000000712e00000, 0x0000000713000000|  0%| F|  |TAMS 0x0000000712e00000, 0x0000000712e00000| Untracked 
| 152|0x0000000713000000, 0x0000000713000000, 0x0000000713200000|  0%| F|  |TAMS 0x0000000713000000, 0x0000000713000000| Untracked 
| 153|0x0000000713200000, 0x0000000713200000, 0x0000000713400000|  0%| F|  |TAMS 0x0000000713200000, 0x0000000713200000| Untracked 
| 154|0x0000000713400000, 0x0000000713400000, 0x0000000713600000|  0%| F|  |TAMS 0x0000000713400000, 0x0000000713400000| Untracked 
| 155|0x0000000713600000, 0x0000000713600000, 0x0000000713800000|  0%| F|  |TAMS 0x0000000713600000, 0x0000000713600000| Untracked 
| 156|0x0000000713800000, 0x0000000713800000, 0x0000000713a00000|  0%| F|  |TAMS 0x0000000713800000, 0x0000000713800000| Untracked 
| 157|0x0000000713a00000, 0x0000000713a00000, 0x0000000713c00000|  0%| F|  |TAMS 0x0000000713a00000, 0x0000000713a00000| Untracked 
| 158|0x0000000713c00000, 0x0000000713c00000, 0x0000000713e00000|  0%| F|  |TAMS 0x0000000713c00000, 0x0000000713c00000| Untracked 
| 159|0x0000000713e00000, 0x0000000713e00000, 0x0000000714000000|  0%| F|  |TAMS 0x0000000713e00000, 0x0000000713e00000| Untracked 
| 160|0x0000000714000000, 0x0000000714000000, 0x0000000714200000|  0%| F|  |TAMS 0x0000000714000000, 0x0000000714000000| Untracked 
| 161|0x0000000714200000, 0x0000000714200000, 0x0000000714400000|  0%| F|  |TAMS 0x0000000714200000, 0x0000000714200000| Untracked 
| 162|0x0000000714400000, 0x0000000714400000, 0x0000000714600000|  0%| F|  |TAMS 0x0000000714400000, 0x0000000714400000| Untracked 
| 163|0x0000000714600000, 0x0000000714600000, 0x0000000714800000|  0%| F|  |TAMS 0x0000000714600000, 0x0000000714600000| Untracked 
| 164|0x0000000714800000, 0x0000000714800000, 0x0000000714a00000|  0%| F|  |TAMS 0x0000000714800000, 0x0000000714800000| Untracked 
| 165|0x0000000714a00000, 0x0000000714a00000, 0x0000000714c00000|  0%| F|  |TAMS 0x0000000714a00000, 0x0000000714a00000| Untracked 
| 166|0x0000000714c00000, 0x0000000714c00000, 0x0000000714e00000|  0%| F|  |TAMS 0x0000000714c00000, 0x0000000714c00000| Untracked 
| 167|0x0000000714e00000, 0x0000000714e00000, 0x0000000715000000|  0%| F|  |TAMS 0x0000000714e00000, 0x0000000714e00000| Untracked 
| 168|0x0000000715000000, 0x0000000715000000, 0x0000000715200000|  0%| F|  |TAMS 0x0000000715000000, 0x0000000715000000| Untracked 
| 169|0x0000000715200000, 0x0000000715200000, 0x0000000715400000|  0%| F|  |TAMS 0x0000000715200000, 0x0000000715200000| Untracked 
| 170|0x0000000715400000, 0x0000000715400000, 0x0000000715600000|  0%| F|  |TAMS 0x0000000715400000, 0x0000000715400000| Untracked 
| 171|0x0000000715600000, 0x0000000715600000, 0x0000000715800000|  0%| F|  |TAMS 0x0000000715600000, 0x0000000715600000| Untracked 
| 172|0x0000000715800000, 0x0000000715800000, 0x0000000715a00000|  0%| F|  |TAMS 0x0000000715800000, 0x0000000715800000| Untracked 
| 173|0x0000000715a00000, 0x0000000715a00000, 0x0000000715c00000|  0%| F|  |TAMS 0x0000000715a00000, 0x0000000715a00000| Untracked 
| 174|0x0000000715c00000, 0x0000000715c00000, 0x0000000715e00000|  0%| F|  |TAMS 0x0000000715c00000, 0x0000000715c00000| Untracked 
| 175|0x0000000715e00000, 0x0000000715e00000, 0x0000000716000000|  0%| F|  |TAMS 0x0000000715e00000, 0x0000000715e00000| Untracked 
| 176|0x0000000716000000, 0x0000000716000000, 0x0000000716200000|  0%| F|  |TAMS 0x0000000716000000, 0x0000000716000000| Untracked 
| 177|0x0000000716200000, 0x0000000716200000, 0x0000000716400000|  0%| F|  |TAMS 0x0000000716200000, 0x0000000716200000| Untracked 
| 178|0x0000000716400000, 0x0000000716400000, 0x0000000716600000|  0%| F|  |TAMS 0x0000000716400000, 0x0000000716400000| Untracked 
| 179|0x0000000716600000, 0x0000000716600000, 0x0000000716800000|  0%| F|  |TAMS 0x0000000716600000, 0x0000000716600000| Untracked 
| 180|0x0000000716800000, 0x0000000716800000, 0x0000000716a00000|  0%| F|  |TAMS 0x0000000716800000, 0x0000000716800000| Untracked 
| 181|0x0000000716a00000, 0x0000000716a00000, 0x0000000716c00000|  0%| F|  |TAMS 0x0000000716a00000, 0x0000000716a00000| Untracked 
| 182|0x0000000716c00000, 0x0000000716c00000, 0x0000000716e00000|  0%| F|  |TAMS 0x0000000716c00000, 0x0000000716c00000| Untracked 
| 183|0x0000000716e00000, 0x0000000716e00000, 0x0000000717000000|  0%| F|  |TAMS 0x0000000716e00000, 0x0000000716e00000| Untracked 
| 184|0x0000000717000000, 0x0000000717000000, 0x0000000717200000|  0%| F|  |TAMS 0x0000000717000000, 0x0000000717000000| Untracked 
| 185|0x0000000717200000, 0x0000000717200000, 0x0000000717400000|  0%| F|  |TAMS 0x0000000717200000, 0x0000000717200000| Untracked 
| 186|0x0000000717400000, 0x0000000717400000, 0x0000000717600000|  0%| F|  |TAMS 0x0000000717400000, 0x0000000717400000| Untracked 
| 187|0x0000000717600000, 0x0000000717600000, 0x0000000717800000|  0%| F|  |TAMS 0x0000000717600000, 0x0000000717600000| Untracked 
| 188|0x0000000717800000, 0x0000000717800000, 0x0000000717a00000|  0%| F|  |TAMS 0x0000000717800000, 0x0000000717800000| Untracked 
| 189|0x0000000717a00000, 0x0000000717a00000, 0x0000000717c00000|  0%| F|  |TAMS 0x0000000717a00000, 0x0000000717a00000| Untracked 
| 190|0x0000000717c00000, 0x0000000717c00000, 0x0000000717e00000|  0%| F|  |TAMS 0x0000000717c00000, 0x0000000717c00000| Untracked 
| 191|0x0000000717e00000, 0x0000000717e00000, 0x0000000718000000|  0%| F|  |TAMS 0x0000000717e00000, 0x0000000717e00000| Untracked 
| 192|0x0000000718000000, 0x0000000718000000, 0x0000000718200000|  0%| F|  |TAMS 0x0000000718000000, 0x0000000718000000| Untracked 
| 193|0x0000000718200000, 0x0000000718200000, 0x0000000718400000|  0%| F|  |TAMS 0x0000000718200000, 0x0000000718200000| Untracked 
| 194|0x0000000718400000, 0x0000000718400000, 0x0000000718600000|  0%| F|  |TAMS 0x0000000718400000, 0x0000000718400000| Untracked 
| 195|0x0000000718600000, 0x0000000718600000, 0x0000000718800000|  0%| F|  |TAMS 0x0000000718600000, 0x0000000718600000| Untracked 
| 196|0x0000000718800000, 0x0000000718800000, 0x0000000718a00000|  0%| F|  |TAMS 0x0000000718800000, 0x0000000718800000| Untracked 
| 197|0x0000000718a00000, 0x0000000718a00000, 0x0000000718c00000|  0%| F|  |TAMS 0x0000000718a00000, 0x0000000718a00000| Untracked 
| 198|0x0000000718c00000, 0x0000000718c00000, 0x0000000718e00000|  0%| F|  |TAMS 0x0000000718c00000, 0x0000000718c00000| Untracked 
| 199|0x0000000718e00000, 0x0000000718e00000, 0x0000000719000000|  0%| F|  |TAMS 0x0000000718e00000, 0x0000000718e00000| Untracked 
| 200|0x0000000719000000, 0x0000000719000000, 0x0000000719200000|  0%| F|  |TAMS 0x0000000719000000, 0x0000000719000000| Untracked 
| 201|0x0000000719200000, 0x0000000719200000, 0x0000000719400000|  0%| F|  |TAMS 0x0000000719200000, 0x0000000719200000| Untracked 
| 202|0x0000000719400000, 0x0000000719400000, 0x0000000719600000|  0%| F|  |TAMS 0x0000000719400000, 0x0000000719400000| Untracked 
| 203|0x0000000719600000, 0x0000000719600000, 0x0000000719800000|  0%| F|  |TAMS 0x0000000719600000, 0x0000000719600000| Untracked 
| 204|0x0000000719800000, 0x0000000719800000, 0x0000000719a00000|  0%| F|  |TAMS 0x0000000719800000, 0x0000000719800000| Untracked 
| 205|0x0000000719a00000, 0x0000000719a00000, 0x0000000719c00000|  0%| F|  |TAMS 0x0000000719a00000, 0x0000000719a00000| Untracked 
| 206|0x0000000719c00000, 0x0000000719c00000, 0x0000000719e00000|  0%| F|  |TAMS 0x0000000719c00000, 0x0000000719c00000| Untracked 
| 207|0x0000000719e00000, 0x0000000719e00000, 0x000000071a000000|  0%| F|  |TAMS 0x0000000719e00000, 0x0000000719e00000| Untracked 
| 208|0x000000071a000000, 0x000000071a000000, 0x000000071a200000|  0%| F|  |TAMS 0x000000071a000000, 0x000000071a000000| Untracked 
| 209|0x000000071a200000, 0x000000071a200000, 0x000000071a400000|  0%| F|  |TAMS 0x000000071a200000, 0x000000071a200000| Untracked 
| 210|0x000000071a400000, 0x000000071a400000, 0x000000071a600000|  0%| F|  |TAMS 0x000000071a400000, 0x000000071a400000| Untracked 
| 211|0x000000071a600000, 0x000000071a600000, 0x000000071a800000|  0%| F|  |TAMS 0x000000071a600000, 0x000000071a600000| Untracked 
| 212|0x000000071a800000, 0x000000071a800000, 0x000000071aa00000|  0%| F|  |TAMS 0x000000071a800000, 0x000000071a800000| Untracked 
| 213|0x000000071aa00000, 0x000000071aa00000, 0x000000071ac00000|  0%| F|  |TAMS 0x000000071aa00000, 0x000000071aa00000| Untracked 
| 214|0x000000071ac00000, 0x000000071ac00000, 0x000000071ae00000|  0%| F|  |TAMS 0x000000071ac00000, 0x000000071ac00000| Untracked 
| 215|0x000000071ae00000, 0x000000071ae00000, 0x000000071b000000|  0%| F|  |TAMS 0x000000071ae00000, 0x000000071ae00000| Untracked 
| 216|0x000000071b000000, 0x000000071b000000, 0x000000071b200000|  0%| F|  |TAMS 0x000000071b000000, 0x000000071b000000| Untracked 
| 217|0x000000071b200000, 0x000000071b200000, 0x000000071b400000|  0%| F|  |TAMS 0x000000071b200000, 0x000000071b200000| Untracked 
| 218|0x000000071b400000, 0x000000071b400000, 0x000000071b600000|  0%| F|  |TAMS 0x000000071b400000, 0x000000071b400000| Untracked 
| 219|0x000000071b600000, 0x000000071b600000, 0x000000071b800000|  0%| F|  |TAMS 0x000000071b600000, 0x000000071b600000| Untracked 
| 220|0x000000071b800000, 0x000000071b800000, 0x000000071ba00000|  0%| F|  |TAMS 0x000000071b800000, 0x000000071b800000| Untracked 
| 221|0x000000071ba00000, 0x000000071ba00000, 0x000000071bc00000|  0%| F|  |TAMS 0x000000071ba00000, 0x000000071ba00000| Untracked 
| 222|0x000000071bc00000, 0x000000071bc00000, 0x000000071be00000|  0%| F|  |TAMS 0x000000071bc00000, 0x000000071bc00000| Untracked 
| 223|0x000000071be00000, 0x000000071be00000, 0x000000071c000000|  0%| F|  |TAMS 0x000000071be00000, 0x000000071be00000| Untracked 
| 224|0x000000071c000000, 0x000000071c000000, 0x000000071c200000|  0%| F|  |TAMS 0x000000071c000000, 0x000000071c000000| Untracked 
| 225|0x000000071c200000, 0x000000071c200000, 0x000000071c400000|  0%| F|  |TAMS 0x000000071c200000, 0x000000071c200000| Untracked 
| 226|0x000000071c400000, 0x000000071c400000, 0x000000071c600000|  0%| F|  |TAMS 0x000000071c400000, 0x000000071c400000| Untracked 
| 227|0x000000071c600000, 0x000000071c600000, 0x000000071c800000|  0%| F|  |TAMS 0x000000071c600000, 0x000000071c600000| Untracked 
| 228|0x000000071c800000, 0x000000071c800000, 0x000000071ca00000|  0%| F|  |TAMS 0x000000071c800000, 0x000000071c800000| Untracked 
| 229|0x000000071ca00000, 0x000000071ca00000, 0x000000071cc00000|  0%| F|  |TAMS 0x000000071ca00000, 0x000000071ca00000| Untracked 
| 230|0x000000071cc00000, 0x000000071cc00000, 0x000000071ce00000|  0%| F|  |TAMS 0x000000071cc00000, 0x000000071cc00000| Untracked 
| 231|0x000000071ce00000, 0x000000071ce00000, 0x000000071d000000|  0%| F|  |TAMS 0x000000071ce00000, 0x000000071ce00000| Untracked 
| 232|0x000000071d000000, 0x000000071d000000, 0x000000071d200000|  0%| F|  |TAMS 0x000000071d000000, 0x000000071d000000| Untracked 
| 233|0x000000071d200000, 0x000000071d200000, 0x000000071d400000|  0%| F|  |TAMS 0x000000071d200000, 0x000000071d200000| Untracked 
| 234|0x000000071d400000, 0x000000071d400000, 0x000000071d600000|  0%| F|  |TAMS 0x000000071d400000, 0x000000071d400000| Untracked 
| 235|0x000000071d600000, 0x000000071d600000, 0x000000071d800000|  0%| F|  |TAMS 0x000000071d600000, 0x000000071d600000| Untracked 
| 236|0x000000071d800000, 0x000000071d800000, 0x000000071da00000|  0%| F|  |TAMS 0x000000071d800000, 0x000000071d800000| Untracked 
| 237|0x000000071da00000, 0x000000071da00000, 0x000000071dc00000|  0%| F|  |TAMS 0x000000071da00000, 0x000000071da00000| Untracked 
| 238|0x000000071dc00000, 0x000000071dc00000, 0x000000071de00000|  0%| F|  |TAMS 0x000000071dc00000, 0x000000071dc00000| Untracked 
| 239|0x000000071de00000, 0x000000071de00000, 0x000000071e000000|  0%| F|  |TAMS 0x000000071de00000, 0x000000071de00000| Untracked 
| 240|0x000000071e000000, 0x000000071e000000, 0x000000071e200000|  0%| F|  |TAMS 0x000000071e000000, 0x000000071e000000| Untracked 
| 241|0x000000071e200000, 0x000000071e200000, 0x000000071e400000|  0%| F|  |TAMS 0x000000071e200000, 0x000000071e200000| Untracked 
| 242|0x000000071e400000, 0x000000071e400000, 0x000000071e600000|  0%| F|  |TAMS 0x000000071e400000, 0x000000071e400000| Untracked 
| 243|0x000000071e600000, 0x000000071e600000, 0x000000071e800000|  0%| F|  |TAMS 0x000000071e600000, 0x000000071e600000| Untracked 
| 244|0x000000071e800000, 0x000000071e800000, 0x000000071ea00000|  0%| F|  |TAMS 0x000000071e800000, 0x000000071e800000| Untracked 
| 245|0x000000071ea00000, 0x000000071ea00000, 0x000000071ec00000|  0%| F|  |TAMS 0x000000071ea00000, 0x000000071ea00000| Untracked 
| 246|0x000000071ec00000, 0x000000071ec00000, 0x000000071ee00000|  0%| F|  |TAMS 0x000000071ec00000, 0x000000071ec00000| Untracked 
| 247|0x000000071ee00000, 0x000000071ee00000, 0x000000071f000000|  0%| F|  |TAMS 0x000000071ee00000, 0x000000071ee00000| Untracked 
| 248|0x000000071f000000, 0x000000071f000000, 0x000000071f200000|  0%| F|  |TAMS 0x000000071f000000, 0x000000071f000000| Untracked 
| 249|0x000000071f200000, 0x000000071f200000, 0x000000071f400000|  0%| F|  |TAMS 0x000000071f200000, 0x000000071f200000| Untracked 
| 250|0x000000071f400000, 0x000000071f400000, 0x000000071f600000|  0%| F|  |TAMS 0x000000071f400000, 0x000000071f400000| Untracked 
| 251|0x000000071f600000, 0x000000071f600000, 0x000000071f800000|  0%| F|  |TAMS 0x000000071f600000, 0x000000071f600000| Untracked 
| 252|0x000000071f800000, 0x000000071f800000, 0x000000071fa00000|  0%| F|  |TAMS 0x000000071f800000, 0x000000071f800000| Untracked 
| 253|0x000000071fa00000, 0x000000071fa00000, 0x000000071fc00000|  0%| F|  |TAMS 0x000000071fa00000, 0x000000071fa00000| Untracked 
| 254|0x000000071fc00000, 0x000000071fc00000, 0x000000071fe00000|  0%| F|  |TAMS 0x000000071fc00000, 0x000000071fc00000| Untracked 
| 255|0x000000071fe00000, 0x000000071fe00000, 0x0000000720000000|  0%| F|  |TAMS 0x000000071fe00000, 0x000000071fe00000| Untracked 
| 256|0x0000000720000000, 0x0000000720000000, 0x0000000720200000|  0%| F|  |TAMS 0x0000000720000000, 0x0000000720000000| Untracked 
| 257|0x0000000720200000, 0x0000000720200000, 0x0000000720400000|  0%| F|  |TAMS 0x0000000720200000, 0x0000000720200000| Untracked 
| 258|0x0000000720400000, 0x0000000720400000, 0x0000000720600000|  0%| F|  |TAMS 0x0000000720400000, 0x0000000720400000| Untracked 
| 259|0x0000000720600000, 0x0000000720600000, 0x0000000720800000|  0%| F|  |TAMS 0x0000000720600000, 0x0000000720600000| Untracked 
| 260|0x0000000720800000, 0x0000000720800000, 0x0000000720a00000|  0%| F|  |TAMS 0x0000000720800000, 0x0000000720800000| Untracked 
| 261|0x0000000720a00000, 0x0000000720a00000, 0x0000000720c00000|  0%| F|  |TAMS 0x0000000720a00000, 0x0000000720a00000| Untracked 
| 262|0x0000000720c00000, 0x0000000720c00000, 0x0000000720e00000|  0%| F|  |TAMS 0x0000000720c00000, 0x0000000720c00000| Untracked 
| 263|0x0000000720e00000, 0x0000000720e00000, 0x0000000721000000|  0%| F|  |TAMS 0x0000000720e00000, 0x0000000720e00000| Untracked 
| 264|0x0000000721000000, 0x0000000721000000, 0x0000000721200000|  0%| F|  |TAMS 0x0000000721000000, 0x0000000721000000| Untracked 
| 265|0x0000000721200000, 0x0000000721200000, 0x0000000721400000|  0%| F|  |TAMS 0x0000000721200000, 0x0000000721200000| Untracked 
| 266|0x0000000721400000, 0x0000000721400000, 0x0000000721600000|  0%| F|  |TAMS 0x0000000721400000, 0x0000000721400000| Untracked 
| 267|0x0000000721600000, 0x0000000721600000, 0x0000000721800000|  0%| F|  |TAMS 0x0000000721600000, 0x0000000721600000| Untracked 
| 268|0x0000000721800000, 0x0000000721800000, 0x0000000721a00000|  0%| F|  |TAMS 0x0000000721800000, 0x0000000721800000| Untracked 
| 269|0x0000000721a00000, 0x0000000721a00000, 0x0000000721c00000|  0%| F|  |TAMS 0x0000000721a00000, 0x0000000721a00000| Untracked 
| 270|0x0000000721c00000, 0x0000000721c00000, 0x0000000721e00000|  0%| F|  |TAMS 0x0000000721c00000, 0x0000000721c00000| Untracked 
| 271|0x0000000721e00000, 0x0000000721e00000, 0x0000000722000000|  0%| F|  |TAMS 0x0000000721e00000, 0x0000000721e00000| Untracked 
| 272|0x0000000722000000, 0x0000000722000000, 0x0000000722200000|  0%| F|  |TAMS 0x0000000722000000, 0x0000000722000000| Untracked 
| 273|0x0000000722200000, 0x0000000722200000, 0x0000000722400000|  0%| F|  |TAMS 0x0000000722200000, 0x0000000722200000| Untracked 
| 274|0x0000000722400000, 0x00000007224ba0a0, 0x0000000722600000| 36%| E|  |TAMS 0x0000000722400000, 0x0000000722400000| Complete 
| 275|0x0000000722600000, 0x0000000722800000, 0x0000000722800000|100%| E|  |TAMS 0x0000000722600000, 0x0000000722600000| Complete 
| 276|0x0000000722800000, 0x0000000722a00000, 0x0000000722a00000|100%| E|CS|TAMS 0x0000000722800000, 0x0000000722800000| Complete 
| 277|0x0000000722a00000, 0x0000000722c00000, 0x0000000722c00000|100%| E|CS|TAMS 0x0000000722a00000, 0x0000000722a00000| Complete 
| 278|0x0000000722c00000, 0x0000000722e00000, 0x0000000722e00000|100%| E|CS|TAMS 0x0000000722c00000, 0x0000000722c00000| Complete 
| 279|0x0000000722e00000, 0x0000000723000000, 0x0000000723000000|100%| E|CS|TAMS 0x0000000722e00000, 0x0000000722e00000| Complete 
| 280|0x0000000723000000, 0x0000000723200000, 0x0000000723200000|100%| E|CS|TAMS 0x0000000723000000, 0x0000000723000000| Complete 
| 281|0x0000000723200000, 0x0000000723400000, 0x0000000723400000|100%| E|CS|TAMS 0x0000000723200000, 0x0000000723200000| Complete 
| 282|0x0000000723400000, 0x0000000723600000, 0x0000000723600000|100%| E|CS|TAMS 0x0000000723400000, 0x0000000723400000| Complete 
| 283|0x0000000723600000, 0x0000000723800000, 0x0000000723800000|100%| E|CS|TAMS 0x0000000723600000, 0x0000000723600000| Complete 
| 284|0x0000000723800000, 0x0000000723a00000, 0x0000000723a00000|100%| E|CS|TAMS 0x0000000723800000, 0x0000000723800000| Complete 
| 285|0x0000000723a00000, 0x0000000723c00000, 0x0000000723c00000|100%| E|CS|TAMS 0x0000000723a00000, 0x0000000723a00000| Complete 
| 286|0x0000000723c00000, 0x0000000723e00000, 0x0000000723e00000|100%| E|CS|TAMS 0x0000000723c00000, 0x0000000723c00000| Complete 
| 287|0x0000000723e00000, 0x0000000724000000, 0x0000000724000000|100%| E|CS|TAMS 0x0000000723e00000, 0x0000000723e00000| Complete 
| 288|0x0000000724000000, 0x0000000724200000, 0x0000000724200000|100%| E|CS|TAMS 0x0000000724000000, 0x0000000724000000| Complete 
| 289|0x0000000724200000, 0x0000000724400000, 0x0000000724400000|100%| E|CS|TAMS 0x0000000724200000, 0x0000000724200000| Complete 
| 290|0x0000000724400000, 0x0000000724600000, 0x0000000724600000|100%| E|CS|TAMS 0x0000000724400000, 0x0000000724400000| Complete 
| 291|0x0000000724600000, 0x0000000724800000, 0x0000000724800000|100%| E|CS|TAMS 0x0000000724600000, 0x0000000724600000| Complete 
| 292|0x0000000724800000, 0x0000000724a00000, 0x0000000724a00000|100%| E|CS|TAMS 0x0000000724800000, 0x0000000724800000| Complete 
| 293|0x0000000724a00000, 0x0000000724c00000, 0x0000000724c00000|100%| E|CS|TAMS 0x0000000724a00000, 0x0000000724a00000| Complete 
| 294|0x0000000724c00000, 0x0000000724e00000, 0x0000000724e00000|100%| E|CS|TAMS 0x0000000724c00000, 0x0000000724c00000| Complete 
| 295|0x0000000724e00000, 0x0000000725000000, 0x0000000725000000|100%| E|CS|TAMS 0x0000000724e00000, 0x0000000724e00000| Complete 
| 296|0x0000000725000000, 0x0000000725200000, 0x0000000725200000|100%| E|CS|TAMS 0x0000000725000000, 0x0000000725000000| Complete 
| 297|0x0000000725200000, 0x0000000725400000, 0x0000000725400000|100%| E|CS|TAMS 0x0000000725200000, 0x0000000725200000| Complete 
| 298|0x0000000725400000, 0x0000000725600000, 0x0000000725600000|100%| E|CS|TAMS 0x0000000725400000, 0x0000000725400000| Complete 
| 299|0x0000000725600000, 0x0000000725800000, 0x0000000725800000|100%| E|CS|TAMS 0x0000000725600000, 0x0000000725600000| Complete 
| 300|0x0000000725800000, 0x0000000725a00000, 0x0000000725a00000|100%| E|CS|TAMS 0x0000000725800000, 0x0000000725800000| Complete 
| 301|0x0000000725a00000, 0x0000000725c00000, 0x0000000725c00000|100%| E|CS|TAMS 0x0000000725a00000, 0x0000000725a00000| Complete 
| 302|0x0000000725c00000, 0x0000000725e00000, 0x0000000725e00000|100%| E|CS|TAMS 0x0000000725c00000, 0x0000000725c00000| Complete 
| 303|0x0000000725e00000, 0x0000000726000000, 0x0000000726000000|100%| E|CS|TAMS 0x0000000725e00000, 0x0000000725e00000| Complete 
| 304|0x0000000726000000, 0x0000000726200000, 0x0000000726200000|100%| E|CS|TAMS 0x0000000726000000, 0x0000000726000000| Complete 
| 305|0x0000000726200000, 0x0000000726400000, 0x0000000726400000|100%| E|CS|TAMS 0x0000000726200000, 0x0000000726200000| Complete 
| 306|0x0000000726400000, 0x0000000726600000, 0x0000000726600000|100%| E|CS|TAMS 0x0000000726400000, 0x0000000726400000| Complete 
| 307|0x0000000726600000, 0x0000000726800000, 0x0000000726800000|100%| E|CS|TAMS 0x0000000726600000, 0x0000000726600000| Complete 
| 308|0x0000000726800000, 0x0000000726a00000, 0x0000000726a00000|100%| E|CS|TAMS 0x0000000726800000, 0x0000000726800000| Complete 

Card table byte_map: [0x000001b7f3a00000,0x000001b7f4200000] _byte_map_base: 0x000001b7f0200000

Marking Bits (Prev, Next): (CMBitMap*) 0x000001b7e0da9f50, (CMBitMap*) 0x000001b7e0da9f10
 Prev Bits: [0x000001b7f8a00000, 0x000001b7fca00000)
 Next Bits: [0x000001b7f4a00000, 0x000001b7f8a00000)

Polling page: 0x000001b7decb0000

Metaspace:

Usage:
  Non-class:    165.94 MB used.
      Class:     24.83 MB used.
       Both:    190.77 MB used.

Virtual space:
  Non-class space:      168.00 MB reserved,     166.88 MB (>99%) committed,  21 nodes.
      Class space:        1.00 GB reserved,      25.69 MB (  3%) committed,  1 nodes.
             Both:        1.16 GB reserved,     192.56 MB ( 16%) committed. 

Chunk freelists:
   Non-Class:  352.00 KB
       Class:  2.17 MB
        Both:  2.52 MB

MaxMetaspaceSize: unlimited
CompressedClassSpaceSize: 1.00 GB
Initial GC threshold: 21.00 MB
Current GC threshold: 225.00 MB
CDS: off
MetaspaceReclaimPolicy: balanced
 - commit_granule_bytes: 65536.
 - commit_granule_words: 8192.
 - virtual_space_node_default_size: 1048576.
 - enlarge_chunks_in_place: 1.
 - new_chunks_are_fully_committed: 0.
 - uncommit_free_chunks: 1.
 - use_allocation_guard: 0.
 - handle_deallocations: 1.


Internal statistics:

num_allocs_failed_limit: 9.
num_arena_births: 3202.
num_arena_deaths: 26.
num_vsnodes_births: 22.
num_vsnodes_deaths: 0.
num_space_committed: 3079.
num_space_uncommitted: 0.
num_chunks_returned_to_freelist: 47.
num_chunks_taken_from_freelist: 11046.
num_chunk_merges: 14.
num_chunk_splits: 7318.
num_chunks_enlarged: 4810.
num_purges: 4.
num_inconsistent_stats: 0.

CodeHeap 'non-profiled nmethods': size=120000Kb used=22528Kb max_used=23478Kb free=97471Kb
 bounds [0x000001b7ebcd0000, 0x000001b7ed3c0000, 0x000001b7f3200000]
CodeHeap 'profiled nmethods': size=120000Kb used=54858Kb max_used=54858Kb free=65141Kb
 bounds [0x000001b7e4200000, 0x000001b7e77a0000, 0x000001b7eb730000]
CodeHeap 'non-nmethods': size=5760Kb used=2624Kb max_used=2650Kb free=3135Kb
 bounds [0x000001b7eb730000, 0x000001b7eb9d0000, 0x000001b7ebcd0000]
 total_blobs=28980 nmethods=27797 adapters=1090
 compilation: enabled
              stopped_count=0, restarted_count=0
 full_count=0

Compilation events (20 events):
Event: 5139.002 Thread 0x000001b7ff855400 35563       2       org.gradle.api.internal.artifacts.ivyservice.resolveengine.graph.builder.NodeState::cacheDependencyStates (68 bytes)
Event: 5139.003 Thread 0x000001b7ff855400 nmethod 35563 0x000001b7e7788390 code [0x000001b7e77885e0, 0x000001b7e7788c38]
Event: 5139.009 Thread 0x000001b7ff855400 35564       2       org.gradle.api.internal.artifacts.ivyservice.resolveengine.graph.conflicts.VersionConflictResolutionDetails::mergeCauses (127 bytes)
Event: 5139.009 Thread 0x000001b7ff853250 nmethod 35549 0x000001b7ec957490 code [0x000001b7ec957760, 0x000001b7ec959328]
Event: 5139.009 Thread 0x000001b7ff853250 35554       4       org.gradle.api.internal.artifacts.ivyservice.resolveengine.graph.builder.DependencyGraphBuilder::resolveEdges (43 bytes)
Event: 5139.009 Thread 0x000001b7ff855400 nmethod 35564 0x000001b7e7789010 code [0x000001b7e77892a0, 0x000001b7e7789be8]
Event: 5139.010 Thread 0x000001b7ff855400 35565       2       org.gradle.api.internal.artifacts.ivyservice.resolveengine.graph.builder.EdgeState::getAttributes (26 bytes)
Event: 5139.010 Thread 0x000001b7ff855400 nmethod 35565 0x000001b7e778a190 code [0x000001b7e778a320, 0x000001b7e778a438]
Event: 5139.011 Thread 0x000001b7ff855400 35566       2       org.gradle.api.internal.artifacts.ivyservice.resolveengine.artifact.ResolvedArtifactsGraphVisitor::getArtifacts (207 bytes)
Event: 5139.011 Thread 0x000001b7ff855400 nmethod 35566 0x000001b7e778a510 code [0x000001b7e778a780, 0x000001b7e778afe8]
Event: 5139.012 Thread 0x000001b7ff855400 35567       3       java.lang.String::lastIndexOf (18 bytes)
Event: 5139.012 Thread 0x000001b7ff855400 nmethod 35567 0x000001b7e778b690 code [0x000001b7e778b860, 0x000001b7e778bb28]
Event: 5139.116 Thread 0x000001b7ff855400 35570   !   3       com.google.common.collect.MapMakerInternalMap$Segment::get (58 bytes)
Event: 5139.117 Thread 0x000001b7ff855400 nmethod 35570 0x000001b7e778bc90 code [0x000001b7e778bf80, 0x000001b7e778d578]
Event: 5139.117 Thread 0x000001b7ff855400 35571       3       com.google.common.collect.MapMakerInternalMap$Segment::getLiveEntry (7 bytes)
Event: 5139.117 Thread 0x000001b7ff855400 nmethod 35571 0x000001b7e778dc90 code [0x000001b7e778de20, 0x000001b7e778dfe8]
Event: 5139.162 Thread 0x000001b7ff855400 35572       3       java.util.ServiceLoader$LazyClassPathLookupIterator::hasNext (42 bytes)
Event: 5139.162 Thread 0x000001b7ff855400 nmethod 35572 0x000001b7e778e090 code [0x000001b7e778e2c0, 0x000001b7e778e958]
Event: 5139.168 Thread 0x000001b7ff855400 35573       3       java.util.zip.ZipFile$Source::initCEN (591 bytes)
Event: 5139.170 Thread 0x000001b7ff855400 nmethod 35573 0x000001b7e778ec10 code [0x000001b7e778f0e0, 0x000001b7e7791f38]

GC Heap History (20 events):
Event: 5126.259 GC heap before
{Heap before GC invocations=83 (full 1):
 garbage-first heap   total 342016K, used 232753K [0x0000000700000000, 0x0000000800000000)
  region size 2048K, 36 young (73728K), 4 survivors (8192K)
 Metaspace       used 143531K, committed 145280K, reserved 1179648K
  class space    used 19613K, committed 20416K, reserved 1048576K
}
Event: 5126.293 GC heap after
{Heap after GC invocations=84 (full 1):
 garbage-first heap   total 342016K, used 173881K [0x0000000700000000, 0x0000000800000000)
  region size 2048K, 3 young (6144K), 3 survivors (6144K)
 Metaspace       used 143531K, committed 145280K, reserved 1179648K
  class space    used 19613K, committed 20416K, reserved 1048576K
}
Event: 5131.661 GC heap before
{Heap before GC invocations=84 (full 1):
 garbage-first heap   total 342016K, used 259897K [0x0000000700000000, 0x0000000800000000)
  region size 2048K, 41 young (83968K), 3 survivors (6144K)
 Metaspace       used 152566K, committed 154240K, reserved 1187840K
  class space    used 20753K, committed 21504K, reserved 1048576K
}
Event: 5131.691 GC heap after
{Heap after GC invocations=85 (full 1):
 garbage-first heap   total 342016K, used 190184K [0x0000000700000000, 0x0000000800000000)
  region size 2048K, 6 young (12288K), 6 survivors (12288K)
 Metaspace       used 152566K, committed 154240K, reserved 1187840K
  class space    used 20753K, committed 21504K, reserved 1048576K
}
Event: 5132.257 GC heap before
{Heap before GC invocations=85 (full 1):
 garbage-first heap   total 342016K, used 265960K [0x0000000700000000, 0x0000000800000000)
  region size 2048K, 43 young (88064K), 6 survivors (12288K)
 Metaspace       used 152995K, committed 154752K, reserved 1187840K
  class space    used 20782K, committed 21632K, reserved 1048576K
}
Event: 5132.369 GC heap after
{Heap after GC invocations=86 (full 1):
 garbage-first heap   total 342016K, used 205794K [0x0000000700000000, 0x0000000800000000)
  region size 2048K, 6 young (12288K), 6 survivors (12288K)
 Metaspace       used 152995K, committed 154752K, reserved 1187840K
  class space    used 20782K, committed 21632K, reserved 1048576K
}
Event: 5132.709 GC heap before
{Heap before GC invocations=86 (full 1):
 garbage-first heap   total 342016K, used 216034K [0x0000000700000000, 0x0000000800000000)
  region size 2048K, 11 young (22528K), 6 survivors (12288K)
 Metaspace       used 153799K, committed 155584K, reserved 1187840K
  class space    used 20895K, committed 21760K, reserved 1048576K
}
Event: 5132.731 GC heap after
{Heap after GC invocations=87 (full 1):
 garbage-first heap   total 342016K, used 209002K [0x0000000700000000, 0x0000000800000000)
  region size 2048K, 1 young (2048K), 1 survivors (2048K)
 Metaspace       used 153799K, committed 155584K, reserved 1187840K
  class space    used 20895K, committed 21760K, reserved 1048576K
}
Event: 5133.580 GC heap before
{Heap before GC invocations=87 (full 1):
 garbage-first heap   total 342016K, used 280682K [0x0000000700000000, 0x0000000800000000)
  region size 2048K, 33 young (67584K), 1 survivors (2048K)
 Metaspace       used 161075K, committed 162880K, reserved 1196032K
  class space    used 21639K, committed 22528K, reserved 1048576K
}
Event: 5133.587 GC heap after
{Heap after GC invocations=88 (full 1):
 garbage-first heap   total 342016K, used 219982K [0x0000000700000000, 0x0000000800000000)
  region size 2048K, 4 young (8192K), 4 survivors (8192K)
 Metaspace       used 161075K, committed 162880K, reserved 1196032K
  class space    used 21639K, committed 22528K, reserved 1048576K
}
Event: 5134.358 GC heap before
{Heap before GC invocations=88 (full 1):
 garbage-first heap   total 342016K, used 277326K [0x0000000700000000, 0x0000000800000000)
  region size 2048K, 32 young (65536K), 4 survivors (8192K)
 Metaspace       used 168732K, committed 170560K, reserved 1204224K
  class space    used 22500K, committed 23360K, reserved 1048576K
}
Event: 5134.584 GC heap after
{Heap after GC invocations=89 (full 1):
 garbage-first heap   total 342016K, used 224481K [0x0000000700000000, 0x0000000800000000)
  region size 2048K, 3 young (6144K), 3 survivors (6144K)
 Metaspace       used 168732K, committed 170560K, reserved 1204224K
  class space    used 22500K, committed 23360K, reserved 1048576K
}
Event: 5135.360 GC heap before
{Heap before GC invocations=89 (full 1):
 garbage-first heap   total 342016K, used 281825K [0x0000000700000000, 0x0000000800000000)
  region size 2048K, 31 young (63488K), 3 survivors (6144K)
 Metaspace       used 172305K, committed 174144K, reserved 1204224K
  class space    used 22958K, committed 23808K, reserved 1048576K
}
Event: 5135.367 GC heap after
{Heap after GC invocations=90 (full 1):
 garbage-first heap   total 342016K, used 227069K [0x0000000700000000, 0x0000000800000000)
  region size 2048K, 4 young (8192K), 4 survivors (8192K)
 Metaspace       used 172305K, committed 174144K, reserved 1204224K
  class space    used 22958K, committed 23808K, reserved 1048576K
}
Event: 5135.938 GC heap before
{Heap before GC invocations=90 (full 1):
 garbage-first heap   total 342016K, used 284413K [0x0000000700000000, 0x0000000800000000)
  region size 2048K, 32 young (65536K), 4 survivors (8192K)
 Metaspace       used 174054K, committed 175872K, reserved 1204224K
  class space    used 23125K, committed 24000K, reserved 1048576K
}
Event: 5135.952 GC heap after
{Heap after GC invocations=91 (full 1):
 garbage-first heap   total 342016K, used 231936K [0x0000000700000000, 0x0000000800000000)
  region size 2048K, 4 young (8192K), 4 survivors (8192K)
 Metaspace       used 174054K, committed 175872K, reserved 1204224K
  class space    used 23125K, committed 24000K, reserved 1048576K
}
Event: 5137.364 GC heap before
{Heap before GC invocations=91 (full 1):
 garbage-first heap   total 342016K, used 285184K [0x0000000700000000, 0x0000000800000000)
  region size 2048K, 30 young (61440K), 4 survivors (8192K)
 Metaspace       used 179657K, committed 181440K, reserved 1212416K
  class space    used 23666K, committed 24512K, reserved 1048576K
}
Event: 5137.387 GC heap after
{Heap after GC invocations=92 (full 1):
 garbage-first heap   total 342016K, used 237189K [0x0000000700000000, 0x0000000800000000)
  region size 2048K, 3 young (6144K), 3 survivors (6144K)
 Metaspace       used 179657K, committed 181440K, reserved 1212416K
  class space    used 23666K, committed 24512K, reserved 1048576K
}
Event: 5137.861 GC heap before
{Heap before GC invocations=92 (full 1):
 garbage-first heap   total 342016K, used 284293K [0x0000000700000000, 0x0000000800000000)
  region size 2048K, 27 young (55296K), 3 survivors (6144K)
 Metaspace       used 185179K, committed 187008K, reserved 1212416K
  class space    used 24348K, committed 25216K, reserved 1048576K
}
Event: 5137.880 GC heap after
{Heap after GC invocations=93 (full 1):
 garbage-first heap   total 632832K, used 240960K [0x0000000700000000, 0x0000000800000000)
  region size 2048K, 2 young (4096K), 2 survivors (4096K)
 Metaspace       used 185179K, committed 187008K, reserved 1212416K
  class space    used 24348K, committed 25216K, reserved 1048576K
}

Dll operation events (2 events):
Event: 0.011 Loaded shared library C:\Program Files\Android\Android Studio\jbr\bin\java.dll
Event: 0.492 Loaded shared library C:\Program Files\Android\Android Studio\jbr\bin\verify.dll

Deoptimization events (20 events):
Event: 5138.954 Thread 0x000001b78821c5a0 DEOPT PACKING pc=0x000001b7ec5b5100 sp=0x0000005d65efa5c0
Event: 5138.954 Thread 0x000001b78821c5a0 DEOPT UNPACKING pc=0x000001b7eb78a1a3 sp=0x0000005d65efa5a0 mode 2
Event: 5138.954 Thread 0x000001b78821c5a0 Uncommon trap: trap_request=0xffffffc6 fr.pc=0x000001b7ec5b5100 relative=0x0000000000000880
Event: 5138.954 Thread 0x000001b78821c5a0 Uncommon trap: reason=bimorphic_or_optimized_type_check action=maybe_recompile pc=0x000001b7ec5b5100 method=java.util.AbstractCollection.remove(Ljava/lang/Object;)Z @ 46 c2
Event: 5138.954 Thread 0x000001b78821c5a0 DEOPT PACKING pc=0x000001b7ec5b5100 sp=0x0000005d65efa5c0
Event: 5138.954 Thread 0x000001b78821c5a0 DEOPT UNPACKING pc=0x000001b7eb78a1a3 sp=0x0000005d65efa5a0 mode 2
Event: 5138.954 Thread 0x000001b78821c5a0 Uncommon trap: trap_request=0xffffffc6 fr.pc=0x000001b7ec5b5100 relative=0x0000000000000880
Event: 5138.954 Thread 0x000001b78821c5a0 Uncommon trap: reason=bimorphic_or_optimized_type_check action=maybe_recompile pc=0x000001b7ec5b5100 method=java.util.AbstractCollection.remove(Ljava/lang/Object;)Z @ 46 c2
Event: 5138.954 Thread 0x000001b78821c5a0 DEOPT PACKING pc=0x000001b7ec5b5100 sp=0x0000005d65efa6a0
Event: 5138.954 Thread 0x000001b78821c5a0 DEOPT UNPACKING pc=0x000001b7eb78a1a3 sp=0x0000005d65efa680 mode 2
Event: 5138.954 Thread 0x000001b78821c5a0 Uncommon trap: trap_request=0xffffff45 fr.pc=0x000001b7ec2355d8 relative=0x0000000000000418
Event: 5138.954 Thread 0x000001b78821c5a0 Uncommon trap: reason=unstable_if action=reinterpret pc=0x000001b7ec2355d8 method=java.lang.ThreadLocal$ThreadLocalMap.remove(Ljava/lang/ThreadLocal;)V @ 26 c2
Event: 5138.954 Thread 0x000001b78821c5a0 DEOPT PACKING pc=0x000001b7ec2355d8 sp=0x0000005d65efa4e0
Event: 5138.954 Thread 0x000001b78821c5a0 DEOPT UNPACKING pc=0x000001b7eb78a1a3 sp=0x0000005d65efa490 mode 2
Event: 5139.021 Thread 0x000001b78821c5a0 DEOPT PACKING pc=0x000001b7ec6b6ebc sp=0x0000005d65efb5c0
Event: 5139.021 Thread 0x000001b78821c5a0 DEOPT UNPACKING pc=0x000001b7eb78ace3 sp=0x0000005d65efa930 mode 0
Event: 5139.109 Thread 0x000001b78821c5a0 Uncommon trap: trap_request=0xffffff45 fr.pc=0x000001b7ebf38674 relative=0x0000000000000654
Event: 5139.109 Thread 0x000001b78821c5a0 Uncommon trap: reason=unstable_if action=reinterpret pc=0x000001b7ebf38674 method=jdk.internal.org.objectweb.asm.Frame.getAbstractTypeFromDescriptor(Ljdk/internal/org/objectweb/asm/SymbolTable;Ljava/lang/String;I)I @ 189 c2
Event: 5139.109 Thread 0x000001b78821c5a0 DEOPT PACKING pc=0x000001b7ebf38674 sp=0x0000005d65efbd50
Event: 5139.109 Thread 0x000001b78821c5a0 DEOPT UNPACKING pc=0x000001b7eb78a1a3 sp=0x0000005d65efbd10 mode 2

Classes unloaded (13 events):
Event: 15.183 Thread 0x000001b7fef013f0 Unloading class 0x0000000800d21000 'java/lang/invoke/LambdaForm$DMH+0x0000000800d21000'
Event: 15.183 Thread 0x000001b7fef013f0 Unloading class 0x0000000800d21400 'java/lang/invoke/LambdaForm$DMH+0x0000000800d21400'
Event: 3617.220 Thread 0x000001b7fef013f0 Unloading class 0x0000000801105800 'java/lang/invoke/LambdaForm$DMH+0x0000000801105800'
Event: 3617.220 Thread 0x000001b7fef013f0 Unloading class 0x0000000801105400 'java/lang/invoke/LambdaForm$DMH+0x0000000801105400'
Event: 3617.221 Thread 0x000001b7fef013f0 Unloading class 0x0000000801104c00 'java/lang/invoke/LambdaForm$MH+0x0000000801104c00'
Event: 3617.221 Thread 0x000001b7fef013f0 Unloading class 0x00000008010a0c00 'java/lang/invoke/LambdaForm$DMH+0x00000008010a0c00'
Event: 3617.221 Thread 0x000001b7fef013f0 Unloading class 0x00000008010a0400 'java/lang/invoke/LambdaForm$DMH+0x00000008010a0400'
Event: 3617.222 Thread 0x000001b7fef013f0 Unloading class 0x0000000801080000 'java/lang/invoke/LambdaForm$DMH+0x0000000801080000'
Event: 3617.222 Thread 0x000001b7fef013f0 Unloading class 0x0000000801000c00 'java/lang/invoke/LambdaForm$DMH+0x0000000801000c00'
Event: 3617.222 Thread 0x000001b7fef013f0 Unloading class 0x0000000801000000 'java/lang/invoke/LambdaForm$DMH+0x0000000801000000'
Event: 3617.222 Thread 0x000001b7fef013f0 Unloading class 0x0000000800f12800 'jdk/internal/reflect/GeneratedSerializationConstructorAccessor163'
Event: 3617.223 Thread 0x000001b7fef013f0 Unloading class 0x0000000800f12400 'jdk/internal/reflect/GeneratedSerializationConstructorAccessor162'
Event: 3617.223 Thread 0x000001b7fef013f0 Unloading class 0x0000000800f12000 'jdk/internal/reflect/GeneratedSerializationConstructorAccessor161'

Classes redefined (0 events):
No events

Internal exceptions (20 events):
Event: 5125.683 Thread 0x000001b78821c5a0 Exception <a 'java/lang/NoSuchMethodError'{0x000000071140a6c8}: 'long java.lang.invoke.Invokers$Holder.invoke_MT(java.lang.Object, java.lang.Object, java.lang.Object, java.lang.Object)'> (0x000000071140a6c8) 
thrown [s\src\hotspot\share\interpreter\linkResolver.cpp, line 771]
Event: 5125.685 Thread 0x000001b78821c5a0 Exception <a 'java/lang/NoSuchMethodError'{0x0000000711413d30}: 'int java.lang.invoke.Invokers$Holder.invoke_MT(java.lang.Object, java.lang.Object, java.lang.Object, java.lang.Object)'> (0x0000000711413d30) 
thrown [s\src\hotspot\share\interpreter\linkResolver.cpp, line 771]
Event: 5125.687 Thread 0x000001b78821c5a0 Exception <a 'java/lang/NoSuchMethodError'{0x0000000711425348}: 'int java.lang.invoke.DelegatingMethodHandle$Holder.reinvoke_L(java.lang.Object, java.lang.Object, java.lang.Object, long, int)'> (0x0000000711425348) 
thrown [s\src\hotspot\share\interpreter\linkResolver.cpp, line 771]
Event: 5125.688 Thread 0x000001b78821c5a0 Exception <a 'java/lang/NoSuchMethodError'{0x0000000711438e48}: 'java.lang.Object java.lang.invoke.Invokers$Holder.invokeExact_MT(java.lang.Object, java.lang.Object, long, java.lang.Object)'> (0x0000000711438e48) 
thrown [s\src\hotspot\share\interpreter\linkResolver.cpp, line 771]
Event: 5125.831 Thread 0x000001b78821c5a0 Implicit null exception at 0x000001b7ec0e0393 to 0x000001b7ec0e04dc
Event: 5126.106 Thread 0x000001b7829bf2c0 Exception <a 'sun/nio/fs/WindowsException'{0x0000000710921ae8}> (0x0000000710921ae8) 
thrown [s\src\hotspot\share\prims\jni.cpp, line 517]
Event: 5126.111 Thread 0x000001b7829bf2c0 Exception <a 'sun/nio/fs/WindowsException'{0x00000007109524a0}> (0x00000007109524a0) 
thrown [s\src\hotspot\share\prims\jni.cpp, line 517]
Event: 5126.112 Thread 0x000001b7829bf2c0 Exception <a 'sun/nio/fs/WindowsException'{0x0000000710952560}> (0x0000000710952560) 
thrown [s\src\hotspot\share\prims\jni.cpp, line 517]
Event: 5126.244 Thread 0x000001b78821c5a0 Exception <a 'sun/nio/fs/WindowsException'{0x00000007107ed340}> (0x00000007107ed340) 
thrown [s\src\hotspot\share\prims\jni.cpp, line 517]
Event: 5130.809 Thread 0x000001b78821c5a0 Exception <a 'java/lang/NoSuchMethodError'{0x0000000713ce4f40}: 'long java.lang.invoke.DirectMethodHandle$Holder.invokeStatic(java.lang.Object)'> (0x0000000713ce4f40) 
thrown [s\src\hotspot\share\interpreter\linkResolver.cpp, line 771]
Event: 5130.809 Thread 0x000001b78821c5a0 Exception <a 'java/lang/NoSuchMethodError'{0x0000000713ce9ae0}: 'long java.lang.invoke.DirectMethodHandle$Holder.invokeStaticInit(java.lang.Object)'> (0x0000000713ce9ae0) 
thrown [s\src\hotspot\share\interpreter\linkResolver.cpp, line 771]
Event: 5131.826 Thread 0x000001b78821c5a0 Implicit null exception at 0x000001b7ed002000 to 0x000001b7ed002085
Event: 5134.796 Thread 0x000001b78821c5a0 Exception <a 'java/lang/NoSuchMethodError'{0x0000000714b8e0e8}: 'java.lang.Object java.lang.invoke.DirectMethodHandle$Holder.invokeStatic(java.lang.Object, java.lang.Object, java.lang.Object, java.lang.Object, int)'> (0x0000000714b8e0e8) 
thrown [s\src\hotspot\share\interpreter\linkResolver.cpp, line 771]
Event: 5136.135 Thread 0x000001b78821c5a0 Exception <a 'java/lang/IncompatibleClassChangeError'{0x00000007143bf1e8}: Found class java.lang.Object, but interface was expected> (0x00000007143bf1e8) 
thrown [s\src\hotspot\share\interpreter\linkResolver.cpp, line 838]
Event: 5136.146 Thread 0x000001b78821c5a0 Exception <a 'java/lang/NoSuchMethodError'{0x000000071403ec70}: 'int java.lang.invoke.DirectMethodHandle$Holder.invokeStaticInit(java.lang.Object, int)'> (0x000000071403ec70) 
thrown [s\src\hotspot\share\interpreter\linkResolver.cpp, line 771]
Event: 5136.627 Thread 0x000001b78821c5a0 Exception <a 'java/lang/NoSuchMethodError'{0x0000000713547c70}: 'int java.lang.invoke.DirectMethodHandle$Holder.invokeSpecial(java.lang.Object, java.lang.Object, int, int)'> (0x0000000713547c70) 
thrown [s\src\hotspot\share\interpreter\linkResolver.cpp, line 771]
Event: 5137.601 Thread 0x000001b78821c5a0 Exception <a 'java/lang/NoSuchMethodError'{0x00000007139b2fe8}: 'java.lang.Object java.lang.invoke.DirectMethodHandle$Holder.newInvokeSpecial(java.lang.Object, java.lang.Object, java.lang.Object, int, int, java.lang.Object, java.lang.Object)'> (0x00000007139b2fe8) 
thrown [s\src\hotspot\share\interpreter\linkResolver.cpp, line 771]
Event: 5138.697 Thread 0x000001b7829ba0f0 Exception <a 'sun/nio/fs/WindowsException'{0x000000072347f408}> (0x000000072347f408) 
thrown [s\src\hotspot\share\prims\jni.cpp, line 517]
Event: 5138.711 Thread 0x000001b7829ba0f0 Exception <a 'sun/nio/fs/WindowsException'{0x00000007234eed10}> (0x00000007234eed10) 
thrown [s\src\hotspot\share\prims\jni.cpp, line 517]
Event: 5138.712 Thread 0x000001b7829ba0f0 Exception <a 'sun/nio/fs/WindowsException'{0x00000007234eee88}> (0x00000007234eee88) 
thrown [s\src\hotspot\share\prims\jni.cpp, line 517]

VM Operations (20 events):
Event: 5138.093 Executing VM operation: ICBufferFull
Event: 5138.093 Executing VM operation: ICBufferFull done
Event: 5138.131 Executing VM operation: HandshakeAllThreads
Event: 5138.131 Executing VM operation: HandshakeAllThreads done
Event: 5138.146 Executing VM operation: HandshakeAllThreads
Event: 5138.147 Executing VM operation: HandshakeAllThreads done
Event: 5138.195 Executing VM operation: HandshakeAllThreads
Event: 5138.196 Executing VM operation: HandshakeAllThreads done
Event: 5138.285 Executing VM operation: ICBufferFull
Event: 5138.285 Executing VM operation: ICBufferFull done
Event: 5138.290 Executing VM operation: HandshakeAllThreads
Event: 5138.290 Executing VM operation: HandshakeAllThreads done
Event: 5138.527 Executing VM operation: HandshakeAllThreads
Event: 5138.527 Executing VM operation: HandshakeAllThreads done
Event: 5138.539 Executing VM operation: HandshakeAllThreads
Event: 5138.539 Executing VM operation: HandshakeAllThreads done
Event: 5138.664 Executing VM operation: HandshakeAllThreads
Event: 5138.664 Executing VM operation: HandshakeAllThreads done
Event: 5138.702 Executing VM operation: ICBufferFull
Event: 5138.702 Executing VM operation: ICBufferFull done

Events (20 events):
Event: 5134.091 Thread 0x000001b7ff8965e0 flushing nmethod 0x000001b7e6f5bd10
Event: 5134.091 Thread 0x000001b7ff8965e0 flushing nmethod 0x000001b7e6f67c10
Event: 5134.091 Thread 0x000001b7ff8965e0 flushing nmethod 0x000001b7e6f96310
Event: 5134.091 Thread 0x000001b7ff8965e0 flushing nmethod 0x000001b7e6faab10
Event: 5134.091 Thread 0x000001b7ff8965e0 flushing nmethod 0x000001b7e6fb1a10
Event: 5134.091 Thread 0x000001b7ff8965e0 flushing nmethod 0x000001b7e6fd5b10
Event: 5134.091 Thread 0x000001b7ff8965e0 flushing nmethod 0x000001b7e6ffd890
Event: 5134.092 Thread 0x000001b7ff8965e0 flushing nmethod 0x000001b7e7013890
Event: 5134.092 Thread 0x000001b7ff8965e0 flushing nmethod 0x000001b7e7079b90
Event: 5134.108 loading class java/text/StringCharacterIterator
Event: 5134.109 loading class java/text/CharacterIterator
Event: 5134.109 loading class java/text/CharacterIterator done
Event: 5134.109 loading class java/text/StringCharacterIterator done
Event: 5134.643 loading class java/util/function/IntUnaryOperator
Event: 5134.662 loading class java/util/function/IntUnaryOperator done
Event: 5134.990 Thread 0x000001b7899f28e0 Thread added: 0x000001b7899f28e0
Event: 5137.158 Thread 0x000001b7ff8965e0 flushing nmethod 0x000001b7e45c4690
Event: 5137.388 Thread 0x000001b7899f28e0 Thread exited: 0x000001b7899f28e0
Event: 5137.421 Thread 0x000001b7861988e0 Thread added: 0x000001b7861988e0
Event: 5137.995 Thread 0x000001b7861988e0 Thread exited: 0x000001b7861988e0


Dynamic libraries:
0x00007ff69c790000 - 0x00007ff69c79a000 	C:\Program Files\Android\Android Studio\jbr\bin\java.exe
0x00007ffe53690000 - 0x00007ffe5387e000 	C:\Windows\SYSTEM32\ntdll.dll
0x00007ffe523e0000 - 0x00007ffe52493000 	C:\Windows\System32\KERNEL32.DLL
0x00007ffe4fc90000 - 0x00007ffe4ff2d000 	C:\Windows\System32\KERNELBASE.dll
0x00007ffe50770000 - 0x00007ffe5086a000 	C:\Windows\System32\ucrtbase.dll
0x00007ffe3a7a0000 - 0x00007ffe3a7b7000 	C:\Program Files\Android\Android Studio\jbr\bin\jli.dll
0x00007ffe4b3a0000 - 0x00007ffe4b3bb000 	C:\Program Files\Android\Android Studio\jbr\bin\VCRUNTIME140.dll
0x00007ffe508c0000 - 0x00007ffe50a57000 	C:\Windows\System32\USER32.dll
0x00007ffe33a20000 - 0x00007ffe33c99000 	C:\Windows\WinSxS\amd64_microsoft.windows.common-controls_6595b64144ccf1df_6.0.17763.5122_none_de6fbcf2534c9850\COMCTL32.dll
0x00007ffe4f8c0000 - 0x00007ffe4f8e0000 	C:\Windows\System32\win32u.dll
0x00007ffe53190000 - 0x00007ffe531b9000 	C:\Windows\System32\GDI32.dll
0x00007ffe4f710000 - 0x00007ffe4f8bb000 	C:\Windows\System32\gdi32full.dll
0x00007ffe4fbf0000 - 0x00007ffe4fc90000 	C:\Windows\System32\msvcp_win.dll
0x00007ffe52e60000 - 0x00007ffe52efe000 	C:\Windows\System32\msvcrt.dll
0x00007ffe52930000 - 0x00007ffe52c5b000 	C:\Windows\System32\combase.dll
0x00007ffe52d40000 - 0x00007ffe52e5e000 	C:\Windows\System32\RPCRT4.dll
0x00007ffe506e0000 - 0x00007ffe50762000 	C:\Windows\System32\bcryptPrimitives.dll
0x00007ffe52340000 - 0x00007ffe5236e000 	C:\Windows\System32\IMM32.DLL
0x00007ffe4cc00000 - 0x00007ffe4cc0c000 	C:\Program Files\Android\Android Studio\jbr\bin\vcruntime140_1.dll
0x00007ffe107b0000 - 0x00007ffe1083d000 	C:\Program Files\Android\Android Studio\jbr\bin\msvcp140.dll
0x00007ffe15180000 - 0x00007ffe15dee000 	C:\Program Files\Android\Android Studio\jbr\bin\server\jvm.dll
0x00007ffe535b0000 - 0x00007ffe53657000 	C:\Windows\System32\ADVAPI32.dll
0x00007ffe50a60000 - 0x00007ffe50aff000 	C:\Windows\System32\sechost.dll
0x00007ffe44990000 - 0x00007ffe44999000 	C:\Windows\SYSTEM32\WSOCK32.dll
0x00007ffe4cb10000 - 0x00007ffe4cb34000 	C:\Windows\SYSTEM32\WINMM.dll
0x00007ffe531c0000 - 0x00007ffe5322d000 	C:\Windows\System32\WS2_32.dll
0x00007ffe3f640000 - 0x00007ffe3f64a000 	C:\Windows\SYSTEM32\VERSION.dll
0x00007ffe4cae0000 - 0x00007ffe4cb0d000 	C:\Windows\SYSTEM32\winmmbase.dll
0x00007ffe4fba0000 - 0x00007ffe4fbea000 	C:\Windows\System32\cfgmgr32.dll
0x00007ffe4f660000 - 0x00007ffe4f671000 	C:\Windows\System32\kernel.appcore.dll
0x00007ffe44980000 - 0x00007ffe4498a000 	C:\Program Files\Android\Android Studio\jbr\bin\jimage.dll
0x00007ffe4de40000 - 0x00007ffe4e02d000 	C:\Windows\SYSTEM32\DBGHELP.DLL
0x00007ffe37730000 - 0x00007ffe3775a000 	C:\Windows\SYSTEM32\dbgcore.DLL
0x00007ffe40620000 - 0x00007ffe40645000 	C:\Program Files\Android\Android Studio\jbr\bin\java.dll
0x00007ffe44960000 - 0x00007ffe44978000 	C:\Program Files\Android\Android Studio\jbr\bin\zip.dll
0x00007ffe50c60000 - 0x00007ffe52158000 	C:\Windows\System32\SHELL32.dll
0x00007ffe521c0000 - 0x00007ffe52267000 	C:\Windows\System32\shcore.dll
0x00007ffe4ff90000 - 0x00007ffe506d7000 	C:\Windows\System32\windows.storage.dll
0x00007ffe4f680000 - 0x00007ffe4f6a3000 	C:\Windows\System32\profapi.dll
0x00007ffe4f6b0000 - 0x00007ffe4f70d000 	C:\Windows\System32\powrprof.dll
0x00007ffe52f80000 - 0x00007ffe52fd2000 	C:\Windows\System32\shlwapi.dll
0x00007ffe508a0000 - 0x00007ffe508bb000 	C:\Windows\System32\cryptsp.dll
0x00007ffe3eb70000 - 0x00007ffe3eb89000 	C:\Program Files\Android\Android Studio\jbr\bin\net.dll
0x00007ffe48ca0000 - 0x00007ffe48d9d000 	C:\Windows\SYSTEM32\WINHTTP.dll
0x00007ffe4ee90000 - 0x00007ffe4eef7000 	C:\Windows\system32\mswsock.dll
0x00007ffe3eb50000 - 0x00007ffe3eb66000 	C:\Program Files\Android\Android Studio\jbr\bin\nio.dll
0x00007ffe40820000 - 0x00007ffe40830000 	C:\Program Files\Android\Android Studio\jbr\bin\verify.dll
0x00007ffe32570000 - 0x00007ffe32597000 	C:\Users\Rania\.gradle\native\68d5fa5c4cc2d200863cafc0d521ce42e7d3e7ee720ec0a83991735586a16f82\windows-amd64\native-platform.dll
0x00007ffdf2860000 - 0x00007ffdf29a4000 	C:\Users\Rania\.gradle\native\e376f236ea51e6404a007f0833ffe2c6e607c4080706a723a18a27aeea778392\windows-amd64\native-platform-file-events.dll
0x00007ffe40610000 - 0x00007ffe40619000 	C:\Program Files\Android\Android Studio\jbr\bin\management.dll
0x00007ffe3cd50000 - 0x00007ffe3cd5b000 	C:\Program Files\Android\Android Studio\jbr\bin\management_ext.dll
0x00007ffe52d30000 - 0x00007ffe52d38000 	C:\Windows\System32\PSAPI.DLL
0x00007ffe4ea10000 - 0x00007ffe4ea43000 	C:\Windows\system32\rsaenh.dll
0x00007ffe50870000 - 0x00007ffe50896000 	C:\Windows\System32\bcrypt.dll
0x00007ffe4f570000 - 0x00007ffe4f599000 	C:\Windows\SYSTEM32\USERENV.dll
0x00007ffe4f060000 - 0x00007ffe4f06c000 	C:\Windows\SYSTEM32\CRYPTBASE.dll
0x00007ffe4eba0000 - 0x00007ffe4ebdd000 	C:\Windows\SYSTEM32\IPHLPAPI.DLL
0x00007ffe52920000 - 0x00007ffe52928000 	C:\Windows\System32\NSI.dll
0x00007ffe44c50000 - 0x00007ffe44c66000 	C:\Windows\SYSTEM32\dhcpcsvc6.DLL
0x00007ffe44c30000 - 0x00007ffe44c4c000 	C:\Windows\SYSTEM32\dhcpcsvc.DLL
0x00007ffe4ebe0000 - 0x00007ffe4eca6000 	C:\Windows\SYSTEM32\DNSAPI.dll
0x00007ffe3cd40000 - 0x00007ffe3cd47000 	C:\Windows\system32\wshunix.dll
0x00007ffe2c920000 - 0x00007ffe2c936000 	C:\Windows\system32\napinsp.dll
0x00007ffe2c900000 - 0x00007ffe2c91a000 	C:\Windows\system32\pnrpnsp.dll
0x00007ffe2c8f0000 - 0x00007ffe2c8fe000 	C:\Windows\System32\winrnr.dll
0x00007ffe4b590000 - 0x00007ffe4b5ab000 	C:\Windows\system32\NLAapi.dll
0x00007ffe2c8d0000 - 0x00007ffe2c8e5000 	C:\Windows\system32\wshbth.dll
0x00007ffe3d9a0000 - 0x00007ffe3d9aa000 	C:\Windows\System32\rasadhlp.dll
0x00007ffe3da50000 - 0x00007ffe3dac9000 	C:\Windows\System32\fwpuclnt.dll
0x00007ffe4e670000 - 0x00007ffe4e6a1000 	C:\Windows\SYSTEM32\ntmarta.dll
0x00007ffe35870000 - 0x00007ffe3588e000 	C:\Users\Rania\AppData\Local\Temp\native-platform13674585177974899930dir\native-platform.dll
0x00007ffe3cd30000 - 0x00007ffe3cd37000 	C:\Program Files\Android\Android Studio\jbr\bin\rmi.dll

dbghelp: loaded successfully - version: 4.0.5 - missing functions: none
symbol engine: initialized successfully - sym options: 0x614 - pdb path: .;C:\Program Files\Android\Android Studio\jbr\bin;C:\Windows\SYSTEM32;C:\Windows\WinSxS\amd64_microsoft.windows.common-controls_6595b64144ccf1df_6.0.17763.5122_none_de6fbcf2534c9850;C:\Program Files\Android\Android Studio\jbr\bin\server;C:\Users\Rania\.gradle\native\68d5fa5c4cc2d200863cafc0d521ce42e7d3e7ee720ec0a83991735586a16f82\windows-amd64;C:\Users\Rania\.gradle\native\e376f236ea51e6404a007f0833ffe2c6e607c4080706a723a18a27aeea778392\windows-amd64;C:\Users\Rania\AppData\Local\Temp\native-platform13674585177974899930dir

VM Arguments:
jvm_args: --add-opens=java.base/java.util=ALL-UNNAMED --add-opens=java.base/java.lang=ALL-UNNAMED --add-opens=java.base/java.lang.invoke=ALL-UNNAMED --add-opens=java.prefs/java.util.prefs=ALL-UNNAMED --add-opens=java.base/java.nio.charset=ALL-UNNAMED --add-opens=java.base/java.net=ALL-UNNAMED --add-opens=java.base/java.util.concurrent.atomic=ALL-UNNAMED -Xmx4096m -Dfile.encoding=windows-1252 -Duser.country=FR -Duser.language=fr -Duser.variant 
java_command: org.gradle.launcher.daemon.bootstrap.GradleDaemon 8.0
java_class_path (initial): C:\Users\Rania\.gradle\wrapper\dists\gradle-8.0-bin\ca5e32bp14vu59qr306oxotwh\gradle-8.0\lib\gradle-launcher-8.0.jar
Launcher Type: SUN_STANDARD

[Global flags]
     intx CICompilerCount                          = 3                                         {product} {ergonomic}
     uint ConcGCThreads                            = 1                                         {product} {ergonomic}
     uint G1ConcRefinementThreads                  = 4                                         {product} {ergonomic}
   size_t G1HeapRegionSize                         = 2097152                                   {product} {ergonomic}
    uintx GCDrainStackTargetSize                   = 64                                        {product} {ergonomic}
   size_t InitialHeapSize                          = 132120576                                 {product} {ergonomic}
   size_t MarkStackSize                            = 4194304                                   {product} {ergonomic}
   size_t MaxHeapSize                              = 4294967296                                {product} {command line}
   size_t MaxNewSize                               = 2575302656                                {product} {ergonomic}
   size_t MinHeapDeltaBytes                        = 2097152                                   {product} {ergonomic}
   size_t MinHeapSize                              = 8388608                                   {product} {ergonomic}
    uintx NonNMethodCodeHeapSize                   = 5832780                                {pd product} {ergonomic}
    uintx NonProfiledCodeHeapSize                  = 122912730                              {pd product} {ergonomic}
    uintx ProfiledCodeHeapSize                     = 122912730                              {pd product} {ergonomic}
    uintx ReservedCodeCacheSize                    = 251658240                              {pd product} {ergonomic}
     bool SegmentedCodeCache                       = true                                      {product} {ergonomic}
   size_t SoftMaxHeapSize                          = 4294967296                             {manageable} {ergonomic}
     bool UseCompressedClassPointers               = true                           {product lp64_product} {ergonomic}
     bool UseCompressedOops                        = true                           {product lp64_product} {ergonomic}
     bool UseG1GC                                  = true                                      {product} {ergonomic}
     bool UseLargePagesIndividualAllocation        = false                                  {pd product} {ergonomic}

Logging:
Log output configuration:
 #0: stdout all=warning uptime,level,tags
 #1: stderr all=off uptime,level,tags

Environment Variables:
JAVA_HOME=C:\Program Files\Java\jdk-20
PATH=C:\Program Files (x86)\Common Files\Oracle\Java\javapath;C:\Windows\system32;C:\Windows;C:\Windows\System32\Wbem;C:\Windows\System32\WindowsPowerShell\v1.0\;C:\Windows\System32\OpenSSH\;C:\ProgramData\chocolatey\bin;C:\Program Files\Git\cmd;C:\wamp64\bin\php\php8.1.0;C:\Program Files\nodejs\;C:\Users\Rania\AppData\Local\Microsoft\WindowsApps;C:\Program Files\JetBrains\IntelliJ IDEA 2022.3.2\bin;;C:\Users\Rania\AppData\Local\ComposerSetup\bin;C:\Users\Rania\AppData\Roaming\Composer\vendor\bin;C:\Users\Rania\AppData\Roaming\npm;C:\Program Files\Android\Android Studio\lib;C:\ProgramData\Microsoft\Windows\Start Menu\Programs\Android Studio;C:\Users\Rania\AppData\Local\Programs\Microsoft VS Code\bin;C:\Program Files\Java\jdk-11\bin;C:\Users\Rania\AppData\Local\Pub\Cache\bin;C:\src\flutter\bin;
USERNAME=Rania
OS=Windows_NT
PROCESSOR_IDENTIFIER=Intel64 Family 6 Model 140 Stepping 1, GenuineIntel
TMP=C:\Users\Rania\AppData\Local\Temp
TEMP=C:\Users\Rania\AppData\Local\Temp


JNI global refs:
JNI global refs: 26, weak refs: 4

JNI global refs memory usage: 843, weak refs: 841


---------------  S Y S T E M  ---------------

OS:
 Windows 10 , 64 bit Build 17763 (10.0.17763.4974)
OS uptime: 0 days 18:10 hours

CPU: total 4 (initial active 4) (2 cores per cpu, 2 threads per core) family 6 model 140 stepping 1 microcode 0x9a, cx8, cmov, fxsr, ht, mmx, 3dnowpref, sse, sse2, sse3, ssse3, sse4.1, sse4.2, popcnt, lzcnt, tsc, tscinvbit, avx, avx2, aes, erms, clmul, bmi1, bmi2, adx, avx512f, avx512dq, avx512cd, avx512bw, avx512vl, sha, fma, vzeroupper, avx512_vpopcntdq, avx512_vpclmulqdq, avx512_vaes, avx512_vnni, clflush, clflushopt, clwb, avx512_vbmi2, avx512_vbmi

Memory: 4k page, system-wide physical 7975M (369M free)
TotalPageFile size 20923M (AvailPageFile size 7M)
current process WorkingSet (physical memory assigned to process): 549M, peak: 745M
current process commit charge ("private bytes"): 1106M, peak: 1108M

vm_info: OpenJDK 64-Bit Server VM (17.0.6+0-b2043.56-10027231) for windows-amd64 JRE (17.0.6+0-b2043.56-10027231), built on Apr 28 2023 00:43:19 by "androidbuild" with MS VC++ 16.10 / 16.11 (VS2019)

END.
